Log file open, 09/09/18 13:57:32
LogWindows: Failed to load 'aqProf.dll' (GetLastError=126)
LogWindows: File 'aqProf.dll' does not exist
LogWindows: Failed to load 'VtuneApi.dll' (GetLastError=126)
LogWindows: File 'VtuneApi.dll' does not exist
LogWindows: Failed to load 'VtuneApi32e.dll' (GetLastError=126)
LogWindows: File 'VtuneApi32e.dll' does not exist
LogInit: Display: Running engine for game: FPSPrototype
LogPlatformFile: Not using cached read wrapper
LogInit: Display: RandInit(154053773) SRandInit(154053773).
LogInit: Read version file with build ID '3944462'
LogInit: Overriding engine version to CL 4033788, compatible CL 3944462
LogInit: Registered custom module enumerator with build ID '3944462'
LogTaskGraph: Started task graph with 5 named threads and 23 total threads with 3 sets of task threads.
LogStats: Stats thread started at 0.265240
LogD3D11RHI: Aftermath initialized
LogICUInternationalization: Display: ICU TimeZone Detection - Raw Offset: -6:00, Platform Override: ''
LogModuleManager: Display: Found up-to-date module file ../../../Engine/Plugins/Runtime/ApexDestruction/Binaries/Win64/UE4Editor-ApexDestruction.dll (API version 3944462).
LogModuleManager: Display: Found up-to-date module file ../../../Engine/Plugins/Runtime/ApexDestruction/Binaries/Win64/UE4Editor-ApexDestructionEditor.dll (API version 3944462).
LogModuleManager: Display: Found up-to-date module file ../../../Engine/Plugins/Online/OnlineSubsystemSteam/Binaries/Win64/UE4Editor-OnlineSubsystemSteam.dll (API version 3944462).
LogModuleManager: Display: Found up-to-date module file ../../../Engine/Plugins/Online/OnlineSubsystem/Binaries/Win64/UE4Editor-OnlineSubsystem.dll (API version 3944462).
LogModuleManager: Display: Found up-to-date module file ../../../Engine/Plugins/Online/OnlineSubsystemUtils/Binaries/Win64/UE4Editor-OnlineSubsystemUtils.dll (API version 3944462).
LogModuleManager: Display: Found up-to-date module file ../../../Engine/Plugins/Online/OnlineSubsystemUtils/Binaries/Win64/UE4Editor-OnlineBlueprintSupport.dll (API version 3944462).
LogModuleManager: Display: Found up-to-date module file ../../../Engine/Plugins/Blendables/LightPropagationVolume/Binaries/Win64/UE4Editor-LightPropagationVolumeRuntime.dll (API version 3944462).
LogModuleManager: Display: Found up-to-date module file ../../../Engine/Plugins/Blendables/LightPropagationVolume/Binaries/Win64/UE4Editor-LightPropagationVolumeEditor.dll (API version 3944462).
LogModuleManager: Display: Found up-to-date module file ../../../Engine/Plugins/Developer/CLionSourceCodeAccess/Binaries/Win64/UE4Editor-CLionSourceCodeAccess.dll (API version 3944462).
LogModuleManager: Display: Found up-to-date module file ../../../Engine/Plugins/Developer/GitSourceControl/Binaries/Win64/UE4Editor-GitSourceControl.dll (API version 3944462).
LogModuleManager: Display: Found up-to-date module file ../../../Engine/Plugins/Developer/PerforceSourceControl/Binaries/Win64/UE4Editor-PerforceSourceControl.dll (API version 3944462).
LogModuleManager: Display: Found up-to-date module file ../../../Engine/Plugins/Developer/SubversionSourceControl/Binaries/Win64/UE4Editor-SubversionSourceControl.dll (API version 3944462).
LogModuleManager: Display: Found up-to-date module file ../../../Engine/Plugins/Developer/VisualStudioCodeSourceCodeAccess/Binaries/Win64/UE4Editor-VisualStudioCodeSourceCodeAccess.dll (API version 3944462).
LogModuleManager: Display: Found up-to-date module file ../../../Engine/Plugins/Developer/VisualStudioSourceCodeAccess/Binaries/Win64/UE4Editor-VisualStudioSourceCodeAccess.dll (API version 3944462).
LogModuleManager: Display: Found up-to-date module file ../../../Engine/Plugins/Editor/AssetManagerEditor/Binaries/Win64/UE4Editor-AssetManagerEditor.dll (API version 3944462).
LogModuleManager: Display: Found up-to-date module file ../../../Engine/Plugins/Editor/DataValidation/Binaries/Win64/UE4Editor-DataValidation.dll (API version 3944462).
LogModuleManager: Display: Found up-to-date module file ../../../Engine/Plugins/Editor/FacialAnimation/Binaries/Win64/UE4Editor-FacialAnimation.dll (API version 3944462).
LogModuleManager: Display: Found up-to-date module file ../../../Engine/Plugins/Editor/FacialAnimation/Binaries/Win64/UE4Editor-FacialAnimationEditor.dll (API version 3944462).
LogModuleManager: Display: Found up-to-date module file ../../../Engine/Plugins/Editor/GameplayTagsEditor/Binaries/Win64/UE4Editor-GameplayTagsEditor.dll (API version 3944462).
LogModuleManager: Display: Found up-to-date module file ../../../Engine/Plugins/Editor/MobileLauncherProfileWizard/Binaries/Win64/UE4Editor-MobileLauncherProfileWizard.dll (API version 3944462).
LogModuleManager: Display: Found up-to-date module file ../../../Engine/Plugins/Editor/PluginBrowser/Binaries/Win64/UE4Editor-PluginBrowser.dll (API version 3944462).
LogModuleManager: Display: Found up-to-date module file ../../../Engine/Plugins/Editor/SpeedTreeImporter/Binaries/Win64/UE4Editor-SpeedTreeImporter.dll (API version 3944462).
LogModuleManager: Display: Found up-to-date module file ../../../Engine/Plugins/Enterprise/DatasmithContent/Binaries/Win64/UE4Editor-DatasmithContent.dll (API version 3944462).
LogModuleManager: Display: Found up-to-date module file ../../../Engine/Plugins/Experimental/AlembicImporter/Binaries/Win64/UE4Editor-AlembicImporter.dll (API version 3944462).
LogModuleManager: Display: Found up-to-date module file ../../../Engine/Plugins/Experimental/AlembicImporter/Binaries/Win64/UE4Editor-AlembicLibrary.dll (API version 3944462).
LogModuleManager: Display: Found up-to-date module file ../../../Engine/Plugins/Experimental/CharacterAI/Binaries/Win64/UE4Editor-CharacterAI.dll (API version 3944462).
LogModuleManager: Display: Found up-to-date module file ../../../Engine/Plugins/Experimental/HTML5Networking/Binaries/Win64/UE4Editor-HTML5Networking.dll (API version 3944462).
LogModuleManager: Display: Found up-to-date module file ../../../Engine/Plugins/Media/AndroidMedia/Binaries/Win64/UE4Editor-AndroidMediaEditor.dll (API version 3944462).
LogModuleManager: Display: Found up-to-date module file ../../../Engine/Plugins/Media/AndroidMedia/Binaries/Win64/UE4Editor-AndroidMediaFactory.dll (API version 3944462).
LogModuleManager: Display: Found up-to-date module file ../../../Engine/Plugins/Media/AvfMedia/Binaries/Win64/UE4Editor-AvfMediaEditor.dll (API version 3944462).
LogModuleManager: Display: Found up-to-date module file ../../../Engine/Plugins/Media/AvfMedia/Binaries/Win64/UE4Editor-AvfMediaFactory.dll (API version 3944462).
LogModuleManager: Display: Found up-to-date module file ../../../Engine/Plugins/Media/AvfMedia/Binaries/Win64/UE4Editor-AvfMediaFactory.dll (API version 3944462).
LogModuleManager: Display: Found up-to-date module file ../../../Engine/Plugins/Media/ImgMedia/Binaries/Win64/UE4Editor-ImgMedia.dll (API version 3944462).
LogModuleManager: Display: Found up-to-date module file ../../../Engine/Plugins/Media/ImgMedia/Binaries/Win64/UE4Editor-ImgMediaEditor.dll (API version 3944462).
LogModuleManager: Display: Found up-to-date module file ../../../Engine/Plugins/Media/ImgMedia/Binaries/Win64/UE4Editor-ImgMediaFactory.dll (API version 3944462).
LogModuleManager: Display: Found up-to-date module file ../../../Engine/Plugins/Media/ImgMedia/Binaries/Win64/UE4Editor-ImgMediaFactory.dll (API version 3944462).
LogModuleManager: Display: Found up-to-date module file ../../../Engine/Plugins/Media/ImgMedia/Binaries/Win64/UE4Editor-OpenExrWrapper.dll (API version 3944462).
LogModuleManager: Display: Found up-to-date module file ../../../Engine/Plugins/Media/LinearTimecode/Binaries/Win64/UE4Editor-LinearTimecode.dll (API version 3944462).
LogModuleManager: Display: Found up-to-date module file ../../../Engine/Plugins/Media/MediaCompositing/Binaries/Win64/UE4Editor-MediaCompositing.dll (API version 3944462).
LogModuleManager: Display: Found up-to-date module file ../../../Engine/Plugins/Media/MediaCompositing/Binaries/Win64/UE4Editor-MediaCompositingEditor.dll (API version 3944462).
LogModuleManager: Display: Found up-to-date module file ../../../Engine/Plugins/Media/MediaPlayerEditor/Binaries/Win64/UE4Editor-MediaPlayerEditor.dll (API version 3944462).
LogModuleManager: Display: Found up-to-date module file ../../../Engine/Plugins/Media/WmfMedia/Binaries/Win64/UE4Editor-WmfMedia.dll (API version 3944462).
LogModuleManager: Display: Found up-to-date module file ../../../Engine/Plugins/Media/WmfMedia/Binaries/Win64/UE4Editor-WmfMediaEditor.dll (API version 3944462).
LogModuleManager: Display: Found up-to-date module file ../../../Engine/Plugins/Media/WmfMedia/Binaries/Win64/UE4Editor-WmfMediaFactory.dll (API version 3944462).
LogModuleManager: Display: Found up-to-date module file ../../../Engine/Plugins/Media/WmfMedia/Binaries/Win64/UE4Editor-WmfMediaFactory.dll (API version 3944462).
LogModuleManager: Display: Found up-to-date module file ../../../Engine/Plugins/Messaging/TcpMessaging/Binaries/Win64/UE4Editor-TcpMessaging.dll (API version 3944462).
LogModuleManager: Display: Found up-to-date module file ../../../Engine/Plugins/Messaging/UdpMessaging/Binaries/Win64/UE4Editor-UdpMessaging.dll (API version 3944462).
LogModuleManager: Display: Found up-to-date module file ../../../Engine/Plugins/MovieScene/ActorSequence/Binaries/Win64/UE4Editor-ActorSequence.dll (API version 3944462).
LogModuleManager: Display: Found up-to-date module file ../../../Engine/Plugins/MovieScene/LevelSequenceEditor/Binaries/Win64/UE4Editor-LevelSequenceEditor.dll (API version 3944462).
LogModuleManager: Display: Found up-to-date module file ../../../Engine/Plugins/MovieScene/MatineeToLevelSequence/Binaries/Win64/UE4Editor-MatineeToLevelSequence.dll (API version 3944462).
LogModuleManager: Display: Found up-to-date module file ../../../Engine/Plugins/NetcodeUnitTest/NetcodeUnitTest/Binaries/Win64/UE4Editor-NetcodeUnitTest.dll (API version 3944462).
LogModuleManager: Display: Found up-to-date module file ../../../Engine/Plugins/NetcodeUnitTest/NUTUnrealEngine4/Binaries/Win64/UE4Editor-NUTUnrealEngine4.dll (API version 3944462).
LogModuleManager: Display: Found up-to-date module file ../../../Engine/Plugins/Online/OnlineSubsystemNull/Binaries/Win64/UE4Editor-OnlineSubsystemNull.dll (API version 3944462).
LogModuleManager: Display: Found up-to-date module file ../../../Engine/Plugins/Runtime/ArchVisCharacter/Binaries/Win64/UE4Editor-ArchVisCharacter.dll (API version 3944462).
LogModuleManager: Display: Found up-to-date module file ../../../Engine/Plugins/Runtime/AudioCapture/Binaries/Win64/UE4Editor-AudioCapture.dll (API version 3944462).
LogModuleManager: Display: Found up-to-date module file ../../../Engine/Plugins/Runtime/AudioCapture/Binaries/Win64/UE4Editor-AudioCaptureEditor.dll (API version 3944462).
LogModuleManager: Display: Found up-to-date module file ../../../Engine/Plugins/Runtime/CableComponent/Binaries/Win64/UE4Editor-CableComponent.dll (API version 3944462).
LogModuleManager: Display: Found up-to-date module file ../../../Engine/Plugins/Runtime/CustomMeshComponent/Binaries/Win64/UE4Editor-CustomMeshComponent.dll (API version 3944462).
LogModuleManager: Display: Found up-to-date module file ../../../Engine/Plugins/Runtime/ImmediatePhysics/Binaries/Win64/UE4Editor-ImmediatePhysics.dll (API version 3944462).
LogModuleManager: Display: Found up-to-date module file ../../../Engine/Plugins/Runtime/ImmediatePhysics/Binaries/Win64/UE4Editor-ImmediatePhysicsEditor.dll (API version 3944462).
LogModuleManager: Display: Found up-to-date module file ../../../Engine/Plugins/Runtime/LocationServicesBPLibrary/Binaries/Win64/UE4Editor-LocationServicesBPLibrary.dll (API version 3944462).
LogModuleManager: Display: Found up-to-date module file ../../../Engine/Plugins/Runtime/Oculus/OculusVR/Binaries/Win64/UE4Editor-OculusHMD.dll (API version 3944462).
LogModuleManager: Display: Found up-to-date module file ../../../Engine/Plugins/Runtime/Oculus/OculusVR/Binaries/Win64/UE4Editor-OculusInput.dll (API version 3944462).
LogModuleManager: Display: Found up-to-date module file ../../../Engine/Plugins/Runtime/Oculus/OculusVR/Binaries/Win64/UE4Editor-OculusEditor.dll (API version 3944462).
LogModuleManager: Display: Found up-to-date module file ../../../Engine/Plugins/Runtime/PhysXVehicles/Binaries/Win64/UE4Editor-PhysXVehicles.dll (API version 3944462).
LogModuleManager: Display: Found up-to-date module file ../../../Engine/Plugins/Runtime/PhysXVehicles/Binaries/Win64/UE4Editor-PhysXVehiclesEditor.dll (API version 3944462).
LogModuleManager: Display: Found up-to-date module file ../../../Engine/Plugins/Runtime/ProceduralMeshComponent/Binaries/Win64/UE4Editor-ProceduralMeshComponent.dll (API version 3944462).
LogModuleManager: Display: Found up-to-date module file ../../../Engine/Plugins/Runtime/ProceduralMeshComponent/Binaries/Win64/UE4Editor-ProceduralMeshComponentEditor.dll (API version 3944462).
LogModuleManager: Display: Found up-to-date module file ../../../Engine/Plugins/Runtime/RuntimePhysXCooking/Binaries/Win64/UE4Editor-RuntimePhysXCooking.dll (API version 3944462).
LogModuleManager: Display: Found up-to-date module file ../../../Engine/Plugins/Runtime/Steam/SteamVR/Binaries/Win64/UE4Editor-SteamVR.dll (API version 3944462).
LogModuleManager: Display: Found up-to-date module file ../../../Engine/Plugins/Runtime/Steam/SteamVR/Binaries/Win64/UE4Editor-SteamVRController.dll (API version 3944462).
LogModuleManager: Display: Found up-to-date module file ../../../Engine/Plugins/Runtime/WindowsMoviePlayer/Binaries/Win64/UE4Editor-WindowsMoviePlayer.dll (API version 3944462).
LogPluginManager: Display: Disabled plugin 'AdvancedSessions', continuing.
LogPluginManager: Display: Disabled plugin 'AdvancedSteamSessions', continuing.
LogPluginManager: Mounting plugin LightPropagationVolume
LogPluginManager: Mounting plugin CLionSourceCodeAccess
LogPluginManager: Mounting plugin CodeLiteSourceCodeAccess
LogPluginManager: Mounting plugin GitSourceControl
LogPluginManager: Mounting plugin KDevelopSourceCodeAccess
LogPluginManager: Mounting plugin NullSourceCodeAccess
LogPluginManager: Mounting plugin PerforceSourceControl
LogPluginManager: Mounting plugin SubversionSourceControl
LogPluginManager: Mounting plugin VisualStudioCodeSourceCodeAccess
LogPluginManager: Mounting plugin VisualStudioSourceCodeAccess
LogPluginManager: Mounting plugin XCodeSourceCodeAccess
LogPluginManager: Mounting plugin AssetManagerEditor
LogPluginManager: Mounting plugin DataValidation
LogPluginManager: Mounting plugin FacialAnimation
LogPluginManager: Mounting plugin GameplayTagsEditor
LogPluginManager: Mounting plugin MobileLauncherProfileWizard
LogPluginManager: Mounting plugin PluginBrowser
LogPluginManager: Mounting plugin SpeedTreeImporter
LogPluginManager: Mounting plugin DatasmithContent
LogPluginManager: Mounting plugin AlembicImporter
LogPluginManager: Mounting plugin CharacterAI
LogPluginManager: Mounting plugin HTML5Networking
LogPluginManager: Mounting plugin AndroidMedia
LogPluginManager: Mounting plugin AvfMedia
LogPluginManager: Mounting plugin ImgMedia
LogPluginManager: Mounting plugin LinearTimecode
LogPluginManager: Mounting plugin MediaCompositing
LogPluginManager: Mounting plugin MediaPlayerEditor
LogPluginManager: Mounting plugin WmfMedia
LogPluginManager: Mounting plugin TcpMessaging
LogPluginManager: Mounting plugin UdpMessaging
LogPluginManager: Mounting plugin ActorSequence
LogPluginManager: Mounting plugin LevelSequenceEditor
LogPluginManager: Mounting plugin MatineeToLevelSequence
LogPluginManager: Mounting plugin NetcodeUnitTest
LogPluginManager: Mounting plugin NUTUnrealEngine4
LogPluginManager: Mounting plugin OnlineSubsystemIOS
LogPluginManager: Mounting plugin OnlineSubsystem
LogPluginManager: Mounting plugin OnlineSubsystemNull
LogPluginManager: Mounting plugin OnlineSubsystemSteam
LogPluginManager: Mounting plugin OnlineSubsystemUtils
LogPluginManager: Mounting plugin ApexDestruction
LogPluginManager: Mounting plugin ArchVisCharacter
LogPluginManager: Mounting plugin AudioCapture
LogPluginManager: Mounting plugin CableComponent
LogPluginManager: Mounting plugin CustomMeshComponent
LogPluginManager: Mounting plugin ImmediatePhysics
LogPluginManager: Mounting plugin LocationServicesBPLibrary
LogPluginManager: Mounting plugin OculusVR
LogPluginManager: Plugin shader directory ../../../Engine/Plugins/Runtime/Oculus/OculusVR/Shaders found
LogPluginManager: Mapping shader source directory ../../../Engine/Plugins/Runtime/Oculus/OculusVR/Shaders to virtual directory /Plugin/OculusVR
LogPluginManager: Mounting plugin PhysXVehicles
LogPluginManager: Mounting plugin ProceduralMeshComponent
LogPluginManager: Mounting plugin RuntimePhysXCooking
LogPluginManager: Mounting plugin SteamVR
LogPluginManager: Mounting plugin WindowsMoviePlayer
LogStreaming: Display: Took 21.718s to configure plugins.
LogInit: Using libcurl 7.47.1
LogInit:  - built for x86_64-pc-win32
LogInit:  - supports SSL with OpenSSL/1.0.2g
LogInit:  - supports HTTP deflate (compression) using libz 1.2.8
LogInit:  - other features:
LogInit:      CURL_VERSION_SSL
LogInit:      CURL_VERSION_LIBZ
LogInit:      CURL_VERSION_IPV6
LogInit:      CURL_VERSION_ASYNCHDNS
LogInit:      CURL_VERSION_LARGEFILE
LogInit:      CURL_VERSION_IDN
LogInit:  CurlRequestOptions (configurable via config and command line):
LogInit:  - bVerifyPeer = false  - Libcurl will NOT verify peer certificate
LogInit:  - bUseHttpProxy = false  - Libcurl will NOT use HTTP proxy
LogInit:  - bDontReuseConnections = false  - Libcurl will reuse connections
LogInit:  - CertBundlePath = nullptr  - Libcurl will use whatever was configured at build time.
LogInit:  - MaxHostConnections = 16  - Libcurl will limit the number of connections to a host
LogInit:  - LocalHostAddr = Default
LogOnline: Display: STEAM: Loading Steam SDK 1.39
LogOnline: Warning: STEAM: Steam API disabled!
LogOnline: Display: STEAM: OnlineSubsystemSteam::Shutdown()
LogInit: WinSock: version 1.1 (2.2), MaxSocks=32767, MaxUdp=65467
LogInit: Build: ++UE4+Release-4.19-CL-4033788
LogInit: Engine Version: 4.19.2-4033788+++UE4+Release-4.19
LogInit: Compatible Engine Version: 4.19.0-3944462+++UE4+Release-4.19
LogInit: Net CL: 3944462
LogDevObjectVersion: Number of dev versions registered: 18
LogDevObjectVersion:   Dev-Blueprints (B0D832E4-1F89-4F0D-ACCF-7EB736FD4AA2): 10
LogDevObjectVersion:   Dev-Build (E1C64328-A22C-4D53-A36C-8E866417BD8C): 0
LogDevObjectVersion:   Dev-Core (375EC13C-06E4-48FB-B500-84F0262A717E): 2
LogDevObjectVersion:   Dev-Editor (E4B068ED-F494-42E9-A231-DA0B2E46BB41): 23
LogDevObjectVersion:   Dev-Framework (CFFC743F-43B0-4480-9391-14DF171D2073): 33
LogDevObjectVersion:   Dev-Mobile (B02B49B5-BB20-44E9-A304-32B752E40360): 2
LogDevObjectVersion:   Dev-Networking (A4E4105C-59A1-49B5-A7C5-40C4547EDFEE): 0
LogDevObjectVersion:   Dev-Online (39C831C9-5AE6-47DC-9A44-9C173E1C8E7C): 0
LogDevObjectVersion:   Dev-Physics (78F01B33-EBEA-4F98-B9B4-84EACCB95AA2): 0
LogDevObjectVersion:   Dev-Platform (6631380F-2D4D-43E0-8009-CF276956A95A): 0
LogDevObjectVersion:   Dev-Rendering (12F88B9F-8875-4AFC-A67C-D90C383ABD29): 25
LogDevObjectVersion:   Dev-Sequencer (7B5AE74C-D270-4C10-A958-57980B212A5A): 6
LogDevObjectVersion:   Dev-VR (D7296918-1DD6-4BDD-9DE2-64A83CC13884): 1
LogDevObjectVersion:   Dev-LoadTimes (C2A15278-BFE7-4AFE-6C17-90FF531DF755): 1
LogDevObjectVersion:   Private-Geometry (6EACA3D4-40EC-4CC1-B786-8BED09428FC5): 2
LogDevObjectVersion:   Dev-AnimPhys (29E575DD-E0A3-4627-9D10-D276232CDCEA): 16
LogDevObjectVersion:   Dev-ReflectionCapture (6B266CEC-1EC7-4B8F-A30B-E4D90942FC07): 1
LogDevObjectVersion:   Dev-Automation (0DF73D61-A23F-47EA-B727-89E90C41499A): 1
LogInit: Compiled (64-bit): Apr 27 2018 02:06:57
LogInit: Compiled with Visual C++: 19.00.24215.01
LogInit: Build Configuration: Development
LogInit: Branch Name: ++UE4+Release-4.19
LogInit: Command Line:  
LogInit: Base Directory: C:/Program Files/UE_4.19/Engine/Binaries/Win64/
LogInit: Installed Engine Build: 1
LogStreaming: Display: Took  0.003s to delete old logs.
LogInit: Presizing for max 8388607 objects, including 0 objects not considered by GC, pre-allocating 0 bytes for permanent pool.
LogInit: Object subsystem initialized
[2018.09.09-18.57.54:545][  0]LogModuleManager: Warning: No filename provided for module ExampleDeviceProfileSelector
[2018.09.09-18.57.54:545][  0]LogModuleManager: Warning: ModuleManager: Unable to load module 'ExampleDeviceProfileSelector' because the file 'C:/Program Files/UE_4.19/Engine/Binaries/Win64/' was not found.
[2018.09.09-18.57.54:545][  0]LogInit: Applying CVar settings loaded from the selected device profile: [Windows]
[2018.09.09-18.57.54:552][  0]LogInit: Computer: DESKTOP-OKQS3QU
[2018.09.09-18.57.54:552][  0]LogInit: User: Joe
[2018.09.09-18.57.54:552][  0]LogInit: CPU Page size=4096, Cores=4
[2018.09.09-18.57.54:552][  0]LogInit: High frequency timer resolution =4.101572 MHz
[2018.09.09-18.57.54:552][  0]LogMemory: Memory total: Physical=8.0GB (8GB approx)
[2018.09.09-18.57.54:552][  0]LogMemory: Platform Memory Stats for Windows
[2018.09.09-18.57.54:552][  0]LogMemory: Process Physical Memory: 278.76 MB used, 278.76 MB peak
[2018.09.09-18.57.54:552][  0]LogMemory: Process Virtual Memory: 273.29 MB used, 273.29 MB peak
[2018.09.09-18.57.54:552][  0]LogMemory: Physical Memory: 5270.19 MB used,  2881.58 MB free, 8151.77 MB total
[2018.09.09-18.57.54:552][  0]LogMemory: Virtual Memory: 4839.27 MB used,  2881.58 MB free, 134217728.00 MB total
[2018.09.09-18.57.54:630][  0]LogInit: Using OS detected language (en-US).
[2018.09.09-18.57.54:630][  0]LogInit: Using OS detected locale (en-US).
[2018.09.09-18.57.54:631][  0]LogTextLocalizationManager: No specific localization for 'en-US' exists, so the 'en' localization will be used.
[2018.09.09-18.57.54:963][  0]LogStreaming: Display: Took  0.333s to EndInitTextLocalization.
[2018.09.09-18.57.54:963][  0]LogInit: Setting process to per monitor DPI aware
[2018.09.09-18.57.54:991][  0]LogSlate: New Slate User Created.  User Index 0, Is Virtual User: 0
[2018.09.09-18.57.54:992][  0]LogSlate: Slate User Registered.  User Index 0, Is Virtual User: 0
[2018.09.09-18.57.55:129][  0]LogD3D11RHI: D3D11 adapters:
[2018.09.09-18.57.55:180][  0]LogD3D11RHI:    0. 'NVIDIA GeForce GTX 1050' (Feature Level 11_0)
[2018.09.09-18.57.55:180][  0]LogD3D11RHI:       1977/0/4075 MB DedicatedVideo/DedicatedSystem/SharedSystem, Outputs:2, VendorId:0x10de
[2018.09.09-18.57.55:182][  0]LogD3D11RHI:    1. 'Microsoft Basic Render Driver' (Feature Level 11_0)
[2018.09.09-18.57.55:182][  0]LogD3D11RHI:       0/0/4075 MB DedicatedVideo/DedicatedSystem/SharedSystem, Outputs:0, VendorId:0x1414
[2018.09.09-18.57.55:182][  0]LogD3D11RHI: Chosen D3D11 Adapter: 0
[2018.09.09-18.57.55:188][  0]LogD3D11RHI: Creating new Direct3DDevice
[2018.09.09-18.57.55:188][  0]LogD3D11RHI:     GPU DeviceId: 0x1c81 (for the marketing name, search the web for "GPU Device Id")
[2018.09.09-18.57.55:188][  0]LogWindows: EnumDisplayDevices:
[2018.09.09-18.57.55:189][  0]LogWindows:    0. 'NVIDIA GeForce GTX 1050' (P:1 D:1)
[2018.09.09-18.57.55:189][  0]LogWindows:    1. 'NVIDIA GeForce GTX 1050' (P:0 D:1)
[2018.09.09-18.57.55:189][  0]LogWindows:    2. 'NVIDIA GeForce GTX 1050' (P:0 D:0)
[2018.09.09-18.57.55:189][  0]LogWindows:    3. 'NVIDIA GeForce GTX 1050' (P:0 D:0)
[2018.09.09-18.57.55:189][  0]LogWindows: DebugString: GetVideoDriverDetailsInvalid PrimaryIsNotTheChoosenAdapter GetVideoDriverDetailsInvalid PrimaryIsNotTheChoosenAdapter GetVideoDriverDetailsInvalid PrimaryIsNotTheChoosenAdapter GetVideoDriverDetailsInvalid PrimaryIsNotTheChoosenAdapter FoundDriverCount:0 
[2018.09.09-18.57.55:189][  0]LogD3D11RHI:     Adapter Name: NVIDIA GeForce GTX 1050
[2018.09.09-18.57.55:189][  0]LogD3D11RHI:   Driver Version: Unknown (internal:Unknown, unified:Unknown)
[2018.09.09-18.57.55:189][  0]LogD3D11RHI:      Driver Date: Unknown
[2018.09.09-18.57.55:189][  0]LogRHI: Texture pool is 1384 MB (70% of 1977 MB)
[2018.09.09-18.57.55:224][  0]LogD3D11RHI: [Aftermath] Aftermath enabled and primed
[2018.09.09-18.57.55:224][  0]LogD3D11RHI: [Aftermath] Aftermath enabled and primed
[2018.09.09-18.57.55:224][  0]LogD3D11RHI: Async texture creation enabled
[2018.09.09-18.57.55:241][  0]LogD3D11RHI: GPU Timing Frequency: 1000.000000 (Debug: 2 2)
[2018.09.09-18.57.55:336][  0]LogShaderCompilers: Guid format shader working directory is -14 characters bigger than the processId version (../../../../../Users/Joe/Desktop/Github/gamefps/fps-proto/Intermediate/Shaders/WorkingDirectory/26976/).
[2018.09.09-18.57.55:336][  0]LogShaderCompilers: Cleaned the shader compiler working directory 'C:/Users/Joe/AppData/Local/Temp/UnrealShaderWorkingDir/13422F9540FA9F681EEC1297FCB89D23/'.
[2018.09.09-18.57.55:558][  0]LogTemp: Display: Loaded TP AllDesktopTargetPlatform
[2018.09.09-18.57.55:569][  0]LogTemp: Display: Loaded TP MacClientTargetPlatform
[2018.09.09-18.57.55:582][  0]LogTemp: Display: Loaded TP MacNoEditorTargetPlatform
[2018.09.09-18.57.55:593][  0]LogTemp: Display: Loaded TP MacServerTargetPlatform
[2018.09.09-18.57.55:604][  0]LogTemp: Display: Loaded TP MacTargetPlatform
[2018.09.09-18.57.55:617][  0]LogTemp: Display: Loaded TP WindowsClientTargetPlatform
[2018.09.09-18.57.55:629][  0]LogTemp: Display: Loaded TP WindowsNoEditorTargetPlatform
[2018.09.09-18.57.55:643][  0]LogTemp: Display: Loaded TP WindowsServerTargetPlatform
[2018.09.09-18.57.55:650][  0]LogTemp: Display: Loaded TP WindowsTargetPlatform
[2018.09.09-18.57.55:660][  0]LogTemp: Display: Loaded TP Android_ASTCTargetPlatform
[2018.09.09-18.57.55:669][  0]LogTemp: Display: Loaded TP Android_ATCTargetPlatform
[2018.09.09-18.57.55:681][  0]LogTemp: Display: Loaded TP Android_DXTTargetPlatform
[2018.09.09-18.57.55:692][  0]LogTemp: Display: Loaded TP Android_ETC1aTargetPlatform
[2018.09.09-18.57.55:702][  0]LogTemp: Display: Loaded TP Android_ETC1TargetPlatform
[2018.09.09-18.57.55:713][  0]LogTemp: Display: Loaded TP Android_ETC2TargetPlatform
[2018.09.09-18.57.55:733][  0]LogTemp: Display: Loaded TP Android_MultiTargetPlatform
[2018.09.09-18.57.55:733][  0]LogTemp: Display: Loaded TP Android_PVRTCTargetPlatform
[2018.09.09-18.57.55:745][  0]LogTemp: Display: Loaded TP AndroidTargetPlatform
[2018.09.09-18.57.55:748][  0]LogTemp: Display: Loaded TP HTML5TargetPlatform
[2018.09.09-18.57.55:786][  0]LogTemp: Display: Loaded TP IOSTargetPlatform
[2018.09.09-18.57.55:795][  0]LogTemp: Display: Loaded TP TVOSTargetPlatform
[2018.09.09-18.57.55:805][  0]LogTemp: Display: Loaded TP LinuxClientTargetPlatform
[2018.09.09-18.57.55:817][  0]LogTemp: Display: Loaded TP LinuxNoEditorTargetPlatform
[2018.09.09-18.57.55:828][  0]LogTemp: Display: Loaded TP LinuxServerTargetPlatform
[2018.09.09-18.57.55:838][  0]LogTemp: Display: Loaded TP LinuxTargetPlatform
[2018.09.09-18.57.55:838][  0]LogTargetPlatformManager: Display: Building Assets For Windows
[2018.09.09-18.57.55:966][  0]LogXGEController: Cleaning working directory: C:/Users/Joe/AppData/Local/Temp/UnrealXGEWorkingDir/
[2018.09.09-18.57.55:966][  0]LogXGEController: Cannot use XGE Controller as Incredibuild is not installed on this machine.
[2018.09.09-18.57.55:966][  0]LogShaderCompilers: Cannot use XGE Shader Compiler as Incredibuild is not installed on this machine.
[2018.09.09-18.57.55:966][  0]LogShaderCompilers: Display: Using Local Shader Compiler.
[2018.09.09-18.57.56:478][  0]LogDerivedDataCache: Display: Max Cache Size: 512 MB
[2018.09.09-18.57.56:536][  0]LogDerivedDataCache: Loaded boot cache 0.06s 75MB C:/Users/Joe/AppData/Local/UnrealEngine/4.19/DerivedDataCache/Boot.ddc.
[2018.09.09-18.57.56:536][  0]LogDerivedDataCache: Display: Loaded Boot cache: C:/Users/Joe/AppData/Local/UnrealEngine/4.19/DerivedDataCache/Boot.ddc
[2018.09.09-18.57.56:537][  0]LogDerivedDataCache: FDerivedDataBackendGraph:  Pak pak cache file ../../../../../Users/Joe/Desktop/Github/gamefps/fps-proto/DerivedDataCache/DDC.ddp not found, will not use a pak cache.
[2018.09.09-18.57.56:537][  0]LogDerivedDataCache: Unable to find inner node Pak for hierarchical cache Hierarchy.
[2018.09.09-18.57.56:537][  0]LogDerivedDataCache: FDerivedDataBackendGraph:  CompressedPak pak cache file ../../../../../Users/Joe/Desktop/Github/gamefps/fps-proto/DerivedDataCache/Compressed.ddp not found, will not use a pak cache.
[2018.09.09-18.57.56:537][  0]LogDerivedDataCache: Unable to find inner node CompressedPak for hierarchical cache Hierarchy.
[2018.09.09-18.57.56:549][  0]LogDerivedDataCache: Display: Pak cache opened for reading ../../../Engine/DerivedDataCache/Compressed.ddp.
[2018.09.09-18.57.56:562][  0]LogDerivedDataCache: Using Local data cache path C:/Users/Joe/AppData/Local/UnrealEngine/Common/DerivedDataCache: Writable
[2018.09.09-18.57.56:562][  0]LogDerivedDataCache: Shared data cache path not found in *engine.ini, will not use an Shared cache.
[2018.09.09-18.57.56:562][  0]LogDerivedDataCache: Unable to find inner node Shared for hierarchical cache Hierarchy.
[2018.09.09-18.57.56:571][  0]LogMaterial: Verifying Global Shaders for PCD3D_SM5
[2018.09.09-18.57.56:571][  0]LogSlate: Using Freetype 2.6.0
[2018.09.09-18.57.56:572][  0]LogSlate: SlateFontCache - WITH_FREETYPE: 1, WITH_HARFBUZZ: 1
[2018.09.09-18.57.56:572][  0]LogSlate: SlateFontCache - WITH_FREETYPE: 1, WITH_HARFBUZZ: 1
[2018.09.09-18.57.56:680][  0]LogAssetRegistry: FAssetRegistry took 0.0265 seconds to start up
[2018.09.09-18.57.56:935][  0]LogModuleManager: Warning: No filename provided for module ExampleDeviceProfileSelector
[2018.09.09-18.57.56:935][  0]LogModuleManager: Warning: ModuleManager: Unable to load module 'ExampleDeviceProfileSelector' because the file 'C:/Program Files/UE_4.19/Engine/Binaries/Win64/' was not found.
[2018.09.09-18.57.57:064][  0]LogSimplygon: Simplygon DLL not present - disabling.
[2018.09.09-18.57.57:068][  0]LogMeshReduction: Using SimplygonSwarm for distributed automatic mesh merging
[2018.09.09-18.57.57:068][  0]LogMeshReduction: Using QuadricMeshReduction for automatic static mesh reduction
[2018.09.09-18.57.57:068][  0]LogMeshReduction: No automatic skeletal mesh reduction module available
[2018.09.09-18.57.57:068][  0]LogMeshReduction: No automatic mesh merging module available
[2018.09.09-18.57.57:068][  0]LogMeshMerging: No automatic mesh merging module available
[2018.09.09-18.57.57:097][  0]LogNetVersion: FPSPrototype , NetCL: 3944462, EngineNetVer: 2, GameNetVer: 0 (Checksum: 1221512049)
[2018.09.09-18.57.57:480][  0]LogPackageLocalizationCache: Processed 6 localized package path(s) for 2 prioritized culture(s) in 0.048426 seconds
[2018.09.09-18.57.57:484][  0]LogUObjectArray: 36343 objects as part of root set at end of initial load.
[2018.09.09-18.57.57:484][  0]LogUObjectAllocator: 7451112 out of 0 bytes used by permanent object pool.
[2018.09.09-18.57.57:484][  0]LogUObjectArray: CloseDisregardForGC: 0/0 objects in disregard for GC pool
[2018.09.09-18.57.58:786][  0]LogTcpMessaging: Initializing TcpMessaging bridge
[2018.09.09-18.57.58:814][  0]LogUdpMessaging: Initializing bridge on interface 0.0.0.0:0 to multicast group 230.0.0.1:6666.
[2018.09.09-18.57.59:201][  0]SourceControl: Source control is disabled
[2018.09.09-18.57.59:201][  0]SourceControl: Source control is disabled
[2018.09.09-18.57.59:220][  0]SourceControl: Source control is disabled
[2018.09.09-18.57.59:236][  0]SourceControl: Source control is disabled
[2018.09.09-18.57.59:814][  0]LogOcInput: OculusInput pre-init called
[2018.09.09-18.57.59:918][  0]LogEngine: Initializing Engine...
[2018.09.09-18.57.59:919][  0]LogHMD: Failed to initialize OpenVR with code 110
[2018.09.09-18.57.59:920][  0]LogStats: UGameplayTagsManager::ConstructGameplayTagTree: Construct from data asset -  0.000 s
[2018.09.09-18.57.59:920][  0]LogStats: UGameplayTagsManager::ConstructGameplayTagTree: GameplayTagTreeChangedEvent.Broadcast -  0.000 s
[2018.09.09-18.58.00:131][  0]LogAIModule: Creating AISystem for world Untitled
[2018.09.09-18.58.00:166][  0]LogInit: XAudio2 using 'Speakers (Ear Force Stealth 400)' : 2 channels at 48 kHz using 16 bits per sample (channel mask 0x3)
[2018.09.09-18.58.00:183][  0]LogInit: FAudioDevice initialized.
[2018.09.09-18.58.00:316][  0]LogDerivedDataCache: Saved boot cache 0.13s 75MB C:/Users/Joe/AppData/Local/UnrealEngine/4.19/DerivedDataCache/Boot.ddc.
[2018.09.09-18.58.00:324][  0]LogInit: Texture streaming: Enabled
[2018.09.09-18.58.00:346][  0]LogEngineSessionManager: EngineSessionManager initialized
[2018.09.09-18.58.00:364][  0]LogInit: Transaction tracking system initialized
[2018.09.09-18.58.00:402][  0]BlueprintLog: New page: Editor Load
[2018.09.09-18.58.00:534][  0]LocalizationService: Localization service is disabled
[2018.09.09-18.58.00:666][  0]LogConsoleResponse: Display: 
[2018.09.09-18.58.00:852][  0]LogCook: Display: Max memory allowance for cook 16384mb min free memory 0mb
[2018.09.09-18.58.00:852][  0]LogCook: Display: Mobile HDR setting 1
[2018.09.09-18.58.00:852][  0]LogGameplayTags: Display: UGameplayTagsManager::DoneAddingNativeTags. DelegateIsBound: 0
[2018.09.09-18.58.00:852][  0]LogStats: UGameplayTagsManager::ConstructGameplayTagTree: Construct from data asset -  0.000 s
[2018.09.09-18.58.00:852][  0]LogStats: UGameplayTagsManager::ConstructGameplayTagTree: GameplayTagTreeChangedEvent.Broadcast -  0.000 s
[2018.09.09-18.58.01:311][  0]LogFileCache: Scanning file cache for directory 'C:/Users/Joe/Desktop/Github/gamefps/fps-proto/Content/' took 0.02s
[2018.09.09-18.58.01:311][  0]SourceControl: Source control is disabled
[2018.09.09-18.58.01:311][  0]Cmd: MAP LOAD FILE="../../../../../Users/Joe/Desktop/Github/gamefps/fps-proto/Content/Blueprints/Levels/MainMenu_Level.umap" TEMPLATE=0 SHOWPROGRESS=1 FEATURELEVEL=3
[2018.09.09-18.58.01:339][  0]LogSlate: Took 0.000225 seconds to synchronously load lazily loaded font '../../../Engine/Content/Slate/Fonts/Roboto-Regular.ttf' (155K)
[2018.09.09-18.58.01:361][  0]LogWindowsTextInputMethodSystem: Display: IME system now deactivated.
[2018.09.09-18.58.08:877][  0]LogSlate: Window 'Message' being destroyed
[2018.09.09-18.58.08:877][  0]LogWindowsTextInputMethodSystem: Display: IME system now deactivated.
[2018.09.09-18.58.08:879][  0]LightingResults: New page: Lighting Build
[2018.09.09-18.58.08:882][  0]MapCheck: New page: Map Check
[2018.09.09-18.58.08:882][  0]LightingResults: New page: Lighting Build
[2018.09.09-18.58.08:892][  0]LogAIModule: Creating AISystem for world Untitled
[2018.09.09-18.58.08:893][  0]LoadErrors: New page: New Map
[2018.09.09-18.58.08:961][  0]LogWindowsTextInputMethodSystem: Display: IME system now deactivated.
[2018.09.09-18.58.09:016][  0]LogCollectionManager: Loaded 0 collections in 0.001603 seconds
[2018.09.09-18.58.09:060][  0]LogFileCache: Scanning file cache for directory 'C:/Users/Joe/Desktop/Github/gamefps/fps-proto/Saved/Collections/' took 0.01s
[2018.09.09-18.58.09:060][  0]LogFileCache: Scanning file cache for directory 'C:/Users/Joe/Desktop/Github/gamefps/fps-proto/Content/Developers/Joe/Collections/' took 0.01s
[2018.09.09-18.58.09:060][  0]LogFileCache: Scanning file cache for directory 'C:/Users/Joe/Desktop/Github/gamefps/fps-proto/Content/Collections/' took 0.01s
[2018.09.09-18.58.09:060][  0]LogCollectionManager: Rebuilt the GUID cache for 0 collections in 0.000000 seconds
[2018.09.09-18.58.09:067][  0]LogContentBrowser: Native class hierarchy populated in 0.0070 seconds. Added 2377 classes and 524 folders.
[2018.09.09-18.58.09:075][  0]LogContentBrowser: Native class hierarchy updated for 'WidgetCarousel' in 0.0002 seconds. Added 0 classes and 0 folders.
[2018.09.09-18.58.09:116][  0]LogContentBrowser: Native class hierarchy updated for 'AddContentDialog' in 0.0002 seconds. Added 0 classes and 0 folders.
[2018.09.09-18.58.09:120][  0]LogContentBrowser: Native class hierarchy updated for 'SceneOutliner' in 0.0002 seconds. Added 1 classes and 2 folders.
[2018.09.09-18.58.09:191][  0]LogContentBrowser: Native class hierarchy updated for 'HierarchicalLODOutliner' in 0.0002 seconds. Added 0 classes and 0 folders.
[2018.09.09-18.58.09:191][  0]LogLoad: (Engine Initialization) Total time: 37.61 seconds
[2018.09.09-18.58.09:191][  0]LogLoad: (Engine Initialization) Total Blueprint compile time: 0.00 seconds
[2018.09.09-18.58.09:217][  0]LogAssetRegistry: Asset discovery search completed in 12.5605 seconds
[2018.09.09-18.58.09:218][  0]LogCollectionManager: Rebuilt the object cache for 0 collections in 0.000000 seconds (found 0 objects)
[2018.09.09-18.58.09:218][  0]LogCollectionManager: Fixed up redirectors for 0 collections in 0.000052 seconds (updated 0 objects)
[2018.09.09-18.58.09:219][  0]LogContentStreaming: Texture pool size now 1000 MB
[2018.09.09-18.58.09:225][  0]LogSlate: Took 0.000133 seconds to synchronously load lazily loaded font '../../../Engine/Content/Slate/Fonts/Roboto-Bold.ttf' (160K)
[2018.09.09-18.58.09:230][  0]LogSlate: Took 0.000114 seconds to synchronously load lazily loaded font '../../../Engine/Content/Editor/Slate/Fonts/FontAwesome.ttf' (139K)
[2018.09.09-18.58.09:310][  0]LogSlate: Took 0.000161 seconds to synchronously load lazily loaded font '../../../Engine/Content/Slate/Fonts/Roboto-Light.ttf' (167K)
[2018.09.09-18.58.09:343][  2]LogRenderer: Reallocating scene render targets to support 836x424 Format 10 NumSamples 1 (Frame:1).
[2018.09.09-18.58.10:853][172]LogSlate: FSceneViewport::OnFocusLost() reason 0
[2018.09.09-18.58.10:975][180]LogSlate: Window 'FPSPrototype - Unreal Editor' being destroyed
[2018.09.09-18.58.10:975][180]LogWindowsTextInputMethodSystem: Display: IME system now deactivated.
[2018.09.09-18.58.11:126][181]Cmd: QUIT_EDITOR
[2018.09.09-18.58.11:146][181]LogSlate: Slate User Destroyed.  User Index 0, Is Virtual User: 0
[2018.09.09-18.58.11:146][181]LogExit: Preparing to exit.
[2018.09.09-18.58.11:868][181]LogDirectoryWatcher: A directory notification for 'C:/Users/Joe/Desktop/Github/gamefps/fps-proto/Content/' was aborted.
[2018.09.09-18.58.11:894][181]LogExit: Editor shut down
[2018.09.09-18.58.11:898][181]LogExit: Transaction tracking system shut down
[2018.09.09-18.58.11:971][181]LogDirectoryWatcher: A directory notification for '../../../Engine/Content/' was aborted.
[2018.09.09-18.58.11:971][181]LogDirectoryWatcher: A directory notification for '../../../../../Users/Joe/Desktop/Github/gamefps/fps-proto/Content/' was aborted.
[2018.09.09-18.58.11:971][181]LogDirectoryWatcher: A directory notification for '../../Plugins/Enterprise/DatasmithContent/Content/' was aborted.
[2018.09.09-18.58.11:971][181]LogDirectoryWatcher: A directory notification for '../../Plugins/Media/MediaCompositing/Content/' was aborted.
[2018.09.09-18.58.11:971][181]LogDirectoryWatcher: A directory notification for '../../Plugins/Runtime/Oculus/OculusVR/Content/' was aborted.
[2018.09.09-18.58.11:971][181]LogDirectoryWatcher: A directory notification for '../../Plugins/Runtime/Steam/SteamVR/Content/' was aborted.
[2018.09.09-18.58.12:016][181]LogExit: Object subsystem successfully closed.
[2018.09.09-18.58.12:080][181]LogShaderCompilers: Display: Shaders left to compile 0
[2018.09.09-18.58.12:090][181]LogD3D11RHI: Shutdown
[2018.09.09-18.58.12:090][181]LogD3D11RHI: CleanupD3DDevice
[2018.09.09-18.58.12:098][181]LogD3D11RHI: ~FD3D11DynamicRHI
[2018.09.09-18.58.12:176][181]LogModuleManager: Shutting down and abandoning module HierarchicalLODOutliner (551)
[2018.09.09-18.58.12:176][181]LogModuleManager: Shutting down and abandoning module SceneOutliner (549)
[2018.09.09-18.58.12:176][181]LogModuleManager: Shutting down and abandoning module AddContentDialog (547)
[2018.09.09-18.58.12:176][181]LogDirectoryWatcher: A directory notification for 'C:/Program Files/UE_4.19/FeaturePacks/' was aborted.
[2018.09.09-18.58.12:177][181]LogModuleManager: Shutting down and abandoning module WidgetCarousel (546)
[2018.09.09-18.58.12:177][181]LogModuleManager: Shutting down and abandoning module EditorWidgets (543)
[2018.09.09-18.58.12:177][181]LogModuleManager: Shutting down and abandoning module CollectionManager (541)
[2018.09.09-18.58.12:177][181]LogDirectoryWatcher: A directory notification for 'C:/Users/Joe/Desktop/Github/gamefps/fps-proto/Content/Collections/' was aborted.
[2018.09.09-18.58.12:177][181]LogDirectoryWatcher: A directory notification for 'C:/Users/Joe/Desktop/Github/gamefps/fps-proto/Content/Developers/Joe/Collections/' was aborted.
[2018.09.09-18.58.12:177][181]LogDirectoryWatcher: A directory notification for 'C:/Users/Joe/Desktop/Github/gamefps/fps-proto/Saved/Collections/' was aborted.
[2018.09.09-18.58.12:177][181]LogModuleManager: Shutting down and abandoning module StatsViewer (539)
[2018.09.09-18.58.12:177][181]LogModuleManager: Shutting down and abandoning module FoliageEdit (537)
[2018.09.09-18.58.12:177][181]LogModuleManager: Shutting down and abandoning module LandscapeEditor (535)
[2018.09.09-18.58.12:177][181]LogModuleManager: Shutting down and abandoning module MeshPaintMode (533)
[2018.09.09-18.58.12:177][181]LogModuleManager: Shutting down and abandoning module MeshPaint (532)
[2018.09.09-18.58.12:177][181]LogModuleManager: Shutting down and abandoning module SceneDepthPickerMode (529)
[2018.09.09-18.58.12:177][181]LogModuleManager: Shutting down and abandoning module ActorPickerMode (527)
[2018.09.09-18.58.12:177][181]LogModuleManager: Shutting down and abandoning module GeometryMode (525)
[2018.09.09-18.58.12:177][181]LogModuleManager: Shutting down and abandoning module TextureAlignMode (523)
[2018.09.09-18.58.12:177][181]LogModuleManager: Shutting down and abandoning module BspMode (521)
[2018.09.09-18.58.12:177][181]LogModuleManager: Shutting down and abandoning module PIEPreviewDeviceProfileSelector (519)
[2018.09.09-18.58.12:177][181]LogModuleManager: Shutting down and abandoning module HardwareSurvey (517)
[2018.09.09-18.58.12:177][181]LogModuleManager: Shutting down and abandoning module SequenceRecorderSections (515)
[2018.09.09-18.58.12:177][181]LogModuleManager: Shutting down and abandoning module AutomationWorker (513)
[2018.09.09-18.58.12:177][181]LogModuleManager: Shutting down and abandoning module AudioCaptureEditor (511)
[2018.09.09-18.58.12:177][181]LogModuleManager: Shutting down and abandoning module SequenceRecorder (510)
[2018.09.09-18.58.12:177][181]LogModuleManager: Shutting down and abandoning module MatineeToLevelSequence (507)
[2018.09.09-18.58.12:177][181]LogModuleManager: Shutting down and abandoning module LevelSequenceEditor (505)
[2018.09.09-18.58.12:177][181]LogModuleManager: Shutting down and abandoning module PlacementMode (504)
[2018.09.09-18.58.12:177][181]LogModuleManager: Shutting down and abandoning module MaterialEditor (503)
[2018.09.09-18.58.12:177][181]LogModuleManager: Shutting down and abandoning module WmfMediaFactory (499)
[2018.09.09-18.58.12:177][181]LogModuleManager: Shutting down and abandoning module WmfMediaEditor (497)
[2018.09.09-18.58.12:177][181]LogModuleManager: Shutting down and abandoning module MediaPlayerEditor (495)
[2018.09.09-18.58.12:177][181]LogModuleManager: Shutting down and abandoning module OpenExrWrapper (493)
[2018.09.09-18.58.12:177][181]LogModuleManager: Shutting down and abandoning module ImgMediaFactory (491)
[2018.09.09-18.58.12:177][181]LogModuleManager: Shutting down and abandoning module ImgMediaEditor (489)
[2018.09.09-18.58.12:177][181]LogModuleManager: Shutting down and abandoning module AvfMediaFactory (487)
[2018.09.09-18.58.12:177][181]LogModuleManager: Shutting down and abandoning module AvfMediaEditor (485)
[2018.09.09-18.58.12:177][181]LogModuleManager: Shutting down and abandoning module AndroidMediaFactory (483)
[2018.09.09-18.58.12:177][181]LogModuleManager: Shutting down and abandoning module AndroidMediaEditor (481)
[2018.09.09-18.58.12:177][181]LogModuleManager: Shutting down and abandoning module CharacterAI (479)
[2018.09.09-18.58.12:177][181]LogModuleManager: Shutting down and abandoning module SessionServices (477)
[2018.09.09-18.58.12:177][181]LogModuleManager: Shutting down and abandoning module ViewportSnapping (475)
[2018.09.09-18.58.12:178][181]LogModuleManager: Shutting down and abandoning module ViewportInteraction (473)
[2018.09.09-18.58.12:178][181]LogModuleManager: Shutting down and abandoning module ClothPainter (471)
[2018.09.09-18.58.12:178][181]LogModuleManager: Shutting down and abandoning module SkeletalMeshEditor (470)
[2018.09.09-18.58.12:178][181]LogModuleManager: Shutting down and abandoning module LogVisualizer (467)
[2018.09.09-18.58.12:178][181]LogModuleManager: Shutting down and abandoning module IntroTutorials (465)
[2018.09.09-18.58.12:178][181]LogModuleManager: Shutting down and abandoning module GameProjectGeneration (464)
[2018.09.09-18.58.12:178][181]LogModuleManager: Shutting down and abandoning module IOSPlatformEditor (461)
[2018.09.09-18.58.12:178][181]LogModuleManager: Shutting down and abandoning module HTML5PlatformEditor (459)
[2018.09.09-18.58.12:178][181]LogModuleManager: Shutting down and abandoning module AndroidPlatformEditor (457)
[2018.09.09-18.58.12:178][181]LogModuleManager: Shutting down and abandoning module AndroidDeviceDetection (456)
[2018.09.09-18.58.12:618][181]LogModuleManager: Shutting down and abandoning module WindowsPlatformEditor (453)
[2018.09.09-18.58.12:618][181]LogModuleManager: Shutting down and abandoning module IOSRuntimeSettings (451)
[2018.09.09-18.58.12:618][181]LogModuleManager: Shutting down and abandoning module AndroidRuntimeSettings (449)
[2018.09.09-18.58.12:618][181]LogModuleManager: Shutting down and abandoning module InputBindingEditor (447)
[2018.09.09-18.58.12:618][181]LogModuleManager: Shutting down and abandoning module MergeActors (445)
[2018.09.09-18.58.12:618][181]LogModuleManager: Shutting down and abandoning module LocalizationDashboard (443)
[2018.09.09-18.58.12:618][181]LogModuleManager: Shutting down and abandoning module LocalizationService (442)
[2018.09.09-18.58.12:618][181]LogModuleManager: Shutting down and abandoning module HardwareTargeting (439)
[2018.09.09-18.58.12:618][181]LogModuleManager: Shutting down and abandoning module DeviceProfileEditor (437)
[2018.09.09-18.58.12:618][181]LogModuleManager: Shutting down and abandoning module UndoHistory (435)
[2018.09.09-18.58.12:618][181]LogModuleManager: Shutting down and abandoning module XmlParser (433)
[2018.09.09-18.58.12:618][181]LogModuleManager: Shutting down and abandoning module Blutility (431)
[2018.09.09-18.58.12:618][181]LogModuleManager: Shutting down and abandoning module ProjectSettingsViewer (429)
[2018.09.09-18.58.12:618][181]LogModuleManager: Shutting down and abandoning module ProjectTargetPlatformEditor (428)
[2018.09.09-18.58.12:618][181]LogModuleManager: Shutting down and abandoning module EditorSettingsViewer (425)
[2018.09.09-18.58.12:618][181]LogModuleManager: Shutting down and abandoning module SettingsEditor (423)
[2018.09.09-18.58.12:618][181]LogModuleManager: Shutting down and abandoning module ProjectLauncher (421)
[2018.09.09-18.58.12:618][181]LogModuleManager: Shutting down and abandoning module SessionFrontend (419)
[2018.09.09-18.58.12:618][181]LogModuleManager: Shutting down and abandoning module ProfilerClient (417)
[2018.09.09-18.58.12:618][181]LogModuleManager: Shutting down and abandoning module DeviceManager (415)
[2018.09.09-18.58.12:618][181]LogModuleManager: Shutting down and abandoning module TargetDeviceServices (414)
[2018.09.09-18.58.12:673][181]LogModuleManager: Shutting down and abandoning module AutomationController (411)
[2018.09.09-18.58.12:673][181]LogModuleManager: Shutting down and abandoning module AutomationWindow (409)
[2018.09.09-18.58.12:673][181]LogModuleManager: Shutting down and abandoning module Layers (407)
[2018.09.09-18.58.12:673][181]LogModuleManager: Shutting down and abandoning module ComponentVisualizers (405)
[2018.09.09-18.58.12:673][181]LogModuleManager: Shutting down and abandoning module DetailCustomizations (403)
[2018.09.09-18.58.12:673][181]LogModuleManager: Shutting down and abandoning module PackagesDialog (401)
[2018.09.09-18.58.12:673][181]LogModuleManager: Shutting down and abandoning module Persona (399)
[2018.09.09-18.58.12:673][181]LogModuleManager: Shutting down and abandoning module AdvancedPreviewScene (398)
[2018.09.09-18.58.12:673][181]LogModuleManager: Shutting down and abandoning module AnimGraph (396)
[2018.09.09-18.58.12:673][181]LogModuleManager: Shutting down and abandoning module Kismet (393)
[2018.09.09-18.58.12:673][181]LogModuleManager: Shutting down and abandoning module GraphEditor (391)
[2018.09.09-18.58.12:674][181]LogModuleManager: Shutting down and abandoning module ClassViewer (389)
[2018.09.09-18.58.12:674][181]LogModuleManager: Shutting down and abandoning module Toolbox (387)
[2018.09.09-18.58.12:674][181]LogModuleManager: Shutting down and abandoning module ModuleUI (385)
[2018.09.09-18.58.12:674][181]LogModuleManager: Shutting down and abandoning module MovieSceneTools (383)
[2018.09.09-18.58.12:674][181]LogModuleManager: Shutting down and abandoning module OutputLog (381)
[2018.09.09-18.58.12:674][181]LogModuleManager: Shutting down and abandoning module GammaUI (379)
[2018.09.09-18.58.12:674][181]LogModuleManager: Shutting down and abandoning module Documentation (377)
[2018.09.09-18.58.12:674][181]LogModuleManager: Shutting down and abandoning module MovieSceneTracks (375)
[2018.09.09-18.58.12:674][181]LogModuleManager: Shutting down and abandoning module MovieScene (373)
[2018.09.09-18.58.12:674][181]LogModuleManager: Shutting down and abandoning module StreamingPauseRendering (371)
[2018.09.09-18.58.12:674][181]LogModuleManager: Shutting down and abandoning module LauncherPlatform (369)
[2018.09.09-18.58.12:674][181]LogModuleManager: Shutting down and abandoning module AnalyticsET (367)
[2018.09.09-18.58.12:674][181]LogModuleManager: Shutting down and abandoning module PortalServices (365)
[2018.09.09-18.58.12:674][181]LogModuleManager: Shutting down and abandoning module PortalRpc (363)
[2018.09.09-18.58.12:674][181]LogModuleManager: Shutting down and abandoning module MessagingRpc (361)
[2018.09.09-18.58.12:674][181]LogModuleManager: Shutting down and abandoning module AIModule (359)
[2018.09.09-18.58.12:674][181]LogModuleManager: Shutting down and abandoning module GameplayDebugger (358)
[2018.09.09-18.58.12:674][181]LogModuleManager: Shutting down and abandoning module AITestSuite (356)
[2018.09.09-18.58.12:674][181]LogModuleManager: Shutting down and abandoning module DesktopPlatform (353)
[2018.09.09-18.58.12:674][181]LogModuleManager: Shutting down and abandoning module ProfilerService (351)
[2018.09.09-18.58.12:905][181]LogModuleManager: Shutting down and abandoning module TaskGraph (349)
[2018.09.09-18.58.12:906][181]LogModuleManager: Shutting down and abandoning module SteamVRController (347)
[2018.09.09-18.58.12:906][181]LogModuleManager: Shutting down and abandoning module ProceduralMeshComponentEditor (345)
[2018.09.09-18.58.12:906][181]LogModuleManager: Shutting down and abandoning module ProceduralMeshComponent (343)
[2018.09.09-18.58.12:906][181]LogModuleManager: Shutting down and abandoning module OculusInput (341)
[2018.09.09-18.58.12:906][181]LogModuleManager: Shutting down and abandoning module CustomMeshComponent (339)
[2018.09.09-18.58.12:906][181]LogModuleManager: Shutting down and abandoning module CableComponent (337)
[2018.09.09-18.58.12:906][181]LogModuleManager: Shutting down and abandoning module AudioCapture (335)
[2018.09.09-18.58.12:906][181]LogModuleManager: Shutting down and abandoning module ArchVisCharacter (333)
[2018.09.09-18.58.12:906][181]LogModuleManager: Shutting down and abandoning module NUTUnrealEngine4 (331)
[2018.09.09-18.58.12:906][181]LogModuleManager: Shutting down and abandoning module NetcodeUnitTest (329)
[2018.09.09-18.58.12:906][181]LogModuleManager: Shutting down and abandoning module MediaCompositingEditor (327)
[2018.09.09-18.58.12:906][181]LogModuleManager: Shutting down and abandoning module MediaCompositing (325)
[2018.09.09-18.58.12:906][181]LogModuleManager: Shutting down and abandoning module LinearTimecode (323)
[2018.09.09-18.58.12:906][181]LogModuleManager: Shutting down and abandoning module ImgMedia (321)
[2018.09.09-18.58.12:911][181]LogModuleManager: Shutting down and abandoning module HTML5Networking (319)
[2018.09.09-18.58.12:911][181]LogModuleManager: Shutting down and abandoning module AlembicImporter (317)
[2018.09.09-18.58.12:911][181]LogModuleManager: Shutting down and abandoning module AlembicLibrary (316)
[2018.09.09-18.58.12:911][181]LogModuleManager: Shutting down and abandoning module GeometryCache (315)
[2018.09.09-18.58.12:911][181]LogModuleManager: Shutting down and abandoning module GeometryCacheEd (314)
[2018.09.09-18.58.12:911][181]LogModuleManager: Shutting down and abandoning module DatasmithContent (309)
[2018.09.09-18.58.12:911][181]LogModuleManager: Shutting down and abandoning module SpeedTreeImporter (307)
[2018.09.09-18.58.12:911][181]LogModuleManager: Shutting down and abandoning module PluginBrowser (305)
[2018.09.09-18.58.12:911][181]LogModuleManager: Shutting down and abandoning module MobileLauncherProfileWizard (303)
[2018.09.09-18.58.12:911][181]LogModuleManager: Shutting down and abandoning module VisualStudioSourceCodeAccess (301)
[2018.09.09-18.58.12:911][181]LogModuleManager: Shutting down and abandoning module VisualStudioCodeSourceCodeAccess (299)
[2018.09.09-18.58.12:911][181]LogModuleManager: Shutting down and abandoning module SubversionSourceControl (297)
[2018.09.09-18.58.12:911][181]LogModuleManager: Shutting down and abandoning module PerforceSourceControl (295)
[2018.09.09-18.58.12:911][181]LogModuleManager: Shutting down and abandoning module GitSourceControl (293)
[2018.09.09-18.58.12:911][181]LogModuleManager: Shutting down and abandoning module SourceControl (292)
[2018.09.09-18.58.12:911][181]LogModuleManager: Shutting down and abandoning module CLionSourceCodeAccess (289)
[2018.09.09-18.58.12:911][181]LogModuleManager: Shutting down and abandoning module LightPropagationVolumeEditor (287)
[2018.09.09-18.58.12:911][181]LogModuleManager: Shutting down and abandoning module RuntimePhysXCooking (285)
[2018.09.09-18.58.12:911][181]LogModuleManager: Shutting down and abandoning module PhysXVehiclesEditor (283)
[2018.09.09-18.58.12:911][181]LogModuleManager: Shutting down and abandoning module PhysXVehicles (281)
[2018.09.09-18.58.12:911][181]LogModuleManager: Shutting down and abandoning module OculusEditor (279)
[2018.09.09-18.58.12:911][181]LogModuleManager: Shutting down and abandoning module LocationServicesBPLibrary (277)
[2018.09.09-18.58.12:911][181]LogModuleManager: Shutting down and abandoning module ImmediatePhysicsEditor (275)
[2018.09.09-18.58.12:911][181]LogModuleManager: Shutting down and abandoning module ImmediatePhysics (273)
[2018.09.09-18.58.12:911][181]LogModuleManager: Shutting down and abandoning module ApexDestructionEditor (271)
[2018.09.09-18.58.12:911][181]LogModuleManager: Shutting down and abandoning module ApexDestruction (269)
[2018.09.09-18.58.12:912][181]LogModuleManager: Shutting down and abandoning module ActorSequence (267)
[2018.09.09-18.58.12:912][181]LogModuleManager: Shutting down and abandoning module UdpMessaging (265)
[2018.09.09-18.58.13:013][181]LogModuleManager: Shutting down and abandoning module TcpMessaging (263)
[2018.09.09-18.58.13:114][181]LogModuleManager: Shutting down and abandoning module GameplayTagsEditor (261)
[2018.09.09-18.58.13:114][181]LogModuleManager: Shutting down and abandoning module FacialAnimationEditor (259)
[2018.09.09-18.58.13:114][181]LogModuleManager: Shutting down and abandoning module FacialAnimation (257)
[2018.09.09-18.58.13:114][181]LogModuleManager: Shutting down and abandoning module DataValidation (255)
[2018.09.09-18.58.13:114][181]LogModuleManager: Shutting down and abandoning module AssetManagerEditor (253)
[2018.09.09-18.58.13:114][181]LogModuleManager: Shutting down and abandoning module LevelEditor (252)
[2018.09.09-18.58.13:114][181]LogModuleManager: Shutting down and abandoning module PixelInspectorModule (251)
[2018.09.09-18.58.13:114][181]LogModuleManager: Shutting down and abandoning module CommonMenuExtensions (249)
[2018.09.09-18.58.13:114][181]LogModuleManager: Shutting down and abandoning module MainFrame (247)
[2018.09.09-18.58.13:114][181]LogModuleManager: Shutting down and abandoning module HotReload (246)
[2018.09.09-18.58.13:115][181]LogModuleManager: Shutting down and abandoning module ContentBrowser (242)
[2018.09.09-18.58.13:116][181]LogModuleManager: Shutting down and abandoning module TreeMap (240)
[2018.09.09-18.58.13:116][181]LogModuleManager: Shutting down and abandoning module LightPropagationVolumeRuntime (237)
[2018.09.09-18.58.13:116][181]LogModuleManager: Shutting down and abandoning module WindowsMoviePlayer (235)
[2018.09.09-18.58.13:116][181]LogModuleManager: Shutting down and abandoning module WmfMedia (233)
[2018.09.09-18.58.13:117][181]LogModuleManager: Shutting down and abandoning module Media (232)
[2018.09.09-18.58.13:123][181]LogModuleManager: Shutting down and abandoning module PacketHandler (229)
[2018.09.09-18.58.13:123][181]LogModuleManager: Shutting down and abandoning module ClothingSystemEditor (227)
[2018.09.09-18.58.13:123][181]LogModuleManager: Shutting down and abandoning module ClothingSystemRuntime (225)
[2018.09.09-18.58.13:123][181]LogModuleManager: Shutting down and abandoning module MediaAssets (223)
[2018.09.09-18.58.13:123][181]LogModuleManager: Shutting down and abandoning module Overlay (221)
[2018.09.09-18.58.13:123][181]LogModuleManager: Shutting down and abandoning module OverlayEditor (220)
[2018.09.09-18.58.13:123][181]LogModuleManager: Shutting down and abandoning module VREditor (217)
[2018.09.09-18.58.13:123][181]LogModuleManager: Shutting down and abandoning module StringTableEditor (215)
[2018.09.09-18.58.13:123][181]LogModuleManager: Shutting down and abandoning module GameplayTasksEditor (213)
[2018.09.09-18.58.13:123][181]LogModuleManager: Shutting down and abandoning module BehaviorTreeEditor (211)
[2018.09.09-18.58.13:123][181]LogModuleManager: Shutting down and abandoning module FunctionalTesting (209)
[2018.09.09-18.58.13:123][181]LogModuleManager: Shutting down and abandoning module CollisionAnalyzer (207)
[2018.09.09-18.58.13:123][181]LogModuleManager: Shutting down and abandoning module WorkspaceMenuStructure (206)
[2018.09.09-18.58.13:123][181]LogModuleManager: Shutting down and abandoning module UMG (203)
[2018.09.09-18.58.13:123][181]LogModuleManager: Shutting down and abandoning module UMGEditor (202)
[2018.09.09-18.58.13:123][181]LogModuleManager: Shutting down and abandoning module Sequencer (201)
[2018.09.09-18.58.13:124][181]LogModuleManager: Shutting down and abandoning module MessageLog (198)
[2018.09.09-18.58.13:124][181]LogModuleManager: Shutting down and abandoning module SlateReflector (193)
[2018.09.09-18.58.13:124][181]LogModuleManager: Shutting down and abandoning module Slate (191)
[2018.09.09-18.58.13:124][181]LogModuleManager: Shutting down and abandoning module EditorStyle (189)
[2018.09.09-18.58.13:125][181]LogModuleManager: Shutting down and abandoning module MRMesh (187)
[2018.09.09-18.58.13:125][181]LogModuleManager: Shutting down and abandoning module SourceCodeAccess (185)
[2018.09.09-18.58.13:125][181]LogModuleManager: Shutting down and abandoning module HeadMountedDisplay (183)
[2018.09.09-18.58.13:125][181]LogModuleManager: Shutting down and abandoning module XAudio2 (181)
[2018.09.09-18.58.13:125][181]LogModuleManager: Shutting down and abandoning module Networking (179)
[2018.09.09-18.58.13:125][181]LogModuleManager: Shutting down and abandoning module Core (177)
[2018.09.09-18.58.13:125][181]LogModuleManager: Shutting down and abandoning module LevelSequence (175)
[2018.09.09-18.58.13:125][181]LogModuleManager: Shutting down and abandoning module KismetCompiler (173)
[2018.09.09-18.58.13:125][181]LogModuleManager: Shutting down and abandoning module MeshUtilities (171)
[2018.09.09-18.58.13:125][181]LogModuleManager: Shutting down and abandoning module MeshMergeUtilities (170)
[2018.09.09-18.58.13:125][181]LogModuleManager: Shutting down and abandoning module MeshReductionInterface (169)
[2018.09.09-18.58.13:125][181]LogModuleManager: Shutting down and abandoning module SimplygonSwarm (168)
[2018.09.09-18.58.13:125][181]LogModuleManager: Shutting down and abandoning module SimplygonMeshReduction (166)
[2018.09.09-18.58.13:125][181]LogModuleManager: Shutting down and abandoning module QuadricMeshReduction (164)
[2018.09.09-18.58.13:125][181]LogModuleManager: Shutting down and abandoning module MaterialBaking (160)
[2018.09.09-18.58.13:125][181]LogModuleManager: Shutting down and abandoning module DirectoryWatcher (156)
[2018.09.09-18.58.13:126][181]LogModuleManager: Shutting down and abandoning module DerivedDataCache (153)
[2018.09.09-18.58.13:572][181]LogDerivedDataCache: Shutdown
[2018.09.09-18.58.13:572][181]LogModuleManager: Shutting down and abandoning module XGEController (151)
[2018.09.09-18.58.13:572][181]LogXGEController: Cleaning working directory: C:/Users/Joe/AppData/Local/Temp/UnrealXGEWorkingDir/
[2018.09.09-18.58.13:572][181]LogModuleManager: Shutting down and abandoning module TargetPlatform (149)
[2018.09.09-18.58.13:572][181]LogModuleManager: Shutting down and abandoning module VulkanShaderFormat (148)
[2018.09.09-18.58.13:572][181]LogModuleManager: Shutting down and abandoning module ShaderFormatVectorVM (146)
[2018.09.09-18.58.13:573][181]LogModuleManager: Shutting down and abandoning module ShaderFormatOpenGL (144)
[2018.09.09-18.58.13:573][181]LogModuleManager: Shutting down and abandoning module ShaderFormatD3D (142)
[2018.09.09-18.58.13:573][181]LogModuleManager: Shutting down and abandoning module MetalShaderFormat (140)
[2018.09.09-18.58.13:573][181]LogModuleManager: Shutting down and abandoning module TextureFormatUncompressed (138)
[2018.09.09-18.58.13:573][181]LogModuleManager: Shutting down and abandoning module TextureFormatPVR (136)
[2018.09.09-18.58.13:573][181]LogModuleManager: Shutting down and abandoning module TextureFormatDXT (134)
[2018.09.09-18.58.13:573][181]LogModuleManager: Shutting down and abandoning module TextureFormatIntelISPCTexComp (132)
[2018.09.09-18.58.13:573][181]LogModuleManager: Shutting down and abandoning module TextureFormatASTC (130)
[2018.09.09-18.58.13:573][181]LogModuleManager: Shutting down and abandoning module ImageWrapper (129)
[2018.09.09-18.58.13:573][181]LogModuleManager: Shutting down and abandoning module TextureFormatAndroid (126)
[2018.09.09-18.58.13:573][181]LogModuleManager: Shutting down and abandoning module AudioFormatOpus (124)
[2018.09.09-18.58.13:573][181]LogModuleManager: Shutting down and abandoning module AudioFormatOgg (122)
[2018.09.09-18.58.13:573][181]LogModuleManager: Shutting down and abandoning module AudioFormatADPCM (120)
[2018.09.09-18.58.13:573][181]LogModuleManager: Shutting down and abandoning module LinuxTargetPlatform (118)
[2018.09.09-18.58.13:573][181]LogModuleManager: Shutting down and abandoning module LinuxServerTargetPlatform (116)
[2018.09.09-18.58.13:573][181]LogModuleManager: Shutting down and abandoning module LinuxNoEditorTargetPlatform (114)
[2018.09.09-18.58.13:573][181]LogModuleManager: Shutting down and abandoning module LinuxClientTargetPlatform (112)
[2018.09.09-18.58.13:573][181]LogModuleManager: Shutting down and abandoning module TVOSTargetPlatform (110)
[2018.09.09-18.58.13:573][181]LogModuleManager: Shutting down and abandoning module Messaging (108)
[2018.09.09-18.58.13:573][181]LogModuleManager: Shutting down and abandoning module IOSTargetPlatform (106)
[2018.09.09-18.58.13:573][181]LogModuleManager: Shutting down and abandoning module HTML5TargetPlatform (104)
[2018.09.09-18.58.13:573][181]LogModuleManager: Shutting down and abandoning module AndroidTargetPlatform (102)
[2018.09.09-18.58.13:573][181]LogModuleManager: Shutting down and abandoning module Android_PVRTCTargetPlatform (100)
[2018.09.09-18.58.13:573][181]LogModuleManager: Shutting down and abandoning module Android_MultiTargetPlatform (98)
[2018.09.09-18.58.13:574][181]LogModuleManager: Shutting down and abandoning module Android_ETC2TargetPlatform (96)
[2018.09.09-18.58.13:574][181]LogModuleManager: Shutting down and abandoning module Android_ETC1TargetPlatform (94)
[2018.09.09-18.58.13:574][181]LogModuleManager: Shutting down and abandoning module Android_ETC1aTargetPlatform (92)
[2018.09.09-18.58.13:574][181]LogModuleManager: Shutting down and abandoning module Android_DXTTargetPlatform (90)
[2018.09.09-18.58.13:574][181]LogModuleManager: Shutting down and abandoning module Android_ATCTargetPlatform (88)
[2018.09.09-18.58.13:574][181]LogModuleManager: Shutting down and abandoning module Android_ASTCTargetPlatform (86)
[2018.09.09-18.58.13:574][181]LogModuleManager: Shutting down and abandoning module WindowsTargetPlatform (84)
[2018.09.09-18.58.13:574][181]LogModuleManager: Shutting down and abandoning module WindowsServerTargetPlatform (82)
[2018.09.09-18.58.13:574][181]LogModuleManager: Shutting down and abandoning module WindowsNoEditorTargetPlatform (80)
[2018.09.09-18.58.13:574][181]LogModuleManager: Shutting down and abandoning module WindowsClientTargetPlatform (78)
[2018.09.09-18.58.13:574][181]LogModuleManager: Shutting down and abandoning module MacTargetPlatform (76)
[2018.09.09-18.58.13:574][181]LogModuleManager: Shutting down and abandoning module MacServerTargetPlatform (74)
[2018.09.09-18.58.13:574][181]LogModuleManager: Shutting down and abandoning module MacNoEditorTargetPlatform (72)
[2018.09.09-18.58.13:574][181]LogModuleManager: Shutting down and abandoning module MacClientTargetPlatform (70)
[2018.09.09-18.58.13:574][181]LogModuleManager: Shutting down and abandoning module AllDesktopTargetPlatform (68)
[2018.09.09-18.58.13:574][181]LogModuleManager: Shutting down and abandoning module InputCore (65)
[2018.09.09-18.58.13:574][181]LogModuleManager: Shutting down and abandoning module Settings (63)
[2018.09.09-18.58.13:574][181]LogModuleManager: Shutting down and abandoning module PhysXCooking (61)
[2018.09.09-18.58.13:574][181]LogModuleManager: Shutting down and abandoning module SteamVR (58)
[2018.09.09-18.58.13:575][181]LogModuleManager: Shutting down and abandoning module OculusHMD (56)
[2018.09.09-18.58.13:575][181]LogModuleManager: Shutting down and abandoning module OnlineBlueprintSupport (54)
[2018.09.09-18.58.13:575][181]LogModuleManager: Shutting down and abandoning module OnlineSubsystem (50)
[2018.09.09-18.58.13:575][181]LogOnline: Display: OSS: FOnlineSubsystemNull::Shutdown()
[2018.09.09-18.58.13:575][181]LogOnline: Display: OSS: FOnlineAsyncTaskManager::Stop() ActiveTask:0000000000000000 Tasks[0/0]
[2018.09.09-18.58.13:575][181]LogOnline: Display: OSS: FOnlineAsyncTaskManager::Exit() started
[2018.09.09-18.58.13:576][181]LogOnline: Display: OSS: FOnlineAsyncTaskManager::Exit() finished
[2018.09.09-18.58.13:576][181]LogModuleManager: Shutting down and abandoning module XMPP (43)
[2018.09.09-18.58.13:576][181]LogModuleManager: Shutting down and abandoning module HTTP (41)
[2018.09.09-18.58.13:576][181]LogHttp: Display: Http module shutting down, but needs to wait on 1 outstanding Http requests:
[2018.09.09-18.58.13:576][181]LogHttp: Display: 	verb=[POST] url=[https://datarouter.ol.epicgames.com/datarouter/api/v1/public/data?SessionID=%7B850A4592-4646-0750-78D7-A9A269D6C0F2%7D&AppID=UEEditor.Rocket.Release&AppVersion=4.19.2-4033788%2B%2B%2BUE4%2BRelease-4.19&UserID=f508e7534a02dd9ca3109aafdcb5f4fd%7C306c53d528b74223863a99035e76979a%7Ca5bf8f68-4c9d-43ae-8c4e-57f1f85bf672&AppEnvironment=datacollector-binary&UploadType=eteventstream] status=Processing
[2018.09.09-18.58.13:591][181]LogModuleManager: Shutting down and abandoning module SSL (40)
[2018.09.09-18.58.13:592][181]LogModuleManager: Shutting down and abandoning module AnimationModifiers (36)
[2018.09.09-18.58.13:592][181]LogModuleManager: Shutting down and abandoning module PropertyEditor (35)
[2018.09.09-18.58.13:592][181]LogModuleManager: Shutting down and abandoning module AudioEditor (32)
[2018.09.09-18.58.13:592][181]LogModuleManager: Shutting down and abandoning module TextureCompressor (30)
[2018.09.09-18.58.13:592][181]LogModuleManager: Shutting down and abandoning module ShaderCore (28)
[2018.09.09-18.58.13:592][181]LogModuleManager: Shutting down and abandoning module Landscape (26)
[2018.09.09-18.58.13:592][181]LogModuleManager: Shutting down and abandoning module SlateRHIRenderer (24)
[2018.09.09-18.58.13:593][181]LogModuleManager: Shutting down and abandoning module OpenGLDrv (22)
[2018.09.09-18.58.13:593][181]LogModuleManager: Shutting down and abandoning module D3D11RHI (20)
[2018.09.09-18.58.13:593][181]LogModuleManager: Shutting down and abandoning module AnimGraphRuntime (18)
[2018.09.09-18.58.13:593][181]LogModuleManager: Shutting down and abandoning module Renderer (16)
[2018.09.09-18.58.13:593][181]LogModuleManager: Shutting down and abandoning module Engine (14)
[2018.09.09-18.58.13:593][181]LogModuleManager: Shutting down and abandoning module CoreUObject (12)
[2018.09.09-18.58.13:593][181]LogModuleManager: Shutting down and abandoning module NetworkFile (10)
[2018.09.09-18.58.13:593][181]LogModuleManager: Shutting down and abandoning module CookedIterativeFile (8)
[2018.09.09-18.58.13:593][181]LogModuleManager: Shutting down and abandoning module StreamingFile (6)
[2018.09.09-18.58.13:593][181]LogModuleManager: Shutting down and abandoning module SandboxFile (4)
[2018.09.09-18.58.13:593][181]LogModuleManager: Shutting down and abandoning module PakFile (2)
[2018.09.09-18.58.13:597][181]LogExit: Exiting.
[2018.09.09-18.58.13:610][181]Log file closed, 09/09/18 13:58:13
