Log file open, 09/09/18 13:44:17
LogWindows: Failed to load 'aqProf.dll' (GetLastError=126)
LogWindows: File 'aqProf.dll' does not exist
LogWindows: Failed to load 'VtuneApi.dll' (GetLastError=126)
LogWindows: File 'VtuneApi.dll' does not exist
LogWindows: Failed to load 'VtuneApi32e.dll' (GetLastError=126)
LogWindows: File 'VtuneApi32e.dll' does not exist
LogInit: Display: Running engine for game: FPSPrototype
LogPlatformFile: Not using cached read wrapper
LogInit: Display: RandInit(1188561033) SRandInit(1188561033).
LogInit: Read version file with build ID '3944462'
LogInit: Overriding engine version to CL 4033788, compatible CL 3944462
LogInit: Registered custom module enumerator with build ID '3944462'
LogTaskGraph: Started task graph with 5 named threads and 23 total threads with 3 sets of task threads.
LogStats: Stats thread started at 0.262492
LogD3D11RHI: Aftermath initialized
LogICUInternationalization: Display: ICU TimeZone Detection - Raw Offset: -6:00, Platform Override: ''
LogModuleManager: Display: Found up-to-date module file ../../../Engine/Plugins/Runtime/ApexDestruction/Binaries/Win64/UE4Editor-ApexDestruction.dll (API version 3944462).
LogModuleManager: Display: Found up-to-date module file ../../../Engine/Plugins/Runtime/ApexDestruction/Binaries/Win64/UE4Editor-ApexDestructionEditor.dll (API version 3944462).
LogModuleManager: Display: Found up-to-date module file ../../../Engine/Plugins/Online/OnlineSubsystemSteam/Binaries/Win64/UE4Editor-OnlineSubsystemSteam.dll (API version 3944462).
LogModuleManager: Display: Found up-to-date module file ../../../Engine/Plugins/Online/OnlineSubsystem/Binaries/Win64/UE4Editor-OnlineSubsystem.dll (API version 3944462).
LogModuleManager: Display: Found up-to-date module file ../../../Engine/Plugins/Online/OnlineSubsystemUtils/Binaries/Win64/UE4Editor-OnlineSubsystemUtils.dll (API version 3944462).
LogModuleManager: Display: Found up-to-date module file ../../../Engine/Plugins/Online/OnlineSubsystemUtils/Binaries/Win64/UE4Editor-OnlineBlueprintSupport.dll (API version 3944462).
LogModuleManager: Display: Found up-to-date module file ../../../Engine/Plugins/Blendables/LightPropagationVolume/Binaries/Win64/UE4Editor-LightPropagationVolumeRuntime.dll (API version 3944462).
LogModuleManager: Display: Found up-to-date module file ../../../Engine/Plugins/Blendables/LightPropagationVolume/Binaries/Win64/UE4Editor-LightPropagationVolumeEditor.dll (API version 3944462).
LogModuleManager: Display: Found up-to-date module file ../../../Engine/Plugins/Developer/CLionSourceCodeAccess/Binaries/Win64/UE4Editor-CLionSourceCodeAccess.dll (API version 3944462).
LogModuleManager: Display: Found up-to-date module file ../../../Engine/Plugins/Developer/GitSourceControl/Binaries/Win64/UE4Editor-GitSourceControl.dll (API version 3944462).
LogModuleManager: Display: Found up-to-date module file ../../../Engine/Plugins/Developer/PerforceSourceControl/Binaries/Win64/UE4Editor-PerforceSourceControl.dll (API version 3944462).
LogModuleManager: Display: Found up-to-date module file ../../../Engine/Plugins/Developer/SubversionSourceControl/Binaries/Win64/UE4Editor-SubversionSourceControl.dll (API version 3944462).
LogModuleManager: Display: Found up-to-date module file ../../../Engine/Plugins/Developer/VisualStudioCodeSourceCodeAccess/Binaries/Win64/UE4Editor-VisualStudioCodeSourceCodeAccess.dll (API version 3944462).
LogModuleManager: Display: Found up-to-date module file ../../../Engine/Plugins/Developer/VisualStudioSourceCodeAccess/Binaries/Win64/UE4Editor-VisualStudioSourceCodeAccess.dll (API version 3944462).
LogModuleManager: Display: Found up-to-date module file ../../../Engine/Plugins/Editor/AssetManagerEditor/Binaries/Win64/UE4Editor-AssetManagerEditor.dll (API version 3944462).
LogModuleManager: Display: Found up-to-date module file ../../../Engine/Plugins/Editor/DataValidation/Binaries/Win64/UE4Editor-DataValidation.dll (API version 3944462).
LogModuleManager: Display: Found up-to-date module file ../../../Engine/Plugins/Editor/FacialAnimation/Binaries/Win64/UE4Editor-FacialAnimation.dll (API version 3944462).
LogModuleManager: Display: Found up-to-date module file ../../../Engine/Plugins/Editor/FacialAnimation/Binaries/Win64/UE4Editor-FacialAnimationEditor.dll (API version 3944462).
LogModuleManager: Display: Found up-to-date module file ../../../Engine/Plugins/Editor/GameplayTagsEditor/Binaries/Win64/UE4Editor-GameplayTagsEditor.dll (API version 3944462).
LogModuleManager: Display: Found up-to-date module file ../../../Engine/Plugins/Editor/MobileLauncherProfileWizard/Binaries/Win64/UE4Editor-MobileLauncherProfileWizard.dll (API version 3944462).
LogModuleManager: Display: Found up-to-date module file ../../../Engine/Plugins/Editor/PluginBrowser/Binaries/Win64/UE4Editor-PluginBrowser.dll (API version 3944462).
LogModuleManager: Display: Found up-to-date module file ../../../Engine/Plugins/Editor/SpeedTreeImporter/Binaries/Win64/UE4Editor-SpeedTreeImporter.dll (API version 3944462).
LogModuleManager: Display: Found up-to-date module file ../../../Engine/Plugins/Enterprise/DatasmithContent/Binaries/Win64/UE4Editor-DatasmithContent.dll (API version 3944462).
LogModuleManager: Display: Found up-to-date module file ../../../Engine/Plugins/Experimental/AlembicImporter/Binaries/Win64/UE4Editor-AlembicImporter.dll (API version 3944462).
LogModuleManager: Display: Found up-to-date module file ../../../Engine/Plugins/Experimental/AlembicImporter/Binaries/Win64/UE4Editor-AlembicLibrary.dll (API version 3944462).
LogModuleManager: Display: Found up-to-date module file ../../../Engine/Plugins/Experimental/CharacterAI/Binaries/Win64/UE4Editor-CharacterAI.dll (API version 3944462).
LogModuleManager: Display: Found up-to-date module file ../../../Engine/Plugins/Experimental/HTML5Networking/Binaries/Win64/UE4Editor-HTML5Networking.dll (API version 3944462).
LogModuleManager: Display: Found up-to-date module file ../../../Engine/Plugins/Media/AndroidMedia/Binaries/Win64/UE4Editor-AndroidMediaEditor.dll (API version 3944462).
LogModuleManager: Display: Found up-to-date module file ../../../Engine/Plugins/Media/AndroidMedia/Binaries/Win64/UE4Editor-AndroidMediaFactory.dll (API version 3944462).
LogModuleManager: Display: Found up-to-date module file ../../../Engine/Plugins/Media/AvfMedia/Binaries/Win64/UE4Editor-AvfMediaEditor.dll (API version 3944462).
LogModuleManager: Display: Found up-to-date module file ../../../Engine/Plugins/Media/AvfMedia/Binaries/Win64/UE4Editor-AvfMediaFactory.dll (API version 3944462).
LogModuleManager: Display: Found up-to-date module file ../../../Engine/Plugins/Media/AvfMedia/Binaries/Win64/UE4Editor-AvfMediaFactory.dll (API version 3944462).
LogModuleManager: Display: Found up-to-date module file ../../../Engine/Plugins/Media/ImgMedia/Binaries/Win64/UE4Editor-ImgMedia.dll (API version 3944462).
LogModuleManager: Display: Found up-to-date module file ../../../Engine/Plugins/Media/ImgMedia/Binaries/Win64/UE4Editor-ImgMediaEditor.dll (API version 3944462).
LogModuleManager: Display: Found up-to-date module file ../../../Engine/Plugins/Media/ImgMedia/Binaries/Win64/UE4Editor-ImgMediaFactory.dll (API version 3944462).
LogModuleManager: Display: Found up-to-date module file ../../../Engine/Plugins/Media/ImgMedia/Binaries/Win64/UE4Editor-ImgMediaFactory.dll (API version 3944462).
LogModuleManager: Display: Found up-to-date module file ../../../Engine/Plugins/Media/ImgMedia/Binaries/Win64/UE4Editor-OpenExrWrapper.dll (API version 3944462).
LogModuleManager: Display: Found up-to-date module file ../../../Engine/Plugins/Media/LinearTimecode/Binaries/Win64/UE4Editor-LinearTimecode.dll (API version 3944462).
LogModuleManager: Display: Found up-to-date module file ../../../Engine/Plugins/Media/MediaCompositing/Binaries/Win64/UE4Editor-MediaCompositing.dll (API version 3944462).
LogModuleManager: Display: Found up-to-date module file ../../../Engine/Plugins/Media/MediaCompositing/Binaries/Win64/UE4Editor-MediaCompositingEditor.dll (API version 3944462).
LogModuleManager: Display: Found up-to-date module file ../../../Engine/Plugins/Media/MediaPlayerEditor/Binaries/Win64/UE4Editor-MediaPlayerEditor.dll (API version 3944462).
LogModuleManager: Display: Found up-to-date module file ../../../Engine/Plugins/Media/WmfMedia/Binaries/Win64/UE4Editor-WmfMedia.dll (API version 3944462).
LogModuleManager: Display: Found up-to-date module file ../../../Engine/Plugins/Media/WmfMedia/Binaries/Win64/UE4Editor-WmfMediaEditor.dll (API version 3944462).
LogModuleManager: Display: Found up-to-date module file ../../../Engine/Plugins/Media/WmfMedia/Binaries/Win64/UE4Editor-WmfMediaFactory.dll (API version 3944462).
LogModuleManager: Display: Found up-to-date module file ../../../Engine/Plugins/Media/WmfMedia/Binaries/Win64/UE4Editor-WmfMediaFactory.dll (API version 3944462).
LogModuleManager: Display: Found up-to-date module file ../../../Engine/Plugins/Messaging/TcpMessaging/Binaries/Win64/UE4Editor-TcpMessaging.dll (API version 3944462).
LogModuleManager: Display: Found up-to-date module file ../../../Engine/Plugins/Messaging/UdpMessaging/Binaries/Win64/UE4Editor-UdpMessaging.dll (API version 3944462).
LogModuleManager: Display: Found up-to-date module file ../../../Engine/Plugins/MovieScene/ActorSequence/Binaries/Win64/UE4Editor-ActorSequence.dll (API version 3944462).
LogModuleManager: Display: Found up-to-date module file ../../../Engine/Plugins/MovieScene/LevelSequenceEditor/Binaries/Win64/UE4Editor-LevelSequenceEditor.dll (API version 3944462).
LogModuleManager: Display: Found up-to-date module file ../../../Engine/Plugins/MovieScene/MatineeToLevelSequence/Binaries/Win64/UE4Editor-MatineeToLevelSequence.dll (API version 3944462).
LogModuleManager: Display: Found up-to-date module file ../../../Engine/Plugins/NetcodeUnitTest/NetcodeUnitTest/Binaries/Win64/UE4Editor-NetcodeUnitTest.dll (API version 3944462).
LogModuleManager: Display: Found up-to-date module file ../../../Engine/Plugins/NetcodeUnitTest/NUTUnrealEngine4/Binaries/Win64/UE4Editor-NUTUnrealEngine4.dll (API version 3944462).
LogModuleManager: Display: Found up-to-date module file ../../../Engine/Plugins/Online/OnlineSubsystemNull/Binaries/Win64/UE4Editor-OnlineSubsystemNull.dll (API version 3944462).
LogModuleManager: Display: Found up-to-date module file ../../../Engine/Plugins/Runtime/ArchVisCharacter/Binaries/Win64/UE4Editor-ArchVisCharacter.dll (API version 3944462).
LogModuleManager: Display: Found up-to-date module file ../../../Engine/Plugins/Runtime/AudioCapture/Binaries/Win64/UE4Editor-AudioCapture.dll (API version 3944462).
LogModuleManager: Display: Found up-to-date module file ../../../Engine/Plugins/Runtime/AudioCapture/Binaries/Win64/UE4Editor-AudioCaptureEditor.dll (API version 3944462).
LogModuleManager: Display: Found up-to-date module file ../../../Engine/Plugins/Runtime/CableComponent/Binaries/Win64/UE4Editor-CableComponent.dll (API version 3944462).
LogModuleManager: Display: Found up-to-date module file ../../../Engine/Plugins/Runtime/CustomMeshComponent/Binaries/Win64/UE4Editor-CustomMeshComponent.dll (API version 3944462).
LogModuleManager: Display: Found up-to-date module file ../../../Engine/Plugins/Runtime/ImmediatePhysics/Binaries/Win64/UE4Editor-ImmediatePhysics.dll (API version 3944462).
LogModuleManager: Display: Found up-to-date module file ../../../Engine/Plugins/Runtime/ImmediatePhysics/Binaries/Win64/UE4Editor-ImmediatePhysicsEditor.dll (API version 3944462).
LogModuleManager: Display: Found up-to-date module file ../../../Engine/Plugins/Runtime/LocationServicesBPLibrary/Binaries/Win64/UE4Editor-LocationServicesBPLibrary.dll (API version 3944462).
LogModuleManager: Display: Found up-to-date module file ../../../Engine/Plugins/Runtime/Oculus/OculusVR/Binaries/Win64/UE4Editor-OculusHMD.dll (API version 3944462).
LogModuleManager: Display: Found up-to-date module file ../../../Engine/Plugins/Runtime/Oculus/OculusVR/Binaries/Win64/UE4Editor-OculusInput.dll (API version 3944462).
LogModuleManager: Display: Found up-to-date module file ../../../Engine/Plugins/Runtime/Oculus/OculusVR/Binaries/Win64/UE4Editor-OculusEditor.dll (API version 3944462).
LogModuleManager: Display: Found up-to-date module file ../../../Engine/Plugins/Runtime/PhysXVehicles/Binaries/Win64/UE4Editor-PhysXVehicles.dll (API version 3944462).
LogModuleManager: Display: Found up-to-date module file ../../../Engine/Plugins/Runtime/PhysXVehicles/Binaries/Win64/UE4Editor-PhysXVehiclesEditor.dll (API version 3944462).
LogModuleManager: Display: Found up-to-date module file ../../../Engine/Plugins/Runtime/ProceduralMeshComponent/Binaries/Win64/UE4Editor-ProceduralMeshComponent.dll (API version 3944462).
LogModuleManager: Display: Found up-to-date module file ../../../Engine/Plugins/Runtime/ProceduralMeshComponent/Binaries/Win64/UE4Editor-ProceduralMeshComponentEditor.dll (API version 3944462).
LogModuleManager: Display: Found up-to-date module file ../../../Engine/Plugins/Runtime/RuntimePhysXCooking/Binaries/Win64/UE4Editor-RuntimePhysXCooking.dll (API version 3944462).
LogModuleManager: Display: Found up-to-date module file ../../../Engine/Plugins/Runtime/Steam/SteamVR/Binaries/Win64/UE4Editor-SteamVR.dll (API version 3944462).
LogModuleManager: Display: Found up-to-date module file ../../../Engine/Plugins/Runtime/Steam/SteamVR/Binaries/Win64/UE4Editor-SteamVRController.dll (API version 3944462).
LogModuleManager: Display: Found up-to-date module file ../../../Engine/Plugins/Runtime/WindowsMoviePlayer/Binaries/Win64/UE4Editor-WindowsMoviePlayer.dll (API version 3944462).
LogPluginManager: Mounting plugin LightPropagationVolume
LogPluginManager: Mounting plugin CLionSourceCodeAccess
LogPluginManager: Mounting plugin CodeLiteSourceCodeAccess
LogPluginManager: Mounting plugin GitSourceControl
LogPluginManager: Mounting plugin KDevelopSourceCodeAccess
LogPluginManager: Mounting plugin NullSourceCodeAccess
LogPluginManager: Mounting plugin PerforceSourceControl
LogPluginManager: Mounting plugin SubversionSourceControl
LogPluginManager: Mounting plugin VisualStudioCodeSourceCodeAccess
LogPluginManager: Mounting plugin VisualStudioSourceCodeAccess
LogPluginManager: Mounting plugin XCodeSourceCodeAccess
LogPluginManager: Mounting plugin AssetManagerEditor
LogPluginManager: Mounting plugin DataValidation
LogPluginManager: Mounting plugin FacialAnimation
LogPluginManager: Mounting plugin GameplayTagsEditor
LogPluginManager: Mounting plugin MobileLauncherProfileWizard
LogPluginManager: Mounting plugin PluginBrowser
LogPluginManager: Mounting plugin SpeedTreeImporter
LogPluginManager: Mounting plugin DatasmithContent
LogPluginManager: Mounting plugin AlembicImporter
LogPluginManager: Mounting plugin CharacterAI
LogPluginManager: Mounting plugin HTML5Networking
LogPluginManager: Mounting plugin AndroidMedia
LogPluginManager: Mounting plugin AvfMedia
LogPluginManager: Mounting plugin ImgMedia
LogPluginManager: Mounting plugin LinearTimecode
LogPluginManager: Mounting plugin MediaCompositing
LogPluginManager: Mounting plugin MediaPlayerEditor
LogPluginManager: Mounting plugin WmfMedia
LogPluginManager: Mounting plugin TcpMessaging
LogPluginManager: Mounting plugin UdpMessaging
LogPluginManager: Mounting plugin ActorSequence
LogPluginManager: Mounting plugin LevelSequenceEditor
LogPluginManager: Mounting plugin MatineeToLevelSequence
LogPluginManager: Mounting plugin NetcodeUnitTest
LogPluginManager: Mounting plugin NUTUnrealEngine4
LogPluginManager: Mounting plugin OnlineSubsystemIOS
LogPluginManager: Mounting plugin OnlineSubsystem
LogPluginManager: Mounting plugin OnlineSubsystemNull
LogPluginManager: Mounting plugin OnlineSubsystemSteam
LogPluginManager: Mounting plugin OnlineSubsystemUtils
LogPluginManager: Mounting plugin ApexDestruction
LogPluginManager: Mounting plugin ArchVisCharacter
LogPluginManager: Mounting plugin AudioCapture
LogPluginManager: Mounting plugin CableComponent
LogPluginManager: Mounting plugin CustomMeshComponent
LogPluginManager: Mounting plugin ImmediatePhysics
LogPluginManager: Mounting plugin LocationServicesBPLibrary
LogPluginManager: Mounting plugin OculusVR
LogPluginManager: Plugin shader directory ../../../Engine/Plugins/Runtime/Oculus/OculusVR/Shaders found
LogPluginManager: Mapping shader source directory ../../../Engine/Plugins/Runtime/Oculus/OculusVR/Shaders to virtual directory /Plugin/OculusVR
LogPluginManager: Mounting plugin PhysXVehicles
LogPluginManager: Mounting plugin ProceduralMeshComponent
LogPluginManager: Mounting plugin RuntimePhysXCooking
LogPluginManager: Mounting plugin SteamVR
LogPluginManager: Mounting plugin WindowsMoviePlayer
LogStreaming: Display: Took  0.662s to configure plugins.
LogInit: Using libcurl 7.47.1
LogInit:  - built for x86_64-pc-win32
LogInit:  - supports SSL with OpenSSL/1.0.2g
LogInit:  - supports HTTP deflate (compression) using libz 1.2.8
LogInit:  - other features:
LogInit:      CURL_VERSION_SSL
LogInit:      CURL_VERSION_LIBZ
LogInit:      CURL_VERSION_IPV6
LogInit:      CURL_VERSION_ASYNCHDNS
LogInit:      CURL_VERSION_LARGEFILE
LogInit:      CURL_VERSION_IDN
LogInit:  CurlRequestOptions (configurable via config and command line):
LogInit:  - bVerifyPeer = false  - Libcurl will NOT verify peer certificate
LogInit:  - bUseHttpProxy = false  - Libcurl will NOT use HTTP proxy
LogInit:  - bDontReuseConnections = false  - Libcurl will reuse connections
LogInit:  - CertBundlePath = nullptr  - Libcurl will use whatever was configured at build time.
LogInit:  - MaxHostConnections = 16  - Libcurl will limit the number of connections to a host
LogInit:  - LocalHostAddr = Default
LogOnline: Display: STEAM: Loading Steam SDK 1.39
LogOnline: Warning: STEAM: Steam API disabled!
LogOnline: Display: STEAM: OnlineSubsystemSteam::Shutdown()
LogInit: WinSock: version 1.1 (2.2), MaxSocks=32767, MaxUdp=65467
LogInit: Build: ++UE4+Release-4.19-CL-4033788
LogInit: Engine Version: 4.19.2-4033788+++UE4+Release-4.19
LogInit: Compatible Engine Version: 4.19.0-3944462+++UE4+Release-4.19
LogInit: Net CL: 3944462
LogDevObjectVersion: Number of dev versions registered: 18
LogDevObjectVersion:   Dev-Blueprints (B0D832E4-1F89-4F0D-ACCF-7EB736FD4AA2): 10
LogDevObjectVersion:   Dev-Build (E1C64328-A22C-4D53-A36C-8E866417BD8C): 0
LogDevObjectVersion:   Dev-Core (375EC13C-06E4-48FB-B500-84F0262A717E): 2
LogDevObjectVersion:   Dev-Editor (E4B068ED-F494-42E9-A231-DA0B2E46BB41): 23
LogDevObjectVersion:   Dev-Framework (CFFC743F-43B0-4480-9391-14DF171D2073): 33
LogDevObjectVersion:   Dev-Mobile (B02B49B5-BB20-44E9-A304-32B752E40360): 2
LogDevObjectVersion:   Dev-Networking (A4E4105C-59A1-49B5-A7C5-40C4547EDFEE): 0
LogDevObjectVersion:   Dev-Online (39C831C9-5AE6-47DC-9A44-9C173E1C8E7C): 0
LogDevObjectVersion:   Dev-Physics (78F01B33-EBEA-4F98-B9B4-84EACCB95AA2): 0
LogDevObjectVersion:   Dev-Platform (6631380F-2D4D-43E0-8009-CF276956A95A): 0
LogDevObjectVersion:   Dev-Rendering (12F88B9F-8875-4AFC-A67C-D90C383ABD29): 25
LogDevObjectVersion:   Dev-Sequencer (7B5AE74C-D270-4C10-A958-57980B212A5A): 6
LogDevObjectVersion:   Dev-VR (D7296918-1DD6-4BDD-9DE2-64A83CC13884): 1
LogDevObjectVersion:   Dev-LoadTimes (C2A15278-BFE7-4AFE-6C17-90FF531DF755): 1
LogDevObjectVersion:   Private-Geometry (6EACA3D4-40EC-4CC1-B786-8BED09428FC5): 2
LogDevObjectVersion:   Dev-AnimPhys (29E575DD-E0A3-4627-9D10-D276232CDCEA): 16
LogDevObjectVersion:   Dev-ReflectionCapture (6B266CEC-1EC7-4B8F-A30B-E4D90942FC07): 1
LogDevObjectVersion:   Dev-Automation (0DF73D61-A23F-47EA-B727-89E90C41499A): 1
LogInit: Compiled (64-bit): Apr 27 2018 02:06:57
LogInit: Compiled with Visual C++: 19.00.24215.01
LogInit: Build Configuration: Development
LogInit: Branch Name: ++UE4+Release-4.19
LogInit: Command Line:  
LogInit: Base Directory: C:/Program Files/UE_4.19/Engine/Binaries/Win64/
LogInit: Installed Engine Build: 1
LogStreaming: Display: Took  0.004s to delete old logs.
LogInit: Presizing for max 8388607 objects, including 0 objects not considered by GC, pre-allocating 0 bytes for permanent pool.
LogInit: Object subsystem initialized
[2018.09.09-18.44.18:602][  0]LogModuleManager: Warning: No filename provided for module ExampleDeviceProfileSelector
[2018.09.09-18.44.18:602][  0]LogModuleManager: Warning: ModuleManager: Unable to load module 'ExampleDeviceProfileSelector' because the file 'C:/Program Files/UE_4.19/Engine/Binaries/Win64/' was not found.
[2018.09.09-18.44.18:602][  0]LogInit: Applying CVar settings loaded from the selected device profile: [Windows]
[2018.09.09-18.44.18:609][  0]LogInit: Computer: DESKTOP-OKQS3QU
[2018.09.09-18.44.18:609][  0]LogInit: User: Joe
[2018.09.09-18.44.18:609][  0]LogInit: CPU Page size=4096, Cores=4
[2018.09.09-18.44.18:609][  0]LogInit: High frequency timer resolution =4.101572 MHz
[2018.09.09-18.44.18:610][  0]LogMemory: Memory total: Physical=8.0GB (8GB approx)
[2018.09.09-18.44.18:610][  0]LogMemory: Platform Memory Stats for Windows
[2018.09.09-18.44.18:610][  0]LogMemory: Process Physical Memory: 275.36 MB used, 275.36 MB peak
[2018.09.09-18.44.18:610][  0]LogMemory: Process Virtual Memory: 272.98 MB used, 272.98 MB peak
[2018.09.09-18.44.18:610][  0]LogMemory: Physical Memory: 5210.46 MB used,  2941.31 MB free, 8151.77 MB total
[2018.09.09-18.44.18:610][  0]LogMemory: Virtual Memory: 4803.51 MB used,  2941.31 MB free, 134217728.00 MB total
[2018.09.09-18.44.18:640][  0]LogInit: Using OS detected language (en-US).
[2018.09.09-18.44.18:640][  0]LogInit: Using OS detected locale (en-US).
[2018.09.09-18.44.18:642][  0]LogTextLocalizationManager: No specific localization for 'en-US' exists, so the 'en' localization will be used.
[2018.09.09-18.44.18:993][  0]LogStreaming: Display: Took  0.354s to EndInitTextLocalization.
[2018.09.09-18.44.18:994][  0]LogInit: Setting process to per monitor DPI aware
[2018.09.09-18.44.19:030][  0]LogSlate: New Slate User Created.  User Index 0, Is Virtual User: 0
[2018.09.09-18.44.19:030][  0]LogSlate: Slate User Registered.  User Index 0, Is Virtual User: 0
[2018.09.09-18.44.19:159][  0]LogD3D11RHI: D3D11 adapters:
[2018.09.09-18.44.19:201][  0]LogD3D11RHI:    0. 'NVIDIA GeForce GTX 1050' (Feature Level 11_0)
[2018.09.09-18.44.19:201][  0]LogD3D11RHI:       1977/0/4075 MB DedicatedVideo/DedicatedSystem/SharedSystem, Outputs:2, VendorId:0x10de
[2018.09.09-18.44.19:203][  0]LogD3D11RHI:    1. 'Microsoft Basic Render Driver' (Feature Level 11_0)
[2018.09.09-18.44.19:203][  0]LogD3D11RHI:       0/0/4075 MB DedicatedVideo/DedicatedSystem/SharedSystem, Outputs:0, VendorId:0x1414
[2018.09.09-18.44.19:203][  0]LogD3D11RHI: Chosen D3D11 Adapter: 0
[2018.09.09-18.44.19:209][  0]LogD3D11RHI: Creating new Direct3DDevice
[2018.09.09-18.44.19:209][  0]LogD3D11RHI:     GPU DeviceId: 0x1c81 (for the marketing name, search the web for "GPU Device Id")
[2018.09.09-18.44.19:209][  0]LogWindows: EnumDisplayDevices:
[2018.09.09-18.44.19:209][  0]LogWindows:    0. 'NVIDIA GeForce GTX 1050' (P:1 D:1)
[2018.09.09-18.44.19:209][  0]LogWindows:    1. 'NVIDIA GeForce GTX 1050' (P:0 D:1)
[2018.09.09-18.44.19:209][  0]LogWindows:    2. 'NVIDIA GeForce GTX 1050' (P:0 D:0)
[2018.09.09-18.44.19:209][  0]LogWindows:    3. 'NVIDIA GeForce GTX 1050' (P:0 D:0)
[2018.09.09-18.44.19:209][  0]LogWindows: DebugString: GetVideoDriverDetailsInvalid PrimaryIsNotTheChoosenAdapter GetVideoDriverDetailsInvalid PrimaryIsNotTheChoosenAdapter GetVideoDriverDetailsInvalid PrimaryIsNotTheChoosenAdapter GetVideoDriverDetailsInvalid PrimaryIsNotTheChoosenAdapter FoundDriverCount:0 
[2018.09.09-18.44.19:209][  0]LogD3D11RHI:     Adapter Name: NVIDIA GeForce GTX 1050
[2018.09.09-18.44.19:209][  0]LogD3D11RHI:   Driver Version: Unknown (internal:Unknown, unified:Unknown)
[2018.09.09-18.44.19:209][  0]LogD3D11RHI:      Driver Date: Unknown
[2018.09.09-18.44.19:209][  0]LogRHI: Texture pool is 1384 MB (70% of 1977 MB)
[2018.09.09-18.44.19:239][  0]LogD3D11RHI: [Aftermath] Aftermath enabled and primed
[2018.09.09-18.44.19:239][  0]LogD3D11RHI: [Aftermath] Aftermath enabled and primed
[2018.09.09-18.44.19:239][  0]LogD3D11RHI: Async texture creation enabled
[2018.09.09-18.44.19:256][  0]LogD3D11RHI: GPU Timing Frequency: 1000.000000 (Debug: 2 2)
[2018.09.09-18.44.19:350][  0]LogShaderCompilers: Guid format shader working directory is -14 characters bigger than the processId version (../../../../../Users/Joe/Desktop/Github/gamefps/fps-proto/Intermediate/Shaders/WorkingDirectory/28216/).
[2018.09.09-18.44.19:350][  0]LogShaderCompilers: Cleaned the shader compiler working directory 'C:/Users/Joe/AppData/Local/Temp/UnrealShaderWorkingDir/2937548644E65AE52B8F55B176500F42/'.
[2018.09.09-18.44.19:636][  0]LogTemp: Display: Loaded TP AllDesktopTargetPlatform
[2018.09.09-18.44.19:647][  0]LogTemp: Display: Loaded TP MacClientTargetPlatform
[2018.09.09-18.44.19:658][  0]LogTemp: Display: Loaded TP MacNoEditorTargetPlatform
[2018.09.09-18.44.19:670][  0]LogTemp: Display: Loaded TP MacServerTargetPlatform
[2018.09.09-18.44.19:682][  0]LogTemp: Display: Loaded TP MacTargetPlatform
[2018.09.09-18.44.19:695][  0]LogTemp: Display: Loaded TP WindowsClientTargetPlatform
[2018.09.09-18.44.19:706][  0]LogTemp: Display: Loaded TP WindowsNoEditorTargetPlatform
[2018.09.09-18.44.19:717][  0]LogTemp: Display: Loaded TP WindowsServerTargetPlatform
[2018.09.09-18.44.19:724][  0]LogTemp: Display: Loaded TP WindowsTargetPlatform
[2018.09.09-18.44.19:736][  0]LogTemp: Display: Loaded TP Android_ASTCTargetPlatform
[2018.09.09-18.44.19:746][  0]LogTemp: Display: Loaded TP Android_ATCTargetPlatform
[2018.09.09-18.44.19:756][  0]LogTemp: Display: Loaded TP Android_DXTTargetPlatform
[2018.09.09-18.44.19:768][  0]LogTemp: Display: Loaded TP Android_ETC1aTargetPlatform
[2018.09.09-18.44.19:778][  0]LogTemp: Display: Loaded TP Android_ETC1TargetPlatform
[2018.09.09-18.44.19:788][  0]LogTemp: Display: Loaded TP Android_ETC2TargetPlatform
[2018.09.09-18.44.19:807][  0]LogTemp: Display: Loaded TP Android_MultiTargetPlatform
[2018.09.09-18.44.19:807][  0]LogTemp: Display: Loaded TP Android_PVRTCTargetPlatform
[2018.09.09-18.44.19:817][  0]LogTemp: Display: Loaded TP AndroidTargetPlatform
[2018.09.09-18.44.19:819][  0]LogTemp: Display: Loaded TP HTML5TargetPlatform
[2018.09.09-18.44.19:858][  0]LogTemp: Display: Loaded TP IOSTargetPlatform
[2018.09.09-18.44.19:869][  0]LogTemp: Display: Loaded TP TVOSTargetPlatform
[2018.09.09-18.44.19:879][  0]LogTemp: Display: Loaded TP LinuxClientTargetPlatform
[2018.09.09-18.44.19:889][  0]LogTemp: Display: Loaded TP LinuxNoEditorTargetPlatform
[2018.09.09-18.44.19:901][  0]LogTemp: Display: Loaded TP LinuxServerTargetPlatform
[2018.09.09-18.44.19:912][  0]LogTemp: Display: Loaded TP LinuxTargetPlatform
[2018.09.09-18.44.19:912][  0]LogTargetPlatformManager: Display: Building Assets For Windows
[2018.09.09-18.44.20:021][  0]LogXGEController: Cannot use XGE Controller as Incredibuild is not installed on this machine.
[2018.09.09-18.44.20:021][  0]LogShaderCompilers: Cannot use XGE Shader Compiler as Incredibuild is not installed on this machine.
[2018.09.09-18.44.20:021][  0]LogShaderCompilers: Display: Using Local Shader Compiler.
[2018.09.09-18.44.20:526][  0]LogDerivedDataCache: Display: Max Cache Size: 512 MB
[2018.09.09-18.44.20:584][  0]LogDerivedDataCache: Loaded boot cache 0.06s 75MB C:/Users/Joe/AppData/Local/UnrealEngine/4.19/DerivedDataCache/Boot.ddc.
[2018.09.09-18.44.20:584][  0]LogDerivedDataCache: Display: Loaded Boot cache: C:/Users/Joe/AppData/Local/UnrealEngine/4.19/DerivedDataCache/Boot.ddc
[2018.09.09-18.44.20:584][  0]LogDerivedDataCache: FDerivedDataBackendGraph:  Pak pak cache file ../../../../../Users/Joe/Desktop/Github/gamefps/fps-proto/DerivedDataCache/DDC.ddp not found, will not use a pak cache.
[2018.09.09-18.44.20:584][  0]LogDerivedDataCache: Unable to find inner node Pak for hierarchical cache Hierarchy.
[2018.09.09-18.44.20:584][  0]LogDerivedDataCache: FDerivedDataBackendGraph:  CompressedPak pak cache file ../../../../../Users/Joe/Desktop/Github/gamefps/fps-proto/DerivedDataCache/Compressed.ddp not found, will not use a pak cache.
[2018.09.09-18.44.20:584][  0]LogDerivedDataCache: Unable to find inner node CompressedPak for hierarchical cache Hierarchy.
[2018.09.09-18.44.20:596][  0]LogDerivedDataCache: Display: Pak cache opened for reading ../../../Engine/DerivedDataCache/Compressed.ddp.
[2018.09.09-18.44.20:609][  0]LogDerivedDataCache: Using Local data cache path C:/Users/Joe/AppData/Local/UnrealEngine/Common/DerivedDataCache: Writable
[2018.09.09-18.44.20:609][  0]LogDerivedDataCache: Shared data cache path not found in *engine.ini, will not use an Shared cache.
[2018.09.09-18.44.20:609][  0]LogDerivedDataCache: Unable to find inner node Shared for hierarchical cache Hierarchy.
[2018.09.09-18.44.20:618][  0]LogMaterial: Verifying Global Shaders for PCD3D_SM5
[2018.09.09-18.44.20:618][  0]LogSlate: Using Freetype 2.6.0
[2018.09.09-18.44.20:618][  0]LogSlate: SlateFontCache - WITH_FREETYPE: 1, WITH_HARFBUZZ: 1
[2018.09.09-18.44.20:618][  0]LogSlate: SlateFontCache - WITH_FREETYPE: 1, WITH_HARFBUZZ: 1
[2018.09.09-18.44.20:708][  0]LogAssetRegistry: FAssetRegistry took 0.0250 seconds to start up
[2018.09.09-18.44.20:933][  0]LogModuleManager: Warning: No filename provided for module ExampleDeviceProfileSelector
[2018.09.09-18.44.20:933][  0]LogModuleManager: Warning: ModuleManager: Unable to load module 'ExampleDeviceProfileSelector' because the file 'C:/Program Files/UE_4.19/Engine/Binaries/Win64/' was not found.
[2018.09.09-18.44.21:057][  0]LogSimplygon: Simplygon DLL not present - disabling.
[2018.09.09-18.44.21:061][  0]LogMeshReduction: Using SimplygonSwarm for distributed automatic mesh merging
[2018.09.09-18.44.21:061][  0]LogMeshReduction: Using QuadricMeshReduction for automatic static mesh reduction
[2018.09.09-18.44.21:061][  0]LogMeshReduction: No automatic skeletal mesh reduction module available
[2018.09.09-18.44.21:061][  0]LogMeshReduction: No automatic mesh merging module available
[2018.09.09-18.44.21:061][  0]LogMeshMerging: No automatic mesh merging module available
[2018.09.09-18.44.21:089][  0]LogNetVersion: FPSPrototype , NetCL: 3944462, EngineNetVer: 2, GameNetVer: 0 (Checksum: 1221512049)
[2018.09.09-18.44.21:465][  0]LogPackageLocalizationCache: Processed 6 localized package path(s) for 2 prioritized culture(s) in 0.047042 seconds
[2018.09.09-18.44.21:469][  0]LogUObjectArray: 36343 objects as part of root set at end of initial load.
[2018.09.09-18.44.21:469][  0]LogUObjectAllocator: 7451112 out of 0 bytes used by permanent object pool.
[2018.09.09-18.44.21:469][  0]LogUObjectArray: CloseDisregardForGC: 0/0 objects in disregard for GC pool
[2018.09.09-18.44.22:813][  0]LogTcpMessaging: Initializing TcpMessaging bridge
[2018.09.09-18.44.22:839][  0]LogUdpMessaging: Initializing bridge on interface 0.0.0.0:0 to multicast group 230.0.0.1:6666.
[2018.09.09-18.44.23:153][  0]SourceControl: Source control is disabled
[2018.09.09-18.44.23:153][  0]SourceControl: Source control is disabled
[2018.09.09-18.44.23:168][  0]SourceControl: Source control is disabled
[2018.09.09-18.44.23:182][  0]SourceControl: Source control is disabled
[2018.09.09-18.44.23:700][  0]LogOcInput: OculusInput pre-init called
[2018.09.09-18.44.23:792][  0]LogEngine: Initializing Engine...
[2018.09.09-18.44.23:793][  0]LogHMD: Failed to initialize OpenVR with code 110
[2018.09.09-18.44.23:794][  0]LogStats: UGameplayTagsManager::ConstructGameplayTagTree: Construct from data asset -  0.000 s
[2018.09.09-18.44.23:794][  0]LogStats: UGameplayTagsManager::ConstructGameplayTagTree: GameplayTagTreeChangedEvent.Broadcast -  0.000 s
[2018.09.09-18.44.23:974][  0]LogAIModule: Creating AISystem for world Untitled
[2018.09.09-18.44.24:039][  0]LogInit: XAudio2 using 'Speakers (Ear Force Stealth 400)' : 2 channels at 48 kHz using 16 bits per sample (channel mask 0x3)
[2018.09.09-18.44.24:049][  0]LogInit: FAudioDevice initialized.
[2018.09.09-18.44.24:173][  0]LogDerivedDataCache: Saved boot cache 0.12s 75MB C:/Users/Joe/AppData/Local/UnrealEngine/4.19/DerivedDataCache/Boot.ddc.
[2018.09.09-18.44.24:185][  0]LogInit: Texture streaming: Enabled
[2018.09.09-18.44.24:211][  0]LogEngineSessionManager: EngineSessionManager initialized
[2018.09.09-18.44.24:211][  0]LogEngineSessionManager: EngineSessionManager sent abnormal shutdown report. Type=Crashed, SessionId={E457A06B-4032-D2BC-957E-DE80A598E7E4}
[2018.09.09-18.44.24:223][  0]LogInit: Transaction tracking system initialized
[2018.09.09-18.44.24:251][  0]BlueprintLog: New page: Editor Load
[2018.09.09-18.44.24:344][  0]LocalizationService: Localization service is disabled
[2018.09.09-18.44.24:440][  0]LogConsoleResponse: Display: 
[2018.09.09-18.44.24:564][  0]LogCook: Display: Max memory allowance for cook 16384mb min free memory 0mb
[2018.09.09-18.44.24:564][  0]LogCook: Display: Mobile HDR setting 1
[2018.09.09-18.44.24:564][  0]LogGameplayTags: Display: UGameplayTagsManager::DoneAddingNativeTags. DelegateIsBound: 0
[2018.09.09-18.44.24:564][  0]LogStats: UGameplayTagsManager::ConstructGameplayTagTree: Construct from data asset -  0.000 s
[2018.09.09-18.44.24:564][  0]LogStats: UGameplayTagsManager::ConstructGameplayTagTree: GameplayTagTreeChangedEvent.Broadcast -  0.000 s
[2018.09.09-18.44.24:880][  0]LogFileCache: Scanning file cache for directory 'C:/Users/Joe/Desktop/Github/gamefps/fps-proto/Content/' took 0.02s
[2018.09.09-18.44.24:886][  0]SourceControl: Source control is disabled
[2018.09.09-18.44.24:985][  0]LogWindowsTextInputMethodSystem: Display: IME system now deactivated.
[2018.09.09-18.44.24:986][  0]LogSlate: Took 0.000128 seconds to synchronously load lazily loaded font '../../../Engine/Content/Slate/Fonts/Roboto-Regular.ttf' (155K)
[2018.09.09-18.44.28:863][  0]LogSlate: Window 'Restore Packages' being destroyed
[2018.09.09-18.44.28:863][  0]LogWindowsTextInputMethodSystem: Display: IME system now deactivated.
[2018.09.09-18.44.28:865][  0]LogWindowsTextInputMethodSystem: Display: IME system now deactivated.
[2018.09.09-18.44.28:870][  0]Cmd: MAP LOAD FILE="../../../../../Users/Joe/Desktop/Github/gamefps/fps-proto/Content/Blueprints/Levels/MainMenu_Level.umap" TEMPLATE=0 SHOWPROGRESS=1 FEATURELEVEL=3
[2018.09.09-18.44.28:912][  0]LogStats: Warning: MetaData mismatch. Did you assign a stat to two groups? New //STATGROUP_Threads//SplashScreenThread///Thread_7cac_0///####STATCAT_Advanced#### old //STATGROUP_Threads//SplashScreenThread///Thread_7d50_0///####STATCAT_Advanced####
[2018.09.09-18.44.29:993][  0]LogSlate: Window 'Message' being destroyed
[2018.09.09-18.44.29:993][  0]LogWindowsTextInputMethodSystem: Display: IME system now deactivated.
[2018.09.09-18.44.29:995][  0]LogWindowsTextInputMethodSystem: Display: IME system now deactivated.
[2018.09.09-18.44.29:996][  0]LightingResults: New page: Lighting Build
[2018.09.09-18.44.29:999][  0]MapCheck: New page: Map Check
[2018.09.09-18.44.29:999][  0]LightingResults: New page: Lighting Build
[2018.09.09-18.44.30:008][  0]LogAIModule: Creating AISystem for world Untitled
[2018.09.09-18.44.30:010][  0]LoadErrors: New page: New Map
[2018.09.09-18.44.30:093][  0]LogCollectionManager: Loaded 0 collections in 0.001576 seconds
[2018.09.09-18.44.30:136][  0]LogFileCache: Scanning file cache for directory 'C:/Users/Joe/Desktop/Github/gamefps/fps-proto/Saved/Collections/' took 0.01s
[2018.09.09-18.44.30:136][  0]LogFileCache: Scanning file cache for directory 'C:/Users/Joe/Desktop/Github/gamefps/fps-proto/Content/Developers/Joe/Collections/' took 0.01s
[2018.09.09-18.44.30:136][  0]LogFileCache: Scanning file cache for directory 'C:/Users/Joe/Desktop/Github/gamefps/fps-proto/Content/Collections/' took 0.01s
[2018.09.09-18.44.30:136][  0]LogCollectionManager: Rebuilt the GUID cache for 0 collections in 0.000000 seconds
[2018.09.09-18.44.30:142][  0]LogContentBrowser: Native class hierarchy populated in 0.0060 seconds. Added 2377 classes and 524 folders.
[2018.09.09-18.44.30:148][  0]LogContentBrowser: Native class hierarchy updated for 'WidgetCarousel' in 0.0002 seconds. Added 0 classes and 0 folders.
[2018.09.09-18.44.30:181][  0]LogContentBrowser: Native class hierarchy updated for 'AddContentDialog' in 0.0002 seconds. Added 0 classes and 0 folders.
[2018.09.09-18.44.30:186][  0]LogContentBrowser: Native class hierarchy updated for 'SceneOutliner' in 0.0002 seconds. Added 1 classes and 2 folders.
[2018.09.09-18.44.30:192][  0]LogSlate: Took 0.000113 seconds to synchronously load lazily loaded font '../../../Engine/Content/Slate/Fonts/Roboto-Bold.ttf' (160K)
[2018.09.09-18.44.30:196][  0]LogSlate: Took 0.000120 seconds to synchronously load lazily loaded font '../../../Engine/Content/Editor/Slate/Fonts/FontAwesome.ttf' (139K)
[2018.09.09-18.44.30:280][  0]LogRenderer: Reallocating scene render targets to support 1256x664 Format 10 NumSamples 1 (Frame:1).
[2018.09.09-18.44.30:363][  0]LogContentBrowser: Native class hierarchy updated for 'HierarchicalLODOutliner' in 0.0002 seconds. Added 0 classes and 0 folders.
[2018.09.09-18.44.30:363][  0]LogLoad: (Engine Initialization) Total time: 13.71 seconds
[2018.09.09-18.44.30:363][  0]LogLoad: (Engine Initialization) Total Blueprint compile time: 0.00 seconds
[2018.09.09-18.44.30:391][  0]LogContentStreaming: Texture pool size now 1000 MB
[2018.09.09-18.44.30:478][  0]LogSlate: Took 0.000128 seconds to synchronously load lazily loaded font '../../../Engine/Content/Slate/Fonts/Roboto-Light.ttf' (167K)
[2018.09.09-18.44.30:491][  1]LogAssetRegistry: Asset discovery search completed in 9.8052 seconds
[2018.09.09-18.44.30:492][  1]LogCollectionManager: Rebuilt the object cache for 0 collections in 0.000000 seconds (found 0 objects)
[2018.09.09-18.44.30:492][  1]LogCollectionManager: Fixed up redirectors for 0 collections in 0.000050 seconds (updated 0 objects)
[2018.09.09-18.44.31:391][107]LogSlate: Took 0.000163 seconds to synchronously load lazily loaded font '../../../Engine/Content/Slate/Fonts/Roboto-Light.ttf' (167K)
[2018.09.09-18.44.35:699][623]LogSlate: FSceneViewport::OnFocusLost() reason 0
[2018.09.09-18.44.35:823][634]LogUObjectGlobals: Created PersistentFrame Addr=0x000002a764d92e80, Size=392, Default__MyGameInstance_C Function /Game/UE4_RIP/Misc/MyGameInstance.MyGameInstance_C:ExecuteUbergraph_MyGameInstance
[2018.09.09-18.44.35:828][634]LogUObjectGlobals: Destroyed PersistentFrame Addr=0x000002a764d92e80, Size=392
[2018.09.09-18.44.35:828][634]LogUObjectGlobals: Created PersistentFrame Addr=0x000002a764d92e80, Size=392, Default__MyGameInstance_C Function /Engine/Transient.REINST_MyGameInstance_C_3:ExecuteUbergraph_MyGameInstance
[2018.09.09-18.44.35:833][634]LogUObjectGlobals: Created PersistentFrame Addr=0x000002a73259b580, Size=392, Default__MyGameInstance_C Function /Game/UE4_RIP/Misc/MyGameInstance.MyGameInstance_C:ExecuteUbergraph_MyGameInstance
[2018.09.09-18.44.35:841][634]LogLinker: Warning: Can't find file '/Game/Blueprints/UI/LoadingScreen'
[2018.09.09-18.44.35:841][634]LogLinker: Warning: Can't find file for asset '/Game/Blueprints/UI/LoadingScreen' while loading ../../../../../Users/Joe/Desktop/Github/gamefps/fps-proto/Content/Blueprints/UI/MyGameInstance.uasset.
[2018.09.09-18.44.35:841][634]LoadErrors: Error: /Game/Blueprints/UI/MyGameInstance : Can't find file for asset. /Game/Blueprints/UI/LoadingScreen
[2018.09.09-18.44.35:842][634]LogUObjectGlobals: Created PersistentFrame Addr=0x000002a737872400, Size=64, Default__MainMenu_Widget_C Function /Game/Blueprints/UI/MainMenu_Widget.MainMenu_Widget_C:ExecuteUbergraph_MainMenu_Widget
[2018.09.09-18.44.35:842][634]LogUObjectGlobals: Created PersistentFrame Addr=0x000002a755290be8, Size=4, Default__MyGameInstance_C Function /Game/Blueprints/UI/MyGameInstance.MyGameInstance_C:ExecuteUbergraph_MyGameInstance
[2018.09.09-18.44.35:842][634]LogUObjectGlobals: Created PersistentFrame Addr=0x000002a732599440, Size=392, Default__MyGameInstance_C Function /Game/UE4_RIP/Misc/MyGameInstance.MyGameInstance_C:ExecuteUbergraph_MyGameInstance
[2018.09.09-18.44.35:843][634]LogLinker: Warning: Can't find file '/Game/Blueprints/UI/LoadingScreen'
[2018.09.09-18.44.35:843][634]LogLinker: Warning: Can't find file for asset '/Game/Blueprints/UI/LoadingScreen' while loading ../../../../../Users/Joe/Desktop/Github/gamefps/fps-proto/Content/Blueprints/UI/MyGameInstance.uasset.
[2018.09.09-18.44.35:845][634]LogLinker: Warning: Can't find file '/Game/Blueprints/UI/LoadingScreen'
[2018.09.09-18.44.35:845][634]LogLinker: Warning: Can't find file for asset '/Game/Blueprints/UI/LoadingScreen' while loading ../../../../../Users/Joe/Desktop/Github/gamefps/fps-proto/Content/Blueprints/UI/MyGameInstance.uasset.
[2018.09.09-18.44.35:845][634]LogLinker: Warning: Can't find file '/Game/Blueprints/UI/LoadingScreen'
[2018.09.09-18.44.35:845][634]LogLinker: Warning: Can't find file for asset '/Game/Blueprints/UI/LoadingScreen' while loading ../../../../../Users/Joe/Desktop/Github/gamefps/fps-proto/Content/Blueprints/UI/MyGameInstance.uasset.
[2018.09.09-18.44.35:847][634]LogLinker: Warning: Can't find file '/Game/Blueprints/UI/LoadingScreen'
[2018.09.09-18.44.35:847][634]LoadErrors: Failed to load /Game/Blueprints/UI/LoadingScreen.LoadingScreen_C Referenced by MyGameInstance
[2018.09.09-18.44.35:847][634]LogLinker: Warning: Can't find file for asset '/Game/Blueprints/UI/LoadingScreen' while loading ../../../../../Users/Joe/Desktop/Github/gamefps/fps-proto/Content/Blueprints/UI/MyGameInstance.uasset.
[2018.09.09-18.44.35:848][634]LogLinker: Warning: Can't find file '/Game/Blueprints/UI/LoadingScreen'
[2018.09.09-18.44.35:848][634]LoadErrors: Failed to load /Game/Blueprints/UI/LoadingScreen.LoadingScreen_C Referenced by K2Node_VariableGet_60
[2018.09.09-18.44.35:848][634]LogLinker: Warning: Can't find file for asset '/Game/Blueprints/UI/LoadingScreen' while loading ../../../../../Users/Joe/Desktop/Github/gamefps/fps-proto/Content/Blueprints/UI/MyGameInstance.uasset.
[2018.09.09-18.44.35:851][634]LogBlueprint: Warning: [Compiler MainMenu_Widget] Set : 'EnableLAN' variable not found. Base class was probably changed. /Game/Blueprints/UI/MainMenu_Widget.MainMenu_Widget
[2018.09.09-18.44.35:851][634]LogBlueprint: Warning: [Compiler MainMenu_Widget] Set EnableLAN : 'EnableLAN' variable not found. Base class was probably changed. /Game/Blueprints/UI/MainMenu_Widget.MainMenu_Widget
[2018.09.09-18.44.35:852][634]LogBlueprint: Warning: [Compiler MainMenu_Widget] Get : 'EnableLAN' variable not found. Base class was probably changed. /Game/Blueprints/UI/MainMenu_Widget.MainMenu_Widget
[2018.09.09-18.44.35:852][634]LogUObjectGlobals: Destroyed PersistentFrame Addr=0x000002a755290be8, Size=4
[2018.09.09-18.44.35:852][634]LogUObjectGlobals: Destroyed PersistentFrame Addr=0x000002a732599440, Size=392
[2018.09.09-18.44.35:852][634]LogUObjectGlobals: Created PersistentFrame Addr=0x000002a755290be8, Size=4, MyGameInstance_C_0 Function /Engine/Transient.REINST_MyGameInstance_C_6:ExecuteUbergraph_MyGameInstance
[2018.09.09-18.44.35:852][634]LogUObjectGlobals: Created PersistentFrame Addr=0x000002a737846780, Size=392, MyGameInstance_C_0 Function /Game/UE4_RIP/Misc/MyGameInstance.MyGameInstance_C:ExecuteUbergraph_MyGameInstance
[2018.09.09-18.44.35:852][634]LogUObjectGlobals: Destroyed PersistentFrame Addr=0x000002a737872400, Size=64
[2018.09.09-18.44.35:852][634]LogUObjectGlobals: Created PersistentFrame Addr=0x000002a737812cc0, Size=64, Default__MainMenu_Widget_C Function /Engine/Transient.REINST_MainMenu_Widget_C_1:ExecuteUbergraph_MainMenu_Widget
[2018.09.09-18.44.35:854][634]LogBlueprint: Warning: [Compiler MainMenu_Widget] Could not find a variable named "EnableLAN" in 'MainMenu_Widget'.
Make sure 'MainMenu_Widget' has been compiled for  Get EnableLAN
[2018.09.09-18.44.35:854][634]LogBlueprint: Warning: [Compiler MainMenu_Widget] Could not find a variable named "EnableLAN" in 'MainMenu_Widget'.
Make sure 'MainMenu_Widget' has been compiled for  Set EnableLAN
[2018.09.09-18.44.35:854][634]LogBlueprint: Error: [Compiler MainMenu_Widget] This blueprint (self) is not compatible with ' Target ', therefore that pin must have a connection.
[2018.09.09-18.44.35:854][634]LogBlueprint: Error: [Compiler MainMenu_Widget] This blueprint (self) is not compatible with ' Target ', therefore that pin must have a connection.
[2018.09.09-18.44.35:854][634]LogUObjectGlobals: Created PersistentFrame Addr=0x000002a7552928f0, Size=4, Default__MyGameInstance_C Function /Game/Blueprints/UI/MyGameInstance.MyGameInstance_C:ExecuteUbergraph_MyGameInstance
[2018.09.09-18.44.35:854][634]LogUObjectGlobals: Created PersistentFrame Addr=0x000002a737845ec0, Size=392, Default__MyGameInstance_C Function /Game/UE4_RIP/Misc/MyGameInstance.MyGameInstance_C:ExecuteUbergraph_MyGameInstance
[2018.09.09-18.44.35:854][634]LogBlueprint: Error: [Compiler MainMenu_Widget] The property associated with  Enable LAN  could not be found
[2018.09.09-18.44.35:854][634]LogBlueprint: Error: [Compiler MainMenu_Widget] The property associated with  Enable LAN  could not be found
[2018.09.09-18.44.35:855][634]LogUObjectGlobals: Created PersistentFrame Addr=0x000002a755aa4ac0, Size=88, Default__MainMenu_Widget_C Function /Game/Blueprints/UI/MainMenu_Widget.MainMenu_Widget_C:ExecuteUbergraph_MainMenu_Widget
[2018.09.09-18.44.35:855][634]LogBlueprint: Warning: [Compiler MainMenu_Widget] [0019.20] Compile of MainMenu_Widget failed. 4 Fatal Issue(s) 5 Warning(s) [in 5 ms] (/Game/Blueprints/UI/MainMenu_Widget.MainMenu_Widget)
[2018.09.09-18.44.35:856][634]LogLinker: Warning: Can't find file '/Game/Blueprints/UI/LoadingScreen'
[2018.09.09-18.44.35:856][634]LogLinker: Warning: Can't find file for asset '/Game/Blueprints/UI/LoadingScreen' while loading ../../../../../Users/Joe/Desktop/Github/gamefps/fps-proto/Content/Blueprints/UI/MyGameInstance.uasset.
[2018.09.09-18.44.36:111][634]LogContentBrowser: Native class hierarchy updated for 'BlueprintGraph' in 0.0004 seconds. Added 116 classes and 0 folders.
[2018.09.09-18.44.36:320][634]LogUObjectGlobals: Created PersistentFrame Addr=0x000002a7605965f8, Size=4, Default__SKEL_PROTO_BP_AnimBlueprint_0_C Function /Engine/Transient.SKEL_PROTO_BP_AnimBlueprint_0_C:ExecuteUbergraph_PROTO_BP_AnimBlueprint_0
[2018.09.09-18.44.36:320][634]LogUObjectGlobals: Created PersistentFrame Addr=0x000002a7605965f0, Size=4, Default__PROTO_BP_AnimBlueprint_0_C Function /Engine/Transient.PROTO_BP_AnimBlueprint_0_C:ExecuteUbergraph_PROTO_BP_AnimBlueprint_0
[2018.09.09-18.44.36:785][634]LogLinker: Warning: Can't resolve asset name
[2018.09.09-18.44.37:191][634]LogSlate: Took 0.000128 seconds to synchronously load lazily loaded font '../../../Engine/Content/Slate/Fonts/Roboto-BoldCondensed.ttf' (158K)
[2018.09.09-18.44.46:078][611]LogSlate: Took 0.000136 seconds to synchronously load lazily loaded font '../../../Engine/Content/Slate/Fonts/Roboto-Italic.ttf' (157K)
[2018.09.09-18.45.15:783][718]LogSlate: Window 'MainMenu_Widget' being destroyed
[2018.09.09-18.45.16:651][822]LogSlate: FSceneViewport::OnFocusLost() reason 0
[2018.09.09-18.47.01:722][446]LogUObjectGlobals: Created PersistentFrame Addr=0x000002a761403d80, Size=32, Default__Main_menu_C Function /Game/Blueprints/Levels/Main_menu.Main_menu_C:ExecuteUbergraph_Main_menu
[2018.09.09-18.47.01:723][446]LogUObjectGlobals: Destroyed PersistentFrame Addr=0x000002a761403d80, Size=32
[2018.09.09-18.47.01:723][446]LogUObjectGlobals: Created PersistentFrame Addr=0x000002a7615ec120, Size=32, Default__Main_menu_C Function /Engine/Transient.REINST_Main_menu_C_22:ExecuteUbergraph_Main_menu
[2018.09.09-18.47.01:724][446]LogUObjectGlobals: Created PersistentFrame Addr=0x000002a7615ec880, Size=32, Default__Main_menu_C Function /Game/Blueprints/Levels/Main_menu.Main_menu_C:ExecuteUbergraph_Main_menu
[2018.09.09-18.47.01:726][446]LogAIModule: Creating AISystem for world Main_menu
[2018.09.09-18.47.01:747][446]LogUObjectGlobals: Destroyed PersistentFrame Addr=0x000002a764d92e80, Size=392
[2018.09.09-18.47.01:747][446]LogUObjectGlobals: Destroyed PersistentFrame Addr=0x000002a737812cc0, Size=64
[2018.09.09-18.47.01:747][446]LogUObjectGlobals: Destroyed PersistentFrame Addr=0x000002a755290be8, Size=4
[2018.09.09-18.47.01:747][446]LogUObjectGlobals: Destroyed PersistentFrame Addr=0x000002a737846780, Size=392
[2018.09.09-18.47.01:754][446]LogUObjectGlobals: Destroyed PersistentFrame Addr=0x000002a7615ec120, Size=32
[2018.09.09-18.47.01:756][446]Cmd: MAP LOAD FILE="../../../../../Users/Joe/Desktop/Github/gamefps/fps-proto/Content/Blueprints/Levels/Main_menu.umap" TEMPLATE=0 SHOWPROGRESS=1 FEATURELEVEL=3
[2018.09.09-18.47.01:756][446]LightingResults: New page: Lighting Build
[2018.09.09-18.47.01:756][446]LoadErrors: New page: Loading map: Main_menu.umap
[2018.09.09-18.47.01:756][446]MapCheck: New page: Map Check
[2018.09.09-18.47.01:756][446]LightingResults: New page: Lighting Build
[2018.09.09-18.47.01:771][446]LogEditorServer: Finished looking for orphan Actors (0.000 secs)
[2018.09.09-18.47.01:803][446]Cmd: MAP CHECKDEP NOCLEARLOG
[2018.09.09-18.47.01:841][446]MapCheck: Map check complete: 0 Error(s), 0 Warning(s), took 37.721ms to complete.
[2018.09.09-18.47.01:841][446]LogFileHelpers: Loading map 'Main_menu' took 0.086
[2018.09.09-18.47.17:968][343]LogSlate: Window 'Main_menu - Level Blueprint Editor' being destroyed
[2018.09.09-18.47.27:836][320]LogSlate: Window 'FPSPrototype - Unreal Editor' being destroyed
[2018.09.09-18.47.27:837][320]LogWindowsTextInputMethodSystem: Display: IME system now deactivated.
[2018.09.09-18.47.28:053][321]Cmd: QUIT_EDITOR
[2018.09.09-18.47.28:092][321]LogSlate: Slate User Destroyed.  User Index 0, Is Virtual User: 0
[2018.09.09-18.47.28:092][321]LogExit: Preparing to exit.
[2018.09.09-18.47.28:996][321]LogDirectoryWatcher: A directory notification for 'C:/Users/Joe/Desktop/Github/gamefps/fps-proto/Content/' was aborted.
[2018.09.09-18.47.29:018][321]LogExit: Editor shut down
[2018.09.09-18.47.29:021][321]LogExit: Transaction tracking system shut down
[2018.09.09-18.47.29:022][321]LogUObjectGlobals: Destroyed PersistentFrame Addr=0x000002a73259b580, Size=392
[2018.09.09-18.47.29:022][321]LogUObjectGlobals: Destroyed PersistentFrame Addr=0x000002a7552928f0, Size=4
[2018.09.09-18.47.29:022][321]LogUObjectGlobals: Destroyed PersistentFrame Addr=0x000002a737845ec0, Size=392
[2018.09.09-18.47.29:022][321]LogUObjectGlobals: Destroyed PersistentFrame Addr=0x000002a755aa4ac0, Size=88
[2018.09.09-18.47.29:023][321]LogUObjectGlobals: Destroyed PersistentFrame Addr=0x000002a7605965f8, Size=4
[2018.09.09-18.47.29:023][321]LogUObjectGlobals: Destroyed PersistentFrame Addr=0x000002a7605965f0, Size=4
[2018.09.09-18.47.29:024][321]LogUObjectGlobals: Destroyed PersistentFrame Addr=0x000002a7615ec880, Size=32
[2018.09.09-18.47.29:228][321]LogDirectoryWatcher: A directory notification for '../../../Engine/Content/' was aborted.
[2018.09.09-18.47.29:228][321]LogDirectoryWatcher: A directory notification for '../../../../../Users/Joe/Desktop/Github/gamefps/fps-proto/Content/' was aborted.
[2018.09.09-18.47.29:228][321]LogDirectoryWatcher: A directory notification for '../../Plugins/Enterprise/DatasmithContent/Content/' was aborted.
[2018.09.09-18.47.29:228][321]LogDirectoryWatcher: A directory notification for '../../Plugins/Media/MediaCompositing/Content/' was aborted.
[2018.09.09-18.47.29:228][321]LogDirectoryWatcher: A directory notification for '../../Plugins/Runtime/Oculus/OculusVR/Content/' was aborted.
[2018.09.09-18.47.29:228][321]LogDirectoryWatcher: A directory notification for '../../Plugins/Runtime/Steam/SteamVR/Content/' was aborted.
[2018.09.09-18.47.29:350][321]LogExit: Object subsystem successfully closed.
[2018.09.09-18.47.29:359][321]LogShaderCompilers: Display: Shaders left to compile 0
[2018.09.09-18.47.29:361][321]LogD3D11RHI: Shutdown
[2018.09.09-18.47.29:361][321]LogD3D11RHI: CleanupD3DDevice
[2018.09.09-18.47.29:362][321]LogD3D11RHI: ~FD3D11DynamicRHI
[2018.09.09-18.47.29:377][321]LogModuleManager: Shutting down and abandoning module SequencerWidgets (555)
[2018.09.09-18.47.29:377][321]LogModuleManager: Shutting down and abandoning module BlueprintGraph (553)
[2018.09.09-18.47.29:377][321]LogModuleManager: Shutting down and abandoning module HierarchicalLODOutliner (551)
[2018.09.09-18.47.29:377][321]LogModuleManager: Shutting down and abandoning module SceneOutliner (549)
[2018.09.09-18.47.29:377][321]LogModuleManager: Shutting down and abandoning module AddContentDialog (547)
[2018.09.09-18.47.29:377][321]LogDirectoryWatcher: A directory notification for 'C:/Program Files/UE_4.19/FeaturePacks/' was aborted.
[2018.09.09-18.47.29:377][321]LogModuleManager: Shutting down and abandoning module WidgetCarousel (546)
[2018.09.09-18.47.29:377][321]LogModuleManager: Shutting down and abandoning module EditorWidgets (543)
[2018.09.09-18.47.29:377][321]LogModuleManager: Shutting down and abandoning module CollectionManager (541)
[2018.09.09-18.47.29:377][321]LogDirectoryWatcher: A directory notification for 'C:/Users/Joe/Desktop/Github/gamefps/fps-proto/Content/Collections/' was aborted.
[2018.09.09-18.47.29:378][321]LogDirectoryWatcher: A directory notification for 'C:/Users/Joe/Desktop/Github/gamefps/fps-proto/Content/Developers/Joe/Collections/' was aborted.
[2018.09.09-18.47.29:378][321]LogDirectoryWatcher: A directory notification for 'C:/Users/Joe/Desktop/Github/gamefps/fps-proto/Saved/Collections/' was aborted.
[2018.09.09-18.47.29:378][321]LogModuleManager: Shutting down and abandoning module StatsViewer (539)
[2018.09.09-18.47.29:378][321]LogModuleManager: Shutting down and abandoning module FoliageEdit (537)
[2018.09.09-18.47.29:378][321]LogModuleManager: Shutting down and abandoning module LandscapeEditor (535)
[2018.09.09-18.47.29:378][321]LogModuleManager: Shutting down and abandoning module MeshPaintMode (533)
[2018.09.09-18.47.29:378][321]LogModuleManager: Shutting down and abandoning module MeshPaint (532)
[2018.09.09-18.47.29:378][321]LogModuleManager: Shutting down and abandoning module SceneDepthPickerMode (529)
[2018.09.09-18.47.29:378][321]LogModuleManager: Shutting down and abandoning module ActorPickerMode (527)
[2018.09.09-18.47.29:378][321]LogModuleManager: Shutting down and abandoning module GeometryMode (525)
[2018.09.09-18.47.29:378][321]LogModuleManager: Shutting down and abandoning module TextureAlignMode (523)
[2018.09.09-18.47.29:378][321]LogModuleManager: Shutting down and abandoning module BspMode (521)
[2018.09.09-18.47.29:378][321]LogModuleManager: Shutting down and abandoning module PIEPreviewDeviceProfileSelector (519)
[2018.09.09-18.47.29:378][321]LogModuleManager: Shutting down and abandoning module HardwareSurvey (517)
[2018.09.09-18.47.29:378][321]LogModuleManager: Shutting down and abandoning module SequenceRecorderSections (515)
[2018.09.09-18.47.29:378][321]LogModuleManager: Shutting down and abandoning module AutomationWorker (513)
[2018.09.09-18.47.29:378][321]LogModuleManager: Shutting down and abandoning module AudioCaptureEditor (511)
[2018.09.09-18.47.29:378][321]LogModuleManager: Shutting down and abandoning module SequenceRecorder (510)
[2018.09.09-18.47.29:378][321]LogModuleManager: Shutting down and abandoning module MatineeToLevelSequence (507)
[2018.09.09-18.47.29:378][321]LogModuleManager: Shutting down and abandoning module LevelSequenceEditor (505)
[2018.09.09-18.47.29:378][321]LogModuleManager: Shutting down and abandoning module PlacementMode (504)
[2018.09.09-18.47.29:378][321]LogModuleManager: Shutting down and abandoning module MaterialEditor (503)
[2018.09.09-18.47.29:378][321]LogModuleManager: Shutting down and abandoning module WmfMediaFactory (499)
[2018.09.09-18.47.29:378][321]LogModuleManager: Shutting down and abandoning module WmfMediaEditor (497)
[2018.09.09-18.47.29:378][321]LogModuleManager: Shutting down and abandoning module MediaPlayerEditor (495)
[2018.09.09-18.47.29:378][321]LogModuleManager: Shutting down and abandoning module OpenExrWrapper (493)
[2018.09.09-18.47.29:378][321]LogModuleManager: Shutting down and abandoning module ImgMediaFactory (491)
[2018.09.09-18.47.29:378][321]LogModuleManager: Shutting down and abandoning module ImgMediaEditor (489)
[2018.09.09-18.47.29:378][321]LogModuleManager: Shutting down and abandoning module AvfMediaFactory (487)
[2018.09.09-18.47.29:378][321]LogModuleManager: Shutting down and abandoning module AvfMediaEditor (485)
[2018.09.09-18.47.29:378][321]LogModuleManager: Shutting down and abandoning module AndroidMediaFactory (483)
[2018.09.09-18.47.29:378][321]LogModuleManager: Shutting down and abandoning module AndroidMediaEditor (481)
[2018.09.09-18.47.29:378][321]LogModuleManager: Shutting down and abandoning module CharacterAI (479)
[2018.09.09-18.47.29:378][321]LogModuleManager: Shutting down and abandoning module SessionServices (477)
[2018.09.09-18.47.29:378][321]LogModuleManager: Shutting down and abandoning module ViewportSnapping (475)
[2018.09.09-18.47.29:378][321]LogModuleManager: Shutting down and abandoning module ViewportInteraction (473)
[2018.09.09-18.47.29:378][321]LogModuleManager: Shutting down and abandoning module ClothPainter (471)
[2018.09.09-18.47.29:378][321]LogModuleManager: Shutting down and abandoning module SkeletalMeshEditor (470)
[2018.09.09-18.47.29:378][321]LogModuleManager: Shutting down and abandoning module LogVisualizer (467)
[2018.09.09-18.47.29:378][321]LogModuleManager: Shutting down and abandoning module IntroTutorials (465)
[2018.09.09-18.47.29:379][321]LogModuleManager: Shutting down and abandoning module GameProjectGeneration (464)
[2018.09.09-18.47.29:379][321]LogModuleManager: Shutting down and abandoning module IOSPlatformEditor (461)
[2018.09.09-18.47.29:379][321]LogModuleManager: Shutting down and abandoning module HTML5PlatformEditor (459)
[2018.09.09-18.47.29:379][321]LogModuleManager: Shutting down and abandoning module AndroidPlatformEditor (457)
[2018.09.09-18.47.29:379][321]LogModuleManager: Shutting down and abandoning module AndroidDeviceDetection (456)
[2018.09.09-18.47.29:490][321]LogModuleManager: Shutting down and abandoning module WindowsPlatformEditor (453)
[2018.09.09-18.47.29:490][321]LogModuleManager: Shutting down and abandoning module IOSRuntimeSettings (451)
[2018.09.09-18.47.29:490][321]LogModuleManager: Shutting down and abandoning module AndroidRuntimeSettings (449)
[2018.09.09-18.47.29:490][321]LogModuleManager: Shutting down and abandoning module InputBindingEditor (447)
[2018.09.09-18.47.29:490][321]LogModuleManager: Shutting down and abandoning module MergeActors (445)
[2018.09.09-18.47.29:490][321]LogModuleManager: Shutting down and abandoning module LocalizationDashboard (443)
[2018.09.09-18.47.29:490][321]LogModuleManager: Shutting down and abandoning module LocalizationService (442)
[2018.09.09-18.47.29:490][321]LogModuleManager: Shutting down and abandoning module HardwareTargeting (439)
[2018.09.09-18.47.29:490][321]LogModuleManager: Shutting down and abandoning module DeviceProfileEditor (437)
[2018.09.09-18.47.29:490][321]LogModuleManager: Shutting down and abandoning module UndoHistory (435)
[2018.09.09-18.47.29:490][321]LogModuleManager: Shutting down and abandoning module XmlParser (433)
[2018.09.09-18.47.29:490][321]LogModuleManager: Shutting down and abandoning module Blutility (431)
[2018.09.09-18.47.29:490][321]LogModuleManager: Shutting down and abandoning module ProjectSettingsViewer (429)
[2018.09.09-18.47.29:490][321]LogModuleManager: Shutting down and abandoning module ProjectTargetPlatformEditor (428)
[2018.09.09-18.47.29:490][321]LogModuleManager: Shutting down and abandoning module EditorSettingsViewer (425)
[2018.09.09-18.47.29:490][321]LogModuleManager: Shutting down and abandoning module SettingsEditor (423)
[2018.09.09-18.47.29:490][321]LogModuleManager: Shutting down and abandoning module ProjectLauncher (421)
[2018.09.09-18.47.29:491][321]LogModuleManager: Shutting down and abandoning module SessionFrontend (419)
[2018.09.09-18.47.29:491][321]LogModuleManager: Shutting down and abandoning module ProfilerClient (417)
[2018.09.09-18.47.29:491][321]LogModuleManager: Shutting down and abandoning module DeviceManager (415)
[2018.09.09-18.47.29:491][321]LogModuleManager: Shutting down and abandoning module TargetDeviceServices (414)
[2018.09.09-18.47.29:545][321]LogModuleManager: Shutting down and abandoning module AutomationController (411)
[2018.09.09-18.47.29:545][321]LogModuleManager: Shutting down and abandoning module AutomationWindow (409)
[2018.09.09-18.47.29:545][321]LogModuleManager: Shutting down and abandoning module Layers (407)
[2018.09.09-18.47.29:545][321]LogModuleManager: Shutting down and abandoning module ComponentVisualizers (405)
[2018.09.09-18.47.29:545][321]LogModuleManager: Shutting down and abandoning module DetailCustomizations (403)
[2018.09.09-18.47.29:545][321]LogModuleManager: Shutting down and abandoning module PackagesDialog (401)
[2018.09.09-18.47.29:545][321]LogModuleManager: Shutting down and abandoning module Persona (399)
[2018.09.09-18.47.29:545][321]LogModuleManager: Shutting down and abandoning module AdvancedPreviewScene (398)
[2018.09.09-18.47.29:545][321]LogModuleManager: Shutting down and abandoning module AnimGraph (396)
[2018.09.09-18.47.29:545][321]LogModuleManager: Shutting down and abandoning module Kismet (393)
[2018.09.09-18.47.29:552][321]LogModuleManager: Shutting down and abandoning module GraphEditor (391)
[2018.09.09-18.47.29:552][321]LogModuleManager: Shutting down and abandoning module ClassViewer (389)
[2018.09.09-18.47.29:552][321]LogModuleManager: Shutting down and abandoning module Toolbox (387)
[2018.09.09-18.47.29:552][321]LogModuleManager: Shutting down and abandoning module ModuleUI (385)
[2018.09.09-18.47.29:552][321]LogModuleManager: Shutting down and abandoning module MovieSceneTools (383)
[2018.09.09-18.47.29:552][321]LogModuleManager: Shutting down and abandoning module OutputLog (381)
[2018.09.09-18.47.29:552][321]LogModuleManager: Shutting down and abandoning module GammaUI (379)
[2018.09.09-18.47.29:552][321]LogModuleManager: Shutting down and abandoning module Documentation (377)
[2018.09.09-18.47.29:552][321]LogModuleManager: Shutting down and abandoning module MovieSceneTracks (375)
[2018.09.09-18.47.29:552][321]LogModuleManager: Shutting down and abandoning module MovieScene (373)
[2018.09.09-18.47.29:553][321]LogModuleManager: Shutting down and abandoning module StreamingPauseRendering (371)
[2018.09.09-18.47.29:553][321]LogModuleManager: Shutting down and abandoning module LauncherPlatform (369)
[2018.09.09-18.47.29:553][321]LogModuleManager: Shutting down and abandoning module AnalyticsET (367)
[2018.09.09-18.47.29:553][321]LogModuleManager: Shutting down and abandoning module PortalServices (365)
[2018.09.09-18.47.29:553][321]LogModuleManager: Shutting down and abandoning module PortalRpc (363)
[2018.09.09-18.47.29:553][321]LogModuleManager: Shutting down and abandoning module MessagingRpc (361)
[2018.09.09-18.47.29:553][321]LogModuleManager: Shutting down and abandoning module AIModule (359)
[2018.09.09-18.47.29:553][321]LogModuleManager: Shutting down and abandoning module GameplayDebugger (358)
[2018.09.09-18.47.29:553][321]LogModuleManager: Shutting down and abandoning module AITestSuite (356)
[2018.09.09-18.47.29:553][321]LogModuleManager: Shutting down and abandoning module DesktopPlatform (353)
[2018.09.09-18.47.29:553][321]LogModuleManager: Shutting down and abandoning module ProfilerService (351)
[2018.09.09-18.47.29:624][321]LogModuleManager: Shutting down and abandoning module TaskGraph (349)
[2018.09.09-18.47.29:624][321]LogModuleManager: Shutting down and abandoning module SteamVRController (347)
[2018.09.09-18.47.29:624][321]LogModuleManager: Shutting down and abandoning module ProceduralMeshComponentEditor (345)
[2018.09.09-18.47.29:624][321]LogModuleManager: Shutting down and abandoning module ProceduralMeshComponent (343)
[2018.09.09-18.47.29:624][321]LogModuleManager: Shutting down and abandoning module OculusInput (341)
[2018.09.09-18.47.29:624][321]LogModuleManager: Shutting down and abandoning module CustomMeshComponent (339)
[2018.09.09-18.47.29:624][321]LogModuleManager: Shutting down and abandoning module CableComponent (337)
[2018.09.09-18.47.29:624][321]LogModuleManager: Shutting down and abandoning module AudioCapture (335)
[2018.09.09-18.47.29:624][321]LogModuleManager: Shutting down and abandoning module ArchVisCharacter (333)
[2018.09.09-18.47.29:624][321]LogModuleManager: Shutting down and abandoning module NUTUnrealEngine4 (331)
[2018.09.09-18.47.29:624][321]LogModuleManager: Shutting down and abandoning module NetcodeUnitTest (329)
[2018.09.09-18.47.29:624][321]LogModuleManager: Shutting down and abandoning module MediaCompositingEditor (327)
[2018.09.09-18.47.29:624][321]LogModuleManager: Shutting down and abandoning module MediaCompositing (325)
[2018.09.09-18.47.29:624][321]LogModuleManager: Shutting down and abandoning module LinearTimecode (323)
[2018.09.09-18.47.29:624][321]LogModuleManager: Shutting down and abandoning module ImgMedia (321)
[2018.09.09-18.47.29:628][321]LogModuleManager: Shutting down and abandoning module HTML5Networking (319)
[2018.09.09-18.47.29:628][321]LogModuleManager: Shutting down and abandoning module AlembicImporter (317)
[2018.09.09-18.47.29:628][321]LogModuleManager: Shutting down and abandoning module AlembicLibrary (316)
[2018.09.09-18.47.29:628][321]LogModuleManager: Shutting down and abandoning module GeometryCache (315)
[2018.09.09-18.47.29:628][321]LogModuleManager: Shutting down and abandoning module GeometryCacheEd (314)
[2018.09.09-18.47.29:628][321]LogModuleManager: Shutting down and abandoning module DatasmithContent (309)
[2018.09.09-18.47.29:628][321]LogModuleManager: Shutting down and abandoning module SpeedTreeImporter (307)
[2018.09.09-18.47.29:628][321]LogModuleManager: Shutting down and abandoning module PluginBrowser (305)
[2018.09.09-18.47.29:628][321]LogModuleManager: Shutting down and abandoning module MobileLauncherProfileWizard (303)
[2018.09.09-18.47.29:628][321]LogModuleManager: Shutting down and abandoning module VisualStudioSourceCodeAccess (301)
[2018.09.09-18.47.29:628][321]LogModuleManager: Shutting down and abandoning module VisualStudioCodeSourceCodeAccess (299)
[2018.09.09-18.47.29:628][321]LogModuleManager: Shutting down and abandoning module SubversionSourceControl (297)
[2018.09.09-18.47.29:628][321]LogModuleManager: Shutting down and abandoning module PerforceSourceControl (295)
[2018.09.09-18.47.29:628][321]LogModuleManager: Shutting down and abandoning module GitSourceControl (293)
[2018.09.09-18.47.29:628][321]LogModuleManager: Shutting down and abandoning module SourceControl (292)
[2018.09.09-18.47.29:628][321]LogModuleManager: Shutting down and abandoning module CLionSourceCodeAccess (289)
[2018.09.09-18.47.29:628][321]LogModuleManager: Shutting down and abandoning module LightPropagationVolumeEditor (287)
[2018.09.09-18.47.29:628][321]LogModuleManager: Shutting down and abandoning module RuntimePhysXCooking (285)
[2018.09.09-18.47.29:628][321]LogModuleManager: Shutting down and abandoning module PhysXVehiclesEditor (283)
[2018.09.09-18.47.29:628][321]LogModuleManager: Shutting down and abandoning module PhysXVehicles (281)
[2018.09.09-18.47.29:628][321]LogModuleManager: Shutting down and abandoning module OculusEditor (279)
[2018.09.09-18.47.29:628][321]LogModuleManager: Shutting down and abandoning module LocationServicesBPLibrary (277)
[2018.09.09-18.47.29:628][321]LogModuleManager: Shutting down and abandoning module ImmediatePhysicsEditor (275)
[2018.09.09-18.47.29:629][321]LogModuleManager: Shutting down and abandoning module ImmediatePhysics (273)
[2018.09.09-18.47.29:629][321]LogModuleManager: Shutting down and abandoning module ApexDestructionEditor (271)
[2018.09.09-18.47.29:635][321]LogModuleManager: Shutting down and abandoning module ApexDestruction (269)
[2018.09.09-18.47.29:635][321]LogModuleManager: Shutting down and abandoning module ActorSequence (267)
[2018.09.09-18.47.29:635][321]LogModuleManager: Shutting down and abandoning module UdpMessaging (265)
[2018.09.09-18.47.29:736][321]LogModuleManager: Shutting down and abandoning module TcpMessaging (263)
[2018.09.09-18.47.29:916][321]LogModuleManager: Shutting down and abandoning module GameplayTagsEditor (261)
[2018.09.09-18.47.29:916][321]LogModuleManager: Shutting down and abandoning module FacialAnimationEditor (259)
[2018.09.09-18.47.29:916][321]LogModuleManager: Shutting down and abandoning module FacialAnimation (257)
[2018.09.09-18.47.29:916][321]LogModuleManager: Shutting down and abandoning module DataValidation (255)
[2018.09.09-18.47.29:916][321]LogModuleManager: Shutting down and abandoning module AssetManagerEditor (253)
[2018.09.09-18.47.29:916][321]LogModuleManager: Shutting down and abandoning module LevelEditor (252)
[2018.09.09-18.47.29:917][321]LogModuleManager: Shutting down and abandoning module PixelInspectorModule (251)
[2018.09.09-18.47.29:917][321]LogModuleManager: Shutting down and abandoning module CommonMenuExtensions (249)
[2018.09.09-18.47.29:918][321]LogModuleManager: Shutting down and abandoning module MainFrame (247)
[2018.09.09-18.47.29:918][321]LogModuleManager: Shutting down and abandoning module HotReload (246)
[2018.09.09-18.47.29:918][321]LogModuleManager: Shutting down and abandoning module ContentBrowser (242)
[2018.09.09-18.47.29:919][321]LogModuleManager: Shutting down and abandoning module TreeMap (240)
[2018.09.09-18.47.29:919][321]LogModuleManager: Shutting down and abandoning module LightPropagationVolumeRuntime (237)
[2018.09.09-18.47.29:919][321]LogModuleManager: Shutting down and abandoning module WindowsMoviePlayer (235)
[2018.09.09-18.47.29:919][321]LogModuleManager: Shutting down and abandoning module WmfMedia (233)
[2018.09.09-18.47.29:920][321]LogModuleManager: Shutting down and abandoning module Media (232)
[2018.09.09-18.47.29:927][321]LogModuleManager: Shutting down and abandoning module PacketHandler (229)
[2018.09.09-18.47.29:927][321]LogModuleManager: Shutting down and abandoning module ClothingSystemEditor (227)
[2018.09.09-18.47.29:927][321]LogModuleManager: Shutting down and abandoning module ClothingSystemRuntime (225)
[2018.09.09-18.47.29:927][321]LogModuleManager: Shutting down and abandoning module MediaAssets (223)
[2018.09.09-18.47.29:927][321]LogModuleManager: Shutting down and abandoning module Overlay (221)
[2018.09.09-18.47.29:927][321]LogModuleManager: Shutting down and abandoning module OverlayEditor (220)
[2018.09.09-18.47.29:927][321]LogModuleManager: Shutting down and abandoning module VREditor (217)
[2018.09.09-18.47.29:927][321]LogModuleManager: Shutting down and abandoning module StringTableEditor (215)
[2018.09.09-18.47.29:927][321]LogModuleManager: Shutting down and abandoning module GameplayTasksEditor (213)
[2018.09.09-18.47.29:927][321]LogModuleManager: Shutting down and abandoning module BehaviorTreeEditor (211)
[2018.09.09-18.47.29:927][321]LogModuleManager: Shutting down and abandoning module FunctionalTesting (209)
[2018.09.09-18.47.29:927][321]LogModuleManager: Shutting down and abandoning module CollisionAnalyzer (207)
[2018.09.09-18.47.29:927][321]LogModuleManager: Shutting down and abandoning module WorkspaceMenuStructure (206)
[2018.09.09-18.47.29:927][321]LogModuleManager: Shutting down and abandoning module UMG (203)
[2018.09.09-18.47.29:927][321]LogModuleManager: Shutting down and abandoning module UMGEditor (202)
[2018.09.09-18.47.29:927][321]LogModuleManager: Shutting down and abandoning module Sequencer (201)
[2018.09.09-18.47.29:927][321]LogModuleManager: Shutting down and abandoning module MessageLog (198)
[2018.09.09-18.47.29:927][321]LogModuleManager: Shutting down and abandoning module SlateReflector (193)
[2018.09.09-18.47.29:927][321]LogModuleManager: Shutting down and abandoning module Slate (191)
[2018.09.09-18.47.29:927][321]LogModuleManager: Shutting down and abandoning module EditorStyle (189)
[2018.09.09-18.47.29:928][321]LogModuleManager: Shutting down and abandoning module MRMesh (187)
[2018.09.09-18.47.29:928][321]LogModuleManager: Shutting down and abandoning module SourceCodeAccess (185)
[2018.09.09-18.47.29:928][321]LogModuleManager: Shutting down and abandoning module HeadMountedDisplay (183)
[2018.09.09-18.47.29:928][321]LogModuleManager: Shutting down and abandoning module XAudio2 (181)
[2018.09.09-18.47.29:928][321]LogModuleManager: Shutting down and abandoning module Networking (179)
[2018.09.09-18.47.29:928][321]LogModuleManager: Shutting down and abandoning module Core (177)
[2018.09.09-18.47.29:928][321]LogModuleManager: Shutting down and abandoning module LevelSequence (175)
[2018.09.09-18.47.29:928][321]LogModuleManager: Shutting down and abandoning module KismetCompiler (173)
[2018.09.09-18.47.29:928][321]LogModuleManager: Shutting down and abandoning module MeshUtilities (171)
[2018.09.09-18.47.29:928][321]LogModuleManager: Shutting down and abandoning module MeshMergeUtilities (170)
[2018.09.09-18.47.29:928][321]LogModuleManager: Shutting down and abandoning module MeshReductionInterface (169)
[2018.09.09-18.47.29:928][321]LogModuleManager: Shutting down and abandoning module SimplygonSwarm (168)
[2018.09.09-18.47.29:928][321]LogModuleManager: Shutting down and abandoning module SimplygonMeshReduction (166)
[2018.09.09-18.47.29:928][321]LogModuleManager: Shutting down and abandoning module QuadricMeshReduction (164)
[2018.09.09-18.47.29:928][321]LogModuleManager: Shutting down and abandoning module MaterialBaking (160)
[2018.09.09-18.47.29:928][321]LogModuleManager: Shutting down and abandoning module DirectoryWatcher (156)
[2018.09.09-18.47.29:928][321]LogModuleManager: Shutting down and abandoning module DerivedDataCache (153)
[2018.09.09-18.47.29:970][321]LogDerivedDataCache: Shutdown
[2018.09.09-18.47.29:970][321]LogModuleManager: Shutting down and abandoning module XGEController (151)
[2018.09.09-18.47.29:970][321]LogModuleManager: Shutting down and abandoning module TargetPlatform (149)
[2018.09.09-18.47.29:970][321]LogModuleManager: Shutting down and abandoning module VulkanShaderFormat (148)
[2018.09.09-18.47.29:970][321]LogModuleManager: Shutting down and abandoning module ShaderFormatVectorVM (146)
[2018.09.09-18.47.29:970][321]LogModuleManager: Shutting down and abandoning module ShaderFormatOpenGL (144)
[2018.09.09-18.47.29:970][321]LogModuleManager: Shutting down and abandoning module ShaderFormatD3D (142)
[2018.09.09-18.47.29:970][321]LogModuleManager: Shutting down and abandoning module MetalShaderFormat (140)
[2018.09.09-18.47.29:970][321]LogModuleManager: Shutting down and abandoning module TextureFormatUncompressed (138)
[2018.09.09-18.47.29:970][321]LogModuleManager: Shutting down and abandoning module TextureFormatPVR (136)
[2018.09.09-18.47.29:970][321]LogModuleManager: Shutting down and abandoning module TextureFormatDXT (134)
[2018.09.09-18.47.29:970][321]LogModuleManager: Shutting down and abandoning module TextureFormatIntelISPCTexComp (132)
[2018.09.09-18.47.29:970][321]LogModuleManager: Shutting down and abandoning module TextureFormatASTC (130)
[2018.09.09-18.47.29:970][321]LogModuleManager: Shutting down and abandoning module ImageWrapper (129)
[2018.09.09-18.47.29:970][321]LogModuleManager: Shutting down and abandoning module TextureFormatAndroid (126)
[2018.09.09-18.47.29:970][321]LogModuleManager: Shutting down and abandoning module AudioFormatOpus (124)
[2018.09.09-18.47.29:970][321]LogModuleManager: Shutting down and abandoning module AudioFormatOgg (122)
[2018.09.09-18.47.29:970][321]LogModuleManager: Shutting down and abandoning module AudioFormatADPCM (120)
[2018.09.09-18.47.29:970][321]LogModuleManager: Shutting down and abandoning module LinuxTargetPlatform (118)
[2018.09.09-18.47.29:970][321]LogModuleManager: Shutting down and abandoning module LinuxServerTargetPlatform (116)
[2018.09.09-18.47.29:970][321]LogModuleManager: Shutting down and abandoning module LinuxNoEditorTargetPlatform (114)
[2018.09.09-18.47.29:970][321]LogModuleManager: Shutting down and abandoning module LinuxClientTargetPlatform (112)
[2018.09.09-18.47.29:970][321]LogModuleManager: Shutting down and abandoning module TVOSTargetPlatform (110)
[2018.09.09-18.47.29:970][321]LogModuleManager: Shutting down and abandoning module Messaging (108)
[2018.09.09-18.47.29:970][321]LogModuleManager: Shutting down and abandoning module IOSTargetPlatform (106)
[2018.09.09-18.47.29:971][321]LogModuleManager: Shutting down and abandoning module HTML5TargetPlatform (104)
[2018.09.09-18.47.29:971][321]LogModuleManager: Shutting down and abandoning module AndroidTargetPlatform (102)
[2018.09.09-18.47.29:971][321]LogModuleManager: Shutting down and abandoning module Android_PVRTCTargetPlatform (100)
[2018.09.09-18.47.29:971][321]LogModuleManager: Shutting down and abandoning module Android_MultiTargetPlatform (98)
[2018.09.09-18.47.29:971][321]LogModuleManager: Shutting down and abandoning module Android_ETC2TargetPlatform (96)
[2018.09.09-18.47.29:971][321]LogModuleManager: Shutting down and abandoning module Android_ETC1TargetPlatform (94)
[2018.09.09-18.47.29:971][321]LogModuleManager: Shutting down and abandoning module Android_ETC1aTargetPlatform (92)
[2018.09.09-18.47.29:971][321]LogModuleManager: Shutting down and abandoning module Android_DXTTargetPlatform (90)
[2018.09.09-18.47.29:971][321]LogModuleManager: Shutting down and abandoning module Android_ATCTargetPlatform (88)
[2018.09.09-18.47.29:971][321]LogModuleManager: Shutting down and abandoning module Android_ASTCTargetPlatform (86)
[2018.09.09-18.47.29:971][321]LogModuleManager: Shutting down and abandoning module WindowsTargetPlatform (84)
[2018.09.09-18.47.29:971][321]LogModuleManager: Shutting down and abandoning module WindowsServerTargetPlatform (82)
[2018.09.09-18.47.29:971][321]LogModuleManager: Shutting down and abandoning module WindowsNoEditorTargetPlatform (80)
[2018.09.09-18.47.29:971][321]LogModuleManager: Shutting down and abandoning module WindowsClientTargetPlatform (78)
[2018.09.09-18.47.29:971][321]LogModuleManager: Shutting down and abandoning module MacTargetPlatform (76)
[2018.09.09-18.47.29:971][321]LogModuleManager: Shutting down and abandoning module MacServerTargetPlatform (74)
[2018.09.09-18.47.29:971][321]LogModuleManager: Shutting down and abandoning module MacNoEditorTargetPlatform (72)
[2018.09.09-18.47.29:971][321]LogModuleManager: Shutting down and abandoning module MacClientTargetPlatform (70)
[2018.09.09-18.47.29:971][321]LogModuleManager: Shutting down and abandoning module AllDesktopTargetPlatform (68)
[2018.09.09-18.47.29:971][321]LogModuleManager: Shutting down and abandoning module InputCore (65)
[2018.09.09-18.47.29:971][321]LogModuleManager: Shutting down and abandoning module Settings (63)
[2018.09.09-18.47.29:971][321]LogModuleManager: Shutting down and abandoning module PhysXCooking (61)
[2018.09.09-18.47.29:971][321]LogModuleManager: Shutting down and abandoning module SteamVR (58)
[2018.09.09-18.47.29:971][321]LogModuleManager: Shutting down and abandoning module OculusHMD (56)
[2018.09.09-18.47.29:971][321]LogModuleManager: Shutting down and abandoning module OnlineBlueprintSupport (54)
[2018.09.09-18.47.29:971][321]LogModuleManager: Shutting down and abandoning module OnlineSubsystem (50)
[2018.09.09-18.47.29:971][321]LogOnline: Display: OSS: FOnlineSubsystemNull::Shutdown()
[2018.09.09-18.47.29:971][321]LogOnline: Display: OSS: FOnlineAsyncTaskManager::Stop() ActiveTask:0000000000000000 Tasks[0/0]
[2018.09.09-18.47.29:984][321]LogOnline: Display: OSS: FOnlineAsyncTaskManager::Exit() started
[2018.09.09-18.47.29:984][321]LogOnline: Display: OSS: FOnlineAsyncTaskManager::Exit() finished
[2018.09.09-18.47.29:984][321]LogModuleManager: Shutting down and abandoning module XMPP (43)
[2018.09.09-18.47.29:984][321]LogModuleManager: Shutting down and abandoning module HTTP (41)
[2018.09.09-18.47.29:984][321]LogHttp: Display: Http module shutting down, but needs to wait on 1 outstanding Http requests:
[2018.09.09-18.47.29:984][321]LogHttp: Display: 	verb=[POST] url=[https://datarouter.ol.epicgames.com/datarouter/api/v1/public/data?SessionID=%7B597C2B90-45EA-A269-5EA3-BB831135D3D7%7D&AppID=UEEditor.Rocket.Release&AppVersion=4.19.2-4033788%2B%2B%2BUE4%2BRelease-4.19&UserID=f508e7534a02dd9ca3109aafdcb5f4fd%7C306c53d528b74223863a99035e76979a%7Ca5bf8f68-4c9d-43ae-8c4e-57f1f85bf672&AppEnvironment=datacollector-binary&UploadType=eteventstream] status=Processing
[2018.09.09-18.47.29:990][321]LogModuleManager: Shutting down and abandoning module SSL (40)
[2018.09.09-18.47.29:992][321]LogModuleManager: Shutting down and abandoning module AnimationModifiers (36)
[2018.09.09-18.47.29:993][321]LogModuleManager: Shutting down and abandoning module PropertyEditor (35)
[2018.09.09-18.47.29:993][321]LogModuleManager: Shutting down and abandoning module AudioEditor (32)
[2018.09.09-18.47.29:993][321]LogModuleManager: Shutting down and abandoning module TextureCompressor (30)
[2018.09.09-18.47.29:993][321]LogModuleManager: Shutting down and abandoning module ShaderCore (28)
[2018.09.09-18.47.29:993][321]LogModuleManager: Shutting down and abandoning module Landscape (26)
[2018.09.09-18.47.29:993][321]LogModuleManager: Shutting down and abandoning module SlateRHIRenderer (24)
[2018.09.09-18.47.29:994][321]LogModuleManager: Shutting down and abandoning module OpenGLDrv (22)
[2018.09.09-18.47.29:994][321]LogModuleManager: Shutting down and abandoning module D3D11RHI (20)
[2018.09.09-18.47.29:994][321]LogModuleManager: Shutting down and abandoning module AnimGraphRuntime (18)
[2018.09.09-18.47.29:994][321]LogModuleManager: Shutting down and abandoning module Renderer (16)
[2018.09.09-18.47.29:994][321]LogModuleManager: Shutting down and abandoning module Engine (14)
[2018.09.09-18.47.29:994][321]LogModuleManager: Shutting down and abandoning module CoreUObject (12)
[2018.09.09-18.47.29:995][321]LogModuleManager: Shutting down and abandoning module NetworkFile (10)
[2018.09.09-18.47.29:995][321]LogModuleManager: Shutting down and abandoning module CookedIterativeFile (8)
[2018.09.09-18.47.29:995][321]LogModuleManager: Shutting down and abandoning module StreamingFile (6)
[2018.09.09-18.47.29:995][321]LogModuleManager: Shutting down and abandoning module SandboxFile (4)
[2018.09.09-18.47.29:995][321]LogModuleManager: Shutting down and abandoning module PakFile (2)
[2018.09.09-18.47.30:005][321]LogExit: Exiting.
[2018.09.09-18.47.30:033][321]Log file closed, 09/09/18 13:47:30
