Log file open, 09/12/18 16:46:43
LogWindows: Failed to load 'aqProf.dll' (GetLastError=126)
LogWindows: File 'aqProf.dll' does not exist
LogWindows: Failed to load 'VtuneApi.dll' (GetLastError=126)
LogWindows: File 'VtuneApi.dll' does not exist
LogWindows: Failed to load 'VtuneApi32e.dll' (GetLastError=126)
LogWindows: File 'VtuneApi32e.dll' does not exist
LogInit: Display: Running engine for game: FPSPrototype
LogPlatformFile: Not using cached read wrapper
LogInit: Display: RandInit(1061575397) SRandInit(1061575397).
LogInit: Read version file with build ID '3944462'
LogInit: Overriding engine version to CL 4033788, compatible CL 3944462
LogInit: Registered custom module enumerator with build ID '3944462'
LogTaskGraph: Started task graph with 5 named threads and 23 total threads with 3 sets of task threads.
LogStats: Stats thread started at 0.301928
LogD3D11RHI: Aftermath initialized
LogICUInternationalization: Display: ICU TimeZone Detection - Raw Offset: -6:00, Platform Override: ''
LogModuleManager: Display: Found up-to-date module file ../../../Engine/Plugins/Runtime/ApexDestruction/Binaries/Win64/UE4Editor-ApexDestruction.dll (API version 3944462).
LogModuleManager: Display: Found up-to-date module file ../../../Engine/Plugins/Runtime/ApexDestruction/Binaries/Win64/UE4Editor-ApexDestructionEditor.dll (API version 3944462).
LogModuleManager: Display: Found up-to-date module file ../../../Engine/Plugins/Online/OnlineSubsystemSteam/Binaries/Win64/UE4Editor-OnlineSubsystemSteam.dll (API version 3944462).
LogModuleManager: Display: Found up-to-date module file ../../../Engine/Plugins/Online/OnlineSubsystem/Binaries/Win64/UE4Editor-OnlineSubsystem.dll (API version 3944462).
LogModuleManager: Display: Found up-to-date module file ../../../Engine/Plugins/Online/OnlineSubsystemUtils/Binaries/Win64/UE4Editor-OnlineSubsystemUtils.dll (API version 3944462).
LogModuleManager: Display: Found up-to-date module file ../../../Engine/Plugins/Online/OnlineSubsystemUtils/Binaries/Win64/UE4Editor-OnlineBlueprintSupport.dll (API version 3944462).
LogModuleManager: Display: Found up-to-date module file ../../../Engine/Plugins/Blendables/LightPropagationVolume/Binaries/Win64/UE4Editor-LightPropagationVolumeRuntime.dll (API version 3944462).
LogModuleManager: Display: Found up-to-date module file ../../../Engine/Plugins/Blendables/LightPropagationVolume/Binaries/Win64/UE4Editor-LightPropagationVolumeEditor.dll (API version 3944462).
LogModuleManager: Display: Found up-to-date module file ../../../Engine/Plugins/Developer/CLionSourceCodeAccess/Binaries/Win64/UE4Editor-CLionSourceCodeAccess.dll (API version 3944462).
LogModuleManager: Display: Found up-to-date module file ../../../Engine/Plugins/Developer/GitSourceControl/Binaries/Win64/UE4Editor-GitSourceControl.dll (API version 3944462).
LogModuleManager: Display: Found up-to-date module file ../../../Engine/Plugins/Developer/PerforceSourceControl/Binaries/Win64/UE4Editor-PerforceSourceControl.dll (API version 3944462).
LogModuleManager: Display: Found up-to-date module file ../../../Engine/Plugins/Developer/SubversionSourceControl/Binaries/Win64/UE4Editor-SubversionSourceControl.dll (API version 3944462).
LogModuleManager: Display: Found up-to-date module file ../../../Engine/Plugins/Developer/VisualStudioCodeSourceCodeAccess/Binaries/Win64/UE4Editor-VisualStudioCodeSourceCodeAccess.dll (API version 3944462).
LogModuleManager: Display: Found up-to-date module file ../../../Engine/Plugins/Developer/VisualStudioSourceCodeAccess/Binaries/Win64/UE4Editor-VisualStudioSourceCodeAccess.dll (API version 3944462).
LogModuleManager: Display: Found up-to-date module file ../../../Engine/Plugins/Editor/AssetManagerEditor/Binaries/Win64/UE4Editor-AssetManagerEditor.dll (API version 3944462).
LogModuleManager: Display: Found up-to-date module file ../../../Engine/Plugins/Editor/DataValidation/Binaries/Win64/UE4Editor-DataValidation.dll (API version 3944462).
LogModuleManager: Display: Found up-to-date module file ../../../Engine/Plugins/Editor/FacialAnimation/Binaries/Win64/UE4Editor-FacialAnimation.dll (API version 3944462).
LogModuleManager: Display: Found up-to-date module file ../../../Engine/Plugins/Editor/FacialAnimation/Binaries/Win64/UE4Editor-FacialAnimationEditor.dll (API version 3944462).
LogModuleManager: Display: Found up-to-date module file ../../../Engine/Plugins/Editor/GameplayTagsEditor/Binaries/Win64/UE4Editor-GameplayTagsEditor.dll (API version 3944462).
LogModuleManager: Display: Found up-to-date module file ../../../Engine/Plugins/Editor/MobileLauncherProfileWizard/Binaries/Win64/UE4Editor-MobileLauncherProfileWizard.dll (API version 3944462).
LogModuleManager: Display: Found up-to-date module file ../../../Engine/Plugins/Editor/PluginBrowser/Binaries/Win64/UE4Editor-PluginBrowser.dll (API version 3944462).
LogModuleManager: Display: Found up-to-date module file ../../../Engine/Plugins/Editor/SpeedTreeImporter/Binaries/Win64/UE4Editor-SpeedTreeImporter.dll (API version 3944462).
LogModuleManager: Display: Found up-to-date module file ../../../Engine/Plugins/Enterprise/DatasmithContent/Binaries/Win64/UE4Editor-DatasmithContent.dll (API version 3944462).
LogModuleManager: Display: Found up-to-date module file ../../../Engine/Plugins/Experimental/AlembicImporter/Binaries/Win64/UE4Editor-AlembicImporter.dll (API version 3944462).
LogModuleManager: Display: Found up-to-date module file ../../../Engine/Plugins/Experimental/AlembicImporter/Binaries/Win64/UE4Editor-AlembicLibrary.dll (API version 3944462).
LogModuleManager: Display: Found up-to-date module file ../../../Engine/Plugins/Experimental/CharacterAI/Binaries/Win64/UE4Editor-CharacterAI.dll (API version 3944462).
LogModuleManager: Display: Found up-to-date module file ../../../Engine/Plugins/Experimental/HTML5Networking/Binaries/Win64/UE4Editor-HTML5Networking.dll (API version 3944462).
LogModuleManager: Display: Found up-to-date module file ../../../Engine/Plugins/Media/AndroidMedia/Binaries/Win64/UE4Editor-AndroidMediaEditor.dll (API version 3944462).
LogModuleManager: Display: Found up-to-date module file ../../../Engine/Plugins/Media/AndroidMedia/Binaries/Win64/UE4Editor-AndroidMediaFactory.dll (API version 3944462).
LogModuleManager: Display: Found up-to-date module file ../../../Engine/Plugins/Media/AvfMedia/Binaries/Win64/UE4Editor-AvfMediaEditor.dll (API version 3944462).
LogModuleManager: Display: Found up-to-date module file ../../../Engine/Plugins/Media/AvfMedia/Binaries/Win64/UE4Editor-AvfMediaFactory.dll (API version 3944462).
LogModuleManager: Display: Found up-to-date module file ../../../Engine/Plugins/Media/AvfMedia/Binaries/Win64/UE4Editor-AvfMediaFactory.dll (API version 3944462).
LogModuleManager: Display: Found up-to-date module file ../../../Engine/Plugins/Media/ImgMedia/Binaries/Win64/UE4Editor-ImgMedia.dll (API version 3944462).
LogModuleManager: Display: Found up-to-date module file ../../../Engine/Plugins/Media/ImgMedia/Binaries/Win64/UE4Editor-ImgMediaEditor.dll (API version 3944462).
LogModuleManager: Display: Found up-to-date module file ../../../Engine/Plugins/Media/ImgMedia/Binaries/Win64/UE4Editor-ImgMediaFactory.dll (API version 3944462).
LogModuleManager: Display: Found up-to-date module file ../../../Engine/Plugins/Media/ImgMedia/Binaries/Win64/UE4Editor-ImgMediaFactory.dll (API version 3944462).
LogModuleManager: Display: Found up-to-date module file ../../../Engine/Plugins/Media/ImgMedia/Binaries/Win64/UE4Editor-OpenExrWrapper.dll (API version 3944462).
LogModuleManager: Display: Found up-to-date module file ../../../Engine/Plugins/Media/LinearTimecode/Binaries/Win64/UE4Editor-LinearTimecode.dll (API version 3944462).
LogModuleManager: Display: Found up-to-date module file ../../../Engine/Plugins/Media/MediaCompositing/Binaries/Win64/UE4Editor-MediaCompositing.dll (API version 3944462).
LogModuleManager: Display: Found up-to-date module file ../../../Engine/Plugins/Media/MediaCompositing/Binaries/Win64/UE4Editor-MediaCompositingEditor.dll (API version 3944462).
LogModuleManager: Display: Found up-to-date module file ../../../Engine/Plugins/Media/MediaPlayerEditor/Binaries/Win64/UE4Editor-MediaPlayerEditor.dll (API version 3944462).
LogModuleManager: Display: Found up-to-date module file ../../../Engine/Plugins/Media/WmfMedia/Binaries/Win64/UE4Editor-WmfMedia.dll (API version 3944462).
LogModuleManager: Display: Found up-to-date module file ../../../Engine/Plugins/Media/WmfMedia/Binaries/Win64/UE4Editor-WmfMediaEditor.dll (API version 3944462).
LogModuleManager: Display: Found up-to-date module file ../../../Engine/Plugins/Media/WmfMedia/Binaries/Win64/UE4Editor-WmfMediaFactory.dll (API version 3944462).
LogModuleManager: Display: Found up-to-date module file ../../../Engine/Plugins/Media/WmfMedia/Binaries/Win64/UE4Editor-WmfMediaFactory.dll (API version 3944462).
LogModuleManager: Display: Found up-to-date module file ../../../Engine/Plugins/Messaging/TcpMessaging/Binaries/Win64/UE4Editor-TcpMessaging.dll (API version 3944462).
LogModuleManager: Display: Found up-to-date module file ../../../Engine/Plugins/Messaging/UdpMessaging/Binaries/Win64/UE4Editor-UdpMessaging.dll (API version 3944462).
LogModuleManager: Display: Found up-to-date module file ../../../Engine/Plugins/MovieScene/ActorSequence/Binaries/Win64/UE4Editor-ActorSequence.dll (API version 3944462).
LogModuleManager: Display: Found up-to-date module file ../../../Engine/Plugins/MovieScene/LevelSequenceEditor/Binaries/Win64/UE4Editor-LevelSequenceEditor.dll (API version 3944462).
LogModuleManager: Display: Found up-to-date module file ../../../Engine/Plugins/MovieScene/MatineeToLevelSequence/Binaries/Win64/UE4Editor-MatineeToLevelSequence.dll (API version 3944462).
LogModuleManager: Display: Found up-to-date module file ../../../Engine/Plugins/NetcodeUnitTest/NetcodeUnitTest/Binaries/Win64/UE4Editor-NetcodeUnitTest.dll (API version 3944462).
LogModuleManager: Display: Found up-to-date module file ../../../Engine/Plugins/NetcodeUnitTest/NUTUnrealEngine4/Binaries/Win64/UE4Editor-NUTUnrealEngine4.dll (API version 3944462).
LogModuleManager: Display: Found up-to-date module file ../../../Engine/Plugins/Online/OnlineSubsystemNull/Binaries/Win64/UE4Editor-OnlineSubsystemNull.dll (API version 3944462).
LogModuleManager: Display: Found up-to-date module file ../../../Engine/Plugins/Runtime/ArchVisCharacter/Binaries/Win64/UE4Editor-ArchVisCharacter.dll (API version 3944462).
LogModuleManager: Display: Found up-to-date module file ../../../Engine/Plugins/Runtime/AudioCapture/Binaries/Win64/UE4Editor-AudioCapture.dll (API version 3944462).
LogModuleManager: Display: Found up-to-date module file ../../../Engine/Plugins/Runtime/AudioCapture/Binaries/Win64/UE4Editor-AudioCaptureEditor.dll (API version 3944462).
LogModuleManager: Display: Found up-to-date module file ../../../Engine/Plugins/Runtime/CableComponent/Binaries/Win64/UE4Editor-CableComponent.dll (API version 3944462).
LogModuleManager: Display: Found up-to-date module file ../../../Engine/Plugins/Runtime/CustomMeshComponent/Binaries/Win64/UE4Editor-CustomMeshComponent.dll (API version 3944462).
LogModuleManager: Display: Found up-to-date module file ../../../Engine/Plugins/Runtime/ImmediatePhysics/Binaries/Win64/UE4Editor-ImmediatePhysics.dll (API version 3944462).
LogModuleManager: Display: Found up-to-date module file ../../../Engine/Plugins/Runtime/ImmediatePhysics/Binaries/Win64/UE4Editor-ImmediatePhysicsEditor.dll (API version 3944462).
LogModuleManager: Display: Found up-to-date module file ../../../Engine/Plugins/Runtime/LocationServicesBPLibrary/Binaries/Win64/UE4Editor-LocationServicesBPLibrary.dll (API version 3944462).
LogModuleManager: Display: Found up-to-date module file ../../../Engine/Plugins/Runtime/Oculus/OculusVR/Binaries/Win64/UE4Editor-OculusHMD.dll (API version 3944462).
LogModuleManager: Display: Found up-to-date module file ../../../Engine/Plugins/Runtime/Oculus/OculusVR/Binaries/Win64/UE4Editor-OculusInput.dll (API version 3944462).
LogModuleManager: Display: Found up-to-date module file ../../../Engine/Plugins/Runtime/Oculus/OculusVR/Binaries/Win64/UE4Editor-OculusEditor.dll (API version 3944462).
LogModuleManager: Display: Found up-to-date module file ../../../Engine/Plugins/Runtime/PhysXVehicles/Binaries/Win64/UE4Editor-PhysXVehicles.dll (API version 3944462).
LogModuleManager: Display: Found up-to-date module file ../../../Engine/Plugins/Runtime/PhysXVehicles/Binaries/Win64/UE4Editor-PhysXVehiclesEditor.dll (API version 3944462).
LogModuleManager: Display: Found up-to-date module file ../../../Engine/Plugins/Runtime/ProceduralMeshComponent/Binaries/Win64/UE4Editor-ProceduralMeshComponent.dll (API version 3944462).
LogModuleManager: Display: Found up-to-date module file ../../../Engine/Plugins/Runtime/ProceduralMeshComponent/Binaries/Win64/UE4Editor-ProceduralMeshComponentEditor.dll (API version 3944462).
LogModuleManager: Display: Found up-to-date module file ../../../Engine/Plugins/Runtime/RuntimePhysXCooking/Binaries/Win64/UE4Editor-RuntimePhysXCooking.dll (API version 3944462).
LogModuleManager: Display: Found up-to-date module file ../../../Engine/Plugins/Runtime/Steam/SteamVR/Binaries/Win64/UE4Editor-SteamVR.dll (API version 3944462).
LogModuleManager: Display: Found up-to-date module file ../../../Engine/Plugins/Runtime/Steam/SteamVR/Binaries/Win64/UE4Editor-SteamVRController.dll (API version 3944462).
LogModuleManager: Display: Found up-to-date module file ../../../Engine/Plugins/Runtime/WindowsMoviePlayer/Binaries/Win64/UE4Editor-WindowsMoviePlayer.dll (API version 3944462).
LogModuleManager: Display: Found up-to-date module file ../../../../../Users/Joe/Desktop/Github/gamefps/fps-proto/Plugins/AdvancedSessions/Binaries/Win64/UE4Editor-AdvancedSessions.dll (API version 3944462).
LogModuleManager: Display: Found up-to-date module file ../../../../../Users/Joe/Desktop/Github/gamefps/fps-proto/Plugins/AdvancedSteamSessions/Binaries/Win64/UE4Editor-AdvancedSteamSessions.dll (API version 3944462).
LogPluginManager: Mounting plugin LightPropagationVolume
LogPluginManager: Mounting plugin CLionSourceCodeAccess
LogPluginManager: Mounting plugin CodeLiteSourceCodeAccess
LogPluginManager: Mounting plugin GitSourceControl
LogPluginManager: Mounting plugin KDevelopSourceCodeAccess
LogPluginManager: Mounting plugin NullSourceCodeAccess
LogPluginManager: Mounting plugin PerforceSourceControl
LogPluginManager: Mounting plugin SubversionSourceControl
LogPluginManager: Mounting plugin VisualStudioCodeSourceCodeAccess
LogPluginManager: Mounting plugin VisualStudioSourceCodeAccess
LogPluginManager: Mounting plugin XCodeSourceCodeAccess
LogPluginManager: Mounting plugin AssetManagerEditor
LogPluginManager: Mounting plugin DataValidation
LogPluginManager: Mounting plugin FacialAnimation
LogPluginManager: Mounting plugin GameplayTagsEditor
LogPluginManager: Mounting plugin MobileLauncherProfileWizard
LogPluginManager: Mounting plugin PluginBrowser
LogPluginManager: Mounting plugin SpeedTreeImporter
LogPluginManager: Mounting plugin DatasmithContent
LogPluginManager: Mounting plugin AlembicImporter
LogPluginManager: Mounting plugin CharacterAI
LogPluginManager: Mounting plugin HTML5Networking
LogPluginManager: Mounting plugin AndroidMedia
LogPluginManager: Mounting plugin AvfMedia
LogPluginManager: Mounting plugin ImgMedia
LogPluginManager: Mounting plugin LinearTimecode
LogPluginManager: Mounting plugin MediaCompositing
LogPluginManager: Mounting plugin MediaPlayerEditor
LogPluginManager: Mounting plugin WmfMedia
LogPluginManager: Mounting plugin TcpMessaging
LogPluginManager: Mounting plugin UdpMessaging
LogPluginManager: Mounting plugin ActorSequence
LogPluginManager: Mounting plugin LevelSequenceEditor
LogPluginManager: Mounting plugin MatineeToLevelSequence
LogPluginManager: Mounting plugin NetcodeUnitTest
LogPluginManager: Mounting plugin NUTUnrealEngine4
LogPluginManager: Mounting plugin OnlineSubsystemIOS
LogPluginManager: Mounting plugin OnlineSubsystem
LogPluginManager: Mounting plugin OnlineSubsystemNull
LogPluginManager: Mounting plugin OnlineSubsystemSteam
LogPluginManager: Mounting plugin OnlineSubsystemUtils
LogPluginManager: Mounting plugin ApexDestruction
LogPluginManager: Mounting plugin ArchVisCharacter
LogPluginManager: Mounting plugin AudioCapture
LogPluginManager: Mounting plugin CableComponent
LogPluginManager: Mounting plugin CustomMeshComponent
LogPluginManager: Mounting plugin ImmediatePhysics
LogPluginManager: Mounting plugin LocationServicesBPLibrary
LogPluginManager: Mounting plugin OculusVR
LogPluginManager: Plugin shader directory ../../../Engine/Plugins/Runtime/Oculus/OculusVR/Shaders found
LogPluginManager: Mapping shader source directory ../../../Engine/Plugins/Runtime/Oculus/OculusVR/Shaders to virtual directory /Plugin/OculusVR
LogPluginManager: Mounting plugin PhysXVehicles
LogPluginManager: Mounting plugin ProceduralMeshComponent
LogPluginManager: Mounting plugin RuntimePhysXCooking
LogPluginManager: Mounting plugin SteamVR
LogPluginManager: Mounting plugin WindowsMoviePlayer
LogPluginManager: Mounting plugin AdvancedSessions
LogPluginManager: Mounting plugin AdvancedSteamSessions
LogStreaming: Display: Took  1.630s to configure plugins.
LogInit: Using libcurl 7.47.1
LogInit:  - built for x86_64-pc-win32
LogInit:  - supports SSL with OpenSSL/1.0.2g
LogInit:  - supports HTTP deflate (compression) using libz 1.2.8
LogInit:  - other features:
LogInit:      CURL_VERSION_SSL
LogInit:      CURL_VERSION_LIBZ
LogInit:      CURL_VERSION_IPV6
LogInit:      CURL_VERSION_ASYNCHDNS
LogInit:      CURL_VERSION_LARGEFILE
LogInit:      CURL_VERSION_IDN
LogInit:  CurlRequestOptions (configurable via config and command line):
LogInit:  - bVerifyPeer = false  - Libcurl will NOT verify peer certificate
LogInit:  - bUseHttpProxy = false  - Libcurl will NOT use HTTP proxy
LogInit:  - bDontReuseConnections = false  - Libcurl will reuse connections
LogInit:  - CertBundlePath = nullptr  - Libcurl will use whatever was configured at build time.
LogInit:  - MaxHostConnections = 16  - Libcurl will limit the number of connections to a host
LogInit:  - LocalHostAddr = Default
LogOnline: Display: STEAM: Loading Steam SDK 1.39
LogOnline: Warning: STEAM: Steam API disabled!
LogOnline: Display: STEAM: OnlineSubsystemSteam::Shutdown()
LogInit: WinSock: version 1.1 (2.2), MaxSocks=32767, MaxUdp=65467
LogInit: Build: ++UE4+Release-4.19-CL-4033788
LogInit: Engine Version: 4.19.2-4033788+++UE4+Release-4.19
LogInit: Compatible Engine Version: 4.19.0-3944462+++UE4+Release-4.19
LogInit: Net CL: 3944462
LogDevObjectVersion: Number of dev versions registered: 18
LogDevObjectVersion:   Dev-Blueprints (B0D832E4-1F89-4F0D-ACCF-7EB736FD4AA2): 10
LogDevObjectVersion:   Dev-Build (E1C64328-A22C-4D53-A36C-8E866417BD8C): 0
LogDevObjectVersion:   Dev-Core (375EC13C-06E4-48FB-B500-84F0262A717E): 2
LogDevObjectVersion:   Dev-Editor (E4B068ED-F494-42E9-A231-DA0B2E46BB41): 23
LogDevObjectVersion:   Dev-Framework (CFFC743F-43B0-4480-9391-14DF171D2073): 33
LogDevObjectVersion:   Dev-Mobile (B02B49B5-BB20-44E9-A304-32B752E40360): 2
LogDevObjectVersion:   Dev-Networking (A4E4105C-59A1-49B5-A7C5-40C4547EDFEE): 0
LogDevObjectVersion:   Dev-Online (39C831C9-5AE6-47DC-9A44-9C173E1C8E7C): 0
LogDevObjectVersion:   Dev-Physics (78F01B33-EBEA-4F98-B9B4-84EACCB95AA2): 0
LogDevObjectVersion:   Dev-Platform (6631380F-2D4D-43E0-8009-CF276956A95A): 0
LogDevObjectVersion:   Dev-Rendering (12F88B9F-8875-4AFC-A67C-D90C383ABD29): 25
LogDevObjectVersion:   Dev-Sequencer (7B5AE74C-D270-4C10-A958-57980B212A5A): 6
LogDevObjectVersion:   Dev-VR (D7296918-1DD6-4BDD-9DE2-64A83CC13884): 1
LogDevObjectVersion:   Dev-LoadTimes (C2A15278-BFE7-4AFE-6C17-90FF531DF755): 1
LogDevObjectVersion:   Private-Geometry (6EACA3D4-40EC-4CC1-B786-8BED09428FC5): 2
LogDevObjectVersion:   Dev-AnimPhys (29E575DD-E0A3-4627-9D10-D276232CDCEA): 16
LogDevObjectVersion:   Dev-ReflectionCapture (6B266CEC-1EC7-4B8F-A30B-E4D90942FC07): 1
LogDevObjectVersion:   Dev-Automation (0DF73D61-A23F-47EA-B727-89E90C41499A): 1
LogInit: Compiled (64-bit): Apr 27 2018 02:06:57
LogInit: Compiled with Visual C++: 19.00.24215.01
LogInit: Build Configuration: Development
LogInit: Branch Name: ++UE4+Release-4.19
LogInit: Command Line:  
LogInit: Base Directory: C:/Program Files/UE_4.19/Engine/Binaries/Win64/
LogInit: Installed Engine Build: 1
LogStreaming: Display: Took  0.056s to delete old logs.
LogInit: Presizing for max 8388607 objects, including 0 objects not considered by GC, pre-allocating 0 bytes for permanent pool.
LogInit: Object subsystem initialized
[2018.09.12-21.46.46:598][  0]LogModuleManager: Warning: No filename provided for module ExampleDeviceProfileSelector
[2018.09.12-21.46.46:598][  0]LogModuleManager: Warning: ModuleManager: Unable to load module 'ExampleDeviceProfileSelector' because the file 'C:/Program Files/UE_4.19/Engine/Binaries/Win64/' was not found.
[2018.09.12-21.46.46:599][  0]LogInit: Applying CVar settings loaded from the selected device profile: [Windows]
[2018.09.12-21.46.46:716][  0]LogInit: Computer: DESKTOP-OKQS3QU
[2018.09.12-21.46.46:716][  0]LogInit: User: Joe
[2018.09.12-21.46.46:716][  0]LogInit: CPU Page size=4096, Cores=4
[2018.09.12-21.46.46:716][  0]LogInit: High frequency timer resolution =4.101572 MHz
[2018.09.12-21.46.46:717][  0]LogMemory: Memory total: Physical=8.0GB (8GB approx)
[2018.09.12-21.46.46:717][  0]LogMemory: Platform Memory Stats for Windows
[2018.09.12-21.46.46:717][  0]LogMemory: Process Physical Memory: 275.82 MB used, 275.82 MB peak
[2018.09.12-21.46.46:717][  0]LogMemory: Process Virtual Memory: 276.82 MB used, 276.82 MB peak
[2018.09.12-21.46.46:717][  0]LogMemory: Physical Memory: 5131.23 MB used,  3020.54 MB free, 8151.77 MB total
[2018.09.12-21.46.46:717][  0]LogMemory: Virtual Memory: 4807.51 MB used,  3020.54 MB free, 134217728.00 MB total
[2018.09.12-21.46.47:086][  0]LogInit: Using OS detected language (en-US).
[2018.09.12-21.46.47:086][  0]LogInit: Using OS detected locale (en-US).
[2018.09.12-21.46.47:340][  0]LogTextLocalizationManager: No specific localization for 'en-US' exists, so the 'en' localization will be used.
[2018.09.12-21.46.48:005][  0]LogStreaming: Display: Took  0.929s to EndInitTextLocalization.
[2018.09.12-21.46.48:006][  0]LogInit: Setting process to per monitor DPI aware
[2018.09.12-21.46.49:010][  0]LogSlate: New Slate User Created.  User Index 0, Is Virtual User: 0
[2018.09.12-21.46.49:010][  0]LogSlate: Slate User Registered.  User Index 0, Is Virtual User: 0
[2018.09.12-21.46.52:224][  0]LogD3D11RHI: D3D11 adapters:
[2018.09.12-21.46.52:325][  0]LogD3D11RHI:    0. 'NVIDIA GeForce GTX 1050' (Feature Level 11_0)
[2018.09.12-21.46.52:325][  0]LogD3D11RHI:       1977/0/4075 MB DedicatedVideo/DedicatedSystem/SharedSystem, Outputs:2, VendorId:0x10de
[2018.09.12-21.46.52:326][  0]LogD3D11RHI:    1. 'Microsoft Basic Render Driver' (Feature Level 11_0)
[2018.09.12-21.46.52:326][  0]LogD3D11RHI:       0/0/4075 MB DedicatedVideo/DedicatedSystem/SharedSystem, Outputs:0, VendorId:0x1414
[2018.09.12-21.46.52:326][  0]LogD3D11RHI: Chosen D3D11 Adapter: 0
[2018.09.12-21.46.52:350][  0]LogD3D11RHI: Creating new Direct3DDevice
[2018.09.12-21.46.52:350][  0]LogD3D11RHI:     GPU DeviceId: 0x1c81 (for the marketing name, search the web for "GPU Device Id")
[2018.09.12-21.46.52:350][  0]LogWindows: EnumDisplayDevices:
[2018.09.12-21.46.52:350][  0]LogWindows:    0. 'NVIDIA GeForce GTX 1050' (P:1 D:1)
[2018.09.12-21.46.52:350][  0]LogWindows:    1. 'NVIDIA GeForce GTX 1050' (P:0 D:1)
[2018.09.12-21.46.52:350][  0]LogWindows:    2. 'NVIDIA GeForce GTX 1050' (P:0 D:0)
[2018.09.12-21.46.52:350][  0]LogWindows:    3. 'NVIDIA GeForce GTX 1050' (P:0 D:0)
[2018.09.12-21.46.52:350][  0]LogWindows: DebugString: GetVideoDriverDetailsInvalid PrimaryIsNotTheChoosenAdapter GetVideoDriverDetailsInvalid PrimaryIsNotTheChoosenAdapter GetVideoDriverDetailsInvalid PrimaryIsNotTheChoosenAdapter GetVideoDriverDetailsInvalid PrimaryIsNotTheChoosenAdapter FoundDriverCount:0 
[2018.09.12-21.46.52:350][  0]LogD3D11RHI:     Adapter Name: NVIDIA GeForce GTX 1050
[2018.09.12-21.46.52:350][  0]LogD3D11RHI:   Driver Version: Unknown (internal:Unknown, unified:Unknown)
[2018.09.12-21.46.52:350][  0]LogD3D11RHI:      Driver Date: Unknown
[2018.09.12-21.46.52:351][  0]LogRHI: Texture pool is 1384 MB (70% of 1977 MB)
[2018.09.12-21.46.52:462][  0]LogD3D11RHI: [Aftermath] Aftermath enabled and primed
[2018.09.12-21.46.52:462][  0]LogD3D11RHI: [Aftermath] Aftermath enabled and primed
[2018.09.12-21.46.52:462][  0]LogD3D11RHI: Async texture creation enabled
[2018.09.12-21.46.52:604][  0]LogD3D11RHI: GPU Timing Frequency: 1000.000000 (Debug: 2 4)
[2018.09.12-21.46.52:762][  0]LogShaderCompilers: Guid format shader working directory is -14 characters bigger than the processId version (../../../../../Users/Joe/Desktop/Github/gamefps/fps-proto/Intermediate/Shaders/WorkingDirectory/25420/).
[2018.09.12-21.46.52:777][  0]LogShaderCompilers: Cleaned the shader compiler working directory 'C:/Users/Joe/AppData/Local/Temp/UnrealShaderWorkingDir/FAF8220C4F5BDF8B877C8D9D4BFAFE66/'.
[2018.09.12-21.46.54:005][  0]LogTemp: Display: Loaded TP AllDesktopTargetPlatform
[2018.09.12-21.46.54:016][  0]LogTemp: Display: Loaded TP MacClientTargetPlatform
[2018.09.12-21.46.54:028][  0]LogTemp: Display: Loaded TP MacNoEditorTargetPlatform
[2018.09.12-21.46.54:040][  0]LogTemp: Display: Loaded TP MacServerTargetPlatform
[2018.09.12-21.46.54:060][  0]LogTemp: Display: Loaded TP MacTargetPlatform
[2018.09.12-21.46.54:072][  0]LogTemp: Display: Loaded TP WindowsClientTargetPlatform
[2018.09.12-21.46.54:085][  0]LogTemp: Display: Loaded TP WindowsNoEditorTargetPlatform
[2018.09.12-21.46.54:100][  0]LogTemp: Display: Loaded TP WindowsServerTargetPlatform
[2018.09.12-21.46.54:107][  0]LogTemp: Display: Loaded TP WindowsTargetPlatform
[2018.09.12-21.46.54:121][  0]LogTemp: Display: Loaded TP Android_ASTCTargetPlatform
[2018.09.12-21.46.54:133][  0]LogTemp: Display: Loaded TP Android_ATCTargetPlatform
[2018.09.12-21.46.54:144][  0]LogTemp: Display: Loaded TP Android_DXTTargetPlatform
[2018.09.12-21.46.54:155][  0]LogTemp: Display: Loaded TP Android_ETC1aTargetPlatform
[2018.09.12-21.46.54:167][  0]LogTemp: Display: Loaded TP Android_ETC1TargetPlatform
[2018.09.12-21.46.54:179][  0]LogTemp: Display: Loaded TP Android_ETC2TargetPlatform
[2018.09.12-21.46.54:201][  0]LogTemp: Display: Loaded TP Android_MultiTargetPlatform
[2018.09.12-21.46.54:201][  0]LogTemp: Display: Loaded TP Android_PVRTCTargetPlatform
[2018.09.12-21.46.54:256][  0]LogTemp: Display: Loaded TP AndroidTargetPlatform
[2018.09.12-21.46.54:258][  0]LogTemp: Display: Loaded TP HTML5TargetPlatform
[2018.09.12-21.46.54:358][  0]LogTemp: Display: Loaded TP IOSTargetPlatform
[2018.09.12-21.46.54:368][  0]LogTemp: Display: Loaded TP TVOSTargetPlatform
[2018.09.12-21.46.54:379][  0]LogTemp: Display: Loaded TP LinuxClientTargetPlatform
[2018.09.12-21.46.54:390][  0]LogTemp: Display: Loaded TP LinuxNoEditorTargetPlatform
[2018.09.12-21.46.54:407][  0]LogTemp: Display: Loaded TP LinuxServerTargetPlatform
[2018.09.12-21.46.54:433][  0]LogTemp: Display: Loaded TP LinuxTargetPlatform
[2018.09.12-21.46.54:433][  0]LogTargetPlatformManager: Display: Building Assets For Windows
[2018.09.12-21.46.54:953][  0]LogXGEController: Cleaning working directory: C:/Users/Joe/AppData/Local/Temp/UnrealXGEWorkingDir/
[2018.09.12-21.46.54:954][  0]LogXGEController: Cannot use XGE Controller as Incredibuild is not installed on this machine.
[2018.09.12-21.46.54:954][  0]LogShaderCompilers: Cannot use XGE Shader Compiler as Incredibuild is not installed on this machine.
[2018.09.12-21.46.54:954][  0]LogShaderCompilers: Display: Using Local Shader Compiler.
[2018.09.12-21.46.56:344][  0]LogDerivedDataCache: Display: Max Cache Size: 512 MB
[2018.09.12-21.46.57:011][  0]LogDerivedDataCache: Loaded boot cache 0.65s 75MB C:/Users/Joe/AppData/Local/UnrealEngine/4.19/DerivedDataCache/Boot.ddc.
[2018.09.12-21.46.57:011][  0]LogDerivedDataCache: Display: Loaded Boot cache: C:/Users/Joe/AppData/Local/UnrealEngine/4.19/DerivedDataCache/Boot.ddc
[2018.09.12-21.46.57:011][  0]LogDerivedDataCache: FDerivedDataBackendGraph:  Pak pak cache file ../../../../../Users/Joe/Desktop/Github/gamefps/fps-proto/DerivedDataCache/DDC.ddp not found, will not use a pak cache.
[2018.09.12-21.46.57:011][  0]LogDerivedDataCache: Unable to find inner node Pak for hierarchical cache Hierarchy.
[2018.09.12-21.46.57:011][  0]LogDerivedDataCache: FDerivedDataBackendGraph:  CompressedPak pak cache file ../../../../../Users/Joe/Desktop/Github/gamefps/fps-proto/DerivedDataCache/Compressed.ddp not found, will not use a pak cache.
[2018.09.12-21.46.57:011][  0]LogDerivedDataCache: Unable to find inner node CompressedPak for hierarchical cache Hierarchy.
[2018.09.12-21.46.57:061][  0]LogDerivedDataCache: Display: Pak cache opened for reading ../../../Engine/DerivedDataCache/Compressed.ddp.
[2018.09.12-21.46.57:090][  0]LogDerivedDataCache: Using Local data cache path C:/Users/Joe/AppData/Local/UnrealEngine/Common/DerivedDataCache: Writable
[2018.09.12-21.46.57:090][  0]LogDerivedDataCache: Shared data cache path not found in *engine.ini, will not use an Shared cache.
[2018.09.12-21.46.57:090][  0]LogDerivedDataCache: Unable to find inner node Shared for hierarchical cache Hierarchy.
[2018.09.12-21.46.57:180][  0]LogMaterial: Verifying Global Shaders for PCD3D_SM5
[2018.09.12-21.46.57:205][  0]LogSlate: Using Freetype 2.6.0
[2018.09.12-21.46.57:265][  0]LogSlate: SlateFontCache - WITH_FREETYPE: 1, WITH_HARFBUZZ: 1
[2018.09.12-21.46.57:265][  0]LogSlate: SlateFontCache - WITH_FREETYPE: 1, WITH_HARFBUZZ: 1
[2018.09.12-21.47.01:387][  0]LogAssetRegistry: FAssetRegistry took 0.0314 seconds to start up
[2018.09.12-21.47.06:592][  0]LogModuleManager: Warning: No filename provided for module ExampleDeviceProfileSelector
[2018.09.12-21.47.06:592][  0]LogModuleManager: Warning: ModuleManager: Unable to load module 'ExampleDeviceProfileSelector' because the file 'C:/Program Files/UE_4.19/Engine/Binaries/Win64/' was not found.
[2018.09.12-21.47.08:900][  0]LogSimplygon: Simplygon DLL not present - disabling.
[2018.09.12-21.47.09:041][  0]LogMeshReduction: Using SimplygonSwarm for distributed automatic mesh merging
[2018.09.12-21.47.09:042][  0]LogMeshReduction: Using QuadricMeshReduction for automatic static mesh reduction
[2018.09.12-21.47.09:042][  0]LogMeshReduction: No automatic skeletal mesh reduction module available
[2018.09.12-21.47.09:042][  0]LogMeshReduction: No automatic mesh merging module available
[2018.09.12-21.47.09:042][  0]LogMeshMerging: No automatic mesh merging module available
[2018.09.12-21.47.09:513][  0]LogNetVersion: FPSPrototype , NetCL: 3944462, EngineNetVer: 2, GameNetVer: 0 (Checksum: 1221512049)
[2018.09.12-21.47.13:684][  0]LogPackageLocalizationCache: Processed 6 localized package path(s) for 2 prioritized culture(s) in 0.163396 seconds
[2018.09.12-21.47.13:700][  0]LogUObjectArray: 36343 objects as part of root set at end of initial load.
[2018.09.12-21.47.13:700][  0]LogUObjectAllocator: 7451104 out of 0 bytes used by permanent object pool.
[2018.09.12-21.47.13:700][  0]LogUObjectArray: CloseDisregardForGC: 0/0 objects in disregard for GC pool
[2018.09.12-21.47.34:634][  0]LogTcpMessaging: Initializing TcpMessaging bridge
[2018.09.12-21.47.34:704][  0]LogUdpMessaging: Initializing bridge on interface 0.0.0.0:0 to multicast group 230.0.0.1:6666.
[2018.09.12-21.47.35:569][  0]SourceControl: Source control is disabled
[2018.09.12-21.47.35:569][  0]SourceControl: Source control is disabled
[2018.09.12-21.47.35:646][  0]SourceControl: Source control is disabled
[2018.09.12-21.47.35:671][  0]SourceControl: Source control is disabled
[2018.09.12-21.47.36:842][  0]LogOcInput: OculusInput pre-init called
[2018.09.12-21.47.37:401][  0]LogEngine: Initializing Engine...
[2018.09.12-21.47.37:451][  0]LogHMD: Failed to initialize OpenVR with code 110
[2018.09.12-21.47.37:460][  0]LogStats: UGameplayTagsManager::ConstructGameplayTagTree: Construct from data asset -  0.000 s
[2018.09.12-21.47.37:461][  0]LogStats: UGameplayTagsManager::ConstructGameplayTagTree: GameplayTagTreeChangedEvent.Broadcast -  0.000 s
[2018.09.12-21.47.38:516][  0]LogAIModule: Creating AISystem for world Untitled
[2018.09.12-21.47.38:609][  0]LogInit: XAudio2 using 'Speakers (Ear Force Stealth 400)' : 2 channels at 48 kHz using 16 bits per sample (channel mask 0x3)
[2018.09.12-21.47.38:620][  0]LogInit: FAudioDevice initialized.
[2018.09.12-21.47.38:827][  0]LogDerivedDataCache: Saved boot cache 0.15s 75MB C:/Users/Joe/AppData/Local/UnrealEngine/4.19/DerivedDataCache/Boot.ddc.
[2018.09.12-21.47.38:833][  0]LogInit: Texture streaming: Enabled
[2018.09.12-21.47.38:988][  0]LogEngineSessionManager: EngineSessionManager initialized
[2018.09.12-21.47.39:125][  0]LogInit: Transaction tracking system initialized
[2018.09.12-21.47.39:451][  0]BlueprintLog: New page: Editor Load
[2018.09.12-21.47.40:261][  0]LocalizationService: Localization service is disabled
[2018.09.12-21.47.40:905][  0]LogConsoleResponse: Display: 
[2018.09.12-21.47.44:336][  0]LogFileCache: Scanning file cache for directory 'C:/Users/Joe/Desktop/Github/gamefps/fps-proto/Content/' took 0.14s
[2018.09.12-21.47.44:337][  0]LogCook: Display: Max memory allowance for cook 16384mb min free memory 0mb
[2018.09.12-21.47.44:372][  0]LogCook: Display: Mobile HDR setting 1
[2018.09.12-21.47.44:372][  0]LogGameplayTags: Display: UGameplayTagsManager::DoneAddingNativeTags. DelegateIsBound: 0
[2018.09.12-21.47.44:372][  0]LogStats: UGameplayTagsManager::ConstructGameplayTagTree: Construct from data asset -  0.000 s
[2018.09.12-21.47.44:372][  0]LogStats: UGameplayTagsManager::ConstructGameplayTagTree: GameplayTagTreeChangedEvent.Broadcast -  0.000 s
[2018.09.12-21.47.47:638][  0]SourceControl: Source control is disabled
[2018.09.12-21.47.47:655][  0]Cmd: MAP LOAD FILE="../../../../../Users/Joe/Desktop/Github/gamefps/fps-proto/Content/Blueprints/Levels/Main_menu.umap" TEMPLATE=0 SHOWPROGRESS=1 FEATURELEVEL=3
[2018.09.12-21.47.47:655][  0]LightingResults: New page: Lighting Build
[2018.09.12-21.47.47:710][  0]MapCheck: New page: Map Check
[2018.09.12-21.47.47:711][  0]LightingResults: New page: Lighting Build
[2018.09.12-21.47.48:025][  0]LogUObjectGlobals: Created PersistentFrame Addr=0x00000225202b9f00, Size=728, Default__Rifleman_Character_C Function /Game/Blueprints/Characters/Rifleman_Character.Rifleman_Character_C:ExecuteUbergraph_Rifleman_Character
[2018.09.12-21.47.48:179][  0]LogUObjectGlobals: Created PersistentFrame Addr=0x0000022518c36c00, Size=560, Default__GameInfoInstance_C Function /Game/Blueprints/AllLevels/GameInfoInstance.GameInfoInstance_C:ExecuteUbergraph_GameInfoInstance
[2018.09.12-21.47.48:193][  0]LogUObjectGlobals: Created PersistentFrame Addr=0x0000022524a2b0b0, Size=80, Default__HostMenu_C Function /Game/Blueprints/UI/MainMenu/HostMenu.HostMenu_C:ExecuteUbergraph_HostMenu
[2018.09.12-21.47.48:261][  0]LogUObjectGlobals: Created PersistentFrame Addr=0x000002257952c518, Size=40, Default__MainMenu_C Function /Game/Blueprints/UI/MainMenu/MainMenu.MainMenu_C:ExecuteUbergraph_MainMenu
[2018.09.12-21.47.48:344][  0]LogUObjectGlobals: Created PersistentFrame Addr=0x00000225249d3ee8, Size=56, Default__OptionsMenu_C Function /Game/Blueprints/UI/MainMenu/OptionsMenu.OptionsMenu_C:ExecuteUbergraph_OptionsMenu
[2018.09.12-21.47.48:389][  0]LogUObjectGlobals: Created PersistentFrame Addr=0x0000022524a1f5e0, Size=32, Default__PlayMenu_C Function /Game/Blueprints/UI/MainMenu/PlayMenu.PlayMenu_C:ExecuteUbergraph_PlayMenu
[2018.09.12-21.47.48:451][  0]LogUObjectGlobals: Created PersistentFrame Addr=0x0000022524996500, Size=64, Default__YBot_Anim_BP_C Function /Game/Assets/Mesh/YBot/YBot_Anim_BP.YBot_Anim_BP_C:ExecuteUbergraph_YBot_Anim_BP
[2018.09.12-21.47.48:592][  0]LogUObjectGlobals: Created PersistentFrame Addr=0x0000022506225900, Size=760, Default__AI_Rifleman_Character_C Function /Game/Blueprints/Characters/ComputerControlledCharacters/AI_Rifleman_Character.AI_Rifleman_Character_C:ExecuteUbergraph_AI_Rifleman_Character
[2018.09.12-21.47.48:940][  0]LogUObjectGlobals: Destroyed PersistentFrame Addr=0x0000022518c36c00, Size=560
[2018.09.12-21.47.48:940][  0]LogUObjectGlobals: Created PersistentFrame Addr=0x000002252069e700, Size=560, Default__GameInfoInstance_C Function /Engine/Transient.REINST_GameInfoInstance_C_3:ExecuteUbergraph_GameInfoInstance
[2018.09.12-21.47.48:940][  0]LogUObjectGlobals: Destroyed PersistentFrame Addr=0x0000022524996500, Size=64
[2018.09.12-21.47.48:940][  0]LogUObjectGlobals: Created PersistentFrame Addr=0x00000225206988c0, Size=64, Default__YBot_Anim_BP_C Function /Engine/Transient.REINST_YBot_Anim_BP_C_0:ExecuteUbergraph_YBot_Anim_BP
[2018.09.12-21.47.48:941][  0]LogUObjectGlobals: Destroyed PersistentFrame Addr=0x0000022506225900, Size=760
[2018.09.12-21.47.48:941][  0]LogUObjectGlobals: Created PersistentFrame Addr=0x0000022524e7ee00, Size=760, Default__AI_Rifleman_Character_C Function /Engine/Transient.REINST_AI_Rifleman_Character_C_5:ExecuteUbergraph_AI_Rifleman_Character
[2018.09.12-21.47.48:945][  0]LogUObjectGlobals: Destroyed PersistentFrame Addr=0x0000022524a2b0b0, Size=80
[2018.09.12-21.47.48:945][  0]LogUObjectGlobals: Created PersistentFrame Addr=0x00000225252796c0, Size=80, Default__HostMenu_C Function /Engine/Transient.REINST_HostMenu_C_1:ExecuteUbergraph_HostMenu
[2018.09.12-21.47.48:945][  0]LogUObjectGlobals: Destroyed PersistentFrame Addr=0x000002257952c518, Size=40
[2018.09.12-21.47.48:945][  0]LogUObjectGlobals: Created PersistentFrame Addr=0x000002250627ccc0, Size=40, Default__MainMenu_C Function /Engine/Transient.REINST_MainMenu_C_3:ExecuteUbergraph_MainMenu
[2018.09.12-21.47.48:945][  0]LogUObjectGlobals: Destroyed PersistentFrame Addr=0x00000225249d3ee8, Size=56
[2018.09.12-21.47.48:945][  0]LogUObjectGlobals: Created PersistentFrame Addr=0x00000225249d3ee8, Size=56, Default__OptionsMenu_C Function /Engine/Transient.REINST_OptionsMenu_C_4:ExecuteUbergraph_OptionsMenu
[2018.09.12-21.47.48:945][  0]LogUObjectGlobals: Destroyed PersistentFrame Addr=0x0000022524a1f5e0, Size=32
[2018.09.12-21.47.48:945][  0]LogUObjectGlobals: Created PersistentFrame Addr=0x0000022524e5f1c0, Size=32, Default__PlayMenu_C Function /Engine/Transient.REINST_PlayMenu_C_5:ExecuteUbergraph_PlayMenu
[2018.09.12-21.47.48:946][  0]LogUObjectGlobals: Destroyed PersistentFrame Addr=0x00000225202b9f00, Size=728
[2018.09.12-21.47.48:946][  0]LogUObjectGlobals: Created PersistentFrame Addr=0x00000225258a7a00, Size=728, Default__Rifleman_Character_C Function /Engine/Transient.REINST_Rifleman_Character_C_6:ExecuteUbergraph_Rifleman_Character
[2018.09.12-21.47.49:081][  0]LogUObjectGlobals: Created PersistentFrame Addr=0x0000022525e7bd80, Size=560, Default__GameInfoInstance_C Function /Game/Blueprints/AllLevels/GameInfoInstance.GameInfoInstance_C:ExecuteUbergraph_GameInfoInstance
[2018.09.12-21.47.49:096][  0]LogUObjectGlobals: Created PersistentFrame Addr=0x0000022525e99a00, Size=64, Default__YBot_Anim_BP_C Function /Game/Assets/Mesh/YBot/YBot_Anim_BP.YBot_Anim_BP_C:ExecuteUbergraph_YBot_Anim_BP
[2018.09.12-21.47.49:098][  0]LogUObjectGlobals: Created PersistentFrame Addr=0x0000022525e8a500, Size=760, Default__AI_Rifleman_Character_C Function /Game/Blueprints/Characters/ComputerControlledCharacters/AI_Rifleman_Character.AI_Rifleman_Character_C:ExecuteUbergraph_AI_Rifleman_Character
[2018.09.12-21.47.49:134][  0]LogUObjectGlobals: Created PersistentFrame Addr=0x0000022525dc7b00, Size=80, Default__HostMenu_C Function /Game/Blueprints/UI/MainMenu/HostMenu.HostMenu_C:ExecuteUbergraph_HostMenu
[2018.09.12-21.47.49:135][  0]LogUObjectGlobals: Created PersistentFrame Addr=0x0000022525a06a48, Size=40, Default__MainMenu_C Function /Game/Blueprints/UI/MainMenu/MainMenu.MainMenu_C:ExecuteUbergraph_MainMenu
[2018.09.12-21.47.49:136][  0]LogUObjectGlobals: Created PersistentFrame Addr=0x0000022525d975f0, Size=56, Default__OptionsMenu_C Function /Game/Blueprints/UI/MainMenu/OptionsMenu.OptionsMenu_C:ExecuteUbergraph_OptionsMenu
[2018.09.12-21.47.49:137][  0]LogUObjectGlobals: Created PersistentFrame Addr=0x0000022525da3560, Size=32, Default__PlayMenu_C Function /Game/Blueprints/UI/MainMenu/PlayMenu.PlayMenu_C:ExecuteUbergraph_PlayMenu
[2018.09.12-21.47.49:139][  0]LogUObjectGlobals: Created PersistentFrame Addr=0x0000022525d81600, Size=728, Default__Rifleman_Character_C Function /Game/Blueprints/Characters/Rifleman_Character.Rifleman_Character_C:ExecuteUbergraph_Rifleman_Character
[2018.09.12-21.47.49:248][  0]LogUObjectGlobals: Created PersistentFrame Addr=0x0000022525da1f80, Size=32, Default__Main_menu_C Function /Game/Blueprints/Levels/Main_menu.Main_menu_C:ExecuteUbergraph_Main_menu
[2018.09.12-21.47.49:249][  0]LogUObjectGlobals: Destroyed PersistentFrame Addr=0x0000022525da1f80, Size=32
[2018.09.12-21.47.49:249][  0]LogUObjectGlobals: Created PersistentFrame Addr=0x0000022525da1f80, Size=32, Default__Main_menu_C Function /Engine/Transient.REINST_Main_menu_C_21:ExecuteUbergraph_Main_menu
[2018.09.12-21.47.49:249][  0]LogUObjectGlobals: Created PersistentFrame Addr=0x0000022525da32e0, Size=32, Default__Main_menu_C Function /Game/Blueprints/Levels/Main_menu.Main_menu_C:ExecuteUbergraph_Main_menu
[2018.09.12-21.47.50:765][  0]LogSkeletalMesh: Skeletal Mesh found in DDC [47.859211ms] /Game/Assets/Mesh/YBot/misc/ybot_T-Pose.ybot_T-Pose
[2018.09.12-21.47.50:936][  0]LogAIModule: Creating AISystem for world Main_menu
[2018.09.12-21.47.51:527][  0]LogEditorServer: Finished looking for orphan Actors (0.000 secs)
[2018.09.12-21.47.51:590][  0]LogUObjectGlobals: Destroyed PersistentFrame Addr=0x00000225258a7a00, Size=728
[2018.09.12-21.47.51:590][  0]LogUObjectGlobals: Destroyed PersistentFrame Addr=0x000002252069e700, Size=560
[2018.09.12-21.47.51:590][  0]LogUObjectGlobals: Destroyed PersistentFrame Addr=0x00000225252796c0, Size=80
[2018.09.12-21.47.51:590][  0]LogUObjectGlobals: Destroyed PersistentFrame Addr=0x000002250627ccc0, Size=40
[2018.09.12-21.47.51:591][  0]LogUObjectGlobals: Destroyed PersistentFrame Addr=0x00000225249d3ee8, Size=56
[2018.09.12-21.47.51:591][  0]LogUObjectGlobals: Destroyed PersistentFrame Addr=0x0000022524e5f1c0, Size=32
[2018.09.12-21.47.51:591][  0]LogUObjectGlobals: Destroyed PersistentFrame Addr=0x00000225206988c0, Size=64
[2018.09.12-21.47.51:591][  0]LogUObjectGlobals: Destroyed PersistentFrame Addr=0x0000022524e7ee00, Size=760
[2018.09.12-21.47.51:591][  0]LogUObjectGlobals: Destroyed PersistentFrame Addr=0x0000022525da1f80, Size=32
[2018.09.12-21.47.51:624][  0]Cmd: MAP CHECKDEP NOCLEARLOG
[2018.09.12-21.47.51:681][  0]MapCheck: Map check complete: 0 Error(s), 0 Warning(s), took 56.04ms to complete.
[2018.09.12-21.47.51:681][  0]LogFileHelpers: Loading map 'Main_menu' took 4.026
[2018.09.12-21.47.52:373][  0]LogCollectionManager: Loaded 0 collections in 0.001694 seconds
[2018.09.12-21.47.52:488][  0]LogFileCache: Scanning file cache for directory 'C:/Users/Joe/Desktop/Github/gamefps/fps-proto/Saved/Collections/' took 0.01s
[2018.09.12-21.47.52:488][  0]LogFileCache: Scanning file cache for directory 'C:/Users/Joe/Desktop/Github/gamefps/fps-proto/Content/Developers/Joe/Collections/' took 0.01s
[2018.09.12-21.47.52:488][  0]LogFileCache: Scanning file cache for directory 'C:/Users/Joe/Desktop/Github/gamefps/fps-proto/Content/Collections/' took 0.01s
[2018.09.12-21.47.52:488][  0]LogCollectionManager: Rebuilt the GUID cache for 0 collections in 0.000000 seconds
[2018.09.12-21.47.52:496][  0]LogContentBrowser: Native class hierarchy populated in 0.0072 seconds. Added 2400 classes and 530 folders.
[2018.09.12-21.47.52:552][  0]LogContentBrowser: Native class hierarchy updated for 'WidgetCarousel' in 0.0002 seconds. Added 0 classes and 0 folders.
[2018.09.12-21.47.53:161][  0]LogContentBrowser: Native class hierarchy updated for 'AddContentDialog' in 0.0002 seconds. Added 0 classes and 0 folders.
[2018.09.12-21.47.53:213][  0]LogContentBrowser: Native class hierarchy updated for 'SceneOutliner' in 0.0002 seconds. Added 1 classes and 2 folders.
[2018.09.12-21.47.53:855][  0]LogSlate: Took 0.075090 seconds to synchronously load lazily loaded font '../../../Engine/Content/Slate/Fonts/Roboto-Regular.ttf' (155K)
[2018.09.12-21.47.53:903][  0]LogSlate: Took 0.046457 seconds to synchronously load lazily loaded font '../../../Engine/Content/Slate/Fonts/Roboto-Bold.ttf' (160K)
[2018.09.12-21.47.53:925][  0]LogSlate: Took 0.018651 seconds to synchronously load lazily loaded font '../../../Engine/Content/Editor/Slate/Fonts/FontAwesome.ttf' (139K)
[2018.09.12-21.47.54:238][  0]LogRenderer: Reallocating scene render targets to support 1024x516 Format 10 NumSamples 1 (Frame:1).
[2018.09.12-21.47.54:724][  0]LogContentBrowser: Native class hierarchy updated for 'HierarchicalLODOutliner' in 0.0002 seconds. Added 0 classes and 0 folders.
[2018.09.12-21.47.54:724][  0]LogLoad: (Engine Initialization) Total time: 81.49 seconds
[2018.09.12-21.47.54:724][  0]LogLoad: (Engine Initialization) Total Blueprint compile time: 0.00 seconds
[2018.09.12-21.47.54:752][  0]LogWindowsTextInputMethodSystem: Display: IME system now deactivated.
[2018.09.12-21.47.54:856][  0]LogContentStreaming: Texture pool size now 1000 MB
[2018.09.12-21.47.54:993][  0]LogSlate: Took 0.018256 seconds to synchronously load lazily loaded font '../../../Engine/Content/Slate/Fonts/Roboto-Light.ttf' (167K)
[2018.09.12-21.47.55:153][  2]LogAssetRegistry: Asset discovery search completed in 53.7882 seconds
[2018.09.12-21.47.55:172][  2]LogCollectionManager: Rebuilt the object cache for 0 collections in 0.000000 seconds (found 0 objects)
[2018.09.12-21.47.55:172][  2]LogCollectionManager: Fixed up redirectors for 0 collections in 0.000054 seconds (updated 0 objects)
[2018.09.12-21.47.55:765][ 54]LogSlate: Took 0.000128 seconds to synchronously load lazily loaded font '../../../Engine/Content/Slate/Fonts/Roboto-Light.ttf' (167K)
[2018.09.12-21.47.55:774][ 54]LogSlate: FSceneViewport::OnFocusLost() reason 2
[2018.09.12-21.47.56:465][ 54]LogContentBrowser: Native class hierarchy updated for 'BlueprintGraph' in 0.0004 seconds. Added 116 classes and 0 folders.
[2018.09.12-21.47.56:829][ 54]LogUObjectGlobals: Created PersistentFrame Addr=0x000002253c47c1b0, Size=4, Default__SKEL_PROTO_BP_AnimBlueprint_0_C Function /Engine/Transient.SKEL_PROTO_BP_AnimBlueprint_0_C:ExecuteUbergraph_PROTO_BP_AnimBlueprint_0
[2018.09.12-21.47.56:830][ 54]LogUObjectGlobals: Created PersistentFrame Addr=0x000002253c47c1a8, Size=4, Default__PROTO_BP_AnimBlueprint_0_C Function /Engine/Transient.PROTO_BP_AnimBlueprint_0_C:ExecuteUbergraph_PROTO_BP_AnimBlueprint_0
[2018.09.12-21.47.58:740][ 54]LogSlate: Took 0.020760 seconds to synchronously load lazily loaded font '../../../Engine/Content/Slate/Fonts/Roboto-BoldCondensed.ttf' (158K)
[2018.09.12-21.48.01:317][303]LogConsoleManager: Warning: Performance warning: Console object named 'r.DebugSafeZone.Mode' shows many (500) FindConsoleObject() calls (consider caching e.g. using static)
[2018.09.12-21.48.08:581][157]LogSlate: Window 'ServerMenu' being destroyed
[2018.09.12-21.48.12:623][585]LogSlate: Took 0.014979 seconds to synchronously load lazily loaded font '../../../Engine/Content/Slate/Fonts/Roboto-Italic.ttf' (157K)
[2018.09.12-21.52.29:086][497]LogRenderer: Reallocating scene render targets to support 1024x712 Format 10 NumSamples 1 (Frame:1).
[2018.09.12-22.17.39:384][175]LogSlate: FSceneViewport::OnFocusLost() reason 2
[2018.09.12-22.17.39:467][175]LogSlate: FSceneViewport::OnFocusLost() reason 2
[2018.09.12-22.17.42:175][456]LogEditorViewport: Clicking Background
[2018.09.12-22.21.13:988][761]LogSlate: FSceneViewport::OnFocusLost() reason 2
[2018.09.12-22.21.14:860][865]LogEditorViewport: Clicking Background
[2018.09.12-22.21.20:762][567]Cmd: POLY SELECT ADJACENT WALLS
[2018.09.12-22.26.08:821][925]LogSlate: FSceneViewport::OnFocusLost() reason 0
[2018.09.12-22.26.09:572][936]LogSlate: Window 'Rifleman_Character' being destroyed
[2018.09.12-22.26.09:808][936]LogSlate: Window 'FPSPrototype - Unreal Editor' being destroyed
[2018.09.12-22.26.09:809][936]LogWindowsTextInputMethodSystem: Display: IME system now deactivated.
[2018.09.12-22.26.10:134][937]Cmd: QUIT_EDITOR
[2018.09.12-22.26.10:766][937]LogSlate: Slate User Destroyed.  User Index 0, Is Virtual User: 0
[2018.09.12-22.26.10:791][937]LogExit: Preparing to exit.
[2018.09.12-22.26.13:398][937]LogDirectoryWatcher: A directory notification for 'C:/Users/Joe/Desktop/Github/gamefps/fps-proto/Content/' was aborted.
[2018.09.12-22.26.14:138][937]LogExit: Editor shut down
[2018.09.12-22.26.14:189][937]LogExit: Transaction tracking system shut down
[2018.09.12-22.26.14:199][937]LogUObjectGlobals: Destroyed PersistentFrame Addr=0x0000022525e7bd80, Size=560
[2018.09.12-22.26.14:199][937]LogUObjectGlobals: Destroyed PersistentFrame Addr=0x0000022525e99a00, Size=64
[2018.09.12-22.26.14:199][937]LogUObjectGlobals: Destroyed PersistentFrame Addr=0x0000022525e8a500, Size=760
[2018.09.12-22.26.14:199][937]LogUObjectGlobals: Destroyed PersistentFrame Addr=0x0000022525dc7b00, Size=80
[2018.09.12-22.26.14:199][937]LogUObjectGlobals: Destroyed PersistentFrame Addr=0x0000022525a06a48, Size=40
[2018.09.12-22.26.14:199][937]LogUObjectGlobals: Destroyed PersistentFrame Addr=0x0000022525d975f0, Size=56
[2018.09.12-22.26.14:199][937]LogUObjectGlobals: Destroyed PersistentFrame Addr=0x0000022525da3560, Size=32
[2018.09.12-22.26.14:199][937]LogUObjectGlobals: Destroyed PersistentFrame Addr=0x0000022525d81600, Size=728
[2018.09.12-22.26.14:204][937]LogUObjectGlobals: Destroyed PersistentFrame Addr=0x0000022525da32e0, Size=32
[2018.09.12-22.26.14:209][937]LogUObjectGlobals: Destroyed PersistentFrame Addr=0x000002253c47c1b0, Size=4
[2018.09.12-22.26.14:209][937]LogUObjectGlobals: Destroyed PersistentFrame Addr=0x000002253c47c1a8, Size=4
[2018.09.12-22.26.14:487][937]LogDirectoryWatcher: A directory notification for '../../../Engine/Content/' was aborted.
[2018.09.12-22.26.14:487][937]LogDirectoryWatcher: A directory notification for '../../../../../Users/Joe/Desktop/Github/gamefps/fps-proto/Content/' was aborted.
[2018.09.12-22.26.14:487][937]LogDirectoryWatcher: A directory notification for '../../Plugins/Enterprise/DatasmithContent/Content/' was aborted.
[2018.09.12-22.26.14:487][937]LogDirectoryWatcher: A directory notification for '../../Plugins/Media/MediaCompositing/Content/' was aborted.
[2018.09.12-22.26.14:487][937]LogDirectoryWatcher: A directory notification for '../../Plugins/Runtime/Oculus/OculusVR/Content/' was aborted.
[2018.09.12-22.26.14:487][937]LogDirectoryWatcher: A directory notification for '../../Plugins/Runtime/Steam/SteamVR/Content/' was aborted.
[2018.09.12-22.26.16:055][937]LogExit: Object subsystem successfully closed.
[2018.09.12-22.26.16:217][937]LogShaderCompilers: Display: Shaders left to compile 0
[2018.09.12-22.26.16:237][937]LogD3D11RHI: Shutdown
[2018.09.12-22.26.16:237][937]LogD3D11RHI: CleanupD3DDevice
[2018.09.12-22.26.16:243][937]LogD3D11RHI: ~FD3D11DynamicRHI
[2018.09.12-22.26.17:575][937]LogModuleManager: Shutting down and abandoning module SequencerWidgets (559)
[2018.09.12-22.26.17:575][937]LogModuleManager: Shutting down and abandoning module BlueprintGraph (557)
[2018.09.12-22.26.17:575][937]LogModuleManager: Shutting down and abandoning module HierarchicalLODOutliner (555)
[2018.09.12-22.26.17:575][937]LogModuleManager: Shutting down and abandoning module SceneOutliner (553)
[2018.09.12-22.26.17:577][937]LogModuleManager: Shutting down and abandoning module AddContentDialog (551)
[2018.09.12-22.26.17:586][937]LogDirectoryWatcher: A directory notification for 'C:/Program Files/UE_4.19/FeaturePacks/' was aborted.
[2018.09.12-22.26.17:591][937]LogModuleManager: Shutting down and abandoning module WidgetCarousel (550)
[2018.09.12-22.26.17:591][937]LogModuleManager: Shutting down and abandoning module EditorWidgets (547)
[2018.09.12-22.26.17:591][937]LogModuleManager: Shutting down and abandoning module CollectionManager (545)
[2018.09.12-22.26.17:601][937]LogDirectoryWatcher: A directory notification for 'C:/Users/Joe/Desktop/Github/gamefps/fps-proto/Content/Collections/' was aborted.
[2018.09.12-22.26.17:601][937]LogDirectoryWatcher: A directory notification for 'C:/Users/Joe/Desktop/Github/gamefps/fps-proto/Content/Developers/Joe/Collections/' was aborted.
[2018.09.12-22.26.17:601][937]LogDirectoryWatcher: A directory notification for 'C:/Users/Joe/Desktop/Github/gamefps/fps-proto/Saved/Collections/' was aborted.
[2018.09.12-22.26.17:601][937]LogModuleManager: Shutting down and abandoning module StatsViewer (543)
[2018.09.12-22.26.17:608][937]LogModuleManager: Shutting down and abandoning module FoliageEdit (541)
[2018.09.12-22.26.17:608][937]LogModuleManager: Shutting down and abandoning module LandscapeEditor (539)
[2018.09.12-22.26.17:614][937]LogModuleManager: Shutting down and abandoning module MeshPaintMode (537)
[2018.09.12-22.26.17:619][937]LogModuleManager: Shutting down and abandoning module MeshPaint (536)
[2018.09.12-22.26.17:637][937]LogModuleManager: Shutting down and abandoning module SceneDepthPickerMode (533)
[2018.09.12-22.26.17:637][937]LogModuleManager: Shutting down and abandoning module ActorPickerMode (531)
[2018.09.12-22.26.17:637][937]LogModuleManager: Shutting down and abandoning module GeometryMode (529)
[2018.09.12-22.26.17:643][937]LogModuleManager: Shutting down and abandoning module TextureAlignMode (527)
[2018.09.12-22.26.17:643][937]LogModuleManager: Shutting down and abandoning module BspMode (525)
[2018.09.12-22.26.17:643][937]LogModuleManager: Shutting down and abandoning module PIEPreviewDeviceProfileSelector (523)
[2018.09.12-22.26.17:643][937]LogModuleManager: Shutting down and abandoning module HardwareSurvey (521)
[2018.09.12-22.26.17:643][937]LogModuleManager: Shutting down and abandoning module SequenceRecorderSections (519)
[2018.09.12-22.26.17:650][937]LogModuleManager: Shutting down and abandoning module AutomationWorker (517)
[2018.09.12-22.26.17:650][937]LogModuleManager: Shutting down and abandoning module AudioCaptureEditor (515)
[2018.09.12-22.26.17:650][937]LogModuleManager: Shutting down and abandoning module SequenceRecorder (514)
[2018.09.12-22.26.17:665][937]LogModuleManager: Shutting down and abandoning module MatineeToLevelSequence (511)
[2018.09.12-22.26.17:665][937]LogModuleManager: Shutting down and abandoning module LevelSequenceEditor (509)
[2018.09.12-22.26.17:706][937]LogModuleManager: Shutting down and abandoning module PlacementMode (508)
[2018.09.12-22.26.17:706][937]LogModuleManager: Shutting down and abandoning module MaterialEditor (507)
[2018.09.12-22.26.17:770][937]LogModuleManager: Shutting down and abandoning module WmfMediaFactory (503)
[2018.09.12-22.26.17:770][937]LogModuleManager: Shutting down and abandoning module WmfMediaEditor (501)
[2018.09.12-22.26.17:770][937]LogModuleManager: Shutting down and abandoning module MediaPlayerEditor (499)
[2018.09.12-22.26.17:791][937]LogModuleManager: Shutting down and abandoning module OpenExrWrapper (497)
[2018.09.12-22.26.17:792][937]LogModuleManager: Shutting down and abandoning module ImgMediaFactory (495)
[2018.09.12-22.26.17:792][937]LogModuleManager: Shutting down and abandoning module ImgMediaEditor (493)
[2018.09.12-22.26.17:792][937]LogModuleManager: Shutting down and abandoning module AvfMediaFactory (491)
[2018.09.12-22.26.17:792][937]LogModuleManager: Shutting down and abandoning module AvfMediaEditor (489)
[2018.09.12-22.26.17:792][937]LogModuleManager: Shutting down and abandoning module AndroidMediaFactory (487)
[2018.09.12-22.26.17:792][937]LogModuleManager: Shutting down and abandoning module AndroidMediaEditor (485)
[2018.09.12-22.26.17:792][937]LogModuleManager: Shutting down and abandoning module CharacterAI (483)
[2018.09.12-22.26.17:792][937]LogModuleManager: Shutting down and abandoning module SessionServices (481)
[2018.09.12-22.26.17:792][937]LogModuleManager: Shutting down and abandoning module ViewportSnapping (479)
[2018.09.12-22.26.17:792][937]LogModuleManager: Shutting down and abandoning module ViewportInteraction (477)
[2018.09.12-22.26.17:792][937]LogModuleManager: Shutting down and abandoning module ClothPainter (475)
[2018.09.12-22.26.17:818][937]LogModuleManager: Shutting down and abandoning module SkeletalMeshEditor (474)
[2018.09.12-22.26.17:881][937]LogModuleManager: Shutting down and abandoning module LogVisualizer (471)
[2018.09.12-22.26.17:903][937]LogModuleManager: Shutting down and abandoning module IntroTutorials (469)
[2018.09.12-22.26.17:916][937]LogModuleManager: Shutting down and abandoning module GameProjectGeneration (468)
[2018.09.12-22.26.17:932][937]LogModuleManager: Shutting down and abandoning module IOSPlatformEditor (465)
[2018.09.12-22.26.17:937][937]LogModuleManager: Shutting down and abandoning module HTML5PlatformEditor (463)
[2018.09.12-22.26.17:937][937]LogModuleManager: Shutting down and abandoning module AndroidPlatformEditor (461)
[2018.09.12-22.26.17:937][937]LogModuleManager: Shutting down and abandoning module AndroidDeviceDetection (460)
[2018.09.12-22.26.18:788][937]LogModuleManager: Shutting down and abandoning module WindowsPlatformEditor (457)
[2018.09.12-22.26.18:788][937]LogModuleManager: Shutting down and abandoning module IOSRuntimeSettings (455)
[2018.09.12-22.26.18:788][937]LogModuleManager: Shutting down and abandoning module AndroidRuntimeSettings (453)
[2018.09.12-22.26.18:788][937]LogModuleManager: Shutting down and abandoning module InputBindingEditor (451)
[2018.09.12-22.26.18:813][937]LogModuleManager: Shutting down and abandoning module MergeActors (449)
[2018.09.12-22.26.18:822][937]LogModuleManager: Shutting down and abandoning module LocalizationDashboard (447)
[2018.09.12-22.26.18:825][937]LogModuleManager: Shutting down and abandoning module LocalizationService (446)
[2018.09.12-22.26.18:834][937]LogModuleManager: Shutting down and abandoning module HardwareTargeting (443)
[2018.09.12-22.26.18:834][937]LogModuleManager: Shutting down and abandoning module DeviceProfileEditor (441)
[2018.09.12-22.26.18:837][937]LogModuleManager: Shutting down and abandoning module UndoHistory (439)
[2018.09.12-22.26.18:837][937]LogModuleManager: Shutting down and abandoning module XmlParser (437)
[2018.09.12-22.26.18:844][937]LogModuleManager: Shutting down and abandoning module Blutility (435)
[2018.09.12-22.26.18:844][937]LogModuleManager: Shutting down and abandoning module ProjectSettingsViewer (433)
[2018.09.12-22.26.18:844][937]LogModuleManager: Shutting down and abandoning module ProjectTargetPlatformEditor (432)
[2018.09.12-22.26.18:845][937]LogModuleManager: Shutting down and abandoning module EditorSettingsViewer (429)
[2018.09.12-22.26.18:845][937]LogModuleManager: Shutting down and abandoning module SettingsEditor (427)
[2018.09.12-22.26.18:870][937]LogModuleManager: Shutting down and abandoning module ProjectLauncher (425)
[2018.09.12-22.26.18:875][937]LogModuleManager: Shutting down and abandoning module SessionFrontend (423)
[2018.09.12-22.26.18:880][937]LogModuleManager: Shutting down and abandoning module ProfilerClient (421)
[2018.09.12-22.26.18:885][937]LogModuleManager: Shutting down and abandoning module DeviceManager (419)
[2018.09.12-22.26.18:893][937]LogModuleManager: Shutting down and abandoning module TargetDeviceServices (418)
[2018.09.12-22.26.18:954][937]LogModuleManager: Shutting down and abandoning module AutomationController (415)
[2018.09.12-22.26.18:959][937]LogModuleManager: Shutting down and abandoning module AutomationWindow (413)
[2018.09.12-22.26.18:977][937]LogModuleManager: Shutting down and abandoning module Layers (411)
[2018.09.12-22.26.18:994][937]LogModuleManager: Shutting down and abandoning module ComponentVisualizers (409)
[2018.09.12-22.26.18:994][937]LogModuleManager: Shutting down and abandoning module DetailCustomizations (407)
[2018.09.12-22.26.18:994][937]LogModuleManager: Shutting down and abandoning module PackagesDialog (405)
[2018.09.12-22.26.18:994][937]LogModuleManager: Shutting down and abandoning module Persona (403)
[2018.09.12-22.26.19:016][937]LogModuleManager: Shutting down and abandoning module AdvancedPreviewScene (402)
[2018.09.12-22.26.19:016][937]LogModuleManager: Shutting down and abandoning module AnimGraph (400)
[2018.09.12-22.26.19:016][937]LogModuleManager: Shutting down and abandoning module Kismet (397)
[2018.09.12-22.26.19:028][937]LogModuleManager: Shutting down and abandoning module GraphEditor (395)
[2018.09.12-22.26.19:028][937]LogModuleManager: Shutting down and abandoning module ClassViewer (393)
[2018.09.12-22.26.19:028][937]LogModuleManager: Shutting down and abandoning module Toolbox (391)
[2018.09.12-22.26.19:028][937]LogModuleManager: Shutting down and abandoning module ModuleUI (389)
[2018.09.12-22.26.19:031][937]LogModuleManager: Shutting down and abandoning module MovieSceneTools (387)
[2018.09.12-22.26.19:050][937]LogModuleManager: Shutting down and abandoning module OutputLog (385)
[2018.09.12-22.26.19:055][937]LogModuleManager: Shutting down and abandoning module GammaUI (383)
[2018.09.12-22.26.19:062][937]LogModuleManager: Shutting down and abandoning module Documentation (381)
[2018.09.12-22.26.19:063][937]LogModuleManager: Shutting down and abandoning module MovieSceneTracks (379)
[2018.09.12-22.26.19:063][937]LogModuleManager: Shutting down and abandoning module MovieScene (377)
[2018.09.12-22.26.19:063][937]LogModuleManager: Shutting down and abandoning module StreamingPauseRendering (375)
[2018.09.12-22.26.19:063][937]LogModuleManager: Shutting down and abandoning module LauncherPlatform (373)
[2018.09.12-22.26.19:063][937]LogModuleManager: Shutting down and abandoning module AnalyticsET (371)
[2018.09.12-22.26.19:063][937]LogModuleManager: Shutting down and abandoning module PortalServices (369)
[2018.09.12-22.26.19:063][937]LogModuleManager: Shutting down and abandoning module PortalRpc (367)
[2018.09.12-22.26.19:063][937]LogModuleManager: Shutting down and abandoning module MessagingRpc (365)
[2018.09.12-22.26.19:063][937]LogModuleManager: Shutting down and abandoning module AIModule (363)
[2018.09.12-22.26.19:063][937]LogModuleManager: Shutting down and abandoning module GameplayDebugger (362)
[2018.09.12-22.26.19:068][937]LogModuleManager: Shutting down and abandoning module AITestSuite (360)
[2018.09.12-22.26.19:077][937]LogModuleManager: Shutting down and abandoning module DesktopPlatform (357)
[2018.09.12-22.26.19:087][937]LogModuleManager: Shutting down and abandoning module ProfilerService (355)
[2018.09.12-22.26.19:283][937]LogModuleManager: Shutting down and abandoning module TaskGraph (353)
[2018.09.12-22.26.19:284][937]LogModuleManager: Shutting down and abandoning module SteamVRController (351)
[2018.09.12-22.26.19:284][937]LogModuleManager: Shutting down and abandoning module ProceduralMeshComponentEditor (349)
[2018.09.12-22.26.19:284][937]LogModuleManager: Shutting down and abandoning module ProceduralMeshComponent (347)
[2018.09.12-22.26.19:294][937]LogModuleManager: Shutting down and abandoning module OculusInput (345)
[2018.09.12-22.26.19:304][937]LogModuleManager: Shutting down and abandoning module CustomMeshComponent (343)
[2018.09.12-22.26.19:304][937]LogModuleManager: Shutting down and abandoning module CableComponent (341)
[2018.09.12-22.26.19:315][937]LogModuleManager: Shutting down and abandoning module AudioCapture (339)
[2018.09.12-22.26.19:315][937]LogModuleManager: Shutting down and abandoning module ArchVisCharacter (337)
[2018.09.12-22.26.19:315][937]LogModuleManager: Shutting down and abandoning module NUTUnrealEngine4 (335)
[2018.09.12-22.26.19:315][937]LogModuleManager: Shutting down and abandoning module NetcodeUnitTest (333)
[2018.09.12-22.26.19:336][937]LogModuleManager: Shutting down and abandoning module MediaCompositingEditor (331)
[2018.09.12-22.26.19:336][937]LogModuleManager: Shutting down and abandoning module MediaCompositing (329)
[2018.09.12-22.26.19:336][937]LogModuleManager: Shutting down and abandoning module LinearTimecode (327)
[2018.09.12-22.26.19:336][937]LogModuleManager: Shutting down and abandoning module ImgMedia (325)
[2018.09.12-22.26.19:345][937]LogModuleManager: Shutting down and abandoning module HTML5Networking (323)
[2018.09.12-22.26.19:345][937]LogModuleManager: Shutting down and abandoning module AlembicImporter (321)
[2018.09.12-22.26.19:352][937]LogModuleManager: Shutting down and abandoning module AlembicLibrary (320)
[2018.09.12-22.26.19:352][937]LogModuleManager: Shutting down and abandoning module GeometryCache (319)
[2018.09.12-22.26.19:352][937]LogModuleManager: Shutting down and abandoning module GeometryCacheEd (318)
[2018.09.12-22.26.19:352][937]LogModuleManager: Shutting down and abandoning module DatasmithContent (313)
[2018.09.12-22.26.19:352][937]LogModuleManager: Shutting down and abandoning module SpeedTreeImporter (311)
[2018.09.12-22.26.19:352][937]LogModuleManager: Shutting down and abandoning module PluginBrowser (309)
[2018.09.12-22.26.19:368][937]LogModuleManager: Shutting down and abandoning module MobileLauncherProfileWizard (307)
[2018.09.12-22.26.19:374][937]LogModuleManager: Shutting down and abandoning module VisualStudioSourceCodeAccess (305)
[2018.09.12-22.26.19:374][937]LogModuleManager: Shutting down and abandoning module VisualStudioCodeSourceCodeAccess (303)
[2018.09.12-22.26.19:374][937]LogModuleManager: Shutting down and abandoning module SubversionSourceControl (301)
[2018.09.12-22.26.19:382][937]LogModuleManager: Shutting down and abandoning module PerforceSourceControl (299)
[2018.09.12-22.26.19:390][937]LogModuleManager: Shutting down and abandoning module GitSourceControl (297)
[2018.09.12-22.26.19:390][937]LogModuleManager: Shutting down and abandoning module SourceControl (296)
[2018.09.12-22.26.19:400][937]LogModuleManager: Shutting down and abandoning module CLionSourceCodeAccess (293)
[2018.09.12-22.26.19:404][937]LogModuleManager: Shutting down and abandoning module LightPropagationVolumeEditor (291)
[2018.09.12-22.26.19:404][937]LogModuleManager: Shutting down and abandoning module AdvancedSteamSessions (289)
[2018.09.12-22.26.19:404][937]LogModuleManager: Shutting down and abandoning module AdvancedSessions (287)
[2018.09.12-22.26.19:404][937]LogModuleManager: Shutting down and abandoning module RuntimePhysXCooking (285)
[2018.09.12-22.26.19:404][937]LogModuleManager: Shutting down and abandoning module PhysXVehiclesEditor (283)
[2018.09.12-22.26.19:404][937]LogModuleManager: Shutting down and abandoning module PhysXVehicles (281)
[2018.09.12-22.26.19:404][937]LogModuleManager: Shutting down and abandoning module OculusEditor (279)
[2018.09.12-22.26.19:404][937]LogModuleManager: Shutting down and abandoning module LocationServicesBPLibrary (277)
[2018.09.12-22.26.19:404][937]LogModuleManager: Shutting down and abandoning module ImmediatePhysicsEditor (275)
[2018.09.12-22.26.19:404][937]LogModuleManager: Shutting down and abandoning module ImmediatePhysics (273)
[2018.09.12-22.26.19:404][937]LogModuleManager: Shutting down and abandoning module ApexDestructionEditor (271)
[2018.09.12-22.26.19:410][937]LogModuleManager: Shutting down and abandoning module ApexDestruction (269)
[2018.09.12-22.26.19:410][937]LogModuleManager: Shutting down and abandoning module ActorSequence (267)
[2018.09.12-22.26.19:410][937]LogModuleManager: Shutting down and abandoning module UdpMessaging (265)
[2018.09.12-22.26.19:526][937]LogModuleManager: Shutting down and abandoning module TcpMessaging (263)
[2018.09.12-22.26.19:636][937]LogModuleManager: Shutting down and abandoning module GameplayTagsEditor (261)
[2018.09.12-22.26.19:695][937]LogModuleManager: Shutting down and abandoning module FacialAnimationEditor (259)
[2018.09.12-22.26.19:695][937]LogModuleManager: Shutting down and abandoning module FacialAnimation (257)
[2018.09.12-22.26.19:695][937]LogModuleManager: Shutting down and abandoning module DataValidation (255)
[2018.09.12-22.26.19:726][937]LogModuleManager: Shutting down and abandoning module AssetManagerEditor (253)
[2018.09.12-22.26.19:782][937]LogModuleManager: Shutting down and abandoning module LevelEditor (252)
[2018.09.12-22.26.19:784][937]LogModuleManager: Shutting down and abandoning module PixelInspectorModule (251)
[2018.09.12-22.26.19:814][937]LogModuleManager: Shutting down and abandoning module CommonMenuExtensions (249)
[2018.09.12-22.26.19:815][937]LogModuleManager: Shutting down and abandoning module MainFrame (247)
[2018.09.12-22.26.19:815][937]LogModuleManager: Shutting down and abandoning module HotReload (246)
[2018.09.12-22.26.19:823][937]LogDirectoryWatcher: A directory notification for 'C:/Users/Joe/Desktop/Github/gamefps/fps-proto/Plugins/AdvancedSessions/Binaries/Win64' was aborted.
[2018.09.12-22.26.19:823][937]LogDirectoryWatcher: A directory notification for 'C:/Users/Joe/Desktop/Github/gamefps/fps-proto/Plugins/AdvancedSteamSessions/Binaries/Win64' was aborted.
[2018.09.12-22.26.19:826][937]LogModuleManager: Shutting down and abandoning module ContentBrowser (242)
[2018.09.12-22.26.19:828][937]LogModuleManager: Shutting down and abandoning module TreeMap (240)
[2018.09.12-22.26.19:853][937]LogModuleManager: Shutting down and abandoning module LightPropagationVolumeRuntime (237)
[2018.09.12-22.26.19:853][937]LogModuleManager: Shutting down and abandoning module WindowsMoviePlayer (235)
[2018.09.12-22.26.19:861][937]LogModuleManager: Shutting down and abandoning module WmfMedia (233)
[2018.09.12-22.26.19:898][937]LogModuleManager: Shutting down and abandoning module Media (232)
[2018.09.12-22.26.19:904][937]LogModuleManager: Shutting down and abandoning module PacketHandler (229)
[2018.09.12-22.26.19:904][937]LogModuleManager: Shutting down and abandoning module ClothingSystemEditor (227)
[2018.09.12-22.26.19:904][937]LogModuleManager: Shutting down and abandoning module ClothingSystemRuntime (225)
[2018.09.12-22.26.19:936][937]LogModuleManager: Shutting down and abandoning module MediaAssets (223)
[2018.09.12-22.26.19:936][937]LogModuleManager: Shutting down and abandoning module Overlay (221)
[2018.09.12-22.26.19:936][937]LogModuleManager: Shutting down and abandoning module OverlayEditor (220)
[2018.09.12-22.26.19:936][937]LogModuleManager: Shutting down and abandoning module VREditor (217)
[2018.09.12-22.26.20:000][937]LogModuleManager: Shutting down and abandoning module StringTableEditor (215)
[2018.09.12-22.26.20:000][937]LogModuleManager: Shutting down and abandoning module GameplayTasksEditor (213)
[2018.09.12-22.26.20:000][937]LogModuleManager: Shutting down and abandoning module BehaviorTreeEditor (211)
[2018.09.12-22.26.20:068][937]LogModuleManager: Shutting down and abandoning module FunctionalTesting (209)
[2018.09.12-22.26.20:083][937]LogModuleManager: Shutting down and abandoning module CollisionAnalyzer (207)
[2018.09.12-22.26.20:129][937]LogModuleManager: Shutting down and abandoning module WorkspaceMenuStructure (206)
[2018.09.12-22.26.20:129][937]LogModuleManager: Shutting down and abandoning module UMG (203)
[2018.09.12-22.26.20:129][937]LogModuleManager: Shutting down and abandoning module UMGEditor (202)
[2018.09.12-22.26.20:129][937]LogModuleManager: Shutting down and abandoning module Sequencer (201)
[2018.09.12-22.26.20:146][937]LogModuleManager: Shutting down and abandoning module MessageLog (198)
[2018.09.12-22.26.20:147][937]LogModuleManager: Shutting down and abandoning module SlateReflector (193)
[2018.09.12-22.26.20:289][937]LogModuleManager: Shutting down and abandoning module Slate (191)
[2018.09.12-22.26.20:289][937]LogModuleManager: Shutting down and abandoning module EditorStyle (189)
[2018.09.12-22.26.20:290][937]LogModuleManager: Shutting down and abandoning module MRMesh (187)
[2018.09.12-22.26.20:290][937]LogModuleManager: Shutting down and abandoning module SourceCodeAccess (185)
[2018.09.12-22.26.20:290][937]LogModuleManager: Shutting down and abandoning module HeadMountedDisplay (183)
[2018.09.12-22.26.20:290][937]LogModuleManager: Shutting down and abandoning module XAudio2 (181)
[2018.09.12-22.26.20:290][937]LogModuleManager: Shutting down and abandoning module Networking (179)
[2018.09.12-22.26.20:290][937]LogModuleManager: Shutting down and abandoning module Core (177)
[2018.09.12-22.26.20:291][937]LogModuleManager: Shutting down and abandoning module LevelSequence (175)
[2018.09.12-22.26.20:324][937]LogModuleManager: Shutting down and abandoning module KismetCompiler (173)
[2018.09.12-22.26.20:325][937]LogModuleManager: Shutting down and abandoning module MeshUtilities (171)
[2018.09.12-22.26.20:357][937]LogModuleManager: Shutting down and abandoning module MeshMergeUtilities (170)
[2018.09.12-22.26.20:357][937]LogModuleManager: Shutting down and abandoning module MeshReductionInterface (169)
[2018.09.12-22.26.20:357][937]LogModuleManager: Shutting down and abandoning module SimplygonSwarm (168)
[2018.09.12-22.26.20:386][937]LogModuleManager: Shutting down and abandoning module SimplygonMeshReduction (166)
[2018.09.12-22.26.20:424][937]LogModuleManager: Shutting down and abandoning module QuadricMeshReduction (164)
[2018.09.12-22.26.20:450][937]LogModuleManager: Shutting down and abandoning module MaterialBaking (160)
[2018.09.12-22.26.20:454][937]LogModuleManager: Shutting down and abandoning module DirectoryWatcher (156)
[2018.09.12-22.26.20:460][937]LogModuleManager: Shutting down and abandoning module DerivedDataCache (153)
[2018.09.12-22.26.20:502][937]LogDerivedDataCache: Shutdown
[2018.09.12-22.26.20:502][937]LogModuleManager: Shutting down and abandoning module XGEController (151)
[2018.09.12-22.26.20:502][937]LogXGEController: Cleaning working directory: C:/Users/Joe/AppData/Local/Temp/UnrealXGEWorkingDir/
[2018.09.12-22.26.20:502][937]LogModuleManager: Shutting down and abandoning module TargetPlatform (149)
[2018.09.12-22.26.20:502][937]LogModuleManager: Shutting down and abandoning module VulkanShaderFormat (148)
[2018.09.12-22.26.20:516][937]LogModuleManager: Shutting down and abandoning module ShaderFormatVectorVM (146)
[2018.09.12-22.26.20:518][937]LogModuleManager: Shutting down and abandoning module ShaderFormatOpenGL (144)
[2018.09.12-22.26.20:546][937]LogModuleManager: Shutting down and abandoning module ShaderFormatD3D (142)
[2018.09.12-22.26.20:574][937]LogModuleManager: Shutting down and abandoning module MetalShaderFormat (140)
[2018.09.12-22.26.20:585][937]LogModuleManager: Shutting down and abandoning module TextureFormatUncompressed (138)
[2018.09.12-22.26.20:585][937]LogModuleManager: Shutting down and abandoning module TextureFormatPVR (136)
[2018.09.12-22.26.20:585][937]LogModuleManager: Shutting down and abandoning module TextureFormatDXT (134)
[2018.09.12-22.26.20:610][937]LogModuleManager: Shutting down and abandoning module TextureFormatIntelISPCTexComp (132)
[2018.09.12-22.26.20:617][937]LogModuleManager: Shutting down and abandoning module TextureFormatASTC (130)
[2018.09.12-22.26.20:617][937]LogModuleManager: Shutting down and abandoning module ImageWrapper (129)
[2018.09.12-22.26.20:617][937]LogModuleManager: Shutting down and abandoning module TextureFormatAndroid (126)
[2018.09.12-22.26.20:617][937]LogModuleManager: Shutting down and abandoning module AudioFormatOpus (124)
[2018.09.12-22.26.20:617][937]LogModuleManager: Shutting down and abandoning module AudioFormatOgg (122)
[2018.09.12-22.26.20:617][937]LogModuleManager: Shutting down and abandoning module AudioFormatADPCM (120)
[2018.09.12-22.26.20:617][937]LogModuleManager: Shutting down and abandoning module LinuxTargetPlatform (118)
[2018.09.12-22.26.20:617][937]LogModuleManager: Shutting down and abandoning module LinuxServerTargetPlatform (116)
[2018.09.12-22.26.20:617][937]LogModuleManager: Shutting down and abandoning module LinuxNoEditorTargetPlatform (114)
[2018.09.12-22.26.20:617][937]LogModuleManager: Shutting down and abandoning module LinuxClientTargetPlatform (112)
[2018.09.12-22.26.20:618][937]LogModuleManager: Shutting down and abandoning module TVOSTargetPlatform (110)
[2018.09.12-22.26.20:618][937]LogModuleManager: Shutting down and abandoning module Messaging (108)
[2018.09.12-22.26.20:618][937]LogModuleManager: Shutting down and abandoning module IOSTargetPlatform (106)
[2018.09.12-22.26.20:618][937]LogModuleManager: Shutting down and abandoning module HTML5TargetPlatform (104)
[2018.09.12-22.26.20:618][937]LogModuleManager: Shutting down and abandoning module AndroidTargetPlatform (102)
[2018.09.12-22.26.20:618][937]LogModuleManager: Shutting down and abandoning module Android_PVRTCTargetPlatform (100)
[2018.09.12-22.26.20:618][937]LogModuleManager: Shutting down and abandoning module Android_MultiTargetPlatform (98)
[2018.09.12-22.26.20:618][937]LogModuleManager: Shutting down and abandoning module Android_ETC2TargetPlatform (96)
[2018.09.12-22.26.20:618][937]LogModuleManager: Shutting down and abandoning module Android_ETC1TargetPlatform (94)
[2018.09.12-22.26.20:618][937]LogModuleManager: Shutting down and abandoning module Android_ETC1aTargetPlatform (92)
[2018.09.12-22.26.20:618][937]LogModuleManager: Shutting down and abandoning module Android_DXTTargetPlatform (90)
[2018.09.12-22.26.20:618][937]LogModuleManager: Shutting down and abandoning module Android_ATCTargetPlatform (88)
[2018.09.12-22.26.20:618][937]LogModuleManager: Shutting down and abandoning module Android_ASTCTargetPlatform (86)
[2018.09.12-22.26.20:618][937]LogModuleManager: Shutting down and abandoning module WindowsTargetPlatform (84)
[2018.09.12-22.26.20:618][937]LogModuleManager: Shutting down and abandoning module WindowsServerTargetPlatform (82)
[2018.09.12-22.26.20:618][937]LogModuleManager: Shutting down and abandoning module WindowsNoEditorTargetPlatform (80)
[2018.09.12-22.26.20:618][937]LogModuleManager: Shutting down and abandoning module WindowsClientTargetPlatform (78)
[2018.09.12-22.26.20:618][937]LogModuleManager: Shutting down and abandoning module MacTargetPlatform (76)
[2018.09.12-22.26.20:618][937]LogModuleManager: Shutting down and abandoning module MacServerTargetPlatform (74)
[2018.09.12-22.26.20:618][937]LogModuleManager: Shutting down and abandoning module MacNoEditorTargetPlatform (72)
[2018.09.12-22.26.20:618][937]LogModuleManager: Shutting down and abandoning module MacClientTargetPlatform (70)
[2018.09.12-22.26.20:618][937]LogModuleManager: Shutting down and abandoning module AllDesktopTargetPlatform (68)
[2018.09.12-22.26.20:618][937]LogModuleManager: Shutting down and abandoning module InputCore (65)
[2018.09.12-22.26.20:618][937]LogModuleManager: Shutting down and abandoning module Settings (63)
[2018.09.12-22.26.20:618][937]LogModuleManager: Shutting down and abandoning module PhysXCooking (61)
[2018.09.12-22.26.20:618][937]LogModuleManager: Shutting down and abandoning module SteamVR (58)
[2018.09.12-22.26.20:618][937]LogModuleManager: Shutting down and abandoning module OculusHMD (56)
[2018.09.12-22.26.20:649][937]LogModuleManager: Shutting down and abandoning module OnlineBlueprintSupport (54)
[2018.09.12-22.26.20:649][937]LogModuleManager: Shutting down and abandoning module OnlineSubsystem (50)
[2018.09.12-22.26.20:656][937]LogOnline: Display: OSS: FOnlineSubsystemNull::Shutdown()
[2018.09.12-22.26.20:656][937]LogOnline: Display: OSS: FOnlineAsyncTaskManager::Stop() ActiveTask:0000000000000000 Tasks[0/0]
[2018.09.12-22.26.20:764][937]LogOnline: Display: OSS: FOnlineAsyncTaskManager::Exit() started
[2018.09.12-22.26.20:764][937]LogOnline: Display: OSS: FOnlineAsyncTaskManager::Exit() finished
[2018.09.12-22.26.20:764][937]LogModuleManager: Shutting down and abandoning module XMPP (43)
[2018.09.12-22.26.20:825][937]LogModuleManager: Shutting down and abandoning module HTTP (41)
[2018.09.12-22.26.20:842][937]LogHttp: Display: Http module shutting down, but needs to wait on 1 outstanding Http requests:
[2018.09.12-22.26.20:842][937]LogHttp: Display: 	verb=[POST] url=[https://datarouter.ol.epicgames.com/datarouter/api/v1/public/data?SessionID=%7B951A95C6-4B3A-7C0B-3F4C-2BA7CFE157EC%7D&AppID=UEEditor.Rocket.Release&AppVersion=4.19.2-4033788%2B%2B%2BUE4%2BRelease-4.19&UserID=f508e7534a02dd9ca3109aafdcb5f4fd%7C306c53d528b74223863a99035e76979a%7Ca5bf8f68-4c9d-43ae-8c4e-57f1f85bf672&AppEnvironment=datacollector-binary&UploadType=eteventstream] status=Processing
[2018.09.12-22.26.20:873][937]LogModuleManager: Shutting down and abandoning module SSL (40)
[2018.09.12-22.26.20:918][937]LogModuleManager: Shutting down and abandoning module AnimationModifiers (36)
[2018.09.12-22.26.21:011][937]LogModuleManager: Shutting down and abandoning module PropertyEditor (35)
[2018.09.12-22.26.21:029][937]LogModuleManager: Shutting down and abandoning module AudioEditor (32)
[2018.09.12-22.26.21:070][937]LogModuleManager: Shutting down and abandoning module TextureCompressor (30)
[2018.09.12-22.26.21:200][937]LogModuleManager: Shutting down and abandoning module ShaderCore (28)
[2018.09.12-22.26.21:200][937]LogModuleManager: Shutting down and abandoning module Landscape (26)
[2018.09.12-22.26.21:200][937]LogModuleManager: Shutting down and abandoning module SlateRHIRenderer (24)
[2018.09.12-22.26.21:223][937]LogModuleManager: Shutting down and abandoning module OpenGLDrv (22)
[2018.09.12-22.26.21:258][937]LogModuleManager: Shutting down and abandoning module D3D11RHI (20)
[2018.09.12-22.26.21:258][937]LogModuleManager: Shutting down and abandoning module AnimGraphRuntime (18)
[2018.09.12-22.26.21:268][937]LogModuleManager: Shutting down and abandoning module Renderer (16)
[2018.09.12-22.26.21:268][937]LogModuleManager: Shutting down and abandoning module Engine (14)
[2018.09.12-22.26.21:268][937]LogModuleManager: Shutting down and abandoning module CoreUObject (12)
[2018.09.12-22.26.21:268][937]LogModuleManager: Shutting down and abandoning module NetworkFile (10)
[2018.09.12-22.26.21:271][937]LogModuleManager: Shutting down and abandoning module CookedIterativeFile (8)
[2018.09.12-22.26.21:271][937]LogModuleManager: Shutting down and abandoning module StreamingFile (6)
[2018.09.12-22.26.21:302][937]LogModuleManager: Shutting down and abandoning module SandboxFile (4)
[2018.09.12-22.26.21:329][937]LogModuleManager: Shutting down and abandoning module PakFile (2)
[2018.09.12-22.26.21:380][937]LogExit: Exiting.
[2018.09.12-22.26.21:402][937]Log file closed, 09/12/18 17:26:21
