Log file open, 09/09/18 14:01:31
LogWindows: Failed to load 'aqProf.dll' (GetLastError=126)
LogWindows: File 'aqProf.dll' does not exist
LogWindows: Failed to load 'VtuneApi.dll' (GetLastError=126)
LogWindows: File 'VtuneApi.dll' does not exist
LogWindows: Failed to load 'VtuneApi32e.dll' (GetLastError=126)
LogWindows: File 'VtuneApi32e.dll' does not exist
LogInit: Display: Running engine for game: FPSPrototype
LogPlatformFile: Not using cached read wrapper
LogInit: Display: RandInit(1134209980) SRandInit(1134209980).
LogInit: Read version file with build ID '3944462'
LogInit: Overriding engine version to CL 4033788, compatible CL 3944462
LogInit: Registered custom module enumerator with build ID '3944462'
LogTaskGraph: Started task graph with 5 named threads and 23 total threads with 3 sets of task threads.
LogStats: Stats thread started at 0.269427
LogD3D11RHI: Aftermath initialized
LogICUInternationalization: Display: ICU TimeZone Detection - Raw Offset: -6:00, Platform Override: ''
LogModuleManager: Display: Found up-to-date module file ../../../Engine/Plugins/Runtime/ApexDestruction/Binaries/Win64/UE4Editor-ApexDestruction.dll (API version 3944462).
LogModuleManager: Display: Found up-to-date module file ../../../Engine/Plugins/Runtime/ApexDestruction/Binaries/Win64/UE4Editor-ApexDestructionEditor.dll (API version 3944462).
LogModuleManager: Display: Found up-to-date module file ../../../Engine/Plugins/Online/OnlineSubsystemSteam/Binaries/Win64/UE4Editor-OnlineSubsystemSteam.dll (API version 3944462).
LogModuleManager: Display: Found up-to-date module file ../../../Engine/Plugins/Online/OnlineSubsystem/Binaries/Win64/UE4Editor-OnlineSubsystem.dll (API version 3944462).
LogModuleManager: Display: Found up-to-date module file ../../../Engine/Plugins/Online/OnlineSubsystemUtils/Binaries/Win64/UE4Editor-OnlineSubsystemUtils.dll (API version 3944462).
LogModuleManager: Display: Found up-to-date module file ../../../Engine/Plugins/Online/OnlineSubsystemUtils/Binaries/Win64/UE4Editor-OnlineBlueprintSupport.dll (API version 3944462).
LogModuleManager: Display: Found up-to-date module file ../../../Engine/Plugins/Blendables/LightPropagationVolume/Binaries/Win64/UE4Editor-LightPropagationVolumeRuntime.dll (API version 3944462).
LogModuleManager: Display: Found up-to-date module file ../../../Engine/Plugins/Blendables/LightPropagationVolume/Binaries/Win64/UE4Editor-LightPropagationVolumeEditor.dll (API version 3944462).
LogModuleManager: Display: Found up-to-date module file ../../../Engine/Plugins/Developer/CLionSourceCodeAccess/Binaries/Win64/UE4Editor-CLionSourceCodeAccess.dll (API version 3944462).
LogModuleManager: Display: Found up-to-date module file ../../../Engine/Plugins/Developer/GitSourceControl/Binaries/Win64/UE4Editor-GitSourceControl.dll (API version 3944462).
LogModuleManager: Display: Found up-to-date module file ../../../Engine/Plugins/Developer/PerforceSourceControl/Binaries/Win64/UE4Editor-PerforceSourceControl.dll (API version 3944462).
LogModuleManager: Display: Found up-to-date module file ../../../Engine/Plugins/Developer/SubversionSourceControl/Binaries/Win64/UE4Editor-SubversionSourceControl.dll (API version 3944462).
LogModuleManager: Display: Found up-to-date module file ../../../Engine/Plugins/Developer/VisualStudioCodeSourceCodeAccess/Binaries/Win64/UE4Editor-VisualStudioCodeSourceCodeAccess.dll (API version 3944462).
LogModuleManager: Display: Found up-to-date module file ../../../Engine/Plugins/Developer/VisualStudioSourceCodeAccess/Binaries/Win64/UE4Editor-VisualStudioSourceCodeAccess.dll (API version 3944462).
LogModuleManager: Display: Found up-to-date module file ../../../Engine/Plugins/Editor/AssetManagerEditor/Binaries/Win64/UE4Editor-AssetManagerEditor.dll (API version 3944462).
LogModuleManager: Display: Found up-to-date module file ../../../Engine/Plugins/Editor/DataValidation/Binaries/Win64/UE4Editor-DataValidation.dll (API version 3944462).
LogModuleManager: Display: Found up-to-date module file ../../../Engine/Plugins/Editor/FacialAnimation/Binaries/Win64/UE4Editor-FacialAnimation.dll (API version 3944462).
LogModuleManager: Display: Found up-to-date module file ../../../Engine/Plugins/Editor/FacialAnimation/Binaries/Win64/UE4Editor-FacialAnimationEditor.dll (API version 3944462).
LogModuleManager: Display: Found up-to-date module file ../../../Engine/Plugins/Editor/GameplayTagsEditor/Binaries/Win64/UE4Editor-GameplayTagsEditor.dll (API version 3944462).
LogModuleManager: Display: Found up-to-date module file ../../../Engine/Plugins/Editor/MobileLauncherProfileWizard/Binaries/Win64/UE4Editor-MobileLauncherProfileWizard.dll (API version 3944462).
LogModuleManager: Display: Found up-to-date module file ../../../Engine/Plugins/Editor/PluginBrowser/Binaries/Win64/UE4Editor-PluginBrowser.dll (API version 3944462).
LogModuleManager: Display: Found up-to-date module file ../../../Engine/Plugins/Editor/SpeedTreeImporter/Binaries/Win64/UE4Editor-SpeedTreeImporter.dll (API version 3944462).
LogModuleManager: Display: Found up-to-date module file ../../../Engine/Plugins/Enterprise/DatasmithContent/Binaries/Win64/UE4Editor-DatasmithContent.dll (API version 3944462).
LogModuleManager: Display: Found up-to-date module file ../../../Engine/Plugins/Experimental/AlembicImporter/Binaries/Win64/UE4Editor-AlembicImporter.dll (API version 3944462).
LogModuleManager: Display: Found up-to-date module file ../../../Engine/Plugins/Experimental/AlembicImporter/Binaries/Win64/UE4Editor-AlembicLibrary.dll (API version 3944462).
LogModuleManager: Display: Found up-to-date module file ../../../Engine/Plugins/Experimental/CharacterAI/Binaries/Win64/UE4Editor-CharacterAI.dll (API version 3944462).
LogModuleManager: Display: Found up-to-date module file ../../../Engine/Plugins/Experimental/HTML5Networking/Binaries/Win64/UE4Editor-HTML5Networking.dll (API version 3944462).
LogModuleManager: Display: Found up-to-date module file ../../../Engine/Plugins/Media/AndroidMedia/Binaries/Win64/UE4Editor-AndroidMediaEditor.dll (API version 3944462).
LogModuleManager: Display: Found up-to-date module file ../../../Engine/Plugins/Media/AndroidMedia/Binaries/Win64/UE4Editor-AndroidMediaFactory.dll (API version 3944462).
LogModuleManager: Display: Found up-to-date module file ../../../Engine/Plugins/Media/AvfMedia/Binaries/Win64/UE4Editor-AvfMediaEditor.dll (API version 3944462).
LogModuleManager: Display: Found up-to-date module file ../../../Engine/Plugins/Media/AvfMedia/Binaries/Win64/UE4Editor-AvfMediaFactory.dll (API version 3944462).
LogModuleManager: Display: Found up-to-date module file ../../../Engine/Plugins/Media/AvfMedia/Binaries/Win64/UE4Editor-AvfMediaFactory.dll (API version 3944462).
LogModuleManager: Display: Found up-to-date module file ../../../Engine/Plugins/Media/ImgMedia/Binaries/Win64/UE4Editor-ImgMedia.dll (API version 3944462).
LogModuleManager: Display: Found up-to-date module file ../../../Engine/Plugins/Media/ImgMedia/Binaries/Win64/UE4Editor-ImgMediaEditor.dll (API version 3944462).
LogModuleManager: Display: Found up-to-date module file ../../../Engine/Plugins/Media/ImgMedia/Binaries/Win64/UE4Editor-ImgMediaFactory.dll (API version 3944462).
LogModuleManager: Display: Found up-to-date module file ../../../Engine/Plugins/Media/ImgMedia/Binaries/Win64/UE4Editor-ImgMediaFactory.dll (API version 3944462).
LogModuleManager: Display: Found up-to-date module file ../../../Engine/Plugins/Media/ImgMedia/Binaries/Win64/UE4Editor-OpenExrWrapper.dll (API version 3944462).
LogModuleManager: Display: Found up-to-date module file ../../../Engine/Plugins/Media/LinearTimecode/Binaries/Win64/UE4Editor-LinearTimecode.dll (API version 3944462).
LogModuleManager: Display: Found up-to-date module file ../../../Engine/Plugins/Media/MediaCompositing/Binaries/Win64/UE4Editor-MediaCompositing.dll (API version 3944462).
LogModuleManager: Display: Found up-to-date module file ../../../Engine/Plugins/Media/MediaCompositing/Binaries/Win64/UE4Editor-MediaCompositingEditor.dll (API version 3944462).
LogModuleManager: Display: Found up-to-date module file ../../../Engine/Plugins/Media/MediaPlayerEditor/Binaries/Win64/UE4Editor-MediaPlayerEditor.dll (API version 3944462).
LogModuleManager: Display: Found up-to-date module file ../../../Engine/Plugins/Media/WmfMedia/Binaries/Win64/UE4Editor-WmfMedia.dll (API version 3944462).
LogModuleManager: Display: Found up-to-date module file ../../../Engine/Plugins/Media/WmfMedia/Binaries/Win64/UE4Editor-WmfMediaEditor.dll (API version 3944462).
LogModuleManager: Display: Found up-to-date module file ../../../Engine/Plugins/Media/WmfMedia/Binaries/Win64/UE4Editor-WmfMediaFactory.dll (API version 3944462).
LogModuleManager: Display: Found up-to-date module file ../../../Engine/Plugins/Media/WmfMedia/Binaries/Win64/UE4Editor-WmfMediaFactory.dll (API version 3944462).
LogModuleManager: Display: Found up-to-date module file ../../../Engine/Plugins/Messaging/TcpMessaging/Binaries/Win64/UE4Editor-TcpMessaging.dll (API version 3944462).
LogModuleManager: Display: Found up-to-date module file ../../../Engine/Plugins/Messaging/UdpMessaging/Binaries/Win64/UE4Editor-UdpMessaging.dll (API version 3944462).
LogModuleManager: Display: Found up-to-date module file ../../../Engine/Plugins/MovieScene/ActorSequence/Binaries/Win64/UE4Editor-ActorSequence.dll (API version 3944462).
LogModuleManager: Display: Found up-to-date module file ../../../Engine/Plugins/MovieScene/LevelSequenceEditor/Binaries/Win64/UE4Editor-LevelSequenceEditor.dll (API version 3944462).
LogModuleManager: Display: Found up-to-date module file ../../../Engine/Plugins/MovieScene/MatineeToLevelSequence/Binaries/Win64/UE4Editor-MatineeToLevelSequence.dll (API version 3944462).
LogModuleManager: Display: Found up-to-date module file ../../../Engine/Plugins/NetcodeUnitTest/NetcodeUnitTest/Binaries/Win64/UE4Editor-NetcodeUnitTest.dll (API version 3944462).
LogModuleManager: Display: Found up-to-date module file ../../../Engine/Plugins/NetcodeUnitTest/NUTUnrealEngine4/Binaries/Win64/UE4Editor-NUTUnrealEngine4.dll (API version 3944462).
LogModuleManager: Display: Found up-to-date module file ../../../Engine/Plugins/Online/OnlineSubsystemNull/Binaries/Win64/UE4Editor-OnlineSubsystemNull.dll (API version 3944462).
LogModuleManager: Display: Found up-to-date module file ../../../Engine/Plugins/Runtime/ArchVisCharacter/Binaries/Win64/UE4Editor-ArchVisCharacter.dll (API version 3944462).
LogModuleManager: Display: Found up-to-date module file ../../../Engine/Plugins/Runtime/AudioCapture/Binaries/Win64/UE4Editor-AudioCapture.dll (API version 3944462).
LogModuleManager: Display: Found up-to-date module file ../../../Engine/Plugins/Runtime/AudioCapture/Binaries/Win64/UE4Editor-AudioCaptureEditor.dll (API version 3944462).
LogModuleManager: Display: Found up-to-date module file ../../../Engine/Plugins/Runtime/CableComponent/Binaries/Win64/UE4Editor-CableComponent.dll (API version 3944462).
LogModuleManager: Display: Found up-to-date module file ../../../Engine/Plugins/Runtime/CustomMeshComponent/Binaries/Win64/UE4Editor-CustomMeshComponent.dll (API version 3944462).
LogModuleManager: Display: Found up-to-date module file ../../../Engine/Plugins/Runtime/ImmediatePhysics/Binaries/Win64/UE4Editor-ImmediatePhysics.dll (API version 3944462).
LogModuleManager: Display: Found up-to-date module file ../../../Engine/Plugins/Runtime/ImmediatePhysics/Binaries/Win64/UE4Editor-ImmediatePhysicsEditor.dll (API version 3944462).
LogModuleManager: Display: Found up-to-date module file ../../../Engine/Plugins/Runtime/LocationServicesBPLibrary/Binaries/Win64/UE4Editor-LocationServicesBPLibrary.dll (API version 3944462).
LogModuleManager: Display: Found up-to-date module file ../../../Engine/Plugins/Runtime/Oculus/OculusVR/Binaries/Win64/UE4Editor-OculusHMD.dll (API version 3944462).
LogModuleManager: Display: Found up-to-date module file ../../../Engine/Plugins/Runtime/Oculus/OculusVR/Binaries/Win64/UE4Editor-OculusInput.dll (API version 3944462).
LogModuleManager: Display: Found up-to-date module file ../../../Engine/Plugins/Runtime/Oculus/OculusVR/Binaries/Win64/UE4Editor-OculusEditor.dll (API version 3944462).
LogModuleManager: Display: Found up-to-date module file ../../../Engine/Plugins/Runtime/PhysXVehicles/Binaries/Win64/UE4Editor-PhysXVehicles.dll (API version 3944462).
LogModuleManager: Display: Found up-to-date module file ../../../Engine/Plugins/Runtime/PhysXVehicles/Binaries/Win64/UE4Editor-PhysXVehiclesEditor.dll (API version 3944462).
LogModuleManager: Display: Found up-to-date module file ../../../Engine/Plugins/Runtime/ProceduralMeshComponent/Binaries/Win64/UE4Editor-ProceduralMeshComponent.dll (API version 3944462).
LogModuleManager: Display: Found up-to-date module file ../../../Engine/Plugins/Runtime/ProceduralMeshComponent/Binaries/Win64/UE4Editor-ProceduralMeshComponentEditor.dll (API version 3944462).
LogModuleManager: Display: Found up-to-date module file ../../../Engine/Plugins/Runtime/RuntimePhysXCooking/Binaries/Win64/UE4Editor-RuntimePhysXCooking.dll (API version 3944462).
LogModuleManager: Display: Found up-to-date module file ../../../Engine/Plugins/Runtime/Steam/SteamVR/Binaries/Win64/UE4Editor-SteamVR.dll (API version 3944462).
LogModuleManager: Display: Found up-to-date module file ../../../Engine/Plugins/Runtime/Steam/SteamVR/Binaries/Win64/UE4Editor-SteamVRController.dll (API version 3944462).
LogModuleManager: Display: Found up-to-date module file ../../../Engine/Plugins/Runtime/WindowsMoviePlayer/Binaries/Win64/UE4Editor-WindowsMoviePlayer.dll (API version 3944462).
LogModuleManager: Display: Found up-to-date module file ../../../../../Users/Joe/Desktop/Github/gamefps/fps-proto/Plugins/AdvancedSessions/Binaries/Win64/UE4Editor-AdvancedSessions.dll (API version 3944462).
LogModuleManager: Display: Found up-to-date module file ../../../../../Users/Joe/Desktop/Github/gamefps/fps-proto/Plugins/AdvancedSteamSessions/Binaries/Win64/UE4Editor-AdvancedSteamSessions.dll (API version 3944462).
LogPluginManager: Mounting plugin LightPropagationVolume
LogPluginManager: Mounting plugin CLionSourceCodeAccess
LogPluginManager: Mounting plugin CodeLiteSourceCodeAccess
LogPluginManager: Mounting plugin GitSourceControl
LogPluginManager: Mounting plugin KDevelopSourceCodeAccess
LogPluginManager: Mounting plugin NullSourceCodeAccess
LogPluginManager: Mounting plugin PerforceSourceControl
LogPluginManager: Mounting plugin SubversionSourceControl
LogPluginManager: Mounting plugin VisualStudioCodeSourceCodeAccess
LogPluginManager: Mounting plugin VisualStudioSourceCodeAccess
LogPluginManager: Mounting plugin XCodeSourceCodeAccess
LogPluginManager: Mounting plugin AssetManagerEditor
LogPluginManager: Mounting plugin DataValidation
LogPluginManager: Mounting plugin FacialAnimation
LogPluginManager: Mounting plugin GameplayTagsEditor
LogPluginManager: Mounting plugin MobileLauncherProfileWizard
LogPluginManager: Mounting plugin PluginBrowser
LogPluginManager: Mounting plugin SpeedTreeImporter
LogPluginManager: Mounting plugin DatasmithContent
LogPluginManager: Mounting plugin AlembicImporter
LogPluginManager: Mounting plugin CharacterAI
LogPluginManager: Mounting plugin HTML5Networking
LogPluginManager: Mounting plugin AndroidMedia
LogPluginManager: Mounting plugin AvfMedia
LogPluginManager: Mounting plugin ImgMedia
LogPluginManager: Mounting plugin LinearTimecode
LogPluginManager: Mounting plugin MediaCompositing
LogPluginManager: Mounting plugin MediaPlayerEditor
LogPluginManager: Mounting plugin WmfMedia
LogPluginManager: Mounting plugin TcpMessaging
LogPluginManager: Mounting plugin UdpMessaging
LogPluginManager: Mounting plugin ActorSequence
LogPluginManager: Mounting plugin LevelSequenceEditor
LogPluginManager: Mounting plugin MatineeToLevelSequence
LogPluginManager: Mounting plugin NetcodeUnitTest
LogPluginManager: Mounting plugin NUTUnrealEngine4
LogPluginManager: Mounting plugin OnlineSubsystemIOS
LogPluginManager: Mounting plugin OnlineSubsystem
LogPluginManager: Mounting plugin OnlineSubsystemNull
LogPluginManager: Mounting plugin OnlineSubsystemSteam
LogPluginManager: Mounting plugin OnlineSubsystemUtils
LogPluginManager: Mounting plugin ApexDestruction
LogPluginManager: Mounting plugin ArchVisCharacter
LogPluginManager: Mounting plugin AudioCapture
LogPluginManager: Mounting plugin CableComponent
LogPluginManager: Mounting plugin CustomMeshComponent
LogPluginManager: Mounting plugin ImmediatePhysics
LogPluginManager: Mounting plugin LocationServicesBPLibrary
LogPluginManager: Mounting plugin OculusVR
LogPluginManager: Plugin shader directory ../../../Engine/Plugins/Runtime/Oculus/OculusVR/Shaders found
LogPluginManager: Mapping shader source directory ../../../Engine/Plugins/Runtime/Oculus/OculusVR/Shaders to virtual directory /Plugin/OculusVR
LogPluginManager: Mounting plugin PhysXVehicles
LogPluginManager: Mounting plugin ProceduralMeshComponent
LogPluginManager: Mounting plugin RuntimePhysXCooking
LogPluginManager: Mounting plugin SteamVR
LogPluginManager: Mounting plugin WindowsMoviePlayer
LogPluginManager: Mounting plugin AdvancedSessions
LogPluginManager: Mounting plugin AdvancedSteamSessions
LogStreaming: Display: Took  0.758s to configure plugins.
LogInit: Using libcurl 7.47.1
LogInit:  - built for x86_64-pc-win32
LogInit:  - supports SSL with OpenSSL/1.0.2g
LogInit:  - supports HTTP deflate (compression) using libz 1.2.8
LogInit:  - other features:
LogInit:      CURL_VERSION_SSL
LogInit:      CURL_VERSION_LIBZ
LogInit:      CURL_VERSION_IPV6
LogInit:      CURL_VERSION_ASYNCHDNS
LogInit:      CURL_VERSION_LARGEFILE
LogInit:      CURL_VERSION_IDN
LogInit:  CurlRequestOptions (configurable via config and command line):
LogInit:  - bVerifyPeer = false  - Libcurl will NOT verify peer certificate
LogInit:  - bUseHttpProxy = false  - Libcurl will NOT use HTTP proxy
LogInit:  - bDontReuseConnections = false  - Libcurl will reuse connections
LogInit:  - CertBundlePath = nullptr  - Libcurl will use whatever was configured at build time.
LogInit:  - MaxHostConnections = 16  - Libcurl will limit the number of connections to a host
LogInit:  - LocalHostAddr = Default
LogOnline: Display: STEAM: Loading Steam SDK 1.39
LogOnline: Warning: STEAM: Steam API disabled!
LogOnline: Display: STEAM: OnlineSubsystemSteam::Shutdown()
LogInit: WinSock: version 1.1 (2.2), MaxSocks=32767, MaxUdp=65467
LogInit: Build: ++UE4+Release-4.19-CL-4033788
LogInit: Engine Version: 4.19.2-4033788+++UE4+Release-4.19
LogInit: Compatible Engine Version: 4.19.0-3944462+++UE4+Release-4.19
LogInit: Net CL: 3944462
LogDevObjectVersion: Number of dev versions registered: 18
LogDevObjectVersion:   Dev-Blueprints (B0D832E4-1F89-4F0D-ACCF-7EB736FD4AA2): 10
LogDevObjectVersion:   Dev-Build (E1C64328-A22C-4D53-A36C-8E866417BD8C): 0
LogDevObjectVersion:   Dev-Core (375EC13C-06E4-48FB-B500-84F0262A717E): 2
LogDevObjectVersion:   Dev-Editor (E4B068ED-F494-42E9-A231-DA0B2E46BB41): 23
LogDevObjectVersion:   Dev-Framework (CFFC743F-43B0-4480-9391-14DF171D2073): 33
LogDevObjectVersion:   Dev-Mobile (B02B49B5-BB20-44E9-A304-32B752E40360): 2
LogDevObjectVersion:   Dev-Networking (A4E4105C-59A1-49B5-A7C5-40C4547EDFEE): 0
LogDevObjectVersion:   Dev-Online (39C831C9-5AE6-47DC-9A44-9C173E1C8E7C): 0
LogDevObjectVersion:   Dev-Physics (78F01B33-EBEA-4F98-B9B4-84EACCB95AA2): 0
LogDevObjectVersion:   Dev-Platform (6631380F-2D4D-43E0-8009-CF276956A95A): 0
LogDevObjectVersion:   Dev-Rendering (12F88B9F-8875-4AFC-A67C-D90C383ABD29): 25
LogDevObjectVersion:   Dev-Sequencer (7B5AE74C-D270-4C10-A958-57980B212A5A): 6
LogDevObjectVersion:   Dev-VR (D7296918-1DD6-4BDD-9DE2-64A83CC13884): 1
LogDevObjectVersion:   Dev-LoadTimes (C2A15278-BFE7-4AFE-6C17-90FF531DF755): 1
LogDevObjectVersion:   Private-Geometry (6EACA3D4-40EC-4CC1-B786-8BED09428FC5): 2
LogDevObjectVersion:   Dev-AnimPhys (29E575DD-E0A3-4627-9D10-D276232CDCEA): 16
LogDevObjectVersion:   Dev-ReflectionCapture (6B266CEC-1EC7-4B8F-A30B-E4D90942FC07): 1
LogDevObjectVersion:   Dev-Automation (0DF73D61-A23F-47EA-B727-89E90C41499A): 1
LogInit: Compiled (64-bit): Apr 27 2018 02:06:57
LogInit: Compiled with Visual C++: 19.00.24215.01
LogInit: Build Configuration: Development
LogInit: Branch Name: ++UE4+Release-4.19
LogInit: Command Line:  
LogInit: Base Directory: C:/Program Files/UE_4.19/Engine/Binaries/Win64/
LogInit: Installed Engine Build: 1
LogStreaming: Display: Took  0.002s to delete old logs.
LogInit: Presizing for max 8388607 objects, including 0 objects not considered by GC, pre-allocating 0 bytes for permanent pool.
LogInit: Object subsystem initialized
[2018.09.09-19.01.32:556][  0]LogModuleManager: Warning: No filename provided for module ExampleDeviceProfileSelector
[2018.09.09-19.01.32:556][  0]LogModuleManager: Warning: ModuleManager: Unable to load module 'ExampleDeviceProfileSelector' because the file 'C:/Program Files/UE_4.19/Engine/Binaries/Win64/' was not found.
[2018.09.09-19.01.32:556][  0]LogInit: Applying CVar settings loaded from the selected device profile: [Windows]
[2018.09.09-19.01.32:563][  0]LogInit: Computer: DESKTOP-OKQS3QU
[2018.09.09-19.01.32:563][  0]LogInit: User: Joe
[2018.09.09-19.01.32:563][  0]LogInit: CPU Page size=4096, Cores=4
[2018.09.09-19.01.32:563][  0]LogInit: High frequency timer resolution =4.101572 MHz
[2018.09.09-19.01.32:563][  0]LogMemory: Memory total: Physical=8.0GB (8GB approx)
[2018.09.09-19.01.32:563][  0]LogMemory: Platform Memory Stats for Windows
[2018.09.09-19.01.32:563][  0]LogMemory: Process Physical Memory: 275.79 MB used, 275.79 MB peak
[2018.09.09-19.01.32:563][  0]LogMemory: Process Virtual Memory: 272.89 MB used, 272.89 MB peak
[2018.09.09-19.01.32:563][  0]LogMemory: Physical Memory: 5293.30 MB used,  2858.47 MB free, 8151.77 MB total
[2018.09.09-19.01.32:563][  0]LogMemory: Virtual Memory: 4803.51 MB used,  2858.47 MB free, 134217728.00 MB total
[2018.09.09-19.01.32:590][  0]LogInit: Using OS detected language (en-US).
[2018.09.09-19.01.32:590][  0]LogInit: Using OS detected locale (en-US).
[2018.09.09-19.01.32:592][  0]LogTextLocalizationManager: No specific localization for 'en-US' exists, so the 'en' localization will be used.
[2018.09.09-19.01.32:900][  0]LogStreaming: Display: Took  0.311s to EndInitTextLocalization.
[2018.09.09-19.01.32:901][  0]LogInit: Setting process to per monitor DPI aware
[2018.09.09-19.01.32:939][  0]LogSlate: New Slate User Created.  User Index 0, Is Virtual User: 0
[2018.09.09-19.01.32:939][  0]LogSlate: Slate User Registered.  User Index 0, Is Virtual User: 0
[2018.09.09-19.01.33:071][  0]LogD3D11RHI: D3D11 adapters:
[2018.09.09-19.01.33:126][  0]LogD3D11RHI:    0. 'NVIDIA GeForce GTX 1050' (Feature Level 11_0)
[2018.09.09-19.01.33:126][  0]LogD3D11RHI:       1977/0/4075 MB DedicatedVideo/DedicatedSystem/SharedSystem, Outputs:2, VendorId:0x10de
[2018.09.09-19.01.33:128][  0]LogD3D11RHI:    1. 'Microsoft Basic Render Driver' (Feature Level 11_0)
[2018.09.09-19.01.33:128][  0]LogD3D11RHI:       0/0/4075 MB DedicatedVideo/DedicatedSystem/SharedSystem, Outputs:0, VendorId:0x1414
[2018.09.09-19.01.33:128][  0]LogD3D11RHI: Chosen D3D11 Adapter: 0
[2018.09.09-19.01.33:134][  0]LogD3D11RHI: Creating new Direct3DDevice
[2018.09.09-19.01.33:134][  0]LogD3D11RHI:     GPU DeviceId: 0x1c81 (for the marketing name, search the web for "GPU Device Id")
[2018.09.09-19.01.33:134][  0]LogWindows: EnumDisplayDevices:
[2018.09.09-19.01.33:134][  0]LogWindows:    0. 'NVIDIA GeForce GTX 1050' (P:1 D:1)
[2018.09.09-19.01.33:134][  0]LogWindows:    1. 'NVIDIA GeForce GTX 1050' (P:0 D:1)
[2018.09.09-19.01.33:135][  0]LogWindows:    2. 'NVIDIA GeForce GTX 1050' (P:0 D:0)
[2018.09.09-19.01.33:135][  0]LogWindows:    3. 'NVIDIA GeForce GTX 1050' (P:0 D:0)
[2018.09.09-19.01.33:135][  0]LogWindows: DebugString: GetVideoDriverDetailsInvalid PrimaryIsNotTheChoosenAdapter GetVideoDriverDetailsInvalid PrimaryIsNotTheChoosenAdapter GetVideoDriverDetailsInvalid PrimaryIsNotTheChoosenAdapter GetVideoDriverDetailsInvalid PrimaryIsNotTheChoosenAdapter FoundDriverCount:0 
[2018.09.09-19.01.33:135][  0]LogD3D11RHI:     Adapter Name: NVIDIA GeForce GTX 1050
[2018.09.09-19.01.33:135][  0]LogD3D11RHI:   Driver Version: Unknown (internal:Unknown, unified:Unknown)
[2018.09.09-19.01.33:135][  0]LogD3D11RHI:      Driver Date: Unknown
[2018.09.09-19.01.33:135][  0]LogRHI: Texture pool is 1384 MB (70% of 1977 MB)
[2018.09.09-19.01.33:164][  0]LogD3D11RHI: [Aftermath] Aftermath enabled and primed
[2018.09.09-19.01.33:164][  0]LogD3D11RHI: [Aftermath] Aftermath enabled and primed
[2018.09.09-19.01.33:164][  0]LogD3D11RHI: Async texture creation enabled
[2018.09.09-19.01.33:179][  0]LogD3D11RHI: GPU Timing Frequency: 1000.000000 (Debug: 2 2)
[2018.09.09-19.01.33:273][  0]LogShaderCompilers: Guid format shader working directory is -13 characters bigger than the processId version (../../../../../Users/Joe/Desktop/Github/gamefps/fps-proto/Intermediate/Shaders/WorkingDirectory/8484/).
[2018.09.09-19.01.33:273][  0]LogShaderCompilers: Cleaned the shader compiler working directory 'C:/Users/Joe/AppData/Local/Temp/UnrealShaderWorkingDir/3624B2EE48BD9F07888439A442F53B0A/'.
[2018.09.09-19.01.33:598][  0]LogTemp: Display: Loaded TP AllDesktopTargetPlatform
[2018.09.09-19.01.33:609][  0]LogTemp: Display: Loaded TP MacClientTargetPlatform
[2018.09.09-19.01.33:620][  0]LogTemp: Display: Loaded TP MacNoEditorTargetPlatform
[2018.09.09-19.01.33:632][  0]LogTemp: Display: Loaded TP MacServerTargetPlatform
[2018.09.09-19.01.33:646][  0]LogTemp: Display: Loaded TP MacTargetPlatform
[2018.09.09-19.01.33:660][  0]LogTemp: Display: Loaded TP WindowsClientTargetPlatform
[2018.09.09-19.01.33:671][  0]LogTemp: Display: Loaded TP WindowsNoEditorTargetPlatform
[2018.09.09-19.01.33:682][  0]LogTemp: Display: Loaded TP WindowsServerTargetPlatform
[2018.09.09-19.01.33:690][  0]LogTemp: Display: Loaded TP WindowsTargetPlatform
[2018.09.09-19.01.33:700][  0]LogTemp: Display: Loaded TP Android_ASTCTargetPlatform
[2018.09.09-19.01.33:710][  0]LogTemp: Display: Loaded TP Android_ATCTargetPlatform
[2018.09.09-19.01.33:720][  0]LogTemp: Display: Loaded TP Android_DXTTargetPlatform
[2018.09.09-19.01.33:730][  0]LogTemp: Display: Loaded TP Android_ETC1aTargetPlatform
[2018.09.09-19.01.33:740][  0]LogTemp: Display: Loaded TP Android_ETC1TargetPlatform
[2018.09.09-19.01.33:750][  0]LogTemp: Display: Loaded TP Android_ETC2TargetPlatform
[2018.09.09-19.01.33:770][  0]LogTemp: Display: Loaded TP Android_MultiTargetPlatform
[2018.09.09-19.01.33:770][  0]LogTemp: Display: Loaded TP Android_PVRTCTargetPlatform
[2018.09.09-19.01.33:780][  0]LogTemp: Display: Loaded TP AndroidTargetPlatform
[2018.09.09-19.01.33:782][  0]LogTemp: Display: Loaded TP HTML5TargetPlatform
[2018.09.09-19.01.33:822][  0]LogTemp: Display: Loaded TP IOSTargetPlatform
[2018.09.09-19.01.33:832][  0]LogTemp: Display: Loaded TP TVOSTargetPlatform
[2018.09.09-19.01.33:842][  0]LogTemp: Display: Loaded TP LinuxClientTargetPlatform
[2018.09.09-19.01.33:852][  0]LogTemp: Display: Loaded TP LinuxNoEditorTargetPlatform
[2018.09.09-19.01.33:865][  0]LogTemp: Display: Loaded TP LinuxServerTargetPlatform
[2018.09.09-19.01.33:875][  0]LogTemp: Display: Loaded TP LinuxTargetPlatform
[2018.09.09-19.01.33:875][  0]LogTargetPlatformManager: Display: Building Assets For Windows
[2018.09.09-19.01.33:991][  0]LogXGEController: Cannot use XGE Controller as Incredibuild is not installed on this machine.
[2018.09.09-19.01.33:991][  0]LogShaderCompilers: Cannot use XGE Shader Compiler as Incredibuild is not installed on this machine.
[2018.09.09-19.01.33:991][  0]LogShaderCompilers: Display: Using Local Shader Compiler.
[2018.09.09-19.01.34:497][  0]LogDerivedDataCache: Display: Max Cache Size: 512 MB
[2018.09.09-19.01.34:551][  0]LogDerivedDataCache: Loaded boot cache 0.05s 75MB C:/Users/Joe/AppData/Local/UnrealEngine/4.19/DerivedDataCache/Boot.ddc.
[2018.09.09-19.01.34:551][  0]LogDerivedDataCache: Display: Loaded Boot cache: C:/Users/Joe/AppData/Local/UnrealEngine/4.19/DerivedDataCache/Boot.ddc
[2018.09.09-19.01.34:551][  0]LogDerivedDataCache: FDerivedDataBackendGraph:  Pak pak cache file ../../../../../Users/Joe/Desktop/Github/gamefps/fps-proto/DerivedDataCache/DDC.ddp not found, will not use a pak cache.
[2018.09.09-19.01.34:551][  0]LogDerivedDataCache: Unable to find inner node Pak for hierarchical cache Hierarchy.
[2018.09.09-19.01.34:552][  0]LogDerivedDataCache: FDerivedDataBackendGraph:  CompressedPak pak cache file ../../../../../Users/Joe/Desktop/Github/gamefps/fps-proto/DerivedDataCache/Compressed.ddp not found, will not use a pak cache.
[2018.09.09-19.01.34:552][  0]LogDerivedDataCache: Unable to find inner node CompressedPak for hierarchical cache Hierarchy.
[2018.09.09-19.01.34:566][  0]LogDerivedDataCache: Display: Pak cache opened for reading ../../../Engine/DerivedDataCache/Compressed.ddp.
[2018.09.09-19.01.34:579][  0]LogDerivedDataCache: Using Local data cache path C:/Users/Joe/AppData/Local/UnrealEngine/Common/DerivedDataCache: Writable
[2018.09.09-19.01.34:579][  0]LogDerivedDataCache: Shared data cache path not found in *engine.ini, will not use an Shared cache.
[2018.09.09-19.01.34:579][  0]LogDerivedDataCache: Unable to find inner node Shared for hierarchical cache Hierarchy.
[2018.09.09-19.01.34:589][  0]LogMaterial: Verifying Global Shaders for PCD3D_SM5
[2018.09.09-19.01.34:589][  0]LogSlate: Using Freetype 2.6.0
[2018.09.09-19.01.34:590][  0]LogSlate: SlateFontCache - WITH_FREETYPE: 1, WITH_HARFBUZZ: 1
[2018.09.09-19.01.34:590][  0]LogSlate: SlateFontCache - WITH_FREETYPE: 1, WITH_HARFBUZZ: 1
[2018.09.09-19.01.34:692][  0]LogAssetRegistry: FAssetRegistry took 0.0250 seconds to start up
[2018.09.09-19.01.34:926][  0]LogModuleManager: Warning: No filename provided for module ExampleDeviceProfileSelector
[2018.09.09-19.01.34:926][  0]LogModuleManager: Warning: ModuleManager: Unable to load module 'ExampleDeviceProfileSelector' because the file 'C:/Program Files/UE_4.19/Engine/Binaries/Win64/' was not found.
[2018.09.09-19.01.35:055][  0]LogSimplygon: Simplygon DLL not present - disabling.
[2018.09.09-19.01.35:058][  0]LogMeshReduction: Using SimplygonSwarm for distributed automatic mesh merging
[2018.09.09-19.01.35:058][  0]LogMeshReduction: Using QuadricMeshReduction for automatic static mesh reduction
[2018.09.09-19.01.35:058][  0]LogMeshReduction: No automatic skeletal mesh reduction module available
[2018.09.09-19.01.35:058][  0]LogMeshReduction: No automatic mesh merging module available
[2018.09.09-19.01.35:058][  0]LogMeshMerging: No automatic mesh merging module available
[2018.09.09-19.01.35:085][  0]LogNetVersion: FPSPrototype , NetCL: 3944462, EngineNetVer: 2, GameNetVer: 0 (Checksum: 1221512049)
[2018.09.09-19.01.35:454][  0]LogPackageLocalizationCache: Processed 6 localized package path(s) for 2 prioritized culture(s) in 0.045295 seconds
[2018.09.09-19.01.35:458][  0]LogUObjectArray: 36343 objects as part of root set at end of initial load.
[2018.09.09-19.01.35:458][  0]LogUObjectAllocator: 7451104 out of 0 bytes used by permanent object pool.
[2018.09.09-19.01.35:458][  0]LogUObjectArray: CloseDisregardForGC: 0/0 objects in disregard for GC pool
[2018.09.09-19.01.36:839][  0]LogTcpMessaging: Initializing TcpMessaging bridge
[2018.09.09-19.01.36:865][  0]LogUdpMessaging: Initializing bridge on interface 0.0.0.0:0 to multicast group 230.0.0.1:6666.
[2018.09.09-19.01.37:977][  0]SourceControl: Source control is disabled
[2018.09.09-19.01.37:977][  0]SourceControl: Source control is disabled
[2018.09.09-19.01.37:991][  0]SourceControl: Source control is disabled
[2018.09.09-19.01.38:006][  0]SourceControl: Source control is disabled
[2018.09.09-19.01.38:522][  0]LogOcInput: OculusInput pre-init called
[2018.09.09-19.01.38:615][  0]LogEngine: Initializing Engine...
[2018.09.09-19.01.38:616][  0]LogHMD: Failed to initialize OpenVR with code 110
[2018.09.09-19.01.38:617][  0]LogStats: UGameplayTagsManager::ConstructGameplayTagTree: Construct from data asset -  0.000 s
[2018.09.09-19.01.38:617][  0]LogStats: UGameplayTagsManager::ConstructGameplayTagTree: GameplayTagTreeChangedEvent.Broadcast -  0.000 s
[2018.09.09-19.01.38:811][  0]LogAIModule: Creating AISystem for world Untitled
[2018.09.09-19.01.38:859][  0]LogInit: XAudio2 using 'Speakers (Ear Force Stealth 400)' : 2 channels at 48 kHz using 16 bits per sample (channel mask 0x3)
[2018.09.09-19.01.38:870][  0]LogInit: FAudioDevice initialized.
[2018.09.09-19.01.39:021][  0]LogDerivedDataCache: Saved boot cache 0.15s 75MB C:/Users/Joe/AppData/Local/UnrealEngine/4.19/DerivedDataCache/Boot.ddc.
[2018.09.09-19.01.39:027][  0]LogInit: Texture streaming: Enabled
[2018.09.09-19.01.39:050][  0]LogEngineSessionManager: EngineSessionManager initialized
[2018.09.09-19.01.39:062][  0]LogInit: Transaction tracking system initialized
[2018.09.09-19.01.39:089][  0]BlueprintLog: New page: Editor Load
[2018.09.09-19.01.39:183][  0]LocalizationService: Localization service is disabled
[2018.09.09-19.01.39:276][  0]LogConsoleResponse: Display: 
[2018.09.09-19.01.39:399][  0]LogCook: Display: Max memory allowance for cook 16384mb min free memory 0mb
[2018.09.09-19.01.39:399][  0]LogCook: Display: Mobile HDR setting 1
[2018.09.09-19.01.39:399][  0]LogGameplayTags: Display: UGameplayTagsManager::DoneAddingNativeTags. DelegateIsBound: 0
[2018.09.09-19.01.39:399][  0]LogStats: UGameplayTagsManager::ConstructGameplayTagTree: Construct from data asset -  0.000 s
[2018.09.09-19.01.39:399][  0]LogStats: UGameplayTagsManager::ConstructGameplayTagTree: GameplayTagTreeChangedEvent.Broadcast -  0.000 s
[2018.09.09-19.01.39:707][  0]LogFileCache: Scanning file cache for directory 'C:/Users/Joe/Desktop/Github/gamefps/fps-proto/Content/' took 0.02s
[2018.09.09-19.01.39:716][  0]SourceControl: Source control is disabled
[2018.09.09-19.01.39:716][  0]Cmd: MAP LOAD FILE="../../../../../Users/Joe/Desktop/Github/gamefps/fps-proto/Content/Blueprints/Levels/MainMenu_Level.umap" TEMPLATE=0 SHOWPROGRESS=1 FEATURELEVEL=3
[2018.09.09-19.01.39:737][  0]LogSlate: Took 0.000124 seconds to synchronously load lazily loaded font '../../../Engine/Content/Slate/Fonts/Roboto-Regular.ttf' (155K)
[2018.09.09-19.01.39:758][  0]LogWindowsTextInputMethodSystem: Display: IME system now deactivated.
[2018.09.09-19.01.49:087][  0]LogSlate: Window 'Message' being destroyed
[2018.09.09-19.01.49:087][  0]LogWindowsTextInputMethodSystem: Display: IME system now deactivated.
[2018.09.09-19.01.49:089][  0]LogWindowsTextInputMethodSystem: Display: IME system now deactivated.
[2018.09.09-19.01.49:091][  0]LightingResults: New page: Lighting Build
[2018.09.09-19.01.49:093][  0]MapCheck: New page: Map Check
[2018.09.09-19.01.49:093][  0]LightingResults: New page: Lighting Build
[2018.09.09-19.01.49:104][  0]LogAIModule: Creating AISystem for world Untitled
[2018.09.09-19.01.49:105][  0]LoadErrors: New page: New Map
[2018.09.09-19.01.49:226][  0]LogCollectionManager: Loaded 0 collections in 0.001696 seconds
[2018.09.09-19.01.49:270][  0]LogFileCache: Scanning file cache for directory 'C:/Users/Joe/Desktop/Github/gamefps/fps-proto/Saved/Collections/' took 0.01s
[2018.09.09-19.01.49:270][  0]LogFileCache: Scanning file cache for directory 'C:/Users/Joe/Desktop/Github/gamefps/fps-proto/Content/Developers/Joe/Collections/' took 0.01s
[2018.09.09-19.01.49:270][  0]LogFileCache: Scanning file cache for directory 'C:/Users/Joe/Desktop/Github/gamefps/fps-proto/Content/Collections/' took 0.01s
[2018.09.09-19.01.49:270][  0]LogCollectionManager: Rebuilt the GUID cache for 0 collections in 0.000000 seconds
[2018.09.09-19.01.49:276][  0]LogContentBrowser: Native class hierarchy populated in 0.0060 seconds. Added 2400 classes and 530 folders.
[2018.09.09-19.01.49:281][  0]LogContentBrowser: Native class hierarchy updated for 'WidgetCarousel' in 0.0002 seconds. Added 0 classes and 0 folders.
[2018.09.09-19.01.49:315][  0]LogContentBrowser: Native class hierarchy updated for 'AddContentDialog' in 0.0001 seconds. Added 0 classes and 0 folders.
[2018.09.09-19.01.49:320][  0]LogContentBrowser: Native class hierarchy updated for 'SceneOutliner' in 0.0002 seconds. Added 1 classes and 2 folders.
[2018.09.09-19.01.49:329][  0]LogSlate: Took 0.000133 seconds to synchronously load lazily loaded font '../../../Engine/Content/Slate/Fonts/Roboto-Bold.ttf' (160K)
[2018.09.09-19.01.49:333][  0]LogSlate: Took 0.000114 seconds to synchronously load lazily loaded font '../../../Engine/Content/Editor/Slate/Fonts/FontAwesome.ttf' (139K)
[2018.09.09-19.01.49:414][  0]LogRenderer: Reallocating scene render targets to support 1256x664 Format 10 NumSamples 1 (Frame:1).
[2018.09.09-19.01.49:519][  0]LogContentBrowser: Native class hierarchy updated for 'HierarchicalLODOutliner' in 0.0002 seconds. Added 0 classes and 0 folders.
[2018.09.09-19.01.49:519][  0]LogLoad: (Engine Initialization) Total time: 18.97 seconds
[2018.09.09-19.01.49:519][  0]LogLoad: (Engine Initialization) Total Blueprint compile time: 0.00 seconds
[2018.09.09-19.01.49:544][  0]LogAssetRegistry: Asset discovery search completed in 14.8741 seconds
[2018.09.09-19.01.49:546][  0]LogCollectionManager: Rebuilt the object cache for 0 collections in 0.000000 seconds (found 0 objects)
[2018.09.09-19.01.49:546][  0]LogCollectionManager: Fixed up redirectors for 0 collections in 0.000036 seconds (updated 0 objects)
[2018.09.09-19.01.49:547][  0]LogContentStreaming: Texture pool size now 1000 MB
[2018.09.09-19.01.49:665][  0]LogSlate: Took 0.000164 seconds to synchronously load lazily loaded font '../../../Engine/Content/Slate/Fonts/Roboto-Light.ttf' (167K)
[2018.09.09-19.01.50:968][155]LogSlate: FSceneViewport::OnFocusLost() reason 0
[2018.09.09-19.01.59:959][232]LogUObjectGlobals: Created PersistentFrame Addr=0x000001e5a3cb9a00, Size=456, Default__ServerSelect_Widget_C Function /Game/Blueprints/UI/ServerSelect_Widget.ServerSelect_Widget_C:ExecuteUbergraph_ServerSelect_Widget
[2018.09.09-19.01.59:963][232]LogUObjectGlobals: Destroyed PersistentFrame Addr=0x000001e5a3cb9a00, Size=456
[2018.09.09-19.01.59:963][232]LogUObjectGlobals: Created PersistentFrame Addr=0x000001e5a3cb9a00, Size=456, Default__ServerSelect_Widget_C Function /Engine/Transient.REINST_ServerSelect_Widget_C_0:ExecuteUbergraph_ServerSelect_Widget
[2018.09.09-19.01.59:968][232]LogUObjectGlobals: Created PersistentFrame Addr=0x000001e5fd2cf000, Size=456, Default__ServerSelect_Widget_C Function /Game/Blueprints/UI/ServerSelect_Widget.ServerSelect_Widget_C:ExecuteUbergraph_ServerSelect_Widget
[2018.09.09-19.01.59:980][232]LogSlate: Took 0.000144 seconds to synchronously load lazily loaded font '../../../Engine/Content/Slate/Fonts/Roboto-Light.ttf' (167K)
[2018.09.09-19.02.00:229][232]LogContentBrowser: Native class hierarchy updated for 'BlueprintGraph' in 0.0004 seconds. Added 116 classes and 0 folders.
[2018.09.09-19.02.00:445][232]LogUObjectGlobals: Created PersistentFrame Addr=0x000001e593a32598, Size=4, Default__SKEL_PROTO_BP_AnimBlueprint_0_C Function /Engine/Transient.SKEL_PROTO_BP_AnimBlueprint_0_C:ExecuteUbergraph_PROTO_BP_AnimBlueprint_0
[2018.09.09-19.02.00:445][232]LogUObjectGlobals: Created PersistentFrame Addr=0x000001e593a32590, Size=4, Default__PROTO_BP_AnimBlueprint_0_C Function /Engine/Transient.PROTO_BP_AnimBlueprint_0_C:ExecuteUbergraph_PROTO_BP_AnimBlueprint_0
[2018.09.09-19.02.00:739][232]LogSlate: Took 0.000165 seconds to synchronously load lazily loaded font '../../../Engine/Content/Slate/Fonts/Roboto-BoldCondensed.ttf' (158K)
[2018.09.09-19.03.31:357][455]LogSlate: Window 'ServerSelect_Widget*' being destroyed
[2018.09.09-19.03.32:748][622]LogDirectoryWatcher: A directory notification for '../../../Engine/Plugins/' was aborted.
[2018.09.09-19.03.32:748][622]LogDirectoryWatcher: A directory notification for '../../../../../Users/Joe/Desktop/Github/gamefps/fps-proto/Plugins/' was aborted.
[2018.09.09-19.03.47:911][429]LogUObjectGlobals: Created PersistentFrame Addr=0x000001e5a3469c00, Size=680, Default__BaseFPS_Character_C Function /Game/Blueprints/Characters/BaseFPS_Character.BaseFPS_Character_C:ExecuteUbergraph_BaseFPS_Character
[2018.09.09-19.03.47:913][429]LogUObjectGlobals: Created PersistentFrame Addr=0x000001e5bd0e6908, Size=40, Default__PauseMenu_Widget_C Function /Game/Blueprints/UI/PauseMenu_Widget.PauseMenu_Widget_C:ExecuteUbergraph_PauseMenu_Widget
[2018.09.09-19.03.47:916][429]LogUObjectGlobals: Created PersistentFrame Addr=0x000001e5c04c66a0, Size=56, Default__YBot_Anim_BP_C Function /Game/Assets/Mesh/YBot/YBot_Anim_BP.YBot_Anim_BP_C:ExecuteUbergraph_YBot_Anim_BP
[2018.09.09-19.03.47:994][429]LogUObjectGlobals: Destroyed PersistentFrame Addr=0x000001e5c04c66a0, Size=56
[2018.09.09-19.03.47:994][429]LogUObjectGlobals: Created PersistentFrame Addr=0x000001e5c04c66a0, Size=56, Default__YBot_Anim_BP_C Function /Engine/Transient.REINST_YBot_Anim_BP_C_0:ExecuteUbergraph_YBot_Anim_BP
[2018.09.09-19.03.47:995][429]LogUObjectGlobals: Destroyed PersistentFrame Addr=0x000001e5a3469c00, Size=680
[2018.09.09-19.03.47:995][429]LogUObjectGlobals: Created PersistentFrame Addr=0x000001e5bc9ff100, Size=680, Default__BaseFPS_Character_C Function /Engine/Transient.REINST_BaseFPS_Character_C_16:ExecuteUbergraph_BaseFPS_Character
[2018.09.09-19.03.47:995][429]LogUObjectGlobals: Destroyed PersistentFrame Addr=0x000001e5bd0e6908, Size=40
[2018.09.09-19.03.47:995][429]LogUObjectGlobals: Created PersistentFrame Addr=0x000001e5bd0e6908, Size=40, Default__PauseMenu_Widget_C Function /Engine/Transient.REINST_PauseMenu_Widget_C_1:ExecuteUbergraph_PauseMenu_Widget
[2018.09.09-19.03.48:002][429]LogUObjectGlobals: Created PersistentFrame Addr=0x000001e5c04c4448, Size=56, Default__YBot_Anim_BP_C Function /Game/Assets/Mesh/YBot/YBot_Anim_BP.YBot_Anim_BP_C:ExecuteUbergraph_YBot_Anim_BP
[2018.09.09-19.03.48:004][429]LogUObjectGlobals: Created PersistentFrame Addr=0x000001e5b7cd2500, Size=680, Default__BaseFPS_Character_C Function /Game/Blueprints/Characters/BaseFPS_Character.BaseFPS_Character_C:ExecuteUbergraph_BaseFPS_Character
[2018.09.09-19.03.48:005][429]LogUObjectGlobals: Created PersistentFrame Addr=0x000001e5bd0e6d68, Size=40, Default__PauseMenu_Widget_C Function /Game/Blueprints/UI/PauseMenu_Widget.PauseMenu_Widget_C:ExecuteUbergraph_PauseMenu_Widget
[2018.09.09-19.03.48:189][429]LogSkeletalMesh: Skeletal Mesh found in DDC [31.328720ms] /Game/Assets/Mesh/YBot/misc/ybot_T-Pose.ybot_T-Pose
[2018.09.09-19.03.48:461][429]LogMaterial: Missing cached shader map for material GridMaterial, compiling. 
[2018.09.09-19.03.48:591][429]LogShaderCompilers: Display: Shaders left to compile 22
[2018.09.09-19.03.48:591][429]LogShaderCompilers: Display: Shaders left to compile 12
[2018.09.09-19.03.48:591][429]LogShaderCompilers: Display: Shaders left to compile 2
[2018.09.09-19.03.49:764][429]LogMaterial: Missing cached shader map for material PersonaFloorMat, compiling. 
[2018.09.09-19.03.49:813][429]LogShaderCompilers: Display: Shaders left to compile 31
[2018.09.09-19.03.50:201][430]LogSlate: Took 0.000178 seconds to synchronously load lazily loaded font '../../../Engine/Content/Slate/Fonts/Roboto-Italic.ttf' (157K)
[2018.09.09-19.03.52:002][468]LogMeshUtilities: Finished distance field build in 3.4s - 64x64x30 distance field, 12 triangles, Range [-0.1, 0.5], PhAT_FloorBox
[2018.09.09-19.03.52:026][470]LogShaderCompilers: Display: Shaders left to compile 21
[2018.09.09-19.03.53:115][576]LogShaderCompilers: Display: Shaders left to compile 11
[2018.09.09-19.03.53:426][606]LogShaderCompilers: Display: Shaders left to compile 1
[2018.09.09-19.06.23:511][345]Cmd: OBJ SAVEPACKAGE PACKAGE="/Game/Blueprints/UI/ServerSelect_Widget" FILE="../../../../../Users/Joe/Desktop/Github/gamefps/fps-proto/Content/Blueprints/UI/ServerSelect_Widget.uasset" SILENT=true
[2018.09.09-19.06.23:603][345]LogSavePackage: Save=19.93ms
[2018.09.09-19.06.23:603][345]LogSavePackage: Moving '../../../../../Users/Joe/Desktop/Github/gamefps/fps-proto/Saved/ServerSelect_Widget45139D79430EBEEDAAE01DBAB2D27356.tmp' to '../../../../../Users/Joe/Desktop/Github/gamefps/fps-proto/Content/Blueprints/UI/ServerSelect_Widget.uasset'
[2018.09.09-19.06.23:606][345]LogSavePackage: Display: Finished SavePackage ../../../../../Users/Joe/Desktop/Github/gamefps/fps-proto/Content/Blueprints/UI/ServerSelect_Widget.uasset
[2018.09.09-19.06.25:002][512]BlueprintLog: New page: Compile ServerSelect_Widget
[2018.09.09-19.06.25:029][512]LogUObjectGlobals: Destroyed PersistentFrame Addr=0x000001e5bd0e6d68, Size=40
[2018.09.09-19.06.25:029][512]LogUObjectGlobals: Created PersistentFrame Addr=0x000001e610db98c8, Size=40, PauseMenu_Widget_C_0 Function /Engine/Transient.REINST_PauseMenu_Widget_C_4:ExecuteUbergraph_PauseMenu_Widget
[2018.09.09-19.06.25:029][512]LogUObjectGlobals: Destroyed PersistentFrame Addr=0x000001e5fd2cf000, Size=456
[2018.09.09-19.06.25:029][512]LogUObjectGlobals: Created PersistentFrame Addr=0x000001e5b06ab200, Size=456, ServerSelect_Widget_C_2 Function /Engine/Transient.REINST_ServerSelect_Widget_C_5:ExecuteUbergraph_ServerSelect_Widget
[2018.09.09-19.06.25:033][512]LogUObjectGlobals: Created PersistentFrame Addr=0x000001e610db9620, Size=40, Default__PauseMenu_Widget_C Function /Game/Blueprints/UI/PauseMenu_Widget.PauseMenu_Widget_C:ExecuteUbergraph_PauseMenu_Widget
[2018.09.09-19.06.25:034][512]LogUObjectGlobals: Created PersistentFrame Addr=0x000001e610d51400, Size=456, Default__ServerSelect_Widget_C Function /Game/Blueprints/UI/ServerSelect_Widget.ServerSelect_Widget_C:ExecuteUbergraph_ServerSelect_Widget
[2018.09.09-19.06.25:055][512]LogUObjectGlobals: Destroyed PersistentFrame Addr=0x000001e5a3cb9a00, Size=456
[2018.09.09-19.06.25:055][512]LogUObjectGlobals: Destroyed PersistentFrame Addr=0x000001e5bc9ff100, Size=680
[2018.09.09-19.06.25:056][512]LogUObjectGlobals: Destroyed PersistentFrame Addr=0x000001e5bd0e6908, Size=40
[2018.09.09-19.06.25:056][512]LogUObjectGlobals: Destroyed PersistentFrame Addr=0x000001e5c04c66a0, Size=56
[2018.09.09-19.06.30:627][168]LogUObjectGlobals: Destroyed PersistentFrame Addr=0x000001e5b06ab200, Size=456
[2018.09.09-19.06.30:627][168]LogUObjectGlobals: Destroyed PersistentFrame Addr=0x000001e610db98c8, Size=40
[2018.09.09-19.06.35:057][679]LogSlate: Window 'FPSPrototype - Unreal Editor' being destroyed
[2018.09.09-19.06.35:057][679]LogWindowsTextInputMethodSystem: Display: IME system now deactivated.
[2018.09.09-19.06.35:218][680]Cmd: QUIT_EDITOR
[2018.09.09-19.06.35:240][680]LogSlate: Slate User Destroyed.  User Index 0, Is Virtual User: 0
[2018.09.09-19.06.35:240][680]LogExit: Preparing to exit.
[2018.09.09-19.06.36:062][680]LogDirectoryWatcher: A directory notification for 'C:/Users/Joe/Desktop/Github/gamefps/fps-proto/Content/' was aborted.
[2018.09.09-19.06.36:101][680]LogExit: Editor shut down
[2018.09.09-19.06.36:105][680]LogExit: Transaction tracking system shut down
[2018.09.09-19.06.36:110][680]LogUObjectGlobals: Destroyed PersistentFrame Addr=0x000001e593a32598, Size=4
[2018.09.09-19.06.36:110][680]LogUObjectGlobals: Destroyed PersistentFrame Addr=0x000001e593a32590, Size=4
[2018.09.09-19.06.36:111][680]LogUObjectGlobals: Destroyed PersistentFrame Addr=0x000001e5c04c4448, Size=56
[2018.09.09-19.06.36:111][680]LogUObjectGlobals: Destroyed PersistentFrame Addr=0x000001e5b7cd2500, Size=680
[2018.09.09-19.06.36:112][680]LogUObjectGlobals: Destroyed PersistentFrame Addr=0x000001e610db9620, Size=40
[2018.09.09-19.06.36:112][680]LogUObjectGlobals: Destroyed PersistentFrame Addr=0x000001e610d51400, Size=456
[2018.09.09-19.06.36:239][680]LogDirectoryWatcher: A directory notification for '../../../Engine/Content/' was aborted.
[2018.09.09-19.06.36:239][680]LogDirectoryWatcher: A directory notification for '../../../../../Users/Joe/Desktop/Github/gamefps/fps-proto/Content/' was aborted.
[2018.09.09-19.06.36:239][680]LogDirectoryWatcher: A directory notification for '../../Plugins/Enterprise/DatasmithContent/Content/' was aborted.
[2018.09.09-19.06.36:239][680]LogDirectoryWatcher: A directory notification for '../../Plugins/Media/MediaCompositing/Content/' was aborted.
[2018.09.09-19.06.36:239][680]LogDirectoryWatcher: A directory notification for '../../Plugins/Runtime/Oculus/OculusVR/Content/' was aborted.
[2018.09.09-19.06.36:239][680]LogDirectoryWatcher: A directory notification for '../../Plugins/Runtime/Steam/SteamVR/Content/' was aborted.
[2018.09.09-19.06.36:301][680]LogExit: Object subsystem successfully closed.
[2018.09.09-19.06.36:319][680]LogShaderCompilers: Display: Shaders left to compile 0
[2018.09.09-19.06.36:322][680]LogD3D11RHI: Shutdown
[2018.09.09-19.06.36:322][680]LogD3D11RHI: CleanupD3DDevice
[2018.09.09-19.06.36:323][680]LogD3D11RHI: ~FD3D11DynamicRHI
[2018.09.09-19.06.36:337][680]LogModuleManager: Shutting down and abandoning module SequencerWidgets (559)
[2018.09.09-19.06.36:337][680]LogModuleManager: Shutting down and abandoning module BlueprintGraph (557)
[2018.09.09-19.06.36:337][680]LogModuleManager: Shutting down and abandoning module HierarchicalLODOutliner (555)
[2018.09.09-19.06.36:337][680]LogModuleManager: Shutting down and abandoning module SceneOutliner (553)
[2018.09.09-19.06.36:337][680]LogModuleManager: Shutting down and abandoning module AddContentDialog (551)
[2018.09.09-19.06.36:337][680]LogDirectoryWatcher: A directory notification for 'C:/Program Files/UE_4.19/FeaturePacks/' was aborted.
[2018.09.09-19.06.36:338][680]LogModuleManager: Shutting down and abandoning module WidgetCarousel (550)
[2018.09.09-19.06.36:338][680]LogModuleManager: Shutting down and abandoning module EditorWidgets (547)
[2018.09.09-19.06.36:338][680]LogModuleManager: Shutting down and abandoning module CollectionManager (545)
[2018.09.09-19.06.36:338][680]LogDirectoryWatcher: A directory notification for 'C:/Users/Joe/Desktop/Github/gamefps/fps-proto/Content/Collections/' was aborted.
[2018.09.09-19.06.36:338][680]LogDirectoryWatcher: A directory notification for 'C:/Users/Joe/Desktop/Github/gamefps/fps-proto/Content/Developers/Joe/Collections/' was aborted.
[2018.09.09-19.06.36:338][680]LogDirectoryWatcher: A directory notification for 'C:/Users/Joe/Desktop/Github/gamefps/fps-proto/Saved/Collections/' was aborted.
[2018.09.09-19.06.36:338][680]LogModuleManager: Shutting down and abandoning module StatsViewer (543)
[2018.09.09-19.06.36:338][680]LogModuleManager: Shutting down and abandoning module FoliageEdit (541)
[2018.09.09-19.06.36:338][680]LogModuleManager: Shutting down and abandoning module LandscapeEditor (539)
[2018.09.09-19.06.36:338][680]LogModuleManager: Shutting down and abandoning module MeshPaintMode (537)
[2018.09.09-19.06.36:338][680]LogModuleManager: Shutting down and abandoning module MeshPaint (536)
[2018.09.09-19.06.36:338][680]LogModuleManager: Shutting down and abandoning module SceneDepthPickerMode (533)
[2018.09.09-19.06.36:338][680]LogModuleManager: Shutting down and abandoning module ActorPickerMode (531)
[2018.09.09-19.06.36:338][680]LogModuleManager: Shutting down and abandoning module GeometryMode (529)
[2018.09.09-19.06.36:338][680]LogModuleManager: Shutting down and abandoning module TextureAlignMode (527)
[2018.09.09-19.06.36:338][680]LogModuleManager: Shutting down and abandoning module BspMode (525)
[2018.09.09-19.06.36:338][680]LogModuleManager: Shutting down and abandoning module PIEPreviewDeviceProfileSelector (523)
[2018.09.09-19.06.36:338][680]LogModuleManager: Shutting down and abandoning module HardwareSurvey (521)
[2018.09.09-19.06.36:338][680]LogModuleManager: Shutting down and abandoning module SequenceRecorderSections (519)
[2018.09.09-19.06.36:338][680]LogModuleManager: Shutting down and abandoning module AutomationWorker (517)
[2018.09.09-19.06.36:338][680]LogModuleManager: Shutting down and abandoning module AudioCaptureEditor (515)
[2018.09.09-19.06.36:338][680]LogModuleManager: Shutting down and abandoning module SequenceRecorder (514)
[2018.09.09-19.06.36:338][680]LogModuleManager: Shutting down and abandoning module MatineeToLevelSequence (511)
[2018.09.09-19.06.36:338][680]LogModuleManager: Shutting down and abandoning module LevelSequenceEditor (509)
[2018.09.09-19.06.36:338][680]LogModuleManager: Shutting down and abandoning module PlacementMode (508)
[2018.09.09-19.06.36:338][680]LogModuleManager: Shutting down and abandoning module MaterialEditor (507)
[2018.09.09-19.06.36:338][680]LogModuleManager: Shutting down and abandoning module WmfMediaFactory (503)
[2018.09.09-19.06.36:338][680]LogModuleManager: Shutting down and abandoning module WmfMediaEditor (501)
[2018.09.09-19.06.36:338][680]LogModuleManager: Shutting down and abandoning module MediaPlayerEditor (499)
[2018.09.09-19.06.36:338][680]LogModuleManager: Shutting down and abandoning module OpenExrWrapper (497)
[2018.09.09-19.06.36:338][680]LogModuleManager: Shutting down and abandoning module ImgMediaFactory (495)
[2018.09.09-19.06.36:339][680]LogModuleManager: Shutting down and abandoning module ImgMediaEditor (493)
[2018.09.09-19.06.36:339][680]LogModuleManager: Shutting down and abandoning module AvfMediaFactory (491)
[2018.09.09-19.06.36:339][680]LogModuleManager: Shutting down and abandoning module AvfMediaEditor (489)
[2018.09.09-19.06.36:339][680]LogModuleManager: Shutting down and abandoning module AndroidMediaFactory (487)
[2018.09.09-19.06.36:339][680]LogModuleManager: Shutting down and abandoning module AndroidMediaEditor (485)
[2018.09.09-19.06.36:339][680]LogModuleManager: Shutting down and abandoning module CharacterAI (483)
[2018.09.09-19.06.36:339][680]LogModuleManager: Shutting down and abandoning module SessionServices (481)
[2018.09.09-19.06.36:339][680]LogModuleManager: Shutting down and abandoning module ViewportSnapping (479)
[2018.09.09-19.06.36:339][680]LogModuleManager: Shutting down and abandoning module ViewportInteraction (477)
[2018.09.09-19.06.36:339][680]LogModuleManager: Shutting down and abandoning module ClothPainter (475)
[2018.09.09-19.06.36:339][680]LogModuleManager: Shutting down and abandoning module SkeletalMeshEditor (474)
[2018.09.09-19.06.36:339][680]LogModuleManager: Shutting down and abandoning module LogVisualizer (471)
[2018.09.09-19.06.36:339][680]LogModuleManager: Shutting down and abandoning module IntroTutorials (469)
[2018.09.09-19.06.36:339][680]LogModuleManager: Shutting down and abandoning module GameProjectGeneration (468)
[2018.09.09-19.06.36:339][680]LogModuleManager: Shutting down and abandoning module IOSPlatformEditor (465)
[2018.09.09-19.06.36:339][680]LogModuleManager: Shutting down and abandoning module HTML5PlatformEditor (463)
[2018.09.09-19.06.36:339][680]LogModuleManager: Shutting down and abandoning module AndroidPlatformEditor (461)
[2018.09.09-19.06.36:339][680]LogModuleManager: Shutting down and abandoning module AndroidDeviceDetection (460)
[2018.09.09-19.06.36:390][680]LogModuleManager: Shutting down and abandoning module WindowsPlatformEditor (457)
[2018.09.09-19.06.36:390][680]LogModuleManager: Shutting down and abandoning module IOSRuntimeSettings (455)
[2018.09.09-19.06.36:390][680]LogModuleManager: Shutting down and abandoning module AndroidRuntimeSettings (453)
[2018.09.09-19.06.36:390][680]LogModuleManager: Shutting down and abandoning module InputBindingEditor (451)
[2018.09.09-19.06.36:390][680]LogModuleManager: Shutting down and abandoning module MergeActors (449)
[2018.09.09-19.06.36:390][680]LogModuleManager: Shutting down and abandoning module LocalizationDashboard (447)
[2018.09.09-19.06.36:390][680]LogModuleManager: Shutting down and abandoning module LocalizationService (446)
[2018.09.09-19.06.36:390][680]LogModuleManager: Shutting down and abandoning module HardwareTargeting (443)
[2018.09.09-19.06.36:390][680]LogModuleManager: Shutting down and abandoning module DeviceProfileEditor (441)
[2018.09.09-19.06.36:390][680]LogModuleManager: Shutting down and abandoning module UndoHistory (439)
[2018.09.09-19.06.36:390][680]LogModuleManager: Shutting down and abandoning module XmlParser (437)
[2018.09.09-19.06.36:390][680]LogModuleManager: Shutting down and abandoning module Blutility (435)
[2018.09.09-19.06.36:390][680]LogModuleManager: Shutting down and abandoning module ProjectSettingsViewer (433)
[2018.09.09-19.06.36:390][680]LogModuleManager: Shutting down and abandoning module ProjectTargetPlatformEditor (432)
[2018.09.09-19.06.36:391][680]LogModuleManager: Shutting down and abandoning module EditorSettingsViewer (429)
[2018.09.09-19.06.36:391][680]LogModuleManager: Shutting down and abandoning module SettingsEditor (427)
[2018.09.09-19.06.36:391][680]LogModuleManager: Shutting down and abandoning module ProjectLauncher (425)
[2018.09.09-19.06.36:391][680]LogModuleManager: Shutting down and abandoning module SessionFrontend (423)
[2018.09.09-19.06.36:391][680]LogModuleManager: Shutting down and abandoning module ProfilerClient (421)
[2018.09.09-19.06.36:391][680]LogModuleManager: Shutting down and abandoning module DeviceManager (419)
[2018.09.09-19.06.36:391][680]LogModuleManager: Shutting down and abandoning module TargetDeviceServices (418)
[2018.09.09-19.06.36:445][680]LogModuleManager: Shutting down and abandoning module AutomationController (415)
[2018.09.09-19.06.36:445][680]LogModuleManager: Shutting down and abandoning module AutomationWindow (413)
[2018.09.09-19.06.36:445][680]LogModuleManager: Shutting down and abandoning module Layers (411)
[2018.09.09-19.06.36:445][680]LogModuleManager: Shutting down and abandoning module ComponentVisualizers (409)
[2018.09.09-19.06.36:445][680]LogModuleManager: Shutting down and abandoning module DetailCustomizations (407)
[2018.09.09-19.06.36:445][680]LogModuleManager: Shutting down and abandoning module PackagesDialog (405)
[2018.09.09-19.06.36:445][680]LogModuleManager: Shutting down and abandoning module Persona (403)
[2018.09.09-19.06.36:445][680]LogModuleManager: Shutting down and abandoning module AdvancedPreviewScene (402)
[2018.09.09-19.06.36:445][680]LogModuleManager: Shutting down and abandoning module AnimGraph (400)
[2018.09.09-19.06.36:445][680]LogModuleManager: Shutting down and abandoning module Kismet (397)
[2018.09.09-19.06.36:450][680]LogModuleManager: Shutting down and abandoning module GraphEditor (395)
[2018.09.09-19.06.36:450][680]LogModuleManager: Shutting down and abandoning module ClassViewer (393)
[2018.09.09-19.06.36:451][680]LogModuleManager: Shutting down and abandoning module Toolbox (391)
[2018.09.09-19.06.36:451][680]LogModuleManager: Shutting down and abandoning module ModuleUI (389)
[2018.09.09-19.06.36:451][680]LogModuleManager: Shutting down and abandoning module MovieSceneTools (387)
[2018.09.09-19.06.36:451][680]LogModuleManager: Shutting down and abandoning module OutputLog (385)
[2018.09.09-19.06.36:451][680]LogModuleManager: Shutting down and abandoning module GammaUI (383)
[2018.09.09-19.06.36:451][680]LogModuleManager: Shutting down and abandoning module Documentation (381)
[2018.09.09-19.06.36:451][680]LogModuleManager: Shutting down and abandoning module MovieSceneTracks (379)
[2018.09.09-19.06.36:451][680]LogModuleManager: Shutting down and abandoning module MovieScene (377)
[2018.09.09-19.06.36:451][680]LogModuleManager: Shutting down and abandoning module StreamingPauseRendering (375)
[2018.09.09-19.06.36:451][680]LogModuleManager: Shutting down and abandoning module LauncherPlatform (373)
[2018.09.09-19.06.36:451][680]LogModuleManager: Shutting down and abandoning module AnalyticsET (371)
[2018.09.09-19.06.36:451][680]LogModuleManager: Shutting down and abandoning module PortalServices (369)
[2018.09.09-19.06.36:451][680]LogModuleManager: Shutting down and abandoning module PortalRpc (367)
[2018.09.09-19.06.36:451][680]LogModuleManager: Shutting down and abandoning module MessagingRpc (365)
[2018.09.09-19.06.36:451][680]LogModuleManager: Shutting down and abandoning module AIModule (363)
[2018.09.09-19.06.36:451][680]LogModuleManager: Shutting down and abandoning module GameplayDebugger (362)
[2018.09.09-19.06.36:452][680]LogModuleManager: Shutting down and abandoning module AITestSuite (360)
[2018.09.09-19.06.36:452][680]LogModuleManager: Shutting down and abandoning module DesktopPlatform (357)
[2018.09.09-19.06.36:452][680]LogModuleManager: Shutting down and abandoning module ProfilerService (355)
[2018.09.09-19.06.36:496][680]LogModuleManager: Shutting down and abandoning module TaskGraph (353)
[2018.09.09-19.06.36:496][680]LogModuleManager: Shutting down and abandoning module SteamVRController (351)
[2018.09.09-19.06.36:496][680]LogModuleManager: Shutting down and abandoning module ProceduralMeshComponentEditor (349)
[2018.09.09-19.06.36:496][680]LogModuleManager: Shutting down and abandoning module ProceduralMeshComponent (347)
[2018.09.09-19.06.36:496][680]LogModuleManager: Shutting down and abandoning module OculusInput (345)
[2018.09.09-19.06.36:496][680]LogModuleManager: Shutting down and abandoning module CustomMeshComponent (343)
[2018.09.09-19.06.36:496][680]LogModuleManager: Shutting down and abandoning module CableComponent (341)
[2018.09.09-19.06.36:496][680]LogModuleManager: Shutting down and abandoning module AudioCapture (339)
[2018.09.09-19.06.36:496][680]LogModuleManager: Shutting down and abandoning module ArchVisCharacter (337)
[2018.09.09-19.06.36:496][680]LogModuleManager: Shutting down and abandoning module NUTUnrealEngine4 (335)
[2018.09.09-19.06.36:496][680]LogModuleManager: Shutting down and abandoning module NetcodeUnitTest (333)
[2018.09.09-19.06.36:496][680]LogModuleManager: Shutting down and abandoning module MediaCompositingEditor (331)
[2018.09.09-19.06.36:496][680]LogModuleManager: Shutting down and abandoning module MediaCompositing (329)
[2018.09.09-19.06.36:496][680]LogModuleManager: Shutting down and abandoning module LinearTimecode (327)
[2018.09.09-19.06.36:496][680]LogModuleManager: Shutting down and abandoning module ImgMedia (325)
[2018.09.09-19.06.36:498][680]LogModuleManager: Shutting down and abandoning module HTML5Networking (323)
[2018.09.09-19.06.36:498][680]LogModuleManager: Shutting down and abandoning module AlembicImporter (321)
[2018.09.09-19.06.36:498][680]LogModuleManager: Shutting down and abandoning module AlembicLibrary (320)
[2018.09.09-19.06.36:498][680]LogModuleManager: Shutting down and abandoning module GeometryCache (319)
[2018.09.09-19.06.36:498][680]LogModuleManager: Shutting down and abandoning module GeometryCacheEd (318)
[2018.09.09-19.06.36:498][680]LogModuleManager: Shutting down and abandoning module DatasmithContent (313)
[2018.09.09-19.06.36:498][680]LogModuleManager: Shutting down and abandoning module SpeedTreeImporter (311)
[2018.09.09-19.06.36:498][680]LogModuleManager: Shutting down and abandoning module PluginBrowser (309)
[2018.09.09-19.06.36:498][680]LogModuleManager: Shutting down and abandoning module MobileLauncherProfileWizard (307)
[2018.09.09-19.06.36:498][680]LogModuleManager: Shutting down and abandoning module VisualStudioSourceCodeAccess (305)
[2018.09.09-19.06.36:498][680]LogModuleManager: Shutting down and abandoning module VisualStudioCodeSourceCodeAccess (303)
[2018.09.09-19.06.36:498][680]LogModuleManager: Shutting down and abandoning module SubversionSourceControl (301)
[2018.09.09-19.06.36:498][680]LogModuleManager: Shutting down and abandoning module PerforceSourceControl (299)
[2018.09.09-19.06.36:498][680]LogModuleManager: Shutting down and abandoning module GitSourceControl (297)
[2018.09.09-19.06.36:498][680]LogModuleManager: Shutting down and abandoning module SourceControl (296)
[2018.09.09-19.06.36:498][680]LogModuleManager: Shutting down and abandoning module CLionSourceCodeAccess (293)
[2018.09.09-19.06.36:498][680]LogModuleManager: Shutting down and abandoning module LightPropagationVolumeEditor (291)
[2018.09.09-19.06.36:498][680]LogModuleManager: Shutting down and abandoning module AdvancedSteamSessions (289)
[2018.09.09-19.06.36:498][680]LogModuleManager: Shutting down and abandoning module AdvancedSessions (287)
[2018.09.09-19.06.36:498][680]LogModuleManager: Shutting down and abandoning module RuntimePhysXCooking (285)
[2018.09.09-19.06.36:498][680]LogModuleManager: Shutting down and abandoning module PhysXVehiclesEditor (283)
[2018.09.09-19.06.36:498][680]LogModuleManager: Shutting down and abandoning module PhysXVehicles (281)
[2018.09.09-19.06.36:499][680]LogModuleManager: Shutting down and abandoning module OculusEditor (279)
[2018.09.09-19.06.36:499][680]LogModuleManager: Shutting down and abandoning module LocationServicesBPLibrary (277)
[2018.09.09-19.06.36:499][680]LogModuleManager: Shutting down and abandoning module ImmediatePhysicsEditor (275)
[2018.09.09-19.06.36:499][680]LogModuleManager: Shutting down and abandoning module ImmediatePhysics (273)
[2018.09.09-19.06.36:499][680]LogModuleManager: Shutting down and abandoning module ApexDestructionEditor (271)
[2018.09.09-19.06.36:499][680]LogModuleManager: Shutting down and abandoning module ApexDestruction (269)
[2018.09.09-19.06.36:499][680]LogModuleManager: Shutting down and abandoning module ActorSequence (267)
[2018.09.09-19.06.36:499][680]LogModuleManager: Shutting down and abandoning module UdpMessaging (265)
[2018.09.09-19.06.36:600][680]LogModuleManager: Shutting down and abandoning module TcpMessaging (263)
[2018.09.09-19.06.37:010][680]LogModuleManager: Shutting down and abandoning module GameplayTagsEditor (261)
[2018.09.09-19.06.37:010][680]LogModuleManager: Shutting down and abandoning module FacialAnimationEditor (259)
[2018.09.09-19.06.37:010][680]LogModuleManager: Shutting down and abandoning module FacialAnimation (257)
[2018.09.09-19.06.37:011][680]LogModuleManager: Shutting down and abandoning module DataValidation (255)
[2018.09.09-19.06.37:011][680]LogModuleManager: Shutting down and abandoning module AssetManagerEditor (253)
[2018.09.09-19.06.37:011][680]LogModuleManager: Shutting down and abandoning module LevelEditor (252)
[2018.09.09-19.06.37:012][680]LogModuleManager: Shutting down and abandoning module PixelInspectorModule (251)
[2018.09.09-19.06.37:012][680]LogModuleManager: Shutting down and abandoning module CommonMenuExtensions (249)
[2018.09.09-19.06.37:012][680]LogModuleManager: Shutting down and abandoning module MainFrame (247)
[2018.09.09-19.06.37:013][680]LogModuleManager: Shutting down and abandoning module HotReload (246)
[2018.09.09-19.06.37:013][680]LogDirectoryWatcher: A directory notification for 'C:/Users/Joe/Desktop/Github/gamefps/fps-proto/Plugins/AdvancedSessions/Binaries/Win64' was aborted.
[2018.09.09-19.06.37:013][680]LogDirectoryWatcher: A directory notification for 'C:/Users/Joe/Desktop/Github/gamefps/fps-proto/Plugins/AdvancedSteamSessions/Binaries/Win64' was aborted.
[2018.09.09-19.06.37:014][680]LogModuleManager: Shutting down and abandoning module ContentBrowser (242)
[2018.09.09-19.06.37:015][680]LogModuleManager: Shutting down and abandoning module TreeMap (240)
[2018.09.09-19.06.37:016][680]LogModuleManager: Shutting down and abandoning module LightPropagationVolumeRuntime (237)
[2018.09.09-19.06.37:016][680]LogModuleManager: Shutting down and abandoning module WindowsMoviePlayer (235)
[2018.09.09-19.06.37:016][680]LogModuleManager: Shutting down and abandoning module WmfMedia (233)
[2018.09.09-19.06.37:018][680]LogModuleManager: Shutting down and abandoning module Media (232)
[2018.09.09-19.06.37:024][680]LogModuleManager: Shutting down and abandoning module PacketHandler (229)
[2018.09.09-19.06.37:025][680]LogModuleManager: Shutting down and abandoning module ClothingSystemEditor (227)
[2018.09.09-19.06.37:025][680]LogModuleManager: Shutting down and abandoning module ClothingSystemRuntime (225)
[2018.09.09-19.06.37:025][680]LogModuleManager: Shutting down and abandoning module MediaAssets (223)
[2018.09.09-19.06.37:025][680]LogModuleManager: Shutting down and abandoning module Overlay (221)
[2018.09.09-19.06.37:025][680]LogModuleManager: Shutting down and abandoning module OverlayEditor (220)
[2018.09.09-19.06.37:025][680]LogModuleManager: Shutting down and abandoning module VREditor (217)
[2018.09.09-19.06.37:025][680]LogModuleManager: Shutting down and abandoning module StringTableEditor (215)
[2018.09.09-19.06.37:025][680]LogModuleManager: Shutting down and abandoning module GameplayTasksEditor (213)
[2018.09.09-19.06.37:025][680]LogModuleManager: Shutting down and abandoning module BehaviorTreeEditor (211)
[2018.09.09-19.06.37:025][680]LogModuleManager: Shutting down and abandoning module FunctionalTesting (209)
[2018.09.09-19.06.37:025][680]LogModuleManager: Shutting down and abandoning module CollisionAnalyzer (207)
[2018.09.09-19.06.37:025][680]LogModuleManager: Shutting down and abandoning module WorkspaceMenuStructure (206)
[2018.09.09-19.06.37:025][680]LogModuleManager: Shutting down and abandoning module UMG (203)
[2018.09.09-19.06.37:025][680]LogModuleManager: Shutting down and abandoning module UMGEditor (202)
[2018.09.09-19.06.37:025][680]LogModuleManager: Shutting down and abandoning module Sequencer (201)
[2018.09.09-19.06.37:026][680]LogModuleManager: Shutting down and abandoning module MessageLog (198)
[2018.09.09-19.06.37:026][680]LogModuleManager: Shutting down and abandoning module SlateReflector (193)
[2018.09.09-19.06.37:026][680]LogModuleManager: Shutting down and abandoning module Slate (191)
[2018.09.09-19.06.37:026][680]LogModuleManager: Shutting down and abandoning module EditorStyle (189)
[2018.09.09-19.06.37:029][680]LogModuleManager: Shutting down and abandoning module MRMesh (187)
[2018.09.09-19.06.37:029][680]LogModuleManager: Shutting down and abandoning module SourceCodeAccess (185)
[2018.09.09-19.06.37:029][680]LogModuleManager: Shutting down and abandoning module HeadMountedDisplay (183)
[2018.09.09-19.06.37:030][680]LogModuleManager: Shutting down and abandoning module XAudio2 (181)
[2018.09.09-19.06.37:030][680]LogModuleManager: Shutting down and abandoning module Networking (179)
[2018.09.09-19.06.37:030][680]LogModuleManager: Shutting down and abandoning module Core (177)
[2018.09.09-19.06.37:030][680]LogModuleManager: Shutting down and abandoning module LevelSequence (175)
[2018.09.09-19.06.37:030][680]LogModuleManager: Shutting down and abandoning module KismetCompiler (173)
[2018.09.09-19.06.37:030][680]LogModuleManager: Shutting down and abandoning module MeshUtilities (171)
[2018.09.09-19.06.37:030][680]LogModuleManager: Shutting down and abandoning module MeshMergeUtilities (170)
[2018.09.09-19.06.37:030][680]LogModuleManager: Shutting down and abandoning module MeshReductionInterface (169)
[2018.09.09-19.06.37:030][680]LogModuleManager: Shutting down and abandoning module SimplygonSwarm (168)
[2018.09.09-19.06.37:030][680]LogModuleManager: Shutting down and abandoning module SimplygonMeshReduction (166)
[2018.09.09-19.06.37:030][680]LogModuleManager: Shutting down and abandoning module QuadricMeshReduction (164)
[2018.09.09-19.06.37:030][680]LogModuleManager: Shutting down and abandoning module MaterialBaking (160)
[2018.09.09-19.06.37:030][680]LogModuleManager: Shutting down and abandoning module DirectoryWatcher (156)
[2018.09.09-19.06.37:032][680]LogModuleManager: Shutting down and abandoning module DerivedDataCache (153)
[2018.09.09-19.06.37:076][680]LogDerivedDataCache: Shutdown
[2018.09.09-19.06.37:076][680]LogModuleManager: Shutting down and abandoning module XGEController (151)
[2018.09.09-19.06.37:076][680]LogModuleManager: Shutting down and abandoning module TargetPlatform (149)
[2018.09.09-19.06.37:076][680]LogModuleManager: Shutting down and abandoning module VulkanShaderFormat (148)
[2018.09.09-19.06.37:076][680]LogModuleManager: Shutting down and abandoning module ShaderFormatVectorVM (146)
[2018.09.09-19.06.37:076][680]LogModuleManager: Shutting down and abandoning module ShaderFormatOpenGL (144)
[2018.09.09-19.06.37:076][680]LogModuleManager: Shutting down and abandoning module ShaderFormatD3D (142)
[2018.09.09-19.06.37:076][680]LogModuleManager: Shutting down and abandoning module MetalShaderFormat (140)
[2018.09.09-19.06.37:076][680]LogModuleManager: Shutting down and abandoning module TextureFormatUncompressed (138)
[2018.09.09-19.06.37:077][680]LogModuleManager: Shutting down and abandoning module TextureFormatPVR (136)
[2018.09.09-19.06.37:077][680]LogModuleManager: Shutting down and abandoning module TextureFormatDXT (134)
[2018.09.09-19.06.37:077][680]LogModuleManager: Shutting down and abandoning module TextureFormatIntelISPCTexComp (132)
[2018.09.09-19.06.37:077][680]LogModuleManager: Shutting down and abandoning module TextureFormatASTC (130)
[2018.09.09-19.06.37:077][680]LogModuleManager: Shutting down and abandoning module ImageWrapper (129)
[2018.09.09-19.06.37:077][680]LogModuleManager: Shutting down and abandoning module TextureFormatAndroid (126)
[2018.09.09-19.06.37:077][680]LogModuleManager: Shutting down and abandoning module AudioFormatOpus (124)
[2018.09.09-19.06.37:077][680]LogModuleManager: Shutting down and abandoning module AudioFormatOgg (122)
[2018.09.09-19.06.37:077][680]LogModuleManager: Shutting down and abandoning module AudioFormatADPCM (120)
[2018.09.09-19.06.37:077][680]LogModuleManager: Shutting down and abandoning module LinuxTargetPlatform (118)
[2018.09.09-19.06.37:077][680]LogModuleManager: Shutting down and abandoning module LinuxServerTargetPlatform (116)
[2018.09.09-19.06.37:077][680]LogModuleManager: Shutting down and abandoning module LinuxNoEditorTargetPlatform (114)
[2018.09.09-19.06.37:077][680]LogModuleManager: Shutting down and abandoning module LinuxClientTargetPlatform (112)
[2018.09.09-19.06.37:077][680]LogModuleManager: Shutting down and abandoning module TVOSTargetPlatform (110)
[2018.09.09-19.06.37:077][680]LogModuleManager: Shutting down and abandoning module Messaging (108)
[2018.09.09-19.06.37:077][680]LogModuleManager: Shutting down and abandoning module IOSTargetPlatform (106)
[2018.09.09-19.06.37:077][680]LogModuleManager: Shutting down and abandoning module HTML5TargetPlatform (104)
[2018.09.09-19.06.37:077][680]LogModuleManager: Shutting down and abandoning module AndroidTargetPlatform (102)
[2018.09.09-19.06.37:077][680]LogModuleManager: Shutting down and abandoning module Android_PVRTCTargetPlatform (100)
[2018.09.09-19.06.37:077][680]LogModuleManager: Shutting down and abandoning module Android_MultiTargetPlatform (98)
[2018.09.09-19.06.37:077][680]LogModuleManager: Shutting down and abandoning module Android_ETC2TargetPlatform (96)
[2018.09.09-19.06.37:077][680]LogModuleManager: Shutting down and abandoning module Android_ETC1TargetPlatform (94)
[2018.09.09-19.06.37:077][680]LogModuleManager: Shutting down and abandoning module Android_ETC1aTargetPlatform (92)
[2018.09.09-19.06.37:077][680]LogModuleManager: Shutting down and abandoning module Android_DXTTargetPlatform (90)
[2018.09.09-19.06.37:077][680]LogModuleManager: Shutting down and abandoning module Android_ATCTargetPlatform (88)
[2018.09.09-19.06.37:077][680]LogModuleManager: Shutting down and abandoning module Android_ASTCTargetPlatform (86)
[2018.09.09-19.06.37:077][680]LogModuleManager: Shutting down and abandoning module WindowsTargetPlatform (84)
[2018.09.09-19.06.37:077][680]LogModuleManager: Shutting down and abandoning module WindowsServerTargetPlatform (82)
[2018.09.09-19.06.37:077][680]LogModuleManager: Shutting down and abandoning module WindowsNoEditorTargetPlatform (80)
[2018.09.09-19.06.37:077][680]LogModuleManager: Shutting down and abandoning module WindowsClientTargetPlatform (78)
[2018.09.09-19.06.37:078][680]LogModuleManager: Shutting down and abandoning module MacTargetPlatform (76)
[2018.09.09-19.06.37:078][680]LogModuleManager: Shutting down and abandoning module MacServerTargetPlatform (74)
[2018.09.09-19.06.37:078][680]LogModuleManager: Shutting down and abandoning module MacNoEditorTargetPlatform (72)
[2018.09.09-19.06.37:078][680]LogModuleManager: Shutting down and abandoning module MacClientTargetPlatform (70)
[2018.09.09-19.06.37:078][680]LogModuleManager: Shutting down and abandoning module AllDesktopTargetPlatform (68)
[2018.09.09-19.06.37:078][680]LogModuleManager: Shutting down and abandoning module InputCore (65)
[2018.09.09-19.06.37:078][680]LogModuleManager: Shutting down and abandoning module Settings (63)
[2018.09.09-19.06.37:078][680]LogModuleManager: Shutting down and abandoning module PhysXCooking (61)
[2018.09.09-19.06.37:078][680]LogModuleManager: Shutting down and abandoning module SteamVR (58)
[2018.09.09-19.06.37:078][680]LogModuleManager: Shutting down and abandoning module OculusHMD (56)
[2018.09.09-19.06.37:078][680]LogModuleManager: Shutting down and abandoning module OnlineBlueprintSupport (54)
[2018.09.09-19.06.37:078][680]LogModuleManager: Shutting down and abandoning module OnlineSubsystem (50)
[2018.09.09-19.06.37:078][680]LogOnline: Display: OSS: FOnlineSubsystemNull::Shutdown()
[2018.09.09-19.06.37:078][680]LogOnline: Display: OSS: FOnlineAsyncTaskManager::Stop() ActiveTask:0000000000000000 Tasks[0/0]
[2018.09.09-19.06.37:079][680]LogOnline: Display: OSS: FOnlineAsyncTaskManager::Exit() started
[2018.09.09-19.06.37:079][680]LogOnline: Display: OSS: FOnlineAsyncTaskManager::Exit() finished
[2018.09.09-19.06.37:079][680]LogModuleManager: Shutting down and abandoning module XMPP (43)
[2018.09.09-19.06.37:079][680]LogModuleManager: Shutting down and abandoning module HTTP (41)
[2018.09.09-19.06.37:079][680]LogHttp: Display: Http module shutting down, but needs to wait on 1 outstanding Http requests:
[2018.09.09-19.06.37:079][680]LogHttp: Display: 	verb=[POST] url=[https://datarouter.ol.epicgames.com/datarouter/api/v1/public/data?SessionID=%7BFA11C35F-4563-F42E-9239-0CAA50401221%7D&AppID=UEEditor.Rocket.Release&AppVersion=4.19.2-4033788%2B%2B%2BUE4%2BRelease-4.19&UserID=f508e7534a02dd9ca3109aafdcb5f4fd%7C306c53d528b74223863a99035e76979a%7Ca5bf8f68-4c9d-43ae-8c4e-57f1f85bf672&AppEnvironment=datacollector-binary&UploadType=eteventstream] status=Processing
[2018.09.09-19.06.37:091][680]LogModuleManager: Shutting down and abandoning module SSL (40)
[2018.09.09-19.06.37:093][680]LogModuleManager: Shutting down and abandoning module AnimationModifiers (36)
[2018.09.09-19.06.37:093][680]LogModuleManager: Shutting down and abandoning module PropertyEditor (35)
[2018.09.09-19.06.37:093][680]LogModuleManager: Shutting down and abandoning module AudioEditor (32)
[2018.09.09-19.06.37:093][680]LogModuleManager: Shutting down and abandoning module TextureCompressor (30)
[2018.09.09-19.06.37:093][680]LogModuleManager: Shutting down and abandoning module ShaderCore (28)
[2018.09.09-19.06.37:093][680]LogModuleManager: Shutting down and abandoning module Landscape (26)
[2018.09.09-19.06.37:093][680]LogModuleManager: Shutting down and abandoning module SlateRHIRenderer (24)
[2018.09.09-19.06.37:094][680]LogModuleManager: Shutting down and abandoning module OpenGLDrv (22)
[2018.09.09-19.06.37:094][680]LogModuleManager: Shutting down and abandoning module D3D11RHI (20)
[2018.09.09-19.06.37:094][680]LogModuleManager: Shutting down and abandoning module AnimGraphRuntime (18)
[2018.09.09-19.06.37:094][680]LogModuleManager: Shutting down and abandoning module Renderer (16)
[2018.09.09-19.06.37:094][680]LogModuleManager: Shutting down and abandoning module Engine (14)
[2018.09.09-19.06.37:094][680]LogModuleManager: Shutting down and abandoning module CoreUObject (12)
[2018.09.09-19.06.37:094][680]LogModuleManager: Shutting down and abandoning module NetworkFile (10)
[2018.09.09-19.06.37:094][680]LogModuleManager: Shutting down and abandoning module CookedIterativeFile (8)
[2018.09.09-19.06.37:094][680]LogModuleManager: Shutting down and abandoning module StreamingFile (6)
[2018.09.09-19.06.37:094][680]LogModuleManager: Shutting down and abandoning module SandboxFile (4)
[2018.09.09-19.06.37:094][680]LogModuleManager: Shutting down and abandoning module PakFile (2)
[2018.09.09-19.06.37:099][680]LogExit: Exiting.
[2018.09.09-19.06.37:109][680]Log file closed, 09/09/18 14:06:37
