Log file open, 09/09/18 02:08:50
LogWindows: Failed to load 'aqProf.dll' (GetLastError=126)
LogWindows: File 'aqProf.dll' does not exist
LogWindows: Failed to load 'VtuneApi.dll' (GetLastError=126)
LogWindows: File 'VtuneApi.dll' does not exist
LogWindows: Failed to load 'VtuneApi32e.dll' (GetLastError=126)
LogWindows: File 'VtuneApi32e.dll' does not exist
LogInit: Display: Running engine for game: FPSPrototype
LogPlatformFile: Not using cached read wrapper
LogInit: Display: RandInit(1409216847) SRandInit(1409216847).
LogInit: Read version file with build ID '3944462'
LogInit: Overriding engine version to CL 4033788, compatible CL 3944462
LogInit: Registered custom module enumerator with build ID '3944462'
LogTaskGraph: Started task graph with 5 named threads and 23 total threads with 3 sets of task threads.
LogStats: Stats thread started at 0.282123
LogD3D11RHI: Aftermath initialized
LogICUInternationalization: Display: ICU TimeZone Detection - Raw Offset: -5:00, Platform Override: ''
LogModuleManager: Display: Found up-to-date module file ../../../Engine/Plugins/Runtime/ApexDestruction/Binaries/Win64/UE4Editor-ApexDestruction.dll (API version 3944462).
LogModuleManager: Display: Found up-to-date module file ../../../Engine/Plugins/Runtime/ApexDestruction/Binaries/Win64/UE4Editor-ApexDestructionEditor.dll (API version 3944462).
LogModuleManager: Display: Found up-to-date module file ../../../Engine/Plugins/Online/OnlineSubsystemSteam/Binaries/Win64/UE4Editor-OnlineSubsystemSteam.dll (API version 3944462).
LogModuleManager: Display: Found up-to-date module file ../../../Engine/Plugins/Online/OnlineSubsystem/Binaries/Win64/UE4Editor-OnlineSubsystem.dll (API version 3944462).
LogModuleManager: Display: Found up-to-date module file ../../../Engine/Plugins/Online/OnlineSubsystemUtils/Binaries/Win64/UE4Editor-OnlineSubsystemUtils.dll (API version 3944462).
LogModuleManager: Display: Found up-to-date module file ../../../Engine/Plugins/Online/OnlineSubsystemUtils/Binaries/Win64/UE4Editor-OnlineBlueprintSupport.dll (API version 3944462).
LogModuleManager: Display: Found up-to-date module file ../../../Engine/Plugins/Blendables/LightPropagationVolume/Binaries/Win64/UE4Editor-LightPropagationVolumeRuntime.dll (API version 3944462).
LogModuleManager: Display: Found up-to-date module file ../../../Engine/Plugins/Blendables/LightPropagationVolume/Binaries/Win64/UE4Editor-LightPropagationVolumeEditor.dll (API version 3944462).
LogModuleManager: Display: Found up-to-date module file ../../../Engine/Plugins/Developer/CLionSourceCodeAccess/Binaries/Win64/UE4Editor-CLionSourceCodeAccess.dll (API version 3944462).
LogModuleManager: Display: Found up-to-date module file ../../../Engine/Plugins/Developer/GitSourceControl/Binaries/Win64/UE4Editor-GitSourceControl.dll (API version 3944462).
LogModuleManager: Display: Found up-to-date module file ../../../Engine/Plugins/Developer/PerforceSourceControl/Binaries/Win64/UE4Editor-PerforceSourceControl.dll (API version 3944462).
LogModuleManager: Display: Found up-to-date module file ../../../Engine/Plugins/Developer/SubversionSourceControl/Binaries/Win64/UE4Editor-SubversionSourceControl.dll (API version 3944462).
LogModuleManager: Display: Found up-to-date module file ../../../Engine/Plugins/Developer/VisualStudioCodeSourceCodeAccess/Binaries/Win64/UE4Editor-VisualStudioCodeSourceCodeAccess.dll (API version 3944462).
LogModuleManager: Display: Found up-to-date module file ../../../Engine/Plugins/Developer/VisualStudioSourceCodeAccess/Binaries/Win64/UE4Editor-VisualStudioSourceCodeAccess.dll (API version 3944462).
LogModuleManager: Display: Found up-to-date module file ../../../Engine/Plugins/Editor/AssetManagerEditor/Binaries/Win64/UE4Editor-AssetManagerEditor.dll (API version 3944462).
LogModuleManager: Display: Found up-to-date module file ../../../Engine/Plugins/Editor/DataValidation/Binaries/Win64/UE4Editor-DataValidation.dll (API version 3944462).
LogModuleManager: Display: Found up-to-date module file ../../../Engine/Plugins/Editor/FacialAnimation/Binaries/Win64/UE4Editor-FacialAnimation.dll (API version 3944462).
LogModuleManager: Display: Found up-to-date module file ../../../Engine/Plugins/Editor/FacialAnimation/Binaries/Win64/UE4Editor-FacialAnimationEditor.dll (API version 3944462).
LogModuleManager: Display: Found up-to-date module file ../../../Engine/Plugins/Editor/GameplayTagsEditor/Binaries/Win64/UE4Editor-GameplayTagsEditor.dll (API version 3944462).
LogModuleManager: Display: Found up-to-date module file ../../../Engine/Plugins/Editor/MobileLauncherProfileWizard/Binaries/Win64/UE4Editor-MobileLauncherProfileWizard.dll (API version 3944462).
LogModuleManager: Display: Found up-to-date module file ../../../Engine/Plugins/Editor/PluginBrowser/Binaries/Win64/UE4Editor-PluginBrowser.dll (API version 3944462).
LogModuleManager: Display: Found up-to-date module file ../../../Engine/Plugins/Editor/SpeedTreeImporter/Binaries/Win64/UE4Editor-SpeedTreeImporter.dll (API version 3944462).
LogModuleManager: Display: Found up-to-date module file ../../../Engine/Plugins/Enterprise/DatasmithContent/Binaries/Win64/UE4Editor-DatasmithContent.dll (API version 3944462).
LogModuleManager: Display: Found up-to-date module file ../../../Engine/Plugins/Experimental/AlembicImporter/Binaries/Win64/UE4Editor-AlembicImporter.dll (API version 3944462).
LogModuleManager: Display: Found up-to-date module file ../../../Engine/Plugins/Experimental/AlembicImporter/Binaries/Win64/UE4Editor-AlembicLibrary.dll (API version 3944462).
LogModuleManager: Display: Found up-to-date module file ../../../Engine/Plugins/Experimental/CharacterAI/Binaries/Win64/UE4Editor-CharacterAI.dll (API version 3944462).
LogModuleManager: Display: Found up-to-date module file ../../../Engine/Plugins/Experimental/HTML5Networking/Binaries/Win64/UE4Editor-HTML5Networking.dll (API version 3944462).
LogModuleManager: Display: Found up-to-date module file ../../../Engine/Plugins/Media/AndroidMedia/Binaries/Win64/UE4Editor-AndroidMediaEditor.dll (API version 3944462).
LogModuleManager: Display: Found up-to-date module file ../../../Engine/Plugins/Media/AndroidMedia/Binaries/Win64/UE4Editor-AndroidMediaFactory.dll (API version 3944462).
LogModuleManager: Display: Found up-to-date module file ../../../Engine/Plugins/Media/AvfMedia/Binaries/Win64/UE4Editor-AvfMediaEditor.dll (API version 3944462).
LogModuleManager: Display: Found up-to-date module file ../../../Engine/Plugins/Media/AvfMedia/Binaries/Win64/UE4Editor-AvfMediaFactory.dll (API version 3944462).
LogModuleManager: Display: Found up-to-date module file ../../../Engine/Plugins/Media/AvfMedia/Binaries/Win64/UE4Editor-AvfMediaFactory.dll (API version 3944462).
LogModuleManager: Display: Found up-to-date module file ../../../Engine/Plugins/Media/ImgMedia/Binaries/Win64/UE4Editor-ImgMedia.dll (API version 3944462).
LogModuleManager: Display: Found up-to-date module file ../../../Engine/Plugins/Media/ImgMedia/Binaries/Win64/UE4Editor-ImgMediaEditor.dll (API version 3944462).
LogModuleManager: Display: Found up-to-date module file ../../../Engine/Plugins/Media/ImgMedia/Binaries/Win64/UE4Editor-ImgMediaFactory.dll (API version 3944462).
LogModuleManager: Display: Found up-to-date module file ../../../Engine/Plugins/Media/ImgMedia/Binaries/Win64/UE4Editor-ImgMediaFactory.dll (API version 3944462).
LogModuleManager: Display: Found up-to-date module file ../../../Engine/Plugins/Media/ImgMedia/Binaries/Win64/UE4Editor-OpenExrWrapper.dll (API version 3944462).
LogModuleManager: Display: Found up-to-date module file ../../../Engine/Plugins/Media/LinearTimecode/Binaries/Win64/UE4Editor-LinearTimecode.dll (API version 3944462).
LogModuleManager: Display: Found up-to-date module file ../../../Engine/Plugins/Media/MediaCompositing/Binaries/Win64/UE4Editor-MediaCompositing.dll (API version 3944462).
LogModuleManager: Display: Found up-to-date module file ../../../Engine/Plugins/Media/MediaCompositing/Binaries/Win64/UE4Editor-MediaCompositingEditor.dll (API version 3944462).
LogModuleManager: Display: Found up-to-date module file ../../../Engine/Plugins/Media/MediaPlayerEditor/Binaries/Win64/UE4Editor-MediaPlayerEditor.dll (API version 3944462).
LogModuleManager: Display: Found up-to-date module file ../../../Engine/Plugins/Media/WmfMedia/Binaries/Win64/UE4Editor-WmfMedia.dll (API version 3944462).
LogModuleManager: Display: Found up-to-date module file ../../../Engine/Plugins/Media/WmfMedia/Binaries/Win64/UE4Editor-WmfMediaEditor.dll (API version 3944462).
LogModuleManager: Display: Found up-to-date module file ../../../Engine/Plugins/Media/WmfMedia/Binaries/Win64/UE4Editor-WmfMediaFactory.dll (API version 3944462).
LogModuleManager: Display: Found up-to-date module file ../../../Engine/Plugins/Media/WmfMedia/Binaries/Win64/UE4Editor-WmfMediaFactory.dll (API version 3944462).
LogModuleManager: Display: Found up-to-date module file ../../../Engine/Plugins/Messaging/TcpMessaging/Binaries/Win64/UE4Editor-TcpMessaging.dll (API version 3944462).
LogModuleManager: Display: Found up-to-date module file ../../../Engine/Plugins/Messaging/UdpMessaging/Binaries/Win64/UE4Editor-UdpMessaging.dll (API version 3944462).
LogModuleManager: Display: Found up-to-date module file ../../../Engine/Plugins/MovieScene/ActorSequence/Binaries/Win64/UE4Editor-ActorSequence.dll (API version 3944462).
LogModuleManager: Display: Found up-to-date module file ../../../Engine/Plugins/MovieScene/LevelSequenceEditor/Binaries/Win64/UE4Editor-LevelSequenceEditor.dll (API version 3944462).
LogModuleManager: Display: Found up-to-date module file ../../../Engine/Plugins/MovieScene/MatineeToLevelSequence/Binaries/Win64/UE4Editor-MatineeToLevelSequence.dll (API version 3944462).
LogModuleManager: Display: Found up-to-date module file ../../../Engine/Plugins/NetcodeUnitTest/NetcodeUnitTest/Binaries/Win64/UE4Editor-NetcodeUnitTest.dll (API version 3944462).
LogModuleManager: Display: Found up-to-date module file ../../../Engine/Plugins/NetcodeUnitTest/NUTUnrealEngine4/Binaries/Win64/UE4Editor-NUTUnrealEngine4.dll (API version 3944462).
LogModuleManager: Display: Found up-to-date module file ../../../Engine/Plugins/Online/OnlineSubsystemNull/Binaries/Win64/UE4Editor-OnlineSubsystemNull.dll (API version 3944462).
LogModuleManager: Display: Found up-to-date module file ../../../Engine/Plugins/Runtime/ArchVisCharacter/Binaries/Win64/UE4Editor-ArchVisCharacter.dll (API version 3944462).
LogModuleManager: Display: Found up-to-date module file ../../../Engine/Plugins/Runtime/AudioCapture/Binaries/Win64/UE4Editor-AudioCapture.dll (API version 3944462).
LogModuleManager: Display: Found up-to-date module file ../../../Engine/Plugins/Runtime/AudioCapture/Binaries/Win64/UE4Editor-AudioCaptureEditor.dll (API version 3944462).
LogModuleManager: Display: Found up-to-date module file ../../../Engine/Plugins/Runtime/CableComponent/Binaries/Win64/UE4Editor-CableComponent.dll (API version 3944462).
LogModuleManager: Display: Found up-to-date module file ../../../Engine/Plugins/Runtime/CustomMeshComponent/Binaries/Win64/UE4Editor-CustomMeshComponent.dll (API version 3944462).
LogModuleManager: Display: Found up-to-date module file ../../../Engine/Plugins/Runtime/ImmediatePhysics/Binaries/Win64/UE4Editor-ImmediatePhysics.dll (API version 3944462).
LogModuleManager: Display: Found up-to-date module file ../../../Engine/Plugins/Runtime/ImmediatePhysics/Binaries/Win64/UE4Editor-ImmediatePhysicsEditor.dll (API version 3944462).
LogModuleManager: Display: Found up-to-date module file ../../../Engine/Plugins/Runtime/LocationServicesBPLibrary/Binaries/Win64/UE4Editor-LocationServicesBPLibrary.dll (API version 3944462).
LogModuleManager: Display: Found up-to-date module file ../../../Engine/Plugins/Runtime/Oculus/OculusVR/Binaries/Win64/UE4Editor-OculusHMD.dll (API version 3944462).
LogModuleManager: Display: Found up-to-date module file ../../../Engine/Plugins/Runtime/Oculus/OculusVR/Binaries/Win64/UE4Editor-OculusInput.dll (API version 3944462).
LogModuleManager: Display: Found up-to-date module file ../../../Engine/Plugins/Runtime/Oculus/OculusVR/Binaries/Win64/UE4Editor-OculusEditor.dll (API version 3944462).
LogModuleManager: Display: Found up-to-date module file ../../../Engine/Plugins/Runtime/PhysXVehicles/Binaries/Win64/UE4Editor-PhysXVehicles.dll (API version 3944462).
LogModuleManager: Display: Found up-to-date module file ../../../Engine/Plugins/Runtime/PhysXVehicles/Binaries/Win64/UE4Editor-PhysXVehiclesEditor.dll (API version 3944462).
LogModuleManager: Display: Found up-to-date module file ../../../Engine/Plugins/Runtime/ProceduralMeshComponent/Binaries/Win64/UE4Editor-ProceduralMeshComponent.dll (API version 3944462).
LogModuleManager: Display: Found up-to-date module file ../../../Engine/Plugins/Runtime/ProceduralMeshComponent/Binaries/Win64/UE4Editor-ProceduralMeshComponentEditor.dll (API version 3944462).
LogModuleManager: Display: Found up-to-date module file ../../../Engine/Plugins/Runtime/RuntimePhysXCooking/Binaries/Win64/UE4Editor-RuntimePhysXCooking.dll (API version 3944462).
LogModuleManager: Display: Found up-to-date module file ../../../Engine/Plugins/Runtime/Steam/SteamVR/Binaries/Win64/UE4Editor-SteamVR.dll (API version 3944462).
LogModuleManager: Display: Found up-to-date module file ../../../Engine/Plugins/Runtime/Steam/SteamVR/Binaries/Win64/UE4Editor-SteamVRController.dll (API version 3944462).
LogModuleManager: Display: Found up-to-date module file ../../../Engine/Plugins/Runtime/WindowsMoviePlayer/Binaries/Win64/UE4Editor-WindowsMoviePlayer.dll (API version 3944462).
LogPluginManager: Mounting plugin LightPropagationVolume
LogPluginManager: Mounting plugin CLionSourceCodeAccess
LogPluginManager: Mounting plugin CodeLiteSourceCodeAccess
LogPluginManager: Mounting plugin GitSourceControl
LogPluginManager: Mounting plugin KDevelopSourceCodeAccess
LogPluginManager: Mounting plugin NullSourceCodeAccess
LogPluginManager: Mounting plugin PerforceSourceControl
LogPluginManager: Mounting plugin SubversionSourceControl
LogPluginManager: Mounting plugin VisualStudioCodeSourceCodeAccess
LogPluginManager: Mounting plugin VisualStudioSourceCodeAccess
LogPluginManager: Mounting plugin XCodeSourceCodeAccess
LogPluginManager: Mounting plugin AssetManagerEditor
LogPluginManager: Mounting plugin DataValidation
LogPluginManager: Mounting plugin FacialAnimation
LogPluginManager: Mounting plugin GameplayTagsEditor
LogPluginManager: Mounting plugin MobileLauncherProfileWizard
LogPluginManager: Mounting plugin PluginBrowser
LogPluginManager: Mounting plugin SpeedTreeImporter
LogPluginManager: Mounting plugin DatasmithContent
LogPluginManager: Mounting plugin AlembicImporter
LogPluginManager: Mounting plugin CharacterAI
LogPluginManager: Mounting plugin HTML5Networking
LogPluginManager: Mounting plugin AndroidMedia
LogPluginManager: Mounting plugin AvfMedia
LogPluginManager: Mounting plugin ImgMedia
LogPluginManager: Mounting plugin LinearTimecode
LogPluginManager: Mounting plugin MediaCompositing
LogPluginManager: Mounting plugin MediaPlayerEditor
LogPluginManager: Mounting plugin WmfMedia
LogPluginManager: Mounting plugin TcpMessaging
LogPluginManager: Mounting plugin UdpMessaging
LogPluginManager: Mounting plugin ActorSequence
LogPluginManager: Mounting plugin LevelSequenceEditor
LogPluginManager: Mounting plugin MatineeToLevelSequence
LogPluginManager: Mounting plugin NetcodeUnitTest
LogPluginManager: Mounting plugin NUTUnrealEngine4
LogPluginManager: Mounting plugin OnlineSubsystemIOS
LogPluginManager: Mounting plugin OnlineSubsystem
LogPluginManager: Mounting plugin OnlineSubsystemNull
LogPluginManager: Mounting plugin OnlineSubsystemSteam
LogPluginManager: Mounting plugin OnlineSubsystemUtils
LogPluginManager: Mounting plugin ApexDestruction
LogPluginManager: Mounting plugin ArchVisCharacter
LogPluginManager: Mounting plugin AudioCapture
LogPluginManager: Mounting plugin CableComponent
LogPluginManager: Mounting plugin CustomMeshComponent
LogPluginManager: Mounting plugin ImmediatePhysics
LogPluginManager: Mounting plugin LocationServicesBPLibrary
LogPluginManager: Mounting plugin OculusVR
LogPluginManager: Plugin shader directory ../../../Engine/Plugins/Runtime/Oculus/OculusVR/Shaders found
LogPluginManager: Mapping shader source directory ../../../Engine/Plugins/Runtime/Oculus/OculusVR/Shaders to virtual directory /Plugin/OculusVR
LogPluginManager: Mounting plugin PhysXVehicles
LogPluginManager: Mounting plugin ProceduralMeshComponent
LogPluginManager: Mounting plugin RuntimePhysXCooking
LogPluginManager: Mounting plugin SteamVR
LogPluginManager: Mounting plugin WindowsMoviePlayer
LogStreaming: Display: Took  1.483s to configure plugins.
LogInit: Using libcurl 7.47.1
LogInit:  - built for x86_64-pc-win32
LogInit:  - supports SSL with OpenSSL/1.0.2g
LogInit:  - supports HTTP deflate (compression) using libz 1.2.8
LogInit:  - other features:
LogInit:      CURL_VERSION_SSL
LogInit:      CURL_VERSION_LIBZ
LogInit:      CURL_VERSION_IPV6
LogInit:      CURL_VERSION_ASYNCHDNS
LogInit:      CURL_VERSION_LARGEFILE
LogInit:      CURL_VERSION_IDN
LogInit:  CurlRequestOptions (configurable via config and command line):
LogInit:  - bVerifyPeer = false  - Libcurl will NOT verify peer certificate
LogInit:  - bUseHttpProxy = false  - Libcurl will NOT use HTTP proxy
LogInit:  - bDontReuseConnections = false  - Libcurl will reuse connections
LogInit:  - CertBundlePath = nullptr  - Libcurl will use whatever was configured at build time.
LogInit:  - MaxHostConnections = 16  - Libcurl will limit the number of connections to a host
LogInit:  - LocalHostAddr = Default
LogOnline: Display: STEAM: Loading Steam SDK 1.39
LogInit: WinSock: version 1.1 (2.2), MaxSocks=32767, MaxUdp=65467
LogInit: Build: ++UE4+Release-4.19-CL-4033788
LogInit: Engine Version: 4.19.2-4033788+++UE4+Release-4.19
LogInit: Compatible Engine Version: 4.19.0-3944462+++UE4+Release-4.19
LogInit: Net CL: 3944462
LogDevObjectVersion: Number of dev versions registered: 18
LogDevObjectVersion:   Dev-Blueprints (B0D832E4-1F89-4F0D-ACCF-7EB736FD4AA2): 10
LogDevObjectVersion:   Dev-Build (E1C64328-A22C-4D53-A36C-8E866417BD8C): 0
LogDevObjectVersion:   Dev-Core (375EC13C-06E4-48FB-B500-84F0262A717E): 2
LogDevObjectVersion:   Dev-Editor (E4B068ED-F494-42E9-A231-DA0B2E46BB41): 23
LogDevObjectVersion:   Dev-Framework (CFFC743F-43B0-4480-9391-14DF171D2073): 33
LogDevObjectVersion:   Dev-Mobile (B02B49B5-BB20-44E9-A304-32B752E40360): 2
LogDevObjectVersion:   Dev-Networking (A4E4105C-59A1-49B5-A7C5-40C4547EDFEE): 0
LogDevObjectVersion:   Dev-Online (39C831C9-5AE6-47DC-9A44-9C173E1C8E7C): 0
LogDevObjectVersion:   Dev-Physics (78F01B33-EBEA-4F98-B9B4-84EACCB95AA2): 0
LogDevObjectVersion:   Dev-Platform (6631380F-2D4D-43E0-8009-CF276956A95A): 0
LogDevObjectVersion:   Dev-Rendering (12F88B9F-8875-4AFC-A67C-D90C383ABD29): 25
LogDevObjectVersion:   Dev-Sequencer (7B5AE74C-D270-4C10-A958-57980B212A5A): 6
LogDevObjectVersion:   Dev-VR (D7296918-1DD6-4BDD-9DE2-64A83CC13884): 1
LogDevObjectVersion:   Dev-LoadTimes (C2A15278-BFE7-4AFE-6C17-90FF531DF755): 1
LogDevObjectVersion:   Private-Geometry (6EACA3D4-40EC-4CC1-B786-8BED09428FC5): 2
LogDevObjectVersion:   Dev-AnimPhys (29E575DD-E0A3-4627-9D10-D276232CDCEA): 16
LogDevObjectVersion:   Dev-ReflectionCapture (6B266CEC-1EC7-4B8F-A30B-E4D90942FC07): 1
LogDevObjectVersion:   Dev-Automation (0DF73D61-A23F-47EA-B727-89E90C41499A): 1
LogInit: Compiled (64-bit): Apr 27 2018 02:06:57
LogInit: Compiled with Visual C++: 19.00.24215.01
LogInit: Build Configuration: Development
LogInit: Branch Name: ++UE4+Release-4.19
LogInit: Command Line:  208.107.52.136:17777 -game
LogInit: Base Directory: C:/Program Files/Epic Games/UE_4.19/Engine/Binaries/Win64/
LogInit: Installed Engine Build: 1
LogStreaming: Display: Took  0.004s to delete old logs.
LogInit: Presizing for max 8388607 objects, including 0 objects not considered by GC, pre-allocating 0 bytes for permanent pool.
LogInit: Object subsystem initialized
[2018.09.09-06.08.56:314][  0]LogModuleManager: Warning: No filename provided for module ExampleDeviceProfileSelector
[2018.09.09-06.08.56:314][  0]LogModuleManager: Warning: ModuleManager: Unable to load module 'ExampleDeviceProfileSelector' because the file 'C:/Program Files/Epic Games/UE_4.19/Engine/Binaries/Win64/' was not found.
[2018.09.09-06.08.56:314][  0]LogInit: Applying CVar settings loaded from the selected device profile: [Windows]
[2018.09.09-06.08.56:388][  0]LogInit: Computer: DESKTOP-7J3IH8Q
[2018.09.09-06.08.56:388][  0]LogInit: User: Joshua
[2018.09.09-06.08.56:388][  0]LogInit: CPU Page size=4096, Cores=4
[2018.09.09-06.08.56:388][  0]LogInit: High frequency timer resolution =3.312645 MHz
[2018.09.09-06.08.56:389][  0]LogMemory: Memory total: Physical=15.9GB (16GB approx)
[2018.09.09-06.08.56:389][  0]LogMemory: Platform Memory Stats for Windows
[2018.09.09-06.08.56:389][  0]LogMemory: Process Physical Memory: 305.41 MB used, 305.41 MB peak
[2018.09.09-06.08.56:389][  0]LogMemory: Process Virtual Memory: 286.09 MB used, 286.09 MB peak
[2018.09.09-06.08.56:389][  0]LogMemory: Physical Memory: 7842.04 MB used,  8449.02 MB free, 16291.05 MB total
[2018.09.09-06.08.56:389][  0]LogMemory: Virtual Memory: 4948.89 MB used,  8449.02 MB free, 134217728.00 MB total
[2018.09.09-06.08.56:415][  0]LogInit: Using OS detected language (en-US).
[2018.09.09-06.08.56:415][  0]LogInit: Using OS detected locale (en-US).
[2018.09.09-06.08.56:415][  0]LogTextLocalizationManager: No localization for 'en-US' exists, so 'en' will be used for the language.
[2018.09.09-06.08.56:415][  0]LogTextLocalizationManager: No localization for 'en-US' exists, so 'en' will be used for the locale.
[2018.09.09-06.08.57:008][  0]LogStreaming: Display: Took  0.593s to EndInitTextLocalization.
[2018.09.09-06.08.57:257][  0]LogSlate: New Slate User Created.  User Index 0, Is Virtual User: 0
[2018.09.09-06.08.57:257][  0]LogSlate: Slate User Registered.  User Index 0, Is Virtual User: 0
[2018.09.09-06.08.57:260][  0]LogD3D11RHI: D3D11 adapters:
[2018.09.09-06.08.57:331][  0]LogD3D11RHI:    0. 'Radeon (TM) RX 480 Graphics' (Feature Level 11_0)
[2018.09.09-06.08.57:331][  0]LogD3D11RHI:       4041/0/8145 MB DedicatedVideo/DedicatedSystem/SharedSystem, Outputs:1, VendorId:0x1002
[2018.09.09-06.08.57:335][  0]LogD3D11RHI:    1. 'Microsoft Basic Render Driver' (Feature Level 11_0)
[2018.09.09-06.08.57:335][  0]LogD3D11RHI:       0/0/8145 MB DedicatedVideo/DedicatedSystem/SharedSystem, Outputs:0, VendorId:0x1414
[2018.09.09-06.08.57:335][  0]LogD3D11RHI: Chosen D3D11 Adapter: 0
[2018.09.09-06.08.57:343][  0]LogD3D11RHI: Creating new Direct3DDevice
[2018.09.09-06.08.57:344][  0]LogD3D11RHI:     GPU DeviceId: 0x67df (for the marketing name, search the web for "GPU Device Id")
[2018.09.09-06.08.57:344][  0]LogWindows: EnumDisplayDevices:
[2018.09.09-06.08.57:344][  0]LogWindows:    0. 'Radeon (TM) RX 480 Graphics' (P:1 D:1)
[2018.09.09-06.08.57:344][  0]LogWindows:    1. 'Radeon (TM) RX 480 Graphics' (P:0 D:0)
[2018.09.09-06.08.57:344][  0]LogWindows:    2. 'Radeon (TM) RX 480 Graphics' (P:0 D:0)
[2018.09.09-06.08.57:344][  0]LogWindows:    3. 'Radeon (TM) RX 480 Graphics' (P:0 D:0)
[2018.09.09-06.08.57:344][  0]LogWindows:    4. 'Radeon (TM) RX 480 Graphics' (P:0 D:0)
[2018.09.09-06.08.57:344][  0]LogWindows:    5. 'Radeon (TM) RX 480 Graphics' (P:0 D:0)
[2018.09.09-06.08.57:345][  0]LogWindows:    6. 'Radeon (TM) RX 480 Graphics' (P:0 D:0)
[2018.09.09-06.08.57:345][  0]LogWindows: DebugString: GetVideoDriverDetailsInvalid PrimaryIsNotTheChoosenAdapter GetVideoDriverDetailsInvalid PrimaryIsNotTheChoosenAdapter GetVideoDriverDetailsInvalid PrimaryIsNotTheChoosenAdapter GetVideoDriverDetailsInvalid PrimaryIsNotTheChoosenAdapter GetVideoDriverDetailsInvalid PrimaryIsNotTheChoosenAdapter GetVideoDriverDetailsInvalid PrimaryIsNotTheChoosenAdapter GetVideoDriverDetailsInvalid PrimaryIsNotTheChoosenAdapter FoundDriverCount:0 
[2018.09.09-06.08.57:345][  0]LogD3D11RHI:     Adapter Name: Radeon (TM) RX 480 Graphics
[2018.09.09-06.08.57:345][  0]LogD3D11RHI:   Driver Version: Unknown (internal:Unknown, unified:Unknown)
[2018.09.09-06.08.57:345][  0]LogD3D11RHI:      Driver Date: Unknown
[2018.09.09-06.08.57:345][  0]LogRHI: Texture pool is 2828 MB (70% of 4041 MB)
[2018.09.09-06.08.57:603][  0]LogD3D11RHI: Async texture creation enabled
[2018.09.09-06.08.57:614][  0]LogD3D11RHI: GPU Timing Frequency: 25.000000 (Debug: 2 1)
[2018.09.09-06.08.57:615][  0]LogShaderCompilers: Guid format shader working directory is -11 characters bigger than the processId version (../../../../../../Users/Joshua/Documents/GitHub/fps-proto/Intermediate/Shaders/WorkingDirectory/12248/).
[2018.09.09-06.08.57:615][  0]LogShaderCompilers: Cleaned the shader compiler working directory 'C:/Users/Joshua/AppData/Local/Temp/UnrealShaderWorkingDir/67659906428CF589661C459D000FF3F7/'.
[2018.09.09-06.08.58:012][  0]LogTemp: Display: Loaded TP WindowsClientTargetPlatform
[2018.09.09-06.08.58:026][  0]LogTemp: Display: Loaded TP WindowsNoEditorTargetPlatform
[2018.09.09-06.08.58:042][  0]LogTemp: Display: Loaded TP WindowsServerTargetPlatform
[2018.09.09-06.08.58:072][  0]LogTemp: Display: Loaded TP WindowsTargetPlatform
[2018.09.09-06.08.58:072][  0]LogTargetPlatformManager: Display: Building Assets For Windows
[2018.09.09-06.08.58:224][  0]LogXGEController: Cannot use XGE Controller as Incredibuild is not installed on this machine.
[2018.09.09-06.08.58:224][  0]LogShaderCompilers: Cannot use XGE Shader Compiler as Incredibuild is not installed on this machine.
[2018.09.09-06.08.58:224][  0]LogShaderCompilers: Display: Using Local Shader Compiler.
[2018.09.09-06.09.00:967][  0]LogDerivedDataCache: Display: Max Cache Size: 512 MB
[2018.09.09-06.09.01:407][  0]LogDerivedDataCache: Loaded boot cache 0.44s 75MB C:/Users/Joshua/AppData/Local/UnrealEngine/4.19/DerivedDataCache/Boot.ddc.
[2018.09.09-06.09.01:408][  0]LogDerivedDataCache: Display: Loaded Boot cache: C:/Users/Joshua/AppData/Local/UnrealEngine/4.19/DerivedDataCache/Boot.ddc
[2018.09.09-06.09.01:408][  0]LogDerivedDataCache: FDerivedDataBackendGraph:  Pak pak cache file ../../../../../../Users/Joshua/Documents/GitHub/fps-proto/DerivedDataCache/DDC.ddp not found, will not use a pak cache.
[2018.09.09-06.09.01:408][  0]LogDerivedDataCache: Unable to find inner node Pak for hierarchical cache Hierarchy.
[2018.09.09-06.09.01:408][  0]LogDerivedDataCache: FDerivedDataBackendGraph:  CompressedPak pak cache file ../../../../../../Users/Joshua/Documents/GitHub/fps-proto/DerivedDataCache/Compressed.ddp not found, will not use a pak cache.
[2018.09.09-06.09.01:408][  0]LogDerivedDataCache: Unable to find inner node CompressedPak for hierarchical cache Hierarchy.
[2018.09.09-06.09.01:425][  0]LogDerivedDataCache: Display: Pak cache opened for reading ../../../Engine/DerivedDataCache/Compressed.ddp.
[2018.09.09-06.09.01:437][  0]LogDerivedDataCache: Using Local data cache path C:/Users/Joshua/AppData/Local/UnrealEngine/Common/DerivedDataCache: Writable
[2018.09.09-06.09.01:437][  0]LogDerivedDataCache: Shared data cache path not found in *engine.ini, will not use an Shared cache.
[2018.09.09-06.09.01:437][  0]LogDerivedDataCache: Unable to find inner node Shared for hierarchical cache Hierarchy.
[2018.09.09-06.09.01:448][  0]LogMaterial: Verifying Global Shaders for PCD3D_SM5
[2018.09.09-06.09.01:448][  0]LogSlate: Using Freetype 2.6.0
[2018.09.09-06.09.01:472][  0]LogSlate: SlateFontCache - WITH_FREETYPE: 1, WITH_HARFBUZZ: 1
[2018.09.09-06.09.01:472][  0]LogSlate: SlateFontCache - WITH_FREETYPE: 1, WITH_HARFBUZZ: 1
[2018.09.09-06.09.03:325][  0]LogAssetRegistry: FAssetRegistry took 0.0042 seconds to start up
[2018.09.09-06.09.03:544][  0]LogPackageLocalizationCache: Processed 6 localized package path(s) for 1 prioritized culture(s) in 0.023143 seconds
[2018.09.09-06.09.03:728][  0]LogModuleManager: Warning: No filename provided for module ExampleDeviceProfileSelector
[2018.09.09-06.09.03:728][  0]LogModuleManager: Warning: ModuleManager: Unable to load module 'ExampleDeviceProfileSelector' because the file 'C:/Program Files/Epic Games/UE_4.19/Engine/Binaries/Win64/' was not found.
[2018.09.09-06.09.03:979][  0]LogSimplygon: Simplygon DLL not present - disabling.
[2018.09.09-06.09.03:984][  0]LogMeshReduction: Using SimplygonSwarm for distributed automatic mesh merging
[2018.09.09-06.09.03:984][  0]LogMeshReduction: Using QuadricMeshReduction for automatic static mesh reduction
[2018.09.09-06.09.03:984][  0]LogMeshReduction: No automatic skeletal mesh reduction module available
[2018.09.09-06.09.03:984][  0]LogMeshReduction: No automatic mesh merging module available
[2018.09.09-06.09.03:984][  0]LogMeshMerging: No automatic mesh merging module available
[2018.09.09-06.09.04:053][  0]LogNetVersion: FPSPrototype , NetCL: 3944462, EngineNetVer: 2, GameNetVer: 0 (Checksum: 1221512049)
[2018.09.09-06.09.05:782][  0]LogMoviePlayer: Initializing movie player
[2018.09.09-06.09.06:287][  0]LogCollectionManager: Loaded 0 collections in 0.002497 seconds
[2018.09.09-06.09.06:326][  0]LogFileCache: Scanning file cache for directory 'C:/Users/Joshua/Documents/GitHub/fps-proto/Saved/Collections/' took 0.01s
[2018.09.09-06.09.06:326][  0]LogFileCache: Scanning file cache for directory 'C:/Users/Joshua/Documents/GitHub/fps-proto/Content/Developers/Joshua/Collections/' took 0.01s
[2018.09.09-06.09.06:326][  0]LogFileCache: Scanning file cache for directory 'C:/Users/Joshua/Documents/GitHub/fps-proto/Content/Collections/' took 0.01s
[2018.09.09-06.09.06:326][  0]LogCollectionManager: Rebuilt the object cache for 0 collections in 0.000000 seconds (found 0 objects)
[2018.09.09-06.09.06:326][  0]LogCollectionManager: Fixed up redirectors for 0 collections in 0.000113 seconds (updated 0 objects)
[2018.09.09-06.09.06:563][  0]SourceControl: Source control is disabled
[2018.09.09-06.09.06:563][  0]SourceControl: Source control is disabled
[2018.09.09-06.09.06:584][  0]SourceControl: Source control is disabled
[2018.09.09-06.09.07:091][  0]LogOcInput: OculusInput pre-init called
[2018.09.09-06.09.07:136][  0]LogUObjectArray: 39200 objects as part of root set at end of initial load.
[2018.09.09-06.09.07:137][  0]LogUObjectAllocator: 8369656 out of 0 bytes used by permanent object pool.
[2018.09.09-06.09.07:137][  0]LogUObjectArray: CloseDisregardForGC: 0/0 objects in disregard for GC pool
[2018.09.09-06.09.07:297][  0]LogEngine: Initializing Engine...
[2018.09.09-06.09.07:298][  0]LogHMD: Oculus plugin initialized. Version: 4.19.2-4033788+++UE4+Release-4.19, OVRPlugin: 1.21.0
[2018.09.09-06.09.07:331][  0]LogStats: UGameplayTagsManager::ConstructGameplayTagTree: Construct from data asset -  0.000 s
[2018.09.09-06.09.07:331][  0]LogStats: UGameplayTagsManager::ConstructGameplayTagTree: GameplayTagTreeChangedEvent.Broadcast -  0.000 s
[2018.09.09-06.09.07:849][  0]LogInit: XAudio2 using '3 - 2476WM (AMD High Definition Audio Device)' : 2 channels at 48 kHz using 16 bits per sample (channel mask 0x3)
[2018.09.09-06.09.07:859][  0]LogInit: FAudioDevice initialized.
[2018.09.09-06.09.08:110][  0]LogDerivedDataCache: Saved boot cache 0.24s 75MB C:/Users/Joshua/AppData/Local/UnrealEngine/4.19/DerivedDataCache/Boot.ddc.
[2018.09.09-06.09.08:131][  0]LogInit: Texture streaming: Enabled
[2018.09.09-06.09.08:974][  0]LogInit: Display: Game Engine Initialized.
[2018.09.09-06.09.08:974][  0]LogGameplayTags: Display: UGameplayTagsManager::DoneAddingNativeTags. DelegateIsBound: 0
[2018.09.09-06.09.08:975][  0]LogStats: UGameplayTagsManager::ConstructGameplayTagTree: Construct from data asset -  0.000 s
[2018.09.09-06.09.08:975][  0]LogStats: UGameplayTagsManager::ConstructGameplayTagTree: GameplayTagTreeChangedEvent.Broadcast -  0.000 s
[2018.09.09-06.09.09:242][  0]LogInit: Display: Starting Game.
[2018.09.09-06.09.09:242][  0]LogNet: Browse: 208.107.52.136:17777//Game/Blueprints/Levels/MainMenu_Level?Name=Player
[2018.09.09-06.09.09:243][  0]LogTemp: Display: ParseSettings for GameNetDriver
[2018.09.09-06.09.09:243][  0]LogTemp: Display: ParseSettings for IpNetDriver_0
[2018.09.09-06.09.09:243][  0]LogTemp: Display: ParseSettings for PendingNetDriver
[2018.09.09-06.09.09:248][  0]LogInit: SteamSockets: Socket queue 32768 / 32768
[2018.09.09-06.09.09:250][  0]LogNet: Warning: Failed to init net driver ConnectURL: 208.107.52.136:17777//Game/Blueprints/Levels/MainMenu_Level?Name=Player: SteamSockets: binding to port 0 failed (0)
[2018.09.09-06.09.09:250][  0]LogNet: Warning: error initializing the network stack
[2018.09.09-06.09.09:250][  0]LogNet: DestroyNamedNetDriver IpNetDriver_0 [PendingNetDriver]
[2018.09.09-06.09.09:250][  0]LogExit: PendingNetDriver IpNetDriver_0 shut down
[2018.09.09-06.09.09:250][  0]LogNet: Warning: Travel Failure: [PendingNetGameCreateFailure]: SteamSockets: binding to port 0 failed (0)
[2018.09.09-06.09.09:262][  0]LogNet: TravelFailure: PendingNetGameCreateFailure, Reason for Failure: 'SteamSockets: binding to port 0 failed (0)'
[2018.09.09-06.09.09:262][  0]LogLoad: Error: Failed to enter /Game/Blueprints/Levels/MainMenu_Level: . Please check the log for errors.
[2018.09.09-06.09.09:262][  0]LogNet: Browse: /Game/Blueprints/Levels/MainMenu_Level?Name=Player
[2018.09.09-06.09.09:262][  0]LogLoadingSplash: Loading begins
[2018.09.09-06.09.09:262][  0]LogLoad: LoadMap: /Game/Blueprints/Levels/MainMenu_Level?Name=Player
[2018.09.09-06.09.09:294][  0]LogUObjectGlobals: Created PersistentFrame Addr=0x0000026b12762800, Size=672, Default__BaseFPS_Character_C Function /Game/Blueprints/Characters/BaseFPS_Character.BaseFPS_Character_C:ExecuteUbergraph_BaseFPS_Character
[2018.09.09-06.09.09:322][  0]LogUObjectGlobals: Created PersistentFrame Addr=0x0000026b1276fb50, Size=40, Default__PauseMenu_Widget_C Function /Game/Blueprints/UI/PauseMenu_Widget.PauseMenu_Widget_C:ExecuteUbergraph_PauseMenu_Widget
[2018.09.09-06.09.09:324][  0]LogUObjectGlobals: Created PersistentFrame Addr=0x0000026b12757c80, Size=448, Default__ServerSelect_Widget_C Function /Game/Blueprints/UI/ServerSelect_Widget.ServerSelect_Widget_C:ExecuteUbergraph_ServerSelect_Widget
[2018.09.09-06.09.09:362][  0]LogUObjectGlobals: Created PersistentFrame Addr=0x0000026b12787008, Size=56, Default__YBot_Anim_BP_C Function /Game/Assets/Mesh/YBot/YBot_Anim_BP.YBot_Anim_BP_C:ExecuteUbergraph_YBot_Anim_BP
[2018.09.09-06.09.09:536][  0]LogUObjectGlobals: Created PersistentFrame Addr=0x0000026b12786b70, Size=52, Default__FPS_HUD_C Function /Game/Blueprints/Characters/FPS_HUD.FPS_HUD_C:ExecuteUbergraph_FPS_HUD
[2018.09.09-06.09.09:571][  0]LogUObjectGlobals: Destroyed PersistentFrame Addr=0x0000026b12787008, Size=56
[2018.09.09-06.09.09:571][  0]LogUObjectGlobals: Created PersistentFrame Addr=0x0000026b12787008, Size=56, Default__YBot_Anim_BP_C Function /Engine/Transient.REINST_YBot_Anim_BP_C_0:ExecuteUbergraph_YBot_Anim_BP
[2018.09.09-06.09.09:572][  0]LogUObjectGlobals: Destroyed PersistentFrame Addr=0x0000026b12786b70, Size=52
[2018.09.09-06.09.09:572][  0]LogUObjectGlobals: Created PersistentFrame Addr=0x0000026b12786b70, Size=52, Default__FPS_HUD_C Function /Engine/Transient.REINST_FPS_HUD_C_3:ExecuteUbergraph_FPS_HUD
[2018.09.09-06.09.09:572][  0]LogUObjectGlobals: Destroyed PersistentFrame Addr=0x0000026b12762800, Size=672
[2018.09.09-06.09.09:572][  0]LogUObjectGlobals: Created PersistentFrame Addr=0x0000026b0f214a00, Size=672, Default__BaseFPS_Character_C Function /Engine/Transient.REINST_BaseFPS_Character_C_4:ExecuteUbergraph_BaseFPS_Character
[2018.09.09-06.09.09:573][  0]LogUObjectGlobals: Destroyed PersistentFrame Addr=0x0000026b1276fb50, Size=40
[2018.09.09-06.09.09:573][  0]LogUObjectGlobals: Created PersistentFrame Addr=0x0000026b1276fb50, Size=40, Default__PauseMenu_Widget_C Function /Engine/Transient.REINST_PauseMenu_Widget_C_0:ExecuteUbergraph_PauseMenu_Widget
[2018.09.09-06.09.09:573][  0]LogUObjectGlobals: Destroyed PersistentFrame Addr=0x0000026b12757c80, Size=448
[2018.09.09-06.09.09:573][  0]LogUObjectGlobals: Created PersistentFrame Addr=0x0000026b123d4100, Size=448, Default__ServerSelect_Widget_C Function /Engine/Transient.REINST_ServerSelect_Widget_C_1:ExecuteUbergraph_ServerSelect_Widget
[2018.09.09-06.09.09:603][  0]LogUObjectGlobals: Created PersistentFrame Addr=0x0000026b120d0528, Size=56, Default__YBot_Anim_BP_C Function /Game/Assets/Mesh/YBot/YBot_Anim_BP.YBot_Anim_BP_C:ExecuteUbergraph_YBot_Anim_BP
[2018.09.09-06.09.09:604][  0]LogUObjectGlobals: Created PersistentFrame Addr=0x0000026b168fbd98, Size=52, Default__FPS_HUD_C Function /Game/Blueprints/Characters/FPS_HUD.FPS_HUD_C:ExecuteUbergraph_FPS_HUD
[2018.09.09-06.09.09:606][  0]LogUObjectGlobals: Created PersistentFrame Addr=0x0000026b1694cd00, Size=672, Default__BaseFPS_Character_C Function /Game/Blueprints/Characters/BaseFPS_Character.BaseFPS_Character_C:ExecuteUbergraph_BaseFPS_Character
[2018.09.09-06.09.09:607][  0]LogUObjectGlobals: Created PersistentFrame Addr=0x0000026b1276fb28, Size=40, Default__PauseMenu_Widget_C Function /Game/Blueprints/UI/PauseMenu_Widget.PauseMenu_Widget_C:ExecuteUbergraph_PauseMenu_Widget
[2018.09.09-06.09.09:609][  0]LogUObjectGlobals: Created PersistentFrame Addr=0x0000026b0f224480, Size=448, Default__ServerSelect_Widget_C Function /Game/Blueprints/UI/ServerSelect_Widget.ServerSelect_Widget_C:ExecuteUbergraph_ServerSelect_Widget
[2018.09.09-06.09.09:815][  0]LogSkeletalMesh: Skeletal Mesh found in DDC [6.112638ms] /Game/Assets/Mesh/YBot/misc/ybot_T-Pose.ybot_T-Pose
[2018.09.09-06.09.09:840][  0]LogAIModule: Creating AISystem for world MainMenu_Level
[2018.09.09-06.09.09:841][  0]LogLoad: Game class is 'FPS_Gamemode_C'
[2018.09.09-06.09.09:848][  0]LogWorld: Bringing World /Game/Blueprints/Levels/MainMenu_Level.MainMenu_Level up for play (max tick rate 0) at 2018.09.09-02.09.09
[2018.09.09-06.09.09:848][  0]LogWorld: Bringing up level for play took: 0.004340
[2018.09.09-06.09.09:874][  0]LogGameMode: FindPlayerStart: PATHS NOT DEFINED or NO PLAYERSTART with positive rating
[2018.09.09-06.09.09:884][  0]LogLoadingSplash: Loading ends
[2018.09.09-06.09.09:885][  0]LogLoad: Took 0.622909 seconds to LoadMap(/Game/Blueprints/Levels/MainMenu_Level)
[2018.09.09-06.09.09:953][  0]LogLoad: (Engine Initialization) Total time: 23.43 seconds
[2018.09.09-06.09.09:953][  0]LogLoad: (Engine Initialization) Total Blueprint compile time: 0.00 seconds
[2018.09.09-06.09.09:985][  0]LogRenderer: Reallocating scene render targets to support 1920x1080 Format 10 NumSamples 1 (Frame:1).
[2018.09.09-06.09.10:029][  0]LogOcInput: OculusInput is initialized
[2018.09.09-06.09.10:033][  0]LogContentStreaming: Texture pool size now 1000 MB
[2018.09.09-06.09.13:730][223]LogSlate: FSceneViewport::OnFocusLost() reason 0
[2018.09.09-06.09.14:225][251]LogSlate: Took 0.000368 seconds to synchronously load lazily loaded font '../../../Engine/Content/Slate/Fonts/Roboto-Regular.ttf' (155K)
[2018.09.09-06.09.16:384][386]LogOnline: Warning: Unknown or unsupported data type from Steam key data EnabledMods {
    "mods": [
        {
            "modid": "02A8BDDE-67EA-4D38-9540-26E685E3156E",
            "version": "1",
            "title": "{\"LOC_AZTEC_MONTEZUMA_MOD_TITLE\":[]}",
            "subscriptionid": null
        },
        {
            "modid": "1B28771A-C749-434B-9053-D1380C553DE9",
            "version": "1",
            "title": "{\"LOC_EXPANSION1_MOD_TITLE\":[]}",
            "subscriptionid": null
        },
        {
            "modid": "1F367231-A040-4793-BDBB-088816853683",
            "version": "1",
            "title": "{\"LOC_INDONESIA_KHMER_MOD_TITLE\":[]}",
            "subscriptionid": null
        },
        {
            "modid": "2F6E858A-28EF-46B3-BEAC-B985E52E9BC1",
            "version": "1",
            "title": "{\"LOC_MOD_VIKINGSLANDMARKS_TITLE\":[]}",
            "subscriptionid": null
        },
        {
            "modid": "3809975F-263F-40A2-A747-8BFB171D821A",
            "version": "1",
            "title": "{\"LOC_POLAND_JADWIGA_MOD_TITLE\":[]}",
            "subsc
[2018.09.09-06.09.16:384][386]LogOnline: Warning: STEAM: Failed to parse setting from key EnabledMods value {
    "mods": [
        {
            "modid": "02A8BDDE-67EA-4D38-9540-26E685E3156E",
            "version": "1",
            "title": "{\"LOC_AZTEC_MONTEZUMA_MOD_TITLE\":[]}",
            "subscriptionid": null
        },
        {
            "modid": "1B28771A-C749-434B-9053-D1380C553DE9",
            "version": "1",
            "title": "{\"LOC_EXPANSION1_MOD_TITLE\":[]}",
            "subscriptionid": null
        },
        {
            "modid": "1F367231-A040-4793-BDBB-088816853683",
            "version": "1",
            "title": "{\"LOC_INDONESIA_KHMER_MOD_TITLE\":[]}",
            "subscriptionid": null
        },
        {
            "modid": "2F6E858A-28EF-46B3-BEAC-B985E52E9BC1",
            "version": "1",
            "title": "{\"LOC_MOD_VIKINGSLANDMARKS_TITLE\":[]}",
            "subscriptionid": null
        },
        {
            "modid": "3809975F-263F-40A2-A747-8BFB171D821A",
            "version": "1",
            "title": "{\"LOC_POLAND_JADWIGA_MOD_TITLE\":[]}",
            "subsc
[2018.09.09-06.09.16:384][386]LogOnline: Warning: Unknown or unsupported data type from Steam key data GameSpeed -1649545904
[2018.09.09-06.09.16:384][386]LogOnline: Warning: STEAM: Failed to parse setting from key GameSpeed value -1649545904
[2018.09.09-06.09.16:392][386]LogOnline: Warning: Unknown or unsupported data type from Steam key data GameSpeedName {"LOC_GAMESPEED_ONLINE_NAME":[{"locale":"en_US", "text":"Online"}, {"locale":"fr_FR", "text":"En ligne"}, {"locale":"de_DE", "text":"Online"}, {"locale":"it_IT", "text":"Online"}, {"locale":"es_ES", "text":"En l??nea"}, {"locale":"ja_JP", "text":"???????????????"}, {"locale":"ru_RU", "text":"??????????????"}, {"locale":"pl_PL", "text":"Sieciowa"}, {"locale":"ko_KR", "text":"?????????"}, {"locale":"zh_Hant_HK", "text":"??????"}, {"locale":"zh_Hans_CN", "text":"??????"}, {"locale":"pt_BR", "text":"Online"}]}
[2018.09.09-06.09.16:392][386]LogOnline: Warning: STEAM: Failed to parse setting from key GameSpeedName value {"LOC_GAMESPEED_ONLINE_NAME":[{"locale":"en_US", "text":"Online"}, {"locale":"fr_FR", "text":"En ligne"}, {"locale":"de_DE", "text":"Online"}, {"locale":"it_IT", "text":"Online"}, {"locale":"es_ES", "text":"En l??nea"}, {"locale":"ja_JP", "text":"???????????????"}, {"locale":"ru_RU", "text":"??????????????"}, {"locale":"pl_PL", "text":"Sieciowa"}, {"locale":"ko_KR", "text":"?????????"}, {"locale":"zh_Hant_HK", "text":"??????"}, {"locale":"zh_Hans_CN", "text":"??????"}, {"locale":"pt_BR", "text":"Online"}]}
[2018.09.09-06.09.16:392][386]LogOnline: Warning: Unknown or unsupported data type from Steam key data GameStarted 0
[2018.09.09-06.09.16:393][386]LogOnline: Warning: STEAM: Failed to parse setting from key GameStarted value 0
[2018.09.09-06.09.16:393][386]LogOnline: Warning: Unknown or unsupported data type from Steam key data GameVersion 1.0.0.216 (332786)
[2018.09.09-06.09.16:393][386]LogOnline: Warning: STEAM: Failed to parse setting from key GameVersion value 1.0.0.216 (332786)
[2018.09.09-06.09.16:393][386]LogOnline: Warning: Unknown or unsupported data type from Steam key data Initialized 1
[2018.09.09-06.09.16:393][386]LogOnline: Warning: STEAM: Failed to parse setting from key Initialized value 1
[2018.09.09-06.09.16:393][386]LogOnline: Warning: Unknown or unsupported data type from Steam key data MapDisplayName {"LOC_MAP_PANGAEA":[{"locale":"en_US", "text":"Pangaea"}, {"locale":"fr_FR", "text":"Pang??e"}, {"locale":"de_DE", "text":"Pang??a"}, {"locale":"it_IT", "text":"Pangea"}, {"locale":"es_ES", "text":"Pangea"}, {"locale":"ja_JP", "text":"????????????"}, {"locale":"ru_RU", "text":"????????????"}, {"locale":"pl_PL", "text":"Pangea"}, {"locale":"ko_KR", "text":"?????????"}, {"locale":"zh_Hant_HK", "text":"????????????"}, {"locale":"zh_Hans_CN", "text":"????????????"}, {"locale":"pt_BR", "text":"Pangeia"}]}
[2018.09.09-06.09.16:393][386]LogOnline: Warning: STEAM: Failed to parse setting from key MapDisplayName value {"LOC_MAP_PANGAEA":[{"locale":"en_US", "text":"Pangaea"}, {"locale":"fr_FR", "text":"Pang??e"}, {"locale":"de_DE", "text":"Pang??a"}, {"locale":"it_IT", "text":"Pangea"}, {"locale":"es_ES", "text":"Pangea"}, {"locale":"ja_JP", "text":"????????????"}, {"locale":"ru_RU", "text":"????????????"}, {"locale":"pl_PL", "text":"Pangea"}, {"locale":"ko_KR", "text":"?????????"}, {"locale":"zh_Hant_HK", "text":"????????????"}, {"locale":"zh_Hans_CN", "text":"????????????"}, {"locale":"pt_BR", "text":"Pangeia"}]}
[2018.09.09-06.09.16:393][386]LogOnline: Warning: Unknown or unsupported data type from Steam key data MapName Pangaea.lua
[2018.09.09-06.09.16:393][386]LogOnline: Warning: STEAM: Failed to parse setting from key MapName value Pangaea.lua
[2018.09.09-06.09.16:393][386]LogOnline: Warning: Unknown or unsupported data type from Steam key data MapSize 370405108
[2018.09.09-06.09.16:393][386]LogOnline: Warning: STEAM: Failed to parse setting from key MapSize value 370405108
[2018.09.09-06.09.16:393][386]LogOnline: Warning: Unknown or unsupported data type from Steam key data RuleSet RULESET_EXPANSION_1
[2018.09.09-06.09.16:393][386]LogOnline: Warning: STEAM: Failed to parse setting from key RuleSet value RULESET_EXPANSION_1
[2018.09.09-06.09.16:393][386]LogOnline: Warning: Unknown or unsupported data type from Steam key data RuleSetName {"LOC_EXPANSION1_NAME":[{"locale":"en_US", "text":"Expansion: Rise and Fall"}, {"locale":"fr_FR", "text":"Extension??: Rise and Fall"}, {"locale":"de_DE", "text":"Erweiterung: Rise and Fall"}, {"locale":"it_IT", "text":"Espansione: Rise and Fall"}, {"locale":"es_ES", "text":"Expansi??n: Rise and Fall"}, {"locale":"ja_JP", "text":"???????????????: ???????????????"}, {"locale":"ru_RU", "text":"????????????????????: Rise and Fall"}, {"locale":"pl_PL", "text":"Rozszerzenie: Rise and Fall"}, {"locale":"ko_KR", "text":"?????????: ????????????"}, {"locale":"zh_Hant_HK", "text":"????????????????????????"}, {"locale":"zh_Hans_CN", "text":"????????????????????????"}, {"locale":"pt_BR", "text":"Expans??o: Rise and Fall"}]}
[2018.09.09-06.09.16:393][386]LogOnline: Warning: STEAM: Failed to parse setting from key RuleSetName value {"LOC_EXPANSION1_NAME":[{"locale":"en_US", "text":"Expansion: Rise and Fall"}, {"locale":"fr_FR", "text":"Extension??: Rise and Fall"}, {"locale":"de_DE", "text":"Erweiterung: Rise and Fall"}, {"locale":"it_IT", "text":"Espansione: Rise and Fall"}, {"locale":"es_ES", "text":"Expansi??n: Rise and Fall"}, {"locale":"ja_JP", "text":"???????????????: ???????????????"}, {"locale":"ru_RU", "text":"????????????????????: Rise and Fall"}, {"locale":"pl_PL", "text":"Rozszerzenie: Rise and Fall"}, {"locale":"ko_KR", "text":"?????????: ????????????"}, {"locale":"zh_Hant_HK", "text":"????????????????????????"}, {"locale":"zh_Hans_CN", "text":"????????????????????????"}, {"locale":"pt_BR", "text":"Expans??o: Rise and Fall"}]}
[2018.09.09-06.09.16:393][386]LogOnline: Warning: Unknown or unsupported data type from Steam key data SavedGame 0
[2018.09.09-06.09.16:393][386]LogOnline: Warning: STEAM: Failed to parse setting from key SavedGame value 0
[2018.09.09-06.09.16:393][386]LogOnline: Warning: Unknown or unsupported data type from Steam key data _NAME_ OMNI1994's Game
[2018.09.09-06.09.16:393][386]LogOnline: Warning: STEAM: Failed to parse setting from key _NAME_ value OMNI1994's Game
[2018.09.09-06.09.16:393][386]LogOnline: Warning: STEAM: Unable to parse search result for lobby 'Lobby [0x1860000019B2CD8]'
[2018.09.09-06.09.16:394][386]LogBlueprintUserMessages: [ServerSelect_Widget_C_0] Found Session
[2018.09.09-06.09.16:394][386]LogScriptCore: Warning: Script Msg: Attempted to access index 0 from array 'Temp_struct_Variable' of length 0 in '/Game/Blueprints/UI/ServerSelect_Widget.ServerSelect_Widget_C:ExecuteUbergraph_ServerSelect_Widget'!
[2018.09.09-06.09.16:394][386]LogOnline: Warning: STEAM: Invalid session info on search result
[2018.09.09-06.09.16:394][386]LogBlueprintUserMessages: [ServerSelect_Widget_C_0] Failed to Join Session
[2018.09.09-06.09.21:204][684]LogSlate: FSceneViewport::OnFocusLost() reason 2
[2018.09.09-06.09.23:398][820]LogSlate: FSceneViewport::OnFocusLost() reason 0
[2018.09.09-06.09.33:055][416]LogNetVersion: FPSPrototype 0.0.0.1, NetCL: 3944462, EngineNetVer: 2, GameNetVer: 0 (Checksum: 1586161603)
[2018.09.09-06.09.40:021][847]LogSlate: FSceneViewport::OnFocusLost() reason 2
[2018.09.09-06.10.11:136][776]LogUObjectGlobals: Destroyed PersistentFrame Addr=0x0000026b0f214a00, Size=672
[2018.09.09-06.10.11:136][776]LogUObjectGlobals: Destroyed PersistentFrame Addr=0x0000026b1276fb50, Size=40
[2018.09.09-06.10.11:136][776]LogUObjectGlobals: Destroyed PersistentFrame Addr=0x0000026b123d4100, Size=448
[2018.09.09-06.10.11:136][776]LogUObjectGlobals: Destroyed PersistentFrame Addr=0x0000026b12787008, Size=56
[2018.09.09-06.10.11:136][776]LogUObjectGlobals: Destroyed PersistentFrame Addr=0x0000026b12786b70, Size=52
[2018.09.09-06.10.23:937][565]LogSlate: FSceneViewport::OnFocusLost() reason 2
[2018.09.09-06.10.37:742][420]Command not recognized: player
[2018.09.09-06.10.37:742][420]LogSlate: FSceneViewport::OnFocusLost() reason 2
[2018.09.09-06.10.44:178][819]LogSlate: FSceneViewport::OnFocusLost() reason 2
[2018.09.09-06.11.04:033][ 50]LogExec: Warning: Unrecognized class basefps_characters
[2018.09.09-06.11.06:430][199]LogSlate: FSceneViewport::OnFocusLost() reason 2
[2018.09.09-06.11.12:649][583]LogSlate: Window 'FPSPrototype (64-bit, PCD3D_SM5) ' being destroyed
[2018.09.09-06.11.12:650][583]LogWindowsTextInputMethodSystem: Display: IME system now deactivated.
[2018.09.09-06.11.12:652][583]LogEngine: All Windows Closed
[2018.09.09-06.11.12:652][583]LogWindows: FPlatformMisc::RequestExit(0)
[2018.09.09-06.11.13:375][584]LogSlate: Slate User Destroyed.  User Index 0, Is Virtual User: 0
[2018.09.09-06.11.13:375][584]LogExit: Preparing to exit.
[2018.09.09-06.11.13:375][584]LogMoviePlayer: Shutting down movie player
[2018.09.09-06.11.13:408][584]LogExit: Game engine shut down
[2018.09.09-06.11.13:413][584]LogUObjectGlobals: Destroyed PersistentFrame Addr=0x0000026b120d0528, Size=56
[2018.09.09-06.11.13:413][584]LogUObjectGlobals: Destroyed PersistentFrame Addr=0x0000026b168fbd98, Size=52
[2018.09.09-06.11.13:413][584]LogUObjectGlobals: Destroyed PersistentFrame Addr=0x0000026b1694cd00, Size=672
[2018.09.09-06.11.13:413][584]LogUObjectGlobals: Destroyed PersistentFrame Addr=0x0000026b1276fb28, Size=40
[2018.09.09-06.11.13:413][584]LogUObjectGlobals: Destroyed PersistentFrame Addr=0x0000026b0f224480, Size=448
[2018.09.09-06.11.13:479][584]LogExit: Object subsystem successfully closed.
[2018.09.09-06.11.13:492][584]LogShaderCompilers: Display: Shaders left to compile 0
[2018.09.09-06.11.13:497][584]LogD3D11RHI: Shutdown
[2018.09.09-06.11.13:497][584]LogD3D11RHI: CleanupD3DDevice
[2018.09.09-06.11.13:499][584]LogD3D11RHI: ~FD3D11DynamicRHI
[2018.09.09-06.11.13:509][584]LogModuleManager: Shutting down and abandoning module SequenceRecorderSections (323)
[2018.09.09-06.11.13:509][584]LogModuleManager: Shutting down and abandoning module SequenceRecorder (321)
[2018.09.09-06.11.13:509][584]LogModuleManager: Shutting down and abandoning module AutomationController (319)
[2018.09.09-06.11.13:509][584]LogModuleManager: Shutting down and abandoning module AutomationWorker (317)
[2018.09.09-06.11.13:509][584]LogModuleManager: Shutting down and abandoning module AIModule (315)
[2018.09.09-06.11.13:509][584]LogModuleManager: Shutting down and abandoning module GameplayDebugger (314)
[2018.09.09-06.11.13:509][584]LogModuleManager: Shutting down and abandoning module AITestSuite (312)
[2018.09.09-06.11.13:509][584]LogModuleManager: Shutting down and abandoning module WmfMediaFactory (309)
[2018.09.09-06.11.13:509][584]LogModuleManager: Shutting down and abandoning module OpenExrWrapper (307)
[2018.09.09-06.11.13:509][584]LogModuleManager: Shutting down and abandoning module ImgMediaFactory (305)
[2018.09.09-06.11.13:509][584]LogModuleManager: Shutting down and abandoning module AvfMediaFactory (303)
[2018.09.09-06.11.13:509][584]LogModuleManager: Shutting down and abandoning module CharacterAI (301)
[2018.09.09-06.11.13:509][584]LogModuleManager: Shutting down and abandoning module SessionServices (299)
[2018.09.09-06.11.13:509][584]LogModuleManager: Shutting down and abandoning module MovieSceneCapture (297)
[2018.09.09-06.11.13:509][584]LogModuleManager: Shutting down and abandoning module MovieSceneTracks (295)
[2018.09.09-06.11.13:509][584]LogModuleManager: Shutting down and abandoning module MovieScene (293)
[2018.09.09-06.11.13:509][584]LogModuleManager: Shutting down and abandoning module GeometryCache (291)
[2018.09.09-06.11.13:509][584]LogModuleManager: Shutting down and abandoning module GeometryCacheEd (290)
[2018.09.09-06.11.13:509][584]LogModuleManager: Shutting down and abandoning module StreamingPauseRendering (287)
[2018.09.09-06.11.13:509][584]LogModuleManager: Shutting down and abandoning module PortalServices (285)
[2018.09.09-06.11.13:509][584]LogModuleManager: Shutting down and abandoning module PortalRpc (283)
[2018.09.09-06.11.13:509][584]LogModuleManager: Shutting down and abandoning module MessagingRpc (281)
[2018.09.09-06.11.13:509][584]LogModuleManager: Shutting down and abandoning module ProfilerService (279)
[2018.09.09-06.11.13:627][584]LogModuleManager: Shutting down and abandoning module TaskGraph (277)
[2018.09.09-06.11.13:627][584]LogModuleManager: Shutting down and abandoning module SteamVRController (275)
[2018.09.09-06.11.13:628][584]LogModuleManager: Shutting down and abandoning module ProceduralMeshComponent (273)
[2018.09.09-06.11.13:628][584]LogModuleManager: Shutting down and abandoning module OculusInput (271)
[2018.09.09-06.11.13:628][584]LogModuleManager: Shutting down and abandoning module CustomMeshComponent (269)
[2018.09.09-06.11.13:628][584]LogModuleManager: Shutting down and abandoning module CableComponent (267)
[2018.09.09-06.11.13:628][584]LogModuleManager: Shutting down and abandoning module AudioCapture (265)
[2018.09.09-06.11.13:628][584]LogModuleManager: Shutting down and abandoning module ArchVisCharacter (263)
[2018.09.09-06.11.13:628][584]LogModuleManager: Shutting down and abandoning module NUTUnrealEngine4 (259)
[2018.09.09-06.11.13:628][584]LogModuleManager: Shutting down and abandoning module NetcodeUnitTest (257)
[2018.09.09-06.11.13:628][584]LogModuleManager: Shutting down and abandoning module MediaCompositing (255)
[2018.09.09-06.11.13:628][584]LogModuleManager: Shutting down and abandoning module LinearTimecode (253)
[2018.09.09-06.11.13:628][584]LogModuleManager: Shutting down and abandoning module ImgMedia (251)
[2018.09.09-06.11.13:631][584]LogModuleManager: Shutting down and abandoning module HTML5Networking (249)
[2018.09.09-06.11.13:631][584]LogModuleManager: Shutting down and abandoning module DatasmithContent (247)
[2018.09.09-06.11.13:631][584]LogModuleManager: Shutting down and abandoning module VisualStudioSourceCodeAccess (245)
[2018.09.09-06.11.13:631][584]LogModuleManager: Shutting down and abandoning module HotReload (244)
[2018.09.09-06.11.13:631][584]LogModuleManager: Shutting down and abandoning module VisualStudioCodeSourceCodeAccess (241)
[2018.09.09-06.11.13:631][584]LogModuleManager: Shutting down and abandoning module SubversionSourceControl (239)
[2018.09.09-06.11.13:631][584]LogModuleManager: Shutting down and abandoning module PerforceSourceControl (237)
[2018.09.09-06.11.13:631][584]LogModuleManager: Shutting down and abandoning module SourceControl (236)
[2018.09.09-06.11.13:632][584]LogModuleManager: Shutting down and abandoning module CLionSourceCodeAccess (233)
[2018.09.09-06.11.13:632][584]LogModuleManager: Shutting down and abandoning module RuntimePhysXCooking (231)
[2018.09.09-06.11.13:632][584]LogModuleManager: Shutting down and abandoning module PhysXVehiclesEditor (229)
[2018.09.09-06.11.13:632][584]LogModuleManager: Shutting down and abandoning module PhysXVehicles (227)
[2018.09.09-06.11.13:632][584]LogModuleManager: Shutting down and abandoning module LocationServicesBPLibrary (225)
[2018.09.09-06.11.13:632][584]LogModuleManager: Shutting down and abandoning module ImmediatePhysicsEditor (223)
[2018.09.09-06.11.13:632][584]LogModuleManager: Shutting down and abandoning module ImmediatePhysics (221)
[2018.09.09-06.11.13:632][584]LogModuleManager: Shutting down and abandoning module ApexDestructionEditor (219)
[2018.09.09-06.11.13:632][584]LogModuleManager: Shutting down and abandoning module ContentBrowser (218)
[2018.09.09-06.11.13:632][584]LogModuleManager: Shutting down and abandoning module CollectionManager (217)
[2018.09.09-06.11.13:632][584]LogDirectoryWatcher: A directory notification for 'C:/Users/Joshua/Documents/GitHub/fps-proto/Content/Collections/' was aborted.
[2018.09.09-06.11.13:632][584]LogDirectoryWatcher: A directory notification for 'C:/Users/Joshua/Documents/GitHub/fps-proto/Content/Developers/Joshua/Collections/' was aborted.
[2018.09.09-06.11.13:632][584]LogDirectoryWatcher: A directory notification for 'C:/Users/Joshua/Documents/GitHub/fps-proto/Saved/Collections/' was aborted.
[2018.09.09-06.11.13:632][584]LogModuleManager: Shutting down and abandoning module DirectoryWatcher (216)
[2018.09.09-06.11.13:632][584]LogModuleManager: Shutting down and abandoning module ApexDestruction (211)
[2018.09.09-06.11.13:632][584]LogModuleManager: Shutting down and abandoning module ActorSequence (209)
[2018.09.09-06.11.13:632][584]LogModuleManager: Shutting down and abandoning module UdpMessaging (207)
[2018.09.09-06.11.13:632][584]LogModuleManager: Shutting down and abandoning module TcpMessaging (205)
[2018.09.09-06.11.13:632][584]LogModuleManager: Shutting down and abandoning module GameplayTagsEditor (203)
[2018.09.09-06.11.13:632][584]LogModuleManager: Shutting down and abandoning module FacialAnimation (201)
[2018.09.09-06.11.13:632][584]LogModuleManager: Shutting down and abandoning module DataValidation (199)
[2018.09.09-06.11.13:632][584]LogModuleManager: Shutting down and abandoning module AssetManagerEditor (197)
[2018.09.09-06.11.13:632][584]LogModuleManager: Shutting down and abandoning module TreeMap (196)
[2018.09.09-06.11.13:632][584]LogModuleManager: Shutting down and abandoning module LightPropagationVolumeRuntime (193)
[2018.09.09-06.11.13:632][584]LogModuleManager: Shutting down and abandoning module PIEPreviewDeviceProfileSelector (191)
[2018.09.09-06.11.13:632][584]LogModuleManager: Shutting down and abandoning module WindowsMoviePlayer (189)
[2018.09.09-06.11.13:632][584]LogModuleManager: Shutting down and abandoning module WmfMedia (187)
[2018.09.09-06.11.13:633][584]LogModuleManager: Shutting down and abandoning module Media (186)
[2018.09.09-06.11.13:639][584]LogModuleManager: Shutting down and abandoning module PacketHandler (183)
[2018.09.09-06.11.13:639][584]LogModuleManager: Shutting down and abandoning module ClothingSystemEditor (181)
[2018.09.09-06.11.13:639][584]LogModuleManager: Shutting down and abandoning module ClothingSystemRuntime (179)
[2018.09.09-06.11.13:639][584]LogModuleManager: Shutting down and abandoning module MediaAssets (177)
[2018.09.09-06.11.13:639][584]LogModuleManager: Shutting down and abandoning module Overlay (175)
[2018.09.09-06.11.13:639][584]LogModuleManager: Shutting down and abandoning module OverlayEditor (174)
[2018.09.09-06.11.13:639][584]LogModuleManager: Shutting down and abandoning module VREditor (171)
[2018.09.09-06.11.13:639][584]LogModuleManager: Shutting down and abandoning module StringTableEditor (169)
[2018.09.09-06.11.13:639][584]LogModuleManager: Shutting down and abandoning module GameplayTasksEditor (167)
[2018.09.09-06.11.13:639][584]LogModuleManager: Shutting down and abandoning module BehaviorTreeEditor (165)
[2018.09.09-06.11.13:639][584]LogModuleManager: Shutting down and abandoning module FunctionalTesting (163)
[2018.09.09-06.11.13:639][584]LogModuleManager: Shutting down and abandoning module CollisionAnalyzer (161)
[2018.09.09-06.11.13:639][584]LogModuleManager: Shutting down and abandoning module WorkspaceMenuStructure (160)
[2018.09.09-06.11.13:639][584]LogModuleManager: Shutting down and abandoning module UMG (157)
[2018.09.09-06.11.13:640][584]LogModuleManager: Shutting down and abandoning module UMGEditor (156)
[2018.09.09-06.11.13:640][584]LogModuleManager: Shutting down and abandoning module Sequencer (155)
[2018.09.09-06.11.13:640][584]LogModuleManager: Shutting down and abandoning module MessageLog (152)
[2018.09.09-06.11.13:640][584]LogModuleManager: Shutting down and abandoning module SlateReflector (147)
[2018.09.09-06.11.13:640][584]LogModuleManager: Shutting down and abandoning module Slate (145)
[2018.09.09-06.11.13:640][584]LogModuleManager: Shutting down and abandoning module EditorStyle (143)
[2018.09.09-06.11.13:641][584]LogModuleManager: Shutting down and abandoning module MRMesh (141)
[2018.09.09-06.11.13:641][584]LogModuleManager: Shutting down and abandoning module Messaging (139)
[2018.09.09-06.11.13:641][584]LogModuleManager: Shutting down and abandoning module SourceCodeAccess (137)
[2018.09.09-06.11.13:641][584]LogModuleManager: Shutting down and abandoning module HeadMountedDisplay (135)
[2018.09.09-06.11.13:641][584]LogModuleManager: Shutting down and abandoning module XAudio2 (133)
[2018.09.09-06.11.13:641][584]LogModuleManager: Shutting down and abandoning module Networking (131)
[2018.09.09-06.11.13:641][584]LogModuleManager: Shutting down and abandoning module Core (129)
[2018.09.09-06.11.13:641][584]LogModuleManager: Shutting down and abandoning module LevelSequence (127)
[2018.09.09-06.11.13:641][584]LogModuleManager: Shutting down and abandoning module KismetCompiler (125)
[2018.09.09-06.11.13:641][584]LogModuleManager: Shutting down and abandoning module MeshUtilities (123)
[2018.09.09-06.11.13:641][584]LogModuleManager: Shutting down and abandoning module MeshMergeUtilities (122)
[2018.09.09-06.11.13:641][584]LogModuleManager: Shutting down and abandoning module MeshReductionInterface (121)
[2018.09.09-06.11.13:641][584]LogModuleManager: Shutting down and abandoning module SimplygonSwarm (120)
[2018.09.09-06.11.13:641][584]LogModuleManager: Shutting down and abandoning module SimplygonMeshReduction (118)
[2018.09.09-06.11.13:641][584]LogModuleManager: Shutting down and abandoning module QuadricMeshReduction (116)
[2018.09.09-06.11.13:641][584]LogModuleManager: Shutting down and abandoning module MaterialBaking (112)
[2018.09.09-06.11.13:641][584]LogModuleManager: Shutting down and abandoning module DerivedDataCache (107)
[2018.09.09-06.11.13:651][584]LogDerivedDataCache: Shutdown
[2018.09.09-06.11.13:651][584]LogModuleManager: Shutting down and abandoning module XGEController (105)
[2018.09.09-06.11.13:651][584]LogModuleManager: Shutting down and abandoning module TargetPlatform (103)
[2018.09.09-06.11.13:651][584]LogModuleManager: Shutting down and abandoning module VulkanShaderFormat (102)
[2018.09.09-06.11.13:651][584]LogModuleManager: Shutting down and abandoning module ShaderFormatVectorVM (100)
[2018.09.09-06.11.13:651][584]LogModuleManager: Shutting down and abandoning module ShaderFormatOpenGL (98)
[2018.09.09-06.11.13:651][584]LogModuleManager: Shutting down and abandoning module ShaderFormatD3D (96)
[2018.09.09-06.11.13:651][584]LogModuleManager: Shutting down and abandoning module MetalShaderFormat (94)
[2018.09.09-06.11.13:651][584]LogModuleManager: Shutting down and abandoning module TextureFormatUncompressed (92)
[2018.09.09-06.11.13:651][584]LogModuleManager: Shutting down and abandoning module TextureFormatPVR (90)
[2018.09.09-06.11.13:651][584]LogModuleManager: Shutting down and abandoning module TextureFormatDXT (88)
[2018.09.09-06.11.13:651][584]LogModuleManager: Shutting down and abandoning module TextureFormatIntelISPCTexComp (86)
[2018.09.09-06.11.13:652][584]LogModuleManager: Shutting down and abandoning module TextureFormatASTC (84)
[2018.09.09-06.11.13:652][584]LogModuleManager: Shutting down and abandoning module ImageWrapper (83)
[2018.09.09-06.11.13:652][584]LogModuleManager: Shutting down and abandoning module TextureFormatAndroid (80)
[2018.09.09-06.11.13:652][584]LogModuleManager: Shutting down and abandoning module AudioFormatOpus (78)
[2018.09.09-06.11.13:652][584]LogModuleManager: Shutting down and abandoning module AudioFormatOgg (76)
[2018.09.09-06.11.13:652][584]LogModuleManager: Shutting down and abandoning module AudioFormatADPCM (74)
[2018.09.09-06.11.13:652][584]LogModuleManager: Shutting down and abandoning module WindowsTargetPlatform (72)
[2018.09.09-06.11.13:652][584]LogModuleManager: Shutting down and abandoning module WindowsServerTargetPlatform (70)
[2018.09.09-06.11.13:652][584]LogModuleManager: Shutting down and abandoning module WindowsNoEditorTargetPlatform (68)
[2018.09.09-06.11.13:652][584]LogModuleManager: Shutting down and abandoning module WindowsClientTargetPlatform (66)
[2018.09.09-06.11.13:652][584]LogModuleManager: Shutting down and abandoning module InputCore (63)
[2018.09.09-06.11.13:652][584]LogModuleManager: Shutting down and abandoning module Settings (61)
[2018.09.09-06.11.13:652][584]LogModuleManager: Shutting down and abandoning module PhysXCooking (59)
[2018.09.09-06.11.13:652][584]LogModuleManager: Shutting down and abandoning module SteamVR (56)
[2018.09.09-06.11.13:652][584]LogModuleManager: Shutting down and abandoning module OculusHMD (54)
[2018.09.09-06.11.13:652][584]LogModuleManager: Shutting down and abandoning module OnlineBlueprintSupport (52)
[2018.09.09-06.11.13:652][584]LogModuleManager: Shutting down and abandoning module OnlineSubsystem (48)
[2018.09.09-06.11.13:652][584]LogOnline: Display: STEAM: OnlineSubsystemSteam::Shutdown()
[2018.09.09-06.11.13:652][584]LogOnline: Display: OSS: FOnlineAsyncTaskManager::Stop() ActiveTask:0000000000000000 Tasks[0/0]
[2018.09.09-06.11.14:018][584]LogOnline: Display: OSS: FOnlineAsyncTaskManager::Exit() started
[2018.09.09-06.11.14:018][584]LogOnline: Display: OSS: FOnlineAsyncTaskManager::Exit() finished
[2018.09.09-06.11.14:018][584]LogOnline: Display: STEAM: OnlineSubsystemSteam::Shutdown()
[2018.09.09-06.11.14:019][584]LogModuleManager: Shutting down and abandoning module XMPP (43)
[2018.09.09-06.11.14:019][584]LogModuleManager: Shutting down and abandoning module HTTP (41)
[2018.09.09-06.11.14:041][584]LogModuleManager: Shutting down and abandoning module SSL (40)
[2018.09.09-06.11.14:042][584]LogModuleManager: Shutting down and abandoning module AnimationModifiers (36)
[2018.09.09-06.11.14:042][584]LogModuleManager: Shutting down and abandoning module PropertyEditor (35)
[2018.09.09-06.11.14:043][584]LogModuleManager: Shutting down and abandoning module AudioEditor (32)
[2018.09.09-06.11.14:043][584]LogModuleManager: Shutting down and abandoning module TextureCompressor (30)
[2018.09.09-06.11.14:043][584]LogModuleManager: Shutting down and abandoning module ShaderCore (28)
[2018.09.09-06.11.14:043][584]LogModuleManager: Shutting down and abandoning module Landscape (26)
[2018.09.09-06.11.14:043][584]LogModuleManager: Shutting down and abandoning module SlateRHIRenderer (24)
[2018.09.09-06.11.14:044][584]LogModuleManager: Shutting down and abandoning module OpenGLDrv (22)
[2018.09.09-06.11.14:044][584]LogModuleManager: Shutting down and abandoning module D3D11RHI (20)
[2018.09.09-06.11.14:044][584]LogModuleManager: Shutting down and abandoning module AnimGraphRuntime (18)
[2018.09.09-06.11.14:044][584]LogModuleManager: Shutting down and abandoning module Renderer (16)
[2018.09.09-06.11.14:044][584]LogModuleManager: Shutting down and abandoning module Engine (14)
[2018.09.09-06.11.14:044][584]LogModuleManager: Shutting down and abandoning module CoreUObject (12)
[2018.09.09-06.11.14:044][584]LogModuleManager: Shutting down and abandoning module NetworkFile (10)
[2018.09.09-06.11.14:044][584]LogModuleManager: Shutting down and abandoning module CookedIterativeFile (8)
[2018.09.09-06.11.14:044][584]LogModuleManager: Shutting down and abandoning module StreamingFile (6)
[2018.09.09-06.11.14:044][584]LogModuleManager: Shutting down and abandoning module SandboxFile (4)
[2018.09.09-06.11.14:044][584]LogModuleManager: Shutting down and abandoning module PakFile (2)
[2018.09.09-06.11.14:048][584]LogExit: Exiting.
[2018.09.09-06.11.14:050][584]Log file closed, 09/09/18 02:11:14
