Log file open, 09/08/18 15:26:29
LogWindows: Failed to load 'aqProf.dll' (GetLastError=126)
LogWindows: File 'aqProf.dll' does not exist
LogWindows: Failed to load 'VtuneApi.dll' (GetLastError=126)
LogWindows: File 'VtuneApi.dll' does not exist
LogWindows: Failed to load 'VtuneApi32e.dll' (GetLastError=126)
LogWindows: File 'VtuneApi32e.dll' does not exist
LogInit: Display: Running engine for game: FPSPrototype
LogPlatformFile: Not using cached read wrapper
LogInit: Display: RandInit(-1708298794) SRandInit(-1708298793).
LogInit: Read version file with build ID '3944462'
LogInit: Overriding engine version to CL 4033788, compatible CL 3944462
LogInit: Registered custom module enumerator with build ID '3944462'
LogTaskGraph: Started task graph with 5 named threads and 23 total threads with 3 sets of task threads.
LogStats: Stats thread started at 0.278786
LogD3D11RHI: Aftermath initialized
LogICUInternationalization: Display: ICU TimeZone Detection - Raw Offset: -5:00, Platform Override: ''
LogModuleManager: Display: Found up-to-date module file ../../../Engine/Plugins/Runtime/ApexDestruction/Binaries/Win64/UE4Editor-ApexDestruction.dll (API version 3944462).
LogModuleManager: Display: Found up-to-date module file ../../../Engine/Plugins/Runtime/ApexDestruction/Binaries/Win64/UE4Editor-ApexDestructionEditor.dll (API version 3944462).
LogModuleManager: Display: Found up-to-date module file ../../../Engine/Plugins/Blendables/LightPropagationVolume/Binaries/Win64/UE4Editor-LightPropagationVolumeRuntime.dll (API version 3944462).
LogModuleManager: Display: Found up-to-date module file ../../../Engine/Plugins/Blendables/LightPropagationVolume/Binaries/Win64/UE4Editor-LightPropagationVolumeEditor.dll (API version 3944462).
LogModuleManager: Display: Found up-to-date module file ../../../Engine/Plugins/Developer/CLionSourceCodeAccess/Binaries/Win64/UE4Editor-CLionSourceCodeAccess.dll (API version 3944462).
LogModuleManager: Display: Found up-to-date module file ../../../Engine/Plugins/Developer/GitSourceControl/Binaries/Win64/UE4Editor-GitSourceControl.dll (API version 3944462).
LogModuleManager: Display: Found up-to-date module file ../../../Engine/Plugins/Developer/PerforceSourceControl/Binaries/Win64/UE4Editor-PerforceSourceControl.dll (API version 3944462).
LogModuleManager: Display: Found up-to-date module file ../../../Engine/Plugins/Developer/SubversionSourceControl/Binaries/Win64/UE4Editor-SubversionSourceControl.dll (API version 3944462).
LogModuleManager: Display: Found up-to-date module file ../../../Engine/Plugins/Developer/VisualStudioCodeSourceCodeAccess/Binaries/Win64/UE4Editor-VisualStudioCodeSourceCodeAccess.dll (API version 3944462).
LogModuleManager: Display: Found up-to-date module file ../../../Engine/Plugins/Developer/VisualStudioSourceCodeAccess/Binaries/Win64/UE4Editor-VisualStudioSourceCodeAccess.dll (API version 3944462).
LogModuleManager: Display: Found up-to-date module file ../../../Engine/Plugins/Editor/AssetManagerEditor/Binaries/Win64/UE4Editor-AssetManagerEditor.dll (API version 3944462).
LogModuleManager: Display: Found up-to-date module file ../../../Engine/Plugins/Editor/DataValidation/Binaries/Win64/UE4Editor-DataValidation.dll (API version 3944462).
LogModuleManager: Display: Found up-to-date module file ../../../Engine/Plugins/Editor/FacialAnimation/Binaries/Win64/UE4Editor-FacialAnimation.dll (API version 3944462).
LogModuleManager: Display: Found up-to-date module file ../../../Engine/Plugins/Editor/FacialAnimation/Binaries/Win64/UE4Editor-FacialAnimationEditor.dll (API version 3944462).
LogModuleManager: Display: Found up-to-date module file ../../../Engine/Plugins/Editor/GameplayTagsEditor/Binaries/Win64/UE4Editor-GameplayTagsEditor.dll (API version 3944462).
LogModuleManager: Display: Found up-to-date module file ../../../Engine/Plugins/Editor/MobileLauncherProfileWizard/Binaries/Win64/UE4Editor-MobileLauncherProfileWizard.dll (API version 3944462).
LogModuleManager: Display: Found up-to-date module file ../../../Engine/Plugins/Editor/PluginBrowser/Binaries/Win64/UE4Editor-PluginBrowser.dll (API version 3944462).
LogModuleManager: Display: Found up-to-date module file ../../../Engine/Plugins/Editor/SpeedTreeImporter/Binaries/Win64/UE4Editor-SpeedTreeImporter.dll (API version 3944462).
LogModuleManager: Display: Found up-to-date module file ../../../Engine/Plugins/Enterprise/DatasmithContent/Binaries/Win64/UE4Editor-DatasmithContent.dll (API version 3944462).
LogModuleManager: Display: Found up-to-date module file ../../../Engine/Plugins/Experimental/AlembicImporter/Binaries/Win64/UE4Editor-AlembicImporter.dll (API version 3944462).
LogModuleManager: Display: Found up-to-date module file ../../../Engine/Plugins/Experimental/AlembicImporter/Binaries/Win64/UE4Editor-AlembicLibrary.dll (API version 3944462).
LogModuleManager: Display: Found up-to-date module file ../../../Engine/Plugins/Experimental/CharacterAI/Binaries/Win64/UE4Editor-CharacterAI.dll (API version 3944462).
LogModuleManager: Display: Found up-to-date module file ../../../Engine/Plugins/Experimental/HTML5Networking/Binaries/Win64/UE4Editor-HTML5Networking.dll (API version 3944462).
LogModuleManager: Display: Found up-to-date module file ../../../Engine/Plugins/Media/AndroidMedia/Binaries/Win64/UE4Editor-AndroidMediaEditor.dll (API version 3944462).
LogModuleManager: Display: Found up-to-date module file ../../../Engine/Plugins/Media/AndroidMedia/Binaries/Win64/UE4Editor-AndroidMediaFactory.dll (API version 3944462).
LogModuleManager: Display: Found up-to-date module file ../../../Engine/Plugins/Media/AvfMedia/Binaries/Win64/UE4Editor-AvfMediaEditor.dll (API version 3944462).
LogModuleManager: Display: Found up-to-date module file ../../../Engine/Plugins/Media/AvfMedia/Binaries/Win64/UE4Editor-AvfMediaFactory.dll (API version 3944462).
LogModuleManager: Display: Found up-to-date module file ../../../Engine/Plugins/Media/AvfMedia/Binaries/Win64/UE4Editor-AvfMediaFactory.dll (API version 3944462).
LogModuleManager: Display: Found up-to-date module file ../../../Engine/Plugins/Media/ImgMedia/Binaries/Win64/UE4Editor-ImgMedia.dll (API version 3944462).
LogModuleManager: Display: Found up-to-date module file ../../../Engine/Plugins/Media/ImgMedia/Binaries/Win64/UE4Editor-ImgMediaEditor.dll (API version 3944462).
LogModuleManager: Display: Found up-to-date module file ../../../Engine/Plugins/Media/ImgMedia/Binaries/Win64/UE4Editor-ImgMediaFactory.dll (API version 3944462).
LogModuleManager: Display: Found up-to-date module file ../../../Engine/Plugins/Media/ImgMedia/Binaries/Win64/UE4Editor-ImgMediaFactory.dll (API version 3944462).
LogModuleManager: Display: Found up-to-date module file ../../../Engine/Plugins/Media/ImgMedia/Binaries/Win64/UE4Editor-OpenExrWrapper.dll (API version 3944462).
LogModuleManager: Display: Found up-to-date module file ../../../Engine/Plugins/Media/LinearTimecode/Binaries/Win64/UE4Editor-LinearTimecode.dll (API version 3944462).
LogModuleManager: Display: Found up-to-date module file ../../../Engine/Plugins/Media/MediaCompositing/Binaries/Win64/UE4Editor-MediaCompositing.dll (API version 3944462).
LogModuleManager: Display: Found up-to-date module file ../../../Engine/Plugins/Media/MediaCompositing/Binaries/Win64/UE4Editor-MediaCompositingEditor.dll (API version 3944462).
LogModuleManager: Display: Found up-to-date module file ../../../Engine/Plugins/Media/MediaPlayerEditor/Binaries/Win64/UE4Editor-MediaPlayerEditor.dll (API version 3944462).
LogModuleManager: Display: Found up-to-date module file ../../../Engine/Plugins/Media/WmfMedia/Binaries/Win64/UE4Editor-WmfMedia.dll (API version 3944462).
LogModuleManager: Display: Found up-to-date module file ../../../Engine/Plugins/Media/WmfMedia/Binaries/Win64/UE4Editor-WmfMediaEditor.dll (API version 3944462).
LogModuleManager: Display: Found up-to-date module file ../../../Engine/Plugins/Media/WmfMedia/Binaries/Win64/UE4Editor-WmfMediaFactory.dll (API version 3944462).
LogModuleManager: Display: Found up-to-date module file ../../../Engine/Plugins/Media/WmfMedia/Binaries/Win64/UE4Editor-WmfMediaFactory.dll (API version 3944462).
LogModuleManager: Display: Found up-to-date module file ../../../Engine/Plugins/Messaging/TcpMessaging/Binaries/Win64/UE4Editor-TcpMessaging.dll (API version 3944462).
LogModuleManager: Display: Found up-to-date module file ../../../Engine/Plugins/Messaging/UdpMessaging/Binaries/Win64/UE4Editor-UdpMessaging.dll (API version 3944462).
LogModuleManager: Display: Found up-to-date module file ../../../Engine/Plugins/MovieScene/ActorSequence/Binaries/Win64/UE4Editor-ActorSequence.dll (API version 3944462).
LogModuleManager: Display: Found up-to-date module file ../../../Engine/Plugins/MovieScene/LevelSequenceEditor/Binaries/Win64/UE4Editor-LevelSequenceEditor.dll (API version 3944462).
LogModuleManager: Display: Found up-to-date module file ../../../Engine/Plugins/MovieScene/MatineeToLevelSequence/Binaries/Win64/UE4Editor-MatineeToLevelSequence.dll (API version 3944462).
LogModuleManager: Display: Found up-to-date module file ../../../Engine/Plugins/NetcodeUnitTest/NetcodeUnitTest/Binaries/Win64/UE4Editor-NetcodeUnitTest.dll (API version 3944462).
LogModuleManager: Display: Found up-to-date module file ../../../Engine/Plugins/NetcodeUnitTest/NUTUnrealEngine4/Binaries/Win64/UE4Editor-NUTUnrealEngine4.dll (API version 3944462).
LogModuleManager: Display: Found up-to-date module file ../../../Engine/Plugins/Online/OnlineSubsystem/Binaries/Win64/UE4Editor-OnlineSubsystem.dll (API version 3944462).
LogModuleManager: Display: Found up-to-date module file ../../../Engine/Plugins/Online/OnlineSubsystemNull/Binaries/Win64/UE4Editor-OnlineSubsystemNull.dll (API version 3944462).
LogModuleManager: Display: Found up-to-date module file ../../../Engine/Plugins/Online/OnlineSubsystemUtils/Binaries/Win64/UE4Editor-OnlineSubsystemUtils.dll (API version 3944462).
LogModuleManager: Display: Found up-to-date module file ../../../Engine/Plugins/Online/OnlineSubsystemUtils/Binaries/Win64/UE4Editor-OnlineBlueprintSupport.dll (API version 3944462).
LogModuleManager: Display: Found up-to-date module file ../../../Engine/Plugins/Runtime/ArchVisCharacter/Binaries/Win64/UE4Editor-ArchVisCharacter.dll (API version 3944462).
LogModuleManager: Display: Found up-to-date module file ../../../Engine/Plugins/Runtime/AudioCapture/Binaries/Win64/UE4Editor-AudioCapture.dll (API version 3944462).
LogModuleManager: Display: Found up-to-date module file ../../../Engine/Plugins/Runtime/AudioCapture/Binaries/Win64/UE4Editor-AudioCaptureEditor.dll (API version 3944462).
LogModuleManager: Display: Found up-to-date module file ../../../Engine/Plugins/Runtime/CableComponent/Binaries/Win64/UE4Editor-CableComponent.dll (API version 3944462).
LogModuleManager: Display: Found up-to-date module file ../../../Engine/Plugins/Runtime/CustomMeshComponent/Binaries/Win64/UE4Editor-CustomMeshComponent.dll (API version 3944462).
LogModuleManager: Display: Found up-to-date module file ../../../Engine/Plugins/Runtime/ImmediatePhysics/Binaries/Win64/UE4Editor-ImmediatePhysics.dll (API version 3944462).
LogModuleManager: Display: Found up-to-date module file ../../../Engine/Plugins/Runtime/ImmediatePhysics/Binaries/Win64/UE4Editor-ImmediatePhysicsEditor.dll (API version 3944462).
LogModuleManager: Display: Found up-to-date module file ../../../Engine/Plugins/Runtime/LocationServicesBPLibrary/Binaries/Win64/UE4Editor-LocationServicesBPLibrary.dll (API version 3944462).
LogModuleManager: Display: Found up-to-date module file ../../../Engine/Plugins/Runtime/Oculus/OculusVR/Binaries/Win64/UE4Editor-OculusHMD.dll (API version 3944462).
LogModuleManager: Display: Found up-to-date module file ../../../Engine/Plugins/Runtime/Oculus/OculusVR/Binaries/Win64/UE4Editor-OculusInput.dll (API version 3944462).
LogModuleManager: Display: Found up-to-date module file ../../../Engine/Plugins/Runtime/Oculus/OculusVR/Binaries/Win64/UE4Editor-OculusEditor.dll (API version 3944462).
LogModuleManager: Display: Found up-to-date module file ../../../Engine/Plugins/Runtime/PhysXVehicles/Binaries/Win64/UE4Editor-PhysXVehicles.dll (API version 3944462).
LogModuleManager: Display: Found up-to-date module file ../../../Engine/Plugins/Runtime/PhysXVehicles/Binaries/Win64/UE4Editor-PhysXVehiclesEditor.dll (API version 3944462).
LogModuleManager: Display: Found up-to-date module file ../../../Engine/Plugins/Runtime/ProceduralMeshComponent/Binaries/Win64/UE4Editor-ProceduralMeshComponent.dll (API version 3944462).
LogModuleManager: Display: Found up-to-date module file ../../../Engine/Plugins/Runtime/ProceduralMeshComponent/Binaries/Win64/UE4Editor-ProceduralMeshComponentEditor.dll (API version 3944462).
LogModuleManager: Display: Found up-to-date module file ../../../Engine/Plugins/Runtime/RuntimePhysXCooking/Binaries/Win64/UE4Editor-RuntimePhysXCooking.dll (API version 3944462).
LogModuleManager: Display: Found up-to-date module file ../../../Engine/Plugins/Runtime/Steam/SteamVR/Binaries/Win64/UE4Editor-SteamVR.dll (API version 3944462).
LogModuleManager: Display: Found up-to-date module file ../../../Engine/Plugins/Runtime/Steam/SteamVR/Binaries/Win64/UE4Editor-SteamVRController.dll (API version 3944462).
LogModuleManager: Display: Found up-to-date module file ../../../Engine/Plugins/Runtime/WindowsMoviePlayer/Binaries/Win64/UE4Editor-WindowsMoviePlayer.dll (API version 3944462).
LogPluginManager: Mounting plugin LightPropagationVolume
LogPluginManager: Mounting plugin CLionSourceCodeAccess
LogPluginManager: Mounting plugin CodeLiteSourceCodeAccess
LogPluginManager: Mounting plugin GitSourceControl
LogPluginManager: Mounting plugin KDevelopSourceCodeAccess
LogPluginManager: Mounting plugin NullSourceCodeAccess
LogPluginManager: Mounting plugin PerforceSourceControl
LogPluginManager: Mounting plugin SubversionSourceControl
LogPluginManager: Mounting plugin VisualStudioCodeSourceCodeAccess
LogPluginManager: Mounting plugin VisualStudioSourceCodeAccess
LogPluginManager: Mounting plugin XCodeSourceCodeAccess
LogPluginManager: Mounting plugin AssetManagerEditor
LogPluginManager: Mounting plugin DataValidation
LogPluginManager: Mounting plugin FacialAnimation
LogPluginManager: Mounting plugin GameplayTagsEditor
LogPluginManager: Mounting plugin MobileLauncherProfileWizard
LogPluginManager: Mounting plugin PluginBrowser
LogPluginManager: Mounting plugin SpeedTreeImporter
LogPluginManager: Mounting plugin DatasmithContent
LogPluginManager: Mounting plugin AlembicImporter
LogPluginManager: Mounting plugin CharacterAI
LogPluginManager: Mounting plugin HTML5Networking
LogPluginManager: Mounting plugin AndroidMedia
LogPluginManager: Mounting plugin AvfMedia
LogPluginManager: Mounting plugin ImgMedia
LogPluginManager: Mounting plugin LinearTimecode
LogPluginManager: Mounting plugin MediaCompositing
LogPluginManager: Mounting plugin MediaPlayerEditor
LogPluginManager: Mounting plugin WmfMedia
LogPluginManager: Mounting plugin TcpMessaging
LogPluginManager: Mounting plugin UdpMessaging
LogPluginManager: Mounting plugin ActorSequence
LogPluginManager: Mounting plugin LevelSequenceEditor
LogPluginManager: Mounting plugin MatineeToLevelSequence
LogPluginManager: Mounting plugin NetcodeUnitTest
LogPluginManager: Mounting plugin NUTUnrealEngine4
LogPluginManager: Mounting plugin OnlineSubsystemIOS
LogPluginManager: Mounting plugin OnlineSubsystem
LogPluginManager: Mounting plugin OnlineSubsystemNull
LogPluginManager: Mounting plugin OnlineSubsystemUtils
LogPluginManager: Mounting plugin ApexDestruction
LogPluginManager: Mounting plugin ArchVisCharacter
LogPluginManager: Mounting plugin AudioCapture
LogPluginManager: Mounting plugin CableComponent
LogPluginManager: Mounting plugin CustomMeshComponent
LogPluginManager: Mounting plugin ImmediatePhysics
LogPluginManager: Mounting plugin LocationServicesBPLibrary
LogPluginManager: Mounting plugin OculusVR
LogPluginManager: Plugin shader directory ../../../Engine/Plugins/Runtime/Oculus/OculusVR/Shaders found
LogPluginManager: Mapping shader source directory ../../../Engine/Plugins/Runtime/Oculus/OculusVR/Shaders to virtual directory /Plugin/OculusVR
LogPluginManager: Mounting plugin PhysXVehicles
LogPluginManager: Mounting plugin ProceduralMeshComponent
LogPluginManager: Mounting plugin RuntimePhysXCooking
LogPluginManager: Mounting plugin SteamVR
LogPluginManager: Mounting plugin WindowsMoviePlayer
LogStreaming: Display: Took  1.269s to configure plugins.
LogInit: Using libcurl 7.47.1
LogInit:  - built for x86_64-pc-win32
LogInit:  - supports SSL with OpenSSL/1.0.2g
LogInit:  - supports HTTP deflate (compression) using libz 1.2.8
LogInit:  - other features:
LogInit:      CURL_VERSION_SSL
LogInit:      CURL_VERSION_LIBZ
LogInit:      CURL_VERSION_IPV6
LogInit:      CURL_VERSION_ASYNCHDNS
LogInit:      CURL_VERSION_LARGEFILE
LogInit:      CURL_VERSION_IDN
LogInit:  CurlRequestOptions (configurable via config and command line):
LogInit:  - bVerifyPeer = false  - Libcurl will NOT verify peer certificate
LogInit:  - bUseHttpProxy = false  - Libcurl will NOT use HTTP proxy
LogInit:  - bDontReuseConnections = false  - Libcurl will reuse connections
LogInit:  - CertBundlePath = nullptr  - Libcurl will use whatever was configured at build time.
LogInit:  - MaxHostConnections = 16  - Libcurl will limit the number of connections to a host
LogInit:  - LocalHostAddr = Default
LogInit: Build: ++UE4+Release-4.19-CL-4033788
LogInit: Engine Version: 4.19.2-4033788+++UE4+Release-4.19
LogInit: Compatible Engine Version: 4.19.0-3944462+++UE4+Release-4.19
LogInit: Net CL: 3944462
LogDevObjectVersion: Number of dev versions registered: 18
LogDevObjectVersion:   Dev-Blueprints (B0D832E4-1F89-4F0D-ACCF-7EB736FD4AA2): 10
LogDevObjectVersion:   Dev-Build (E1C64328-A22C-4D53-A36C-8E866417BD8C): 0
LogDevObjectVersion:   Dev-Core (375EC13C-06E4-48FB-B500-84F0262A717E): 2
LogDevObjectVersion:   Dev-Editor (E4B068ED-F494-42E9-A231-DA0B2E46BB41): 23
LogDevObjectVersion:   Dev-Framework (CFFC743F-43B0-4480-9391-14DF171D2073): 33
LogDevObjectVersion:   Dev-Mobile (B02B49B5-BB20-44E9-A304-32B752E40360): 2
LogDevObjectVersion:   Dev-Networking (A4E4105C-59A1-49B5-A7C5-40C4547EDFEE): 0
LogDevObjectVersion:   Dev-Online (39C831C9-5AE6-47DC-9A44-9C173E1C8E7C): 0
LogDevObjectVersion:   Dev-Physics (78F01B33-EBEA-4F98-B9B4-84EACCB95AA2): 0
LogDevObjectVersion:   Dev-Platform (6631380F-2D4D-43E0-8009-CF276956A95A): 0
LogDevObjectVersion:   Dev-Rendering (12F88B9F-8875-4AFC-A67C-D90C383ABD29): 25
LogDevObjectVersion:   Dev-Sequencer (7B5AE74C-D270-4C10-A958-57980B212A5A): 6
LogDevObjectVersion:   Dev-VR (D7296918-1DD6-4BDD-9DE2-64A83CC13884): 1
LogDevObjectVersion:   Dev-LoadTimes (C2A15278-BFE7-4AFE-6C17-90FF531DF755): 1
LogDevObjectVersion:   Private-Geometry (6EACA3D4-40EC-4CC1-B786-8BED09428FC5): 2
LogDevObjectVersion:   Dev-AnimPhys (29E575DD-E0A3-4627-9D10-D276232CDCEA): 16
LogDevObjectVersion:   Dev-ReflectionCapture (6B266CEC-1EC7-4B8F-A30B-E4D90942FC07): 1
LogDevObjectVersion:   Dev-Automation (0DF73D61-A23F-47EA-B727-89E90C41499A): 1
LogInit: Compiled (64-bit): Apr 27 2018 02:06:57
LogInit: Compiled with Visual C++: 19.00.24215.01
LogInit: Build Configuration: Development
LogInit: Branch Name: ++UE4+Release-4.19
LogInit: Command Line:  
LogInit: Base Directory: C:/Program Files/Epic Games/UE_4.19/Engine/Binaries/Win64/
LogInit: Installed Engine Build: 1
LogStreaming: Display: Took  0.000s to delete old logs.
LogInit: Presizing for max 8388607 objects, including 0 objects not considered by GC, pre-allocating 0 bytes for permanent pool.
LogInit: Object subsystem initialized
[2018.09.08-19.26.31:300][  0]LogModuleManager: Warning: No filename provided for module ExampleDeviceProfileSelector
[2018.09.08-19.26.31:300][  0]LogModuleManager: Warning: ModuleManager: Unable to load module 'ExampleDeviceProfileSelector' because the file 'C:/Program Files/Epic Games/UE_4.19/Engine/Binaries/Win64/' was not found.
[2018.09.08-19.26.31:300][  0]LogInit: Applying CVar settings loaded from the selected device profile: [Windows]
[2018.09.08-19.26.31:356][  0]LogInit: Computer: DESKTOP-7J3IH8Q
[2018.09.08-19.26.31:356][  0]LogInit: User: Joshua
[2018.09.08-19.26.31:356][  0]LogInit: CPU Page size=4096, Cores=4
[2018.09.08-19.26.31:356][  0]LogInit: High frequency timer resolution =3.312645 MHz
[2018.09.08-19.26.31:357][  0]LogMemory: Memory total: Physical=15.9GB (16GB approx)
[2018.09.08-19.26.31:357][  0]LogMemory: Platform Memory Stats for Windows
[2018.09.08-19.26.31:357][  0]LogMemory: Process Physical Memory: 275.72 MB used, 275.72 MB peak
[2018.09.08-19.26.31:357][  0]LogMemory: Process Virtual Memory: 268.55 MB used, 268.55 MB peak
[2018.09.08-19.26.31:357][  0]LogMemory: Physical Memory: 5577.61 MB used,  10713.44 MB free, 16291.05 MB total
[2018.09.08-19.26.31:357][  0]LogMemory: Virtual Memory: 4834.81 MB used,  10713.44 MB free, 134217728.00 MB total
[2018.09.08-19.26.31:378][  0]LogInit: Using OS detected language (en-US).
[2018.09.08-19.26.31:378][  0]LogInit: Using OS detected locale (en-US).
[2018.09.08-19.26.31:525][  0]LogTextLocalizationManager: No specific localization for 'en-US' exists, so the 'en' localization will be used.
[2018.09.08-19.26.32:100][  0]LogStreaming: Display: Took  0.722s to EndInitTextLocalization.
[2018.09.08-19.26.32:100][  0]LogInit: Setting process to per monitor DPI aware
[2018.09.08-19.26.32:241][  0]LogSlate: New Slate User Created.  User Index 0, Is Virtual User: 0
[2018.09.08-19.26.32:242][  0]LogSlate: Slate User Registered.  User Index 0, Is Virtual User: 0
[2018.09.08-19.26.35:894][  0]LogD3D11RHI: D3D11 adapters:
[2018.09.08-19.26.36:144][  0]LogD3D11RHI:    0. 'Radeon (TM) RX 480 Graphics' (Feature Level 11_0)
[2018.09.08-19.26.36:144][  0]LogD3D11RHI:       4041/0/8145 MB DedicatedVideo/DedicatedSystem/SharedSystem, Outputs:1, VendorId:0x1002
[2018.09.08-19.26.36:146][  0]LogD3D11RHI:    1. 'Microsoft Basic Render Driver' (Feature Level 11_0)
[2018.09.08-19.26.36:146][  0]LogD3D11RHI:       0/0/8145 MB DedicatedVideo/DedicatedSystem/SharedSystem, Outputs:0, VendorId:0x1414
[2018.09.08-19.26.36:146][  0]LogD3D11RHI: Chosen D3D11 Adapter: 0
[2018.09.08-19.26.36:153][  0]LogD3D11RHI: Creating new Direct3DDevice
[2018.09.08-19.26.36:153][  0]LogD3D11RHI:     GPU DeviceId: 0x67df (for the marketing name, search the web for "GPU Device Id")
[2018.09.08-19.26.36:153][  0]LogWindows: EnumDisplayDevices:
[2018.09.08-19.26.36:153][  0]LogWindows:    0. 'Radeon (TM) RX 480 Graphics' (P:1 D:1)
[2018.09.08-19.26.36:154][  0]LogWindows:    1. 'Radeon (TM) RX 480 Graphics' (P:0 D:0)
[2018.09.08-19.26.36:154][  0]LogWindows:    2. 'Radeon (TM) RX 480 Graphics' (P:0 D:0)
[2018.09.08-19.26.36:154][  0]LogWindows:    3. 'Radeon (TM) RX 480 Graphics' (P:0 D:0)
[2018.09.08-19.26.36:154][  0]LogWindows:    4. 'Radeon (TM) RX 480 Graphics' (P:0 D:0)
[2018.09.08-19.26.36:154][  0]LogWindows:    5. 'Radeon (TM) RX 480 Graphics' (P:0 D:0)
[2018.09.08-19.26.36:154][  0]LogWindows:    6. 'Radeon (TM) RX 480 Graphics' (P:0 D:0)
[2018.09.08-19.26.36:154][  0]LogWindows: DebugString: GetVideoDriverDetailsInvalid PrimaryIsNotTheChoosenAdapter GetVideoDriverDetailsInvalid PrimaryIsNotTheChoosenAdapter GetVideoDriverDetailsInvalid PrimaryIsNotTheChoosenAdapter GetVideoDriverDetailsInvalid PrimaryIsNotTheChoosenAdapter GetVideoDriverDetailsInvalid PrimaryIsNotTheChoosenAdapter GetVideoDriverDetailsInvalid PrimaryIsNotTheChoosenAdapter GetVideoDriverDetailsInvalid PrimaryIsNotTheChoosenAdapter FoundDriverCount:0 
[2018.09.08-19.26.36:154][  0]LogD3D11RHI:     Adapter Name: Radeon (TM) RX 480 Graphics
[2018.09.08-19.26.36:154][  0]LogD3D11RHI:   Driver Version: Unknown (internal:Unknown, unified:Unknown)
[2018.09.08-19.26.36:154][  0]LogD3D11RHI:      Driver Date: Unknown
[2018.09.08-19.26.36:154][  0]LogRHI: Texture pool is 2828 MB (70% of 4041 MB)
[2018.09.08-19.26.36:204][  0]LogD3D11RHI: Async texture creation enabled
[2018.09.08-19.26.36:214][  0]LogD3D11RHI: GPU Timing Frequency: 25.000000 (Debug: 2 1)
[2018.09.08-19.26.36:215][  0]LogShaderCompilers: Guid format shader working directory is -22 characters bigger than the processId version (../../../../../../Users/Joshua/Documents/Unreal Projects/FPSPrototype/Intermediate/Shaders/WorkingDirectory/2472/).
[2018.09.08-19.26.36:215][  0]LogShaderCompilers: Cleaned the shader compiler working directory 'C:/Users/Joshua/AppData/Local/Temp/UnrealShaderWorkingDir/4ACE8E1445D16FC332C4DD82CB75BB94/'.
[2018.09.08-19.26.36:507][  0]LogTemp: Display: Loaded TP AllDesktopTargetPlatform
[2018.09.08-19.26.36:522][  0]LogTemp: Display: Loaded TP MacClientTargetPlatform
[2018.09.08-19.26.36:536][  0]LogTemp: Display: Loaded TP MacNoEditorTargetPlatform
[2018.09.08-19.26.36:552][  0]LogTemp: Display: Loaded TP MacServerTargetPlatform
[2018.09.08-19.26.36:701][  0]LogTemp: Display: Loaded TP MacTargetPlatform
[2018.09.08-19.26.36:718][  0]LogTemp: Display: Loaded TP WindowsClientTargetPlatform
[2018.09.08-19.26.36:734][  0]LogTemp: Display: Loaded TP WindowsNoEditorTargetPlatform
[2018.09.08-19.26.36:750][  0]LogTemp: Display: Loaded TP WindowsServerTargetPlatform
[2018.09.08-19.26.36:757][  0]LogTemp: Display: Loaded TP WindowsTargetPlatform
[2018.09.08-19.26.36:769][  0]LogTemp: Display: Loaded TP Android_ASTCTargetPlatform
[2018.09.08-19.26.36:782][  0]LogTemp: Display: Loaded TP Android_ATCTargetPlatform
[2018.09.08-19.26.36:794][  0]LogTemp: Display: Loaded TP Android_DXTTargetPlatform
[2018.09.08-19.26.36:808][  0]LogTemp: Display: Loaded TP Android_ETC1aTargetPlatform
[2018.09.08-19.26.36:821][  0]LogTemp: Display: Loaded TP Android_ETC1TargetPlatform
[2018.09.08-19.26.36:835][  0]LogTemp: Display: Loaded TP Android_ETC2TargetPlatform
[2018.09.08-19.26.36:860][  0]LogTemp: Display: Loaded TP Android_MultiTargetPlatform
[2018.09.08-19.26.36:860][  0]LogTemp: Display: Loaded TP Android_PVRTCTargetPlatform
[2018.09.08-19.26.36:888][  0]LogTemp: Display: Loaded TP AndroidTargetPlatform
[2018.09.08-19.26.36:890][  0]LogTemp: Display: Loaded TP HTML5TargetPlatform
[2018.09.08-19.26.36:938][  0]LogTemp: Display: Loaded TP IOSTargetPlatform
[2018.09.08-19.26.36:950][  0]LogTemp: Display: Loaded TP TVOSTargetPlatform
[2018.09.08-19.26.36:963][  0]LogTemp: Display: Loaded TP LinuxClientTargetPlatform
[2018.09.08-19.26.36:975][  0]LogTemp: Display: Loaded TP LinuxNoEditorTargetPlatform
[2018.09.08-19.26.36:987][  0]LogTemp: Display: Loaded TP LinuxServerTargetPlatform
[2018.09.08-19.26.37:012][  0]LogTemp: Display: Loaded TP LinuxTargetPlatform
[2018.09.08-19.26.37:012][  0]LogTargetPlatformManager: Display: Building Assets For Windows
[2018.09.08-19.26.37:140][  0]LogXGEController: Cleaning working directory: C:/Users/Joshua/AppData/Local/Temp/UnrealXGEWorkingDir/
[2018.09.08-19.26.37:140][  0]LogXGEController: Cannot use XGE Controller as Incredibuild is not installed on this machine.
[2018.09.08-19.26.37:140][  0]LogShaderCompilers: Cannot use XGE Shader Compiler as Incredibuild is not installed on this machine.
[2018.09.08-19.26.37:140][  0]LogShaderCompilers: Display: Using Local Shader Compiler.
[2018.09.08-19.26.39:575][  0]LogDerivedDataCache: Display: Max Cache Size: 512 MB
[2018.09.08-19.26.39:926][  0]LogDerivedDataCache: Loaded boot cache 0.35s 74MB C:/Users/Joshua/AppData/Local/UnrealEngine/4.19/DerivedDataCache/Boot.ddc.
[2018.09.08-19.26.39:926][  0]LogDerivedDataCache: Display: Loaded Boot cache: C:/Users/Joshua/AppData/Local/UnrealEngine/4.19/DerivedDataCache/Boot.ddc
[2018.09.08-19.26.39:926][  0]LogDerivedDataCache: FDerivedDataBackendGraph:  Pak pak cache file ../../../../../../Users/Joshua/Documents/Unreal Projects/FPSPrototype/DerivedDataCache/DDC.ddp not found, will not use a pak cache.
[2018.09.08-19.26.39:926][  0]LogDerivedDataCache: Unable to find inner node Pak for hierarchical cache Hierarchy.
[2018.09.08-19.26.39:927][  0]LogDerivedDataCache: FDerivedDataBackendGraph:  CompressedPak pak cache file ../../../../../../Users/Joshua/Documents/Unreal Projects/FPSPrototype/DerivedDataCache/Compressed.ddp not found, will not use a pak cache.
[2018.09.08-19.26.39:927][  0]LogDerivedDataCache: Unable to find inner node CompressedPak for hierarchical cache Hierarchy.
[2018.09.08-19.26.39:943][  0]LogDerivedDataCache: Display: Pak cache opened for reading ../../../Engine/DerivedDataCache/Compressed.ddp.
[2018.09.08-19.26.39:955][  0]LogDerivedDataCache: Using Local data cache path C:/Users/Joshua/AppData/Local/UnrealEngine/Common/DerivedDataCache: Writable
[2018.09.08-19.26.39:955][  0]LogDerivedDataCache: Shared data cache path not found in *engine.ini, will not use an Shared cache.
[2018.09.08-19.26.39:955][  0]LogDerivedDataCache: Unable to find inner node Shared for hierarchical cache Hierarchy.
[2018.09.08-19.26.39:967][  0]LogMaterial: Verifying Global Shaders for PCD3D_SM5
[2018.09.08-19.26.39:968][  0]LogSlate: Using Freetype 2.6.0
[2018.09.08-19.26.39:994][  0]LogSlate: SlateFontCache - WITH_FREETYPE: 1, WITH_HARFBUZZ: 1
[2018.09.08-19.26.39:994][  0]LogSlate: SlateFontCache - WITH_FREETYPE: 1, WITH_HARFBUZZ: 1
[2018.09.08-19.26.41:587][  0]LogAssetRegistry: FAssetRegistry took 0.0265 seconds to start up
[2018.09.08-19.26.41:932][  0]LogModuleManager: Warning: No filename provided for module ExampleDeviceProfileSelector
[2018.09.08-19.26.41:932][  0]LogModuleManager: Warning: ModuleManager: Unable to load module 'ExampleDeviceProfileSelector' because the file 'C:/Program Files/Epic Games/UE_4.19/Engine/Binaries/Win64/' was not found.
[2018.09.08-19.26.42:287][  0]LogSimplygon: Simplygon DLL not present - disabling.
[2018.09.08-19.26.42:290][  0]LogMeshReduction: Using SimplygonSwarm for distributed automatic mesh merging
[2018.09.08-19.26.42:290][  0]LogMeshReduction: Using QuadricMeshReduction for automatic static mesh reduction
[2018.09.08-19.26.42:290][  0]LogMeshReduction: No automatic skeletal mesh reduction module available
[2018.09.08-19.26.42:290][  0]LogMeshReduction: No automatic mesh merging module available
[2018.09.08-19.26.42:290][  0]LogMeshMerging: No automatic mesh merging module available
[2018.09.08-19.26.42:379][  0]LogNetVersion: FPSPrototype , NetCL: 3944462, EngineNetVer: 2, GameNetVer: 0 (Checksum: 1221512049)
[2018.09.08-19.26.44:012][  0]LogPackageLocalizationCache: Processed 6 localized package path(s) for 2 prioritized culture(s) in 0.060239 seconds
[2018.09.08-19.26.44:018][  0]LogUObjectArray: 36336 objects as part of root set at end of initial load.
[2018.09.08-19.26.44:018][  0]LogUObjectAllocator: 7236840 out of 0 bytes used by permanent object pool.
[2018.09.08-19.26.44:018][  0]LogUObjectArray: CloseDisregardForGC: 0/0 objects in disregard for GC pool
[2018.09.08-19.26.44:026][  0]LogInit: WinSock: version 1.1 (2.2), MaxSocks=32767, MaxUdp=65467
[2018.09.08-19.27.05:066][  0]LogTcpMessaging: Initializing TcpMessaging bridge
[2018.09.08-19.27.05:098][  0]LogUdpMessaging: Initializing bridge on interface 0.0.0.0:0 to multicast group 230.0.0.1:6666.
[2018.09.08-19.27.05:591][  0]SourceControl: Source control is disabled
[2018.09.08-19.27.05:591][  0]SourceControl: Source control is disabled
[2018.09.08-19.27.05:612][  0]SourceControl: Source control is disabled
[2018.09.08-19.27.05:632][  0]SourceControl: Source control is disabled
[2018.09.08-19.27.06:296][  0]LogOcInput: OculusInput pre-init called
[2018.09.08-19.27.06:435][  0]LogEngine: Initializing Engine...
[2018.09.08-19.27.06:435][  0]LogHMD: Oculus plugin initialized. Version: 4.19.2-4033788+++UE4+Release-4.19, OVRPlugin: 1.21.0
[2018.09.08-19.27.06:437][  0]LogStats: UGameplayTagsManager::ConstructGameplayTagTree: Construct from data asset -  0.000 s
[2018.09.08-19.27.06:437][  0]LogStats: UGameplayTagsManager::ConstructGameplayTagTree: GameplayTagTreeChangedEvent.Broadcast -  0.000 s
[2018.09.08-19.27.07:091][  0]LogAIModule: Creating AISystem for world Untitled
[2018.09.08-19.27.07:103][  0]LogInit: XAudio2 using '3 - 2476WM (AMD High Definition Audio Device)' : 2 channels at 48 kHz using 16 bits per sample (channel mask 0x3)
[2018.09.08-19.27.07:118][  0]LogInit: FAudioDevice initialized.
[2018.09.08-19.27.07:385][  0]LogDerivedDataCache: Saved boot cache 0.27s 74MB C:/Users/Joshua/AppData/Local/UnrealEngine/4.19/DerivedDataCache/Boot.ddc.
[2018.09.08-19.27.07:406][  0]LogInit: Texture streaming: Enabled
[2018.09.08-19.27.07:424][  0]LogEngineSessionManager: EngineSessionManager initialized
[2018.09.08-19.27.07:438][  0]LogInit: Transaction tracking system initialized
[2018.09.08-19.27.07:468][  0]BlueprintLog: New page: Editor Load
[2018.09.08-19.27.07:590][  0]LocalizationService: Localization service is disabled
[2018.09.08-19.27.07:753][  0]LogConsoleResponse: Display: 
[2018.09.08-19.27.08:518][  0]LogCook: Display: Max memory allowance for cook 16384mb min free memory 0mb
[2018.09.08-19.27.08:518][  0]LogCook: Display: Mobile HDR setting 1
[2018.09.08-19.27.08:518][  0]LogGameplayTags: Display: UGameplayTagsManager::DoneAddingNativeTags. DelegateIsBound: 0
[2018.09.08-19.27.08:518][  0]LogStats: UGameplayTagsManager::ConstructGameplayTagTree: Construct from data asset -  0.000 s
[2018.09.08-19.27.08:518][  0]LogStats: UGameplayTagsManager::ConstructGameplayTagTree: GameplayTagTreeChangedEvent.Broadcast -  0.000 s
[2018.09.08-19.27.08:528][  0]LogFileCache: Scanning file cache for directory 'C:/Users/Joshua/Documents/Unreal Projects/FPSPrototype/Content/' took 0.02s
[2018.09.08-19.27.09:287][  0]SourceControl: Source control is disabled
[2018.09.08-19.27.09:287][  0]Cmd: MAP LOAD FILE="../../../../../../Users/Joshua/Documents/Unreal Projects/FPSPrototype/Content/Blueprints/Levels/TestLevel.umap" TEMPLATE=0 SHOWPROGRESS=1 FEATURELEVEL=3
[2018.09.08-19.27.09:288][  0]LightingResults: New page: Lighting Build
[2018.09.08-19.27.09:290][  0]MapCheck: New page: Map Check
[2018.09.08-19.27.09:290][  0]LightingResults: New page: Lighting Build
[2018.09.08-19.27.09:338][  0]LogUObjectGlobals: Created PersistentFrame Addr=0x000002f046c38b80, Size=144, Default__BaseFPS_Character_C Function /Game/Blueprints/Characters/BaseFPS_Character.BaseFPS_Character_C:ExecuteUbergraph_BaseFPS_Character
[2018.09.08-19.27.09:342][  0]LogUObjectGlobals: Destroyed PersistentFrame Addr=0x000002f046c38b80, Size=144
[2018.09.08-19.27.09:342][  0]LogUObjectGlobals: Created PersistentFrame Addr=0x000002f05ce72840, Size=144, Default__BaseFPS_Character_C Function /Engine/Transient.REINST_BaseFPS_Character_C_1:ExecuteUbergraph_BaseFPS_Character
[2018.09.08-19.27.09:346][  0]LogUObjectGlobals: Created PersistentFrame Addr=0x000002f05ce714e0, Size=144, Default__BaseFPS_Character_C Function /Game/Blueprints/Characters/BaseFPS_Character.BaseFPS_Character_C:ExecuteUbergraph_BaseFPS_Character
[2018.09.08-19.27.09:552][  0]LogUObjectGlobals: Created PersistentFrame Addr=0x000002f045b52d30, Size=52, Default__FPS_HUD_C Function /Game/Blueprints/Characters/FPS_HUD.FPS_HUD_C:ExecuteUbergraph_FPS_HUD
[2018.09.08-19.27.09:554][  0]LogUObjectGlobals: Destroyed PersistentFrame Addr=0x000002f045b52d30, Size=52
[2018.09.08-19.27.09:554][  0]LogUObjectGlobals: Created PersistentFrame Addr=0x000002f045b52d30, Size=52, Default__FPS_HUD_C Function /Engine/Transient.REINST_FPS_HUD_C_7:ExecuteUbergraph_FPS_HUD
[2018.09.08-19.27.09:556][  0]LogUObjectGlobals: Created PersistentFrame Addr=0x000002f045b53270, Size=52, Default__FPS_HUD_C Function /Game/Blueprints/Characters/FPS_HUD.FPS_HUD_C:ExecuteUbergraph_FPS_HUD
[2018.09.08-19.27.09:879][  0]LogAIModule: Creating AISystem for world TestLevel
[2018.09.08-19.27.09:950][  0]LogEditorServer: Finished looking for orphan Actors (0.000 secs)
[2018.09.08-19.27.09:960][  0]LogUObjectGlobals: Destroyed PersistentFrame Addr=0x000002f05ce72840, Size=144
[2018.09.08-19.27.09:960][  0]LogUObjectGlobals: Destroyed PersistentFrame Addr=0x000002f045b52d30, Size=52
[2018.09.08-19.27.09:961][  0]Cmd: MAP CHECKDEP NOCLEARLOG
[2018.09.08-19.27.10:013][  0]MapCheck: Map check complete: 0 Error(s), 0 Warning(s), took 52.154ms to complete.
[2018.09.08-19.27.10:013][  0]LogFileHelpers: Loading map 'TestLevel' took 0.726
[2018.09.08-19.27.10:208][  0]LogCollectionManager: Loaded 0 collections in 0.002337 seconds
[2018.09.08-19.27.10:253][  0]LogFileCache: Scanning file cache for directory 'C:/Users/Joshua/Documents/Unreal Projects/FPSPrototype/Saved/Collections/' took 0.01s
[2018.09.08-19.27.10:253][  0]LogFileCache: Scanning file cache for directory 'C:/Users/Joshua/Documents/Unreal Projects/FPSPrototype/Content/Developers/Joshua/Collections/' took 0.01s
[2018.09.08-19.27.10:253][  0]LogFileCache: Scanning file cache for directory 'C:/Users/Joshua/Documents/Unreal Projects/FPSPrototype/Content/Collections/' took 0.01s
[2018.09.08-19.27.10:253][  0]LogCollectionManager: Rebuilt the GUID cache for 0 collections in 0.000000 seconds
[2018.09.08-19.27.10:261][  0]LogContentBrowser: Native class hierarchy populated in 0.0082 seconds. Added 2375 classes and 521 folders.
[2018.09.08-19.27.10:269][  0]LogContentBrowser: Native class hierarchy updated for 'WidgetCarousel' in 0.0003 seconds. Added 0 classes and 0 folders.
[2018.09.08-19.27.11:214][  0]LogContentBrowser: Native class hierarchy updated for 'AddContentDialog' in 0.0003 seconds. Added 0 classes and 0 folders.
[2018.09.08-19.27.11:220][  0]LogContentBrowser: Native class hierarchy updated for 'SceneOutliner' in 0.0002 seconds. Added 1 classes and 2 folders.
[2018.09.08-19.27.11:296][  0]LogSlate: Took 0.000280 seconds to synchronously load lazily loaded font '../../../Engine/Content/Slate/Fonts/Roboto-Regular.ttf' (155K)
[2018.09.08-19.27.11:298][  0]LogSlate: Took 0.000181 seconds to synchronously load lazily loaded font '../../../Engine/Content/Slate/Fonts/Roboto-Bold.ttf' (160K)
[2018.09.08-19.27.11:303][  0]LogSlate: Took 0.000202 seconds to synchronously load lazily loaded font '../../../Engine/Content/Editor/Slate/Fonts/FontAwesome.ttf' (139K)
[2018.09.08-19.27.11:465][  0]LogRenderer: Reallocating scene render targets to support 1092x716 Format 10 NumSamples 1 (Frame:1).
[2018.09.08-19.27.11:648][  0]LogContentBrowser: Native class hierarchy updated for 'HierarchicalLODOutliner' in 0.0002 seconds. Added 0 classes and 0 folders.
[2018.09.08-19.27.11:648][  0]LogLoad: (Engine Initialization) Total time: 45.79 seconds
[2018.09.08-19.27.11:648][  0]LogLoad: (Engine Initialization) Total Blueprint compile time: 0.00 seconds
[2018.09.08-19.27.11:988][  0]LogOcInput: OculusInput is initialized
[2018.09.08-19.27.12:007][  0]LogContentStreaming: Texture pool size now 1000 MB
[2018.09.08-19.27.12:128][  0]LogSlate: Took 0.000168 seconds to synchronously load lazily loaded font '../../../Engine/Content/Slate/Fonts/Roboto-Light.ttf' (167K)
[2018.09.08-19.27.12:334][  1]LogAssetRegistry: Asset discovery search completed in 30.7694 seconds
[2018.09.08-19.27.12:336][  1]LogCollectionManager: Rebuilt the object cache for 0 collections in 0.000001 seconds (found 0 objects)
[2018.09.08-19.27.12:336][  1]LogCollectionManager: Fixed up redirectors for 0 collections in 0.000076 seconds (updated 0 objects)
[2018.09.08-19.27.12:990][  3]LogSlate: Took 0.000235 seconds to synchronously load lazily loaded font '../../../Engine/Content/Slate/Fonts/Roboto-Light.ttf' (167K)
[2018.09.08-19.32.01:467][ 28]LogSlate: FSceneViewport::OnFocusLost() reason 0
[2018.09.08-19.38.24:221][307]LogSlate: FSceneViewport::OnFocusLost() reason 2
[2018.09.08-19.38.25:346][436]LogUProjectInfo: Found projects:
[2018.09.08-19.38.25:351][436]LogSlate: FSceneViewport::OnFocusLost() reason 2
[2018.09.08-19.38.32:815][840]Cmd: CLOSE_SLATE_MAINFRAME
[2018.09.08-19.38.32:894][840]LogSlate: Window 'Open Project' being destroyed
[2018.09.08-19.38.32:895][840]LogSlate: Window 'FPSPrototype - Unreal Editor' being destroyed
[2018.09.08-19.38.33:093][841]Cmd: QUIT_EDITOR
[2018.09.08-19.38.33:204][841]LogWindowsTextInputMethodSystem: Display: IME system now deactivated.
[2018.09.08-19.38.33:221][841]LogSlate: Slate User Destroyed.  User Index 0, Is Virtual User: 0
[2018.09.08-19.38.33:221][841]LogExit: Preparing to exit.
[2018.09.08-19.38.33:480][841]LogDirectoryWatcher: A directory notification for 'C:/Users/Joshua/Documents/Unreal Projects/FPSPrototype/Content/' was aborted.
[2018.09.08-19.38.33:499][841]LogExit: Editor shut down
[2018.09.08-19.38.33:503][841]LogExit: Transaction tracking system shut down
[2018.09.08-19.38.33:504][841]LogUObjectGlobals: Destroyed PersistentFrame Addr=0x000002f05ce714e0, Size=144
[2018.09.08-19.38.33:505][841]LogUObjectGlobals: Destroyed PersistentFrame Addr=0x000002f045b53270, Size=52
[2018.09.08-19.38.33:644][841]LogDirectoryWatcher: A directory notification for '../../../Engine/Content/' was aborted.
[2018.09.08-19.38.33:644][841]LogDirectoryWatcher: A directory notification for '../../../../../../Users/Joshua/Documents/Unreal Projects/FPSPrototype/Content/' was aborted.
[2018.09.08-19.38.33:645][841]LogDirectoryWatcher: A directory notification for '../../Plugins/Enterprise/DatasmithContent/Content/' was aborted.
[2018.09.08-19.38.33:645][841]LogDirectoryWatcher: A directory notification for '../../Plugins/Media/MediaCompositing/Content/' was aborted.
[2018.09.08-19.38.33:645][841]LogDirectoryWatcher: A directory notification for '../../Plugins/Runtime/Oculus/OculusVR/Content/' was aborted.
[2018.09.08-19.38.33:645][841]LogDirectoryWatcher: A directory notification for '../../Plugins/Runtime/Steam/SteamVR/Content/' was aborted.
[2018.09.08-19.38.33:718][841]LogExit: Object subsystem successfully closed.
[2018.09.08-19.38.33:737][841]LogShaderCompilers: Display: Shaders left to compile 0
[2018.09.08-19.38.33:741][841]LogD3D11RHI: Shutdown
[2018.09.08-19.38.33:741][841]LogD3D11RHI: CleanupD3DDevice
[2018.09.08-19.38.33:743][841]LogD3D11RHI: ~FD3D11DynamicRHI
[2018.09.08-19.38.33:761][841]LogModuleManager: Shutting down and abandoning module HierarchicalLODOutliner (549)
[2018.09.08-19.38.33:761][841]LogModuleManager: Shutting down and abandoning module SceneOutliner (547)
[2018.09.08-19.38.33:761][841]LogModuleManager: Shutting down and abandoning module AddContentDialog (545)
[2018.09.08-19.38.33:761][841]LogDirectoryWatcher: A directory notification for 'C:/Program Files/Epic Games/UE_4.19/FeaturePacks/' was aborted.
[2018.09.08-19.38.33:763][841]LogModuleManager: Shutting down and abandoning module WidgetCarousel (544)
[2018.09.08-19.38.33:763][841]LogModuleManager: Shutting down and abandoning module EditorWidgets (541)
[2018.09.08-19.38.33:763][841]LogModuleManager: Shutting down and abandoning module CollectionManager (539)
[2018.09.08-19.38.33:763][841]LogDirectoryWatcher: A directory notification for 'C:/Users/Joshua/Documents/Unreal Projects/FPSPrototype/Content/Collections/' was aborted.
[2018.09.08-19.38.33:763][841]LogDirectoryWatcher: A directory notification for 'C:/Users/Joshua/Documents/Unreal Projects/FPSPrototype/Content/Developers/Joshua/Collections/' was aborted.
[2018.09.08-19.38.33:763][841]LogDirectoryWatcher: A directory notification for 'C:/Users/Joshua/Documents/Unreal Projects/FPSPrototype/Saved/Collections/' was aborted.
[2018.09.08-19.38.33:763][841]LogModuleManager: Shutting down and abandoning module StatsViewer (537)
[2018.09.08-19.38.33:763][841]LogModuleManager: Shutting down and abandoning module FoliageEdit (535)
[2018.09.08-19.38.33:763][841]LogModuleManager: Shutting down and abandoning module LandscapeEditor (533)
[2018.09.08-19.38.33:763][841]LogModuleManager: Shutting down and abandoning module MeshPaintMode (531)
[2018.09.08-19.38.33:763][841]LogModuleManager: Shutting down and abandoning module MeshPaint (530)
[2018.09.08-19.38.33:763][841]LogModuleManager: Shutting down and abandoning module SceneDepthPickerMode (527)
[2018.09.08-19.38.33:764][841]LogModuleManager: Shutting down and abandoning module ActorPickerMode (525)
[2018.09.08-19.38.33:764][841]LogModuleManager: Shutting down and abandoning module GeometryMode (523)
[2018.09.08-19.38.33:764][841]LogModuleManager: Shutting down and abandoning module TextureAlignMode (521)
[2018.09.08-19.38.33:764][841]LogModuleManager: Shutting down and abandoning module BspMode (519)
[2018.09.08-19.38.33:764][841]LogModuleManager: Shutting down and abandoning module PIEPreviewDeviceProfileSelector (517)
[2018.09.08-19.38.33:764][841]LogModuleManager: Shutting down and abandoning module HardwareSurvey (515)
[2018.09.08-19.38.33:764][841]LogModuleManager: Shutting down and abandoning module SequenceRecorderSections (513)
[2018.09.08-19.38.33:764][841]LogModuleManager: Shutting down and abandoning module AutomationWorker (511)
[2018.09.08-19.38.33:764][841]LogModuleManager: Shutting down and abandoning module AudioCaptureEditor (509)
[2018.09.08-19.38.33:764][841]LogModuleManager: Shutting down and abandoning module SequenceRecorder (508)
[2018.09.08-19.38.33:764][841]LogModuleManager: Shutting down and abandoning module MatineeToLevelSequence (505)
[2018.09.08-19.38.33:764][841]LogModuleManager: Shutting down and abandoning module LevelSequenceEditor (503)
[2018.09.08-19.38.33:764][841]LogModuleManager: Shutting down and abandoning module PlacementMode (502)
[2018.09.08-19.38.33:764][841]LogModuleManager: Shutting down and abandoning module MaterialEditor (501)
[2018.09.08-19.38.33:764][841]LogModuleManager: Shutting down and abandoning module WmfMediaFactory (497)
[2018.09.08-19.38.33:764][841]LogModuleManager: Shutting down and abandoning module WmfMediaEditor (495)
[2018.09.08-19.38.33:764][841]LogModuleManager: Shutting down and abandoning module MediaPlayerEditor (493)
[2018.09.08-19.38.33:764][841]LogModuleManager: Shutting down and abandoning module OpenExrWrapper (491)
[2018.09.08-19.38.33:764][841]LogModuleManager: Shutting down and abandoning module ImgMediaFactory (489)
[2018.09.08-19.38.33:764][841]LogModuleManager: Shutting down and abandoning module ImgMediaEditor (487)
[2018.09.08-19.38.33:764][841]LogModuleManager: Shutting down and abandoning module AvfMediaFactory (485)
[2018.09.08-19.38.33:764][841]LogModuleManager: Shutting down and abandoning module AvfMediaEditor (483)
[2018.09.08-19.38.33:764][841]LogModuleManager: Shutting down and abandoning module AndroidMediaFactory (481)
[2018.09.08-19.38.33:765][841]LogModuleManager: Shutting down and abandoning module AndroidMediaEditor (479)
[2018.09.08-19.38.33:765][841]LogModuleManager: Shutting down and abandoning module CharacterAI (477)
[2018.09.08-19.38.33:765][841]LogModuleManager: Shutting down and abandoning module SessionServices (475)
[2018.09.08-19.38.33:765][841]LogModuleManager: Shutting down and abandoning module ViewportSnapping (473)
[2018.09.08-19.38.33:765][841]LogModuleManager: Shutting down and abandoning module ViewportInteraction (471)
[2018.09.08-19.38.33:765][841]LogModuleManager: Shutting down and abandoning module ClothPainter (469)
[2018.09.08-19.38.33:765][841]LogModuleManager: Shutting down and abandoning module SkeletalMeshEditor (468)
[2018.09.08-19.38.33:765][841]LogModuleManager: Shutting down and abandoning module LogVisualizer (465)
[2018.09.08-19.38.33:765][841]LogModuleManager: Shutting down and abandoning module IntroTutorials (463)
[2018.09.08-19.38.33:765][841]LogModuleManager: Shutting down and abandoning module GameProjectGeneration (462)
[2018.09.08-19.38.33:765][841]LogModuleManager: Shutting down and abandoning module IOSPlatformEditor (459)
[2018.09.08-19.38.33:765][841]LogModuleManager: Shutting down and abandoning module HTML5PlatformEditor (457)
[2018.09.08-19.38.33:765][841]LogModuleManager: Shutting down and abandoning module AndroidPlatformEditor (455)
[2018.09.08-19.38.33:765][841]LogModuleManager: Shutting down and abandoning module AndroidDeviceDetection (454)
[2018.09.08-19.38.34:035][841]LogModuleManager: Shutting down and abandoning module WindowsPlatformEditor (451)
[2018.09.08-19.38.34:035][841]LogModuleManager: Shutting down and abandoning module IOSRuntimeSettings (449)
[2018.09.08-19.38.34:035][841]LogModuleManager: Shutting down and abandoning module AndroidRuntimeSettings (447)
[2018.09.08-19.38.34:035][841]LogModuleManager: Shutting down and abandoning module InputBindingEditor (445)
[2018.09.08-19.38.34:035][841]LogModuleManager: Shutting down and abandoning module MergeActors (443)
[2018.09.08-19.38.34:035][841]LogModuleManager: Shutting down and abandoning module LocalizationDashboard (441)
[2018.09.08-19.38.34:036][841]LogModuleManager: Shutting down and abandoning module LocalizationService (440)
[2018.09.08-19.38.34:036][841]LogModuleManager: Shutting down and abandoning module HardwareTargeting (437)
[2018.09.08-19.38.34:036][841]LogModuleManager: Shutting down and abandoning module DeviceProfileEditor (435)
[2018.09.08-19.38.34:036][841]LogModuleManager: Shutting down and abandoning module UndoHistory (433)
[2018.09.08-19.38.34:036][841]LogModuleManager: Shutting down and abandoning module XmlParser (431)
[2018.09.08-19.38.34:036][841]LogModuleManager: Shutting down and abandoning module Blutility (429)
[2018.09.08-19.38.34:036][841]LogModuleManager: Shutting down and abandoning module ProjectSettingsViewer (427)
[2018.09.08-19.38.34:036][841]LogModuleManager: Shutting down and abandoning module ProjectTargetPlatformEditor (426)
[2018.09.08-19.38.34:036][841]LogModuleManager: Shutting down and abandoning module EditorSettingsViewer (423)
[2018.09.08-19.38.34:036][841]LogModuleManager: Shutting down and abandoning module SettingsEditor (421)
[2018.09.08-19.38.34:036][841]LogModuleManager: Shutting down and abandoning module ProjectLauncher (419)
[2018.09.08-19.38.34:036][841]LogModuleManager: Shutting down and abandoning module SessionFrontend (417)
[2018.09.08-19.38.34:036][841]LogModuleManager: Shutting down and abandoning module ProfilerClient (415)
[2018.09.08-19.38.34:036][841]LogModuleManager: Shutting down and abandoning module DeviceManager (413)
[2018.09.08-19.38.34:036][841]LogModuleManager: Shutting down and abandoning module TargetDeviceServices (412)
[2018.09.08-19.38.34:091][841]LogModuleManager: Shutting down and abandoning module AutomationController (409)
[2018.09.08-19.38.34:091][841]LogModuleManager: Shutting down and abandoning module AutomationWindow (407)
[2018.09.08-19.38.34:091][841]LogModuleManager: Shutting down and abandoning module Layers (405)
[2018.09.08-19.38.34:091][841]LogModuleManager: Shutting down and abandoning module ComponentVisualizers (403)
[2018.09.08-19.38.34:091][841]LogModuleManager: Shutting down and abandoning module DetailCustomizations (401)
[2018.09.08-19.38.34:091][841]LogModuleManager: Shutting down and abandoning module PackagesDialog (399)
[2018.09.08-19.38.34:091][841]LogModuleManager: Shutting down and abandoning module Persona (397)
[2018.09.08-19.38.34:091][841]LogModuleManager: Shutting down and abandoning module AdvancedPreviewScene (396)
[2018.09.08-19.38.34:091][841]LogModuleManager: Shutting down and abandoning module AnimGraph (394)
[2018.09.08-19.38.34:091][841]LogModuleManager: Shutting down and abandoning module Kismet (391)
[2018.09.08-19.38.34:091][841]LogModuleManager: Shutting down and abandoning module GraphEditor (389)
[2018.09.08-19.38.34:091][841]LogModuleManager: Shutting down and abandoning module ClassViewer (387)
[2018.09.08-19.38.34:091][841]LogModuleManager: Shutting down and abandoning module Toolbox (385)
[2018.09.08-19.38.34:091][841]LogModuleManager: Shutting down and abandoning module ModuleUI (383)
[2018.09.08-19.38.34:091][841]LogModuleManager: Shutting down and abandoning module MovieSceneTools (381)
[2018.09.08-19.38.34:091][841]LogModuleManager: Shutting down and abandoning module OutputLog (379)
[2018.09.08-19.38.34:091][841]LogModuleManager: Shutting down and abandoning module GammaUI (377)
[2018.09.08-19.38.34:091][841]LogModuleManager: Shutting down and abandoning module Documentation (375)
[2018.09.08-19.38.34:091][841]LogModuleManager: Shutting down and abandoning module MovieSceneTracks (373)
[2018.09.08-19.38.34:091][841]LogModuleManager: Shutting down and abandoning module MovieScene (371)
[2018.09.08-19.38.34:092][841]LogModuleManager: Shutting down and abandoning module StreamingPauseRendering (369)
[2018.09.08-19.38.34:092][841]LogModuleManager: Shutting down and abandoning module LauncherPlatform (367)
[2018.09.08-19.38.34:092][841]LogModuleManager: Shutting down and abandoning module AnalyticsET (365)
[2018.09.08-19.38.34:092][841]LogModuleManager: Shutting down and abandoning module PortalServices (363)
[2018.09.08-19.38.34:092][841]LogModuleManager: Shutting down and abandoning module PortalRpc (361)
[2018.09.08-19.38.34:092][841]LogModuleManager: Shutting down and abandoning module MessagingRpc (359)
[2018.09.08-19.38.34:092][841]LogModuleManager: Shutting down and abandoning module AIModule (357)
[2018.09.08-19.38.34:092][841]LogModuleManager: Shutting down and abandoning module GameplayDebugger (356)
[2018.09.08-19.38.34:092][841]LogModuleManager: Shutting down and abandoning module AITestSuite (354)
[2018.09.08-19.38.34:092][841]LogModuleManager: Shutting down and abandoning module DesktopPlatform (351)
[2018.09.08-19.38.34:092][841]LogModuleManager: Shutting down and abandoning module ProfilerService (349)
[2018.09.08-19.38.34:332][841]LogModuleManager: Shutting down and abandoning module TaskGraph (347)
[2018.09.08-19.38.34:332][841]LogModuleManager: Shutting down and abandoning module SteamVRController (345)
[2018.09.08-19.38.34:332][841]LogModuleManager: Shutting down and abandoning module ProceduralMeshComponentEditor (343)
[2018.09.08-19.38.34:332][841]LogModuleManager: Shutting down and abandoning module ProceduralMeshComponent (341)
[2018.09.08-19.38.34:332][841]LogModuleManager: Shutting down and abandoning module OculusInput (339)
[2018.09.08-19.38.34:332][841]LogModuleManager: Shutting down and abandoning module CustomMeshComponent (337)
[2018.09.08-19.38.34:332][841]LogModuleManager: Shutting down and abandoning module CableComponent (335)
[2018.09.08-19.38.34:332][841]LogModuleManager: Shutting down and abandoning module AudioCapture (333)
[2018.09.08-19.38.34:333][841]LogModuleManager: Shutting down and abandoning module ArchVisCharacter (331)
[2018.09.08-19.38.34:333][841]LogModuleManager: Shutting down and abandoning module NUTUnrealEngine4 (327)
[2018.09.08-19.38.34:333][841]LogModuleManager: Shutting down and abandoning module NetcodeUnitTest (325)
[2018.09.08-19.38.34:333][841]LogModuleManager: Shutting down and abandoning module MediaCompositingEditor (323)
[2018.09.08-19.38.34:333][841]LogModuleManager: Shutting down and abandoning module MediaCompositing (321)
[2018.09.08-19.38.34:333][841]LogModuleManager: Shutting down and abandoning module LinearTimecode (319)
[2018.09.08-19.38.34:333][841]LogModuleManager: Shutting down and abandoning module ImgMedia (317)
[2018.09.08-19.38.34:337][841]LogModuleManager: Shutting down and abandoning module HTML5Networking (315)
[2018.09.08-19.38.34:337][841]LogModuleManager: Shutting down and abandoning module AlembicImporter (313)
[2018.09.08-19.38.34:337][841]LogModuleManager: Shutting down and abandoning module AlembicLibrary (312)
[2018.09.08-19.38.34:337][841]LogModuleManager: Shutting down and abandoning module GeometryCache (311)
[2018.09.08-19.38.34:337][841]LogModuleManager: Shutting down and abandoning module GeometryCacheEd (310)
[2018.09.08-19.38.34:337][841]LogModuleManager: Shutting down and abandoning module DatasmithContent (305)
[2018.09.08-19.38.34:337][841]LogModuleManager: Shutting down and abandoning module SpeedTreeImporter (303)
[2018.09.08-19.38.34:337][841]LogModuleManager: Shutting down and abandoning module PluginBrowser (301)
[2018.09.08-19.38.34:337][841]LogModuleManager: Shutting down and abandoning module MobileLauncherProfileWizard (299)
[2018.09.08-19.38.34:337][841]LogModuleManager: Shutting down and abandoning module VisualStudioSourceCodeAccess (297)
[2018.09.08-19.38.34:337][841]LogModuleManager: Shutting down and abandoning module VisualStudioCodeSourceCodeAccess (295)
[2018.09.08-19.38.34:337][841]LogModuleManager: Shutting down and abandoning module SubversionSourceControl (293)
[2018.09.08-19.38.34:337][841]LogModuleManager: Shutting down and abandoning module PerforceSourceControl (291)
[2018.09.08-19.38.34:337][841]LogModuleManager: Shutting down and abandoning module GitSourceControl (289)
[2018.09.08-19.38.34:337][841]LogModuleManager: Shutting down and abandoning module SourceControl (288)
[2018.09.08-19.38.34:337][841]LogModuleManager: Shutting down and abandoning module CLionSourceCodeAccess (285)
[2018.09.08-19.38.34:337][841]LogModuleManager: Shutting down and abandoning module LightPropagationVolumeEditor (283)
[2018.09.08-19.38.34:337][841]LogModuleManager: Shutting down and abandoning module RuntimePhysXCooking (281)
[2018.09.08-19.38.34:337][841]LogModuleManager: Shutting down and abandoning module PhysXVehiclesEditor (279)
[2018.09.08-19.38.34:337][841]LogModuleManager: Shutting down and abandoning module PhysXVehicles (277)
[2018.09.08-19.38.34:337][841]LogModuleManager: Shutting down and abandoning module OculusEditor (275)
[2018.09.08-19.38.34:337][841]LogModuleManager: Shutting down and abandoning module LocationServicesBPLibrary (273)
[2018.09.08-19.38.34:337][841]LogModuleManager: Shutting down and abandoning module ImmediatePhysicsEditor (271)
[2018.09.08-19.38.34:337][841]LogModuleManager: Shutting down and abandoning module ImmediatePhysics (269)
[2018.09.08-19.38.34:337][841]LogModuleManager: Shutting down and abandoning module ApexDestructionEditor (267)
[2018.09.08-19.38.34:337][841]LogModuleManager: Shutting down and abandoning module ApexDestruction (265)
[2018.09.08-19.38.34:337][841]LogModuleManager: Shutting down and abandoning module ActorSequence (263)
[2018.09.08-19.38.34:337][841]LogModuleManager: Shutting down and abandoning module UdpMessaging (261)
[2018.09.08-19.38.34:439][841]LogModuleManager: Shutting down and abandoning module TcpMessaging (259)
[2018.09.08-19.38.34:540][841]LogModuleManager: Shutting down and abandoning module GameplayTagsEditor (257)
[2018.09.08-19.38.34:540][841]LogModuleManager: Shutting down and abandoning module FacialAnimationEditor (255)
[2018.09.08-19.38.34:540][841]LogModuleManager: Shutting down and abandoning module FacialAnimation (253)
[2018.09.08-19.38.34:540][841]LogModuleManager: Shutting down and abandoning module DataValidation (251)
[2018.09.08-19.38.34:540][841]LogModuleManager: Shutting down and abandoning module AssetManagerEditor (249)
[2018.09.08-19.38.34:540][841]LogModuleManager: Shutting down and abandoning module LevelEditor (248)
[2018.09.08-19.38.34:541][841]LogModuleManager: Shutting down and abandoning module PixelInspectorModule (247)
[2018.09.08-19.38.34:541][841]LogModuleManager: Shutting down and abandoning module CommonMenuExtensions (245)
[2018.09.08-19.38.34:541][841]LogModuleManager: Shutting down and abandoning module MainFrame (243)
[2018.09.08-19.38.34:542][841]LogModuleManager: Shutting down and abandoning module HotReload (242)
[2018.09.08-19.38.34:542][841]LogModuleManager: Shutting down and abandoning module ContentBrowser (238)
[2018.09.08-19.38.34:544][841]LogModuleManager: Shutting down and abandoning module TreeMap (236)
[2018.09.08-19.38.34:544][841]LogModuleManager: Shutting down and abandoning module LightPropagationVolumeRuntime (233)
[2018.09.08-19.38.34:544][841]LogModuleManager: Shutting down and abandoning module WindowsMoviePlayer (231)
[2018.09.08-19.38.34:544][841]LogModuleManager: Shutting down and abandoning module WmfMedia (229)
[2018.09.08-19.38.34:547][841]LogModuleManager: Shutting down and abandoning module Media (228)
[2018.09.08-19.38.34:553][841]LogModuleManager: Shutting down and abandoning module PacketHandler (225)
[2018.09.08-19.38.34:553][841]LogModuleManager: Shutting down and abandoning module ClothingSystemEditor (223)
[2018.09.08-19.38.34:553][841]LogModuleManager: Shutting down and abandoning module ClothingSystemRuntime (221)
[2018.09.08-19.38.34:553][841]LogModuleManager: Shutting down and abandoning module MediaAssets (219)
[2018.09.08-19.38.34:553][841]LogModuleManager: Shutting down and abandoning module Overlay (217)
[2018.09.08-19.38.34:553][841]LogModuleManager: Shutting down and abandoning module OverlayEditor (216)
[2018.09.08-19.38.34:553][841]LogModuleManager: Shutting down and abandoning module VREditor (213)
[2018.09.08-19.38.34:553][841]LogModuleManager: Shutting down and abandoning module StringTableEditor (211)
[2018.09.08-19.38.34:553][841]LogModuleManager: Shutting down and abandoning module GameplayTasksEditor (209)
[2018.09.08-19.38.34:553][841]LogModuleManager: Shutting down and abandoning module BehaviorTreeEditor (207)
[2018.09.08-19.38.34:554][841]LogModuleManager: Shutting down and abandoning module FunctionalTesting (205)
[2018.09.08-19.38.34:554][841]LogModuleManager: Shutting down and abandoning module CollisionAnalyzer (203)
[2018.09.08-19.38.34:554][841]LogModuleManager: Shutting down and abandoning module WorkspaceMenuStructure (202)
[2018.09.08-19.38.34:554][841]LogModuleManager: Shutting down and abandoning module UMG (199)
[2018.09.08-19.38.34:554][841]LogModuleManager: Shutting down and abandoning module UMGEditor (198)
[2018.09.08-19.38.34:554][841]LogModuleManager: Shutting down and abandoning module Sequencer (197)
[2018.09.08-19.38.34:554][841]LogModuleManager: Shutting down and abandoning module MessageLog (194)
[2018.09.08-19.38.34:554][841]LogModuleManager: Shutting down and abandoning module SlateReflector (189)
[2018.09.08-19.38.34:554][841]LogModuleManager: Shutting down and abandoning module Slate (187)
[2018.09.08-19.38.34:554][841]LogModuleManager: Shutting down and abandoning module EditorStyle (185)
[2018.09.08-19.38.34:556][841]LogModuleManager: Shutting down and abandoning module MRMesh (183)
[2018.09.08-19.38.34:556][841]LogModuleManager: Shutting down and abandoning module SourceCodeAccess (181)
[2018.09.08-19.38.34:556][841]LogModuleManager: Shutting down and abandoning module HeadMountedDisplay (179)
[2018.09.08-19.38.34:556][841]LogModuleManager: Shutting down and abandoning module XAudio2 (177)
[2018.09.08-19.38.34:556][841]LogModuleManager: Shutting down and abandoning module Networking (175)
[2018.09.08-19.38.34:556][841]LogModuleManager: Shutting down and abandoning module Core (171)
[2018.09.08-19.38.34:556][841]LogModuleManager: Shutting down and abandoning module LevelSequence (169)
[2018.09.08-19.38.34:556][841]LogModuleManager: Shutting down and abandoning module KismetCompiler (167)
[2018.09.08-19.38.34:556][841]LogModuleManager: Shutting down and abandoning module MeshUtilities (165)
[2018.09.08-19.38.34:556][841]LogModuleManager: Shutting down and abandoning module MeshMergeUtilities (164)
[2018.09.08-19.38.34:556][841]LogModuleManager: Shutting down and abandoning module MeshReductionInterface (163)
[2018.09.08-19.38.34:556][841]LogModuleManager: Shutting down and abandoning module SimplygonSwarm (162)
[2018.09.08-19.38.34:556][841]LogModuleManager: Shutting down and abandoning module SimplygonMeshReduction (160)
[2018.09.08-19.38.34:556][841]LogModuleManager: Shutting down and abandoning module QuadricMeshReduction (158)
[2018.09.08-19.38.34:556][841]LogModuleManager: Shutting down and abandoning module MaterialBaking (154)
[2018.09.08-19.38.34:556][841]LogModuleManager: Shutting down and abandoning module DirectoryWatcher (150)
[2018.09.08-19.38.34:556][841]LogModuleManager: Shutting down and abandoning module DerivedDataCache (147)
[2018.09.08-19.38.34:600][841]LogDerivedDataCache: Shutdown
[2018.09.08-19.38.34:600][841]LogModuleManager: Shutting down and abandoning module XGEController (145)
[2018.09.08-19.38.34:600][841]LogXGEController: Cleaning working directory: C:/Users/Joshua/AppData/Local/Temp/UnrealXGEWorkingDir/
[2018.09.08-19.38.34:600][841]LogModuleManager: Shutting down and abandoning module TargetPlatform (143)
[2018.09.08-19.38.34:600][841]LogModuleManager: Shutting down and abandoning module VulkanShaderFormat (142)
[2018.09.08-19.38.34:601][841]LogModuleManager: Shutting down and abandoning module ShaderFormatVectorVM (140)
[2018.09.08-19.38.34:601][841]LogModuleManager: Shutting down and abandoning module ShaderFormatOpenGL (138)
[2018.09.08-19.38.34:601][841]LogModuleManager: Shutting down and abandoning module ShaderFormatD3D (136)
[2018.09.08-19.38.34:601][841]LogModuleManager: Shutting down and abandoning module MetalShaderFormat (134)
[2018.09.08-19.38.34:601][841]LogModuleManager: Shutting down and abandoning module TextureFormatUncompressed (132)
[2018.09.08-19.38.34:601][841]LogModuleManager: Shutting down and abandoning module TextureFormatPVR (130)
[2018.09.08-19.38.34:601][841]LogModuleManager: Shutting down and abandoning module TextureFormatDXT (128)
[2018.09.08-19.38.34:601][841]LogModuleManager: Shutting down and abandoning module TextureFormatIntelISPCTexComp (126)
[2018.09.08-19.38.34:601][841]LogModuleManager: Shutting down and abandoning module TextureFormatASTC (124)
[2018.09.08-19.38.34:601][841]LogModuleManager: Shutting down and abandoning module ImageWrapper (123)
[2018.09.08-19.38.34:601][841]LogModuleManager: Shutting down and abandoning module TextureFormatAndroid (120)
[2018.09.08-19.38.34:601][841]LogModuleManager: Shutting down and abandoning module AudioFormatOpus (118)
[2018.09.08-19.38.34:601][841]LogModuleManager: Shutting down and abandoning module AudioFormatOgg (116)
[2018.09.08-19.38.34:601][841]LogModuleManager: Shutting down and abandoning module AudioFormatADPCM (114)
[2018.09.08-19.38.34:601][841]LogModuleManager: Shutting down and abandoning module LinuxTargetPlatform (112)
[2018.09.08-19.38.34:601][841]LogModuleManager: Shutting down and abandoning module LinuxServerTargetPlatform (110)
[2018.09.08-19.38.34:601][841]LogModuleManager: Shutting down and abandoning module LinuxNoEditorTargetPlatform (108)
[2018.09.08-19.38.34:601][841]LogModuleManager: Shutting down and abandoning module LinuxClientTargetPlatform (106)
[2018.09.08-19.38.34:601][841]LogModuleManager: Shutting down and abandoning module TVOSTargetPlatform (104)
[2018.09.08-19.38.34:601][841]LogModuleManager: Shutting down and abandoning module Messaging (102)
[2018.09.08-19.38.34:601][841]LogModuleManager: Shutting down and abandoning module IOSTargetPlatform (100)
[2018.09.08-19.38.34:601][841]LogModuleManager: Shutting down and abandoning module HTML5TargetPlatform (98)
[2018.09.08-19.38.34:601][841]LogModuleManager: Shutting down and abandoning module AndroidTargetPlatform (96)
[2018.09.08-19.38.34:601][841]LogModuleManager: Shutting down and abandoning module Android_PVRTCTargetPlatform (94)
[2018.09.08-19.38.34:601][841]LogModuleManager: Shutting down and abandoning module Android_MultiTargetPlatform (92)
[2018.09.08-19.38.34:601][841]LogModuleManager: Shutting down and abandoning module Android_ETC2TargetPlatform (90)
[2018.09.08-19.38.34:601][841]LogModuleManager: Shutting down and abandoning module Android_ETC1TargetPlatform (88)
[2018.09.08-19.38.34:601][841]LogModuleManager: Shutting down and abandoning module Android_ETC1aTargetPlatform (86)
[2018.09.08-19.38.34:601][841]LogModuleManager: Shutting down and abandoning module Android_DXTTargetPlatform (84)
[2018.09.08-19.38.34:601][841]LogModuleManager: Shutting down and abandoning module Android_ATCTargetPlatform (82)
[2018.09.08-19.38.34:601][841]LogModuleManager: Shutting down and abandoning module Android_ASTCTargetPlatform (80)
[2018.09.08-19.38.34:601][841]LogModuleManager: Shutting down and abandoning module WindowsTargetPlatform (78)
[2018.09.08-19.38.34:601][841]LogModuleManager: Shutting down and abandoning module WindowsServerTargetPlatform (76)
[2018.09.08-19.38.34:601][841]LogModuleManager: Shutting down and abandoning module WindowsNoEditorTargetPlatform (74)
[2018.09.08-19.38.34:601][841]LogModuleManager: Shutting down and abandoning module WindowsClientTargetPlatform (72)
[2018.09.08-19.38.34:601][841]LogModuleManager: Shutting down and abandoning module MacTargetPlatform (70)
[2018.09.08-19.38.34:601][841]LogModuleManager: Shutting down and abandoning module MacServerTargetPlatform (68)
[2018.09.08-19.38.34:601][841]LogModuleManager: Shutting down and abandoning module MacNoEditorTargetPlatform (66)
[2018.09.08-19.38.34:601][841]LogModuleManager: Shutting down and abandoning module MacClientTargetPlatform (64)
[2018.09.08-19.38.34:601][841]LogModuleManager: Shutting down and abandoning module AllDesktopTargetPlatform (62)
[2018.09.08-19.38.34:601][841]LogModuleManager: Shutting down and abandoning module InputCore (59)
[2018.09.08-19.38.34:601][841]LogModuleManager: Shutting down and abandoning module Settings (57)
[2018.09.08-19.38.34:601][841]LogModuleManager: Shutting down and abandoning module PhysXCooking (55)
[2018.09.08-19.38.34:601][841]LogModuleManager: Shutting down and abandoning module SteamVR (52)
[2018.09.08-19.38.34:601][841]LogModuleManager: Shutting down and abandoning module OculusHMD (50)
[2018.09.08-19.38.34:601][841]LogModuleManager: Shutting down and abandoning module OnlineBlueprintSupport (48)
[2018.09.08-19.38.34:601][841]LogModuleManager: Shutting down and abandoning module OnlineSubsystem (44)
[2018.09.08-19.38.34:602][841]LogModuleManager: Shutting down and abandoning module XMPP (43)
[2018.09.08-19.38.34:602][841]LogModuleManager: Shutting down and abandoning module HTTP (41)
[2018.09.08-19.38.34:602][841]LogHttp: Display: Http module shutting down, but needs to wait on 1 outstanding Http requests:
[2018.09.08-19.38.34:602][841]LogHttp: Display: 	verb=[POST] url=[https://datarouter.ol.epicgames.com/datarouter/api/v1/public/data?SessionID=%7BC3F9BB06-4955-CB77-2B49-ECA753A506B2%7D&AppID=UEEditor.Rocket.Release&AppVersion=4.19.2-4033788%2B%2B%2BUE4%2BRelease-4.19&UserID=a9ae449843a4999b64df9c98a2b5910f%7C6c3680b08e044e40840fea777497f923%7Ce2185368-8e67-402c-a10a-b84f0d398f1b&AppEnvironment=datacollector-binary&UploadType=eteventstream] status=Processing
[2018.09.08-19.38.34:602][841]LogHttp: Display: Sleeping 0.5s to wait for 1 outstanding Http requests.
[2018.09.08-19.38.35:112][841]LogModuleManager: Shutting down and abandoning module SSL (40)
[2018.09.08-19.38.35:113][841]LogModuleManager: Shutting down and abandoning module AnimationModifiers (36)
[2018.09.08-19.38.35:114][841]LogModuleManager: Shutting down and abandoning module PropertyEditor (35)
[2018.09.08-19.38.35:114][841]LogModuleManager: Shutting down and abandoning module AudioEditor (32)
[2018.09.08-19.38.35:114][841]LogModuleManager: Shutting down and abandoning module TextureCompressor (30)
[2018.09.08-19.38.35:114][841]LogModuleManager: Shutting down and abandoning module ShaderCore (28)
[2018.09.08-19.38.35:114][841]LogModuleManager: Shutting down and abandoning module Landscape (26)
[2018.09.08-19.38.35:114][841]LogModuleManager: Shutting down and abandoning module SlateRHIRenderer (24)
[2018.09.08-19.38.35:115][841]LogModuleManager: Shutting down and abandoning module OpenGLDrv (22)
[2018.09.08-19.38.35:115][841]LogModuleManager: Shutting down and abandoning module D3D11RHI (20)
[2018.09.08-19.38.35:115][841]LogModuleManager: Shutting down and abandoning module AnimGraphRuntime (18)
[2018.09.08-19.38.35:115][841]LogModuleManager: Shutting down and abandoning module Renderer (16)
[2018.09.08-19.38.35:115][841]LogModuleManager: Shutting down and abandoning module Engine (14)
[2018.09.08-19.38.35:115][841]LogModuleManager: Shutting down and abandoning module CoreUObject (12)
[2018.09.08-19.38.35:115][841]LogModuleManager: Shutting down and abandoning module NetworkFile (10)
[2018.09.08-19.38.35:115][841]LogModuleManager: Shutting down and abandoning module CookedIterativeFile (8)
[2018.09.08-19.38.35:116][841]LogModuleManager: Shutting down and abandoning module StreamingFile (6)
[2018.09.08-19.38.35:116][841]LogModuleManager: Shutting down and abandoning module SandboxFile (4)
[2018.09.08-19.38.35:116][841]LogModuleManager: Shutting down and abandoning module PakFile (2)
[2018.09.08-19.38.35:122][841]LogExit: Exiting.
[2018.09.08-19.38.35:138][841]Log file closed, 09/08/18 15:38:35
