Log file open, 09/09/18 02:05:51
LogWindows: Failed to load 'aqProf.dll' (GetLastError=126)
LogWindows: File 'aqProf.dll' does not exist
LogWindows: Failed to load 'VtuneApi.dll' (GetLastError=126)
LogWindows: File 'VtuneApi.dll' does not exist
LogWindows: Failed to load 'VtuneApi32e.dll' (GetLastError=126)
LogWindows: File 'VtuneApi32e.dll' does not exist
LogInit: Display: Running engine for game: FPSPrototype
LogPlatformFile: Not using cached read wrapper
LogInit: Display: RandInit(820437464) SRandInit(820437464).
LogInit: Read version file with build ID '3944462'
LogInit: Overriding engine version to CL 4033788, compatible CL 3944462
LogInit: Registered custom module enumerator with build ID '3944462'
LogTaskGraph: Started task graph with 5 named threads and 23 total threads with 3 sets of task threads.
LogStats: Stats thread started at 0.285951
LogD3D11RHI: Aftermath initialized
LogICUInternationalization: Display: ICU TimeZone Detection - Raw Offset: -5:00, Platform Override: ''
LogModuleManager: Display: Found up-to-date module file ../../../Engine/Plugins/Runtime/ApexDestruction/Binaries/Win64/UE4Editor-ApexDestruction.dll (API version 3944462).
LogModuleManager: Display: Found up-to-date module file ../../../Engine/Plugins/Runtime/ApexDestruction/Binaries/Win64/UE4Editor-ApexDestructionEditor.dll (API version 3944462).
LogModuleManager: Display: Found up-to-date module file ../../../Engine/Plugins/Online/OnlineSubsystemSteam/Binaries/Win64/UE4Editor-OnlineSubsystemSteam.dll (API version 3944462).
LogModuleManager: Display: Found up-to-date module file ../../../Engine/Plugins/Online/OnlineSubsystem/Binaries/Win64/UE4Editor-OnlineSubsystem.dll (API version 3944462).
LogModuleManager: Display: Found up-to-date module file ../../../Engine/Plugins/Online/OnlineSubsystemUtils/Binaries/Win64/UE4Editor-OnlineSubsystemUtils.dll (API version 3944462).
LogModuleManager: Display: Found up-to-date module file ../../../Engine/Plugins/Online/OnlineSubsystemUtils/Binaries/Win64/UE4Editor-OnlineBlueprintSupport.dll (API version 3944462).
LogModuleManager: Display: Found up-to-date module file ../../../Engine/Plugins/Blendables/LightPropagationVolume/Binaries/Win64/UE4Editor-LightPropagationVolumeRuntime.dll (API version 3944462).
LogModuleManager: Display: Found up-to-date module file ../../../Engine/Plugins/Blendables/LightPropagationVolume/Binaries/Win64/UE4Editor-LightPropagationVolumeEditor.dll (API version 3944462).
LogModuleManager: Display: Found up-to-date module file ../../../Engine/Plugins/Developer/CLionSourceCodeAccess/Binaries/Win64/UE4Editor-CLionSourceCodeAccess.dll (API version 3944462).
LogModuleManager: Display: Found up-to-date module file ../../../Engine/Plugins/Developer/GitSourceControl/Binaries/Win64/UE4Editor-GitSourceControl.dll (API version 3944462).
LogModuleManager: Display: Found up-to-date module file ../../../Engine/Plugins/Developer/PerforceSourceControl/Binaries/Win64/UE4Editor-PerforceSourceControl.dll (API version 3944462).
LogModuleManager: Display: Found up-to-date module file ../../../Engine/Plugins/Developer/SubversionSourceControl/Binaries/Win64/UE4Editor-SubversionSourceControl.dll (API version 3944462).
LogModuleManager: Display: Found up-to-date module file ../../../Engine/Plugins/Developer/VisualStudioCodeSourceCodeAccess/Binaries/Win64/UE4Editor-VisualStudioCodeSourceCodeAccess.dll (API version 3944462).
LogModuleManager: Display: Found up-to-date module file ../../../Engine/Plugins/Developer/VisualStudioSourceCodeAccess/Binaries/Win64/UE4Editor-VisualStudioSourceCodeAccess.dll (API version 3944462).
LogModuleManager: Display: Found up-to-date module file ../../../Engine/Plugins/Editor/AssetManagerEditor/Binaries/Win64/UE4Editor-AssetManagerEditor.dll (API version 3944462).
LogModuleManager: Display: Found up-to-date module file ../../../Engine/Plugins/Editor/DataValidation/Binaries/Win64/UE4Editor-DataValidation.dll (API version 3944462).
LogModuleManager: Display: Found up-to-date module file ../../../Engine/Plugins/Editor/FacialAnimation/Binaries/Win64/UE4Editor-FacialAnimation.dll (API version 3944462).
LogModuleManager: Display: Found up-to-date module file ../../../Engine/Plugins/Editor/FacialAnimation/Binaries/Win64/UE4Editor-FacialAnimationEditor.dll (API version 3944462).
LogModuleManager: Display: Found up-to-date module file ../../../Engine/Plugins/Editor/GameplayTagsEditor/Binaries/Win64/UE4Editor-GameplayTagsEditor.dll (API version 3944462).
LogModuleManager: Display: Found up-to-date module file ../../../Engine/Plugins/Editor/MobileLauncherProfileWizard/Binaries/Win64/UE4Editor-MobileLauncherProfileWizard.dll (API version 3944462).
LogModuleManager: Display: Found up-to-date module file ../../../Engine/Plugins/Editor/PluginBrowser/Binaries/Win64/UE4Editor-PluginBrowser.dll (API version 3944462).
LogModuleManager: Display: Found up-to-date module file ../../../Engine/Plugins/Editor/SpeedTreeImporter/Binaries/Win64/UE4Editor-SpeedTreeImporter.dll (API version 3944462).
LogModuleManager: Display: Found up-to-date module file ../../../Engine/Plugins/Enterprise/DatasmithContent/Binaries/Win64/UE4Editor-DatasmithContent.dll (API version 3944462).
LogModuleManager: Display: Found up-to-date module file ../../../Engine/Plugins/Experimental/AlembicImporter/Binaries/Win64/UE4Editor-AlembicImporter.dll (API version 3944462).
LogModuleManager: Display: Found up-to-date module file ../../../Engine/Plugins/Experimental/AlembicImporter/Binaries/Win64/UE4Editor-AlembicLibrary.dll (API version 3944462).
LogModuleManager: Display: Found up-to-date module file ../../../Engine/Plugins/Experimental/CharacterAI/Binaries/Win64/UE4Editor-CharacterAI.dll (API version 3944462).
LogModuleManager: Display: Found up-to-date module file ../../../Engine/Plugins/Experimental/HTML5Networking/Binaries/Win64/UE4Editor-HTML5Networking.dll (API version 3944462).
LogModuleManager: Display: Found up-to-date module file ../../../Engine/Plugins/Media/AndroidMedia/Binaries/Win64/UE4Editor-AndroidMediaEditor.dll (API version 3944462).
LogModuleManager: Display: Found up-to-date module file ../../../Engine/Plugins/Media/AndroidMedia/Binaries/Win64/UE4Editor-AndroidMediaFactory.dll (API version 3944462).
LogModuleManager: Display: Found up-to-date module file ../../../Engine/Plugins/Media/AvfMedia/Binaries/Win64/UE4Editor-AvfMediaEditor.dll (API version 3944462).
LogModuleManager: Display: Found up-to-date module file ../../../Engine/Plugins/Media/AvfMedia/Binaries/Win64/UE4Editor-AvfMediaFactory.dll (API version 3944462).
LogModuleManager: Display: Found up-to-date module file ../../../Engine/Plugins/Media/AvfMedia/Binaries/Win64/UE4Editor-AvfMediaFactory.dll (API version 3944462).
LogModuleManager: Display: Found up-to-date module file ../../../Engine/Plugins/Media/ImgMedia/Binaries/Win64/UE4Editor-ImgMedia.dll (API version 3944462).
LogModuleManager: Display: Found up-to-date module file ../../../Engine/Plugins/Media/ImgMedia/Binaries/Win64/UE4Editor-ImgMediaEditor.dll (API version 3944462).
LogModuleManager: Display: Found up-to-date module file ../../../Engine/Plugins/Media/ImgMedia/Binaries/Win64/UE4Editor-ImgMediaFactory.dll (API version 3944462).
LogModuleManager: Display: Found up-to-date module file ../../../Engine/Plugins/Media/ImgMedia/Binaries/Win64/UE4Editor-ImgMediaFactory.dll (API version 3944462).
LogModuleManager: Display: Found up-to-date module file ../../../Engine/Plugins/Media/ImgMedia/Binaries/Win64/UE4Editor-OpenExrWrapper.dll (API version 3944462).
LogModuleManager: Display: Found up-to-date module file ../../../Engine/Plugins/Media/LinearTimecode/Binaries/Win64/UE4Editor-LinearTimecode.dll (API version 3944462).
LogModuleManager: Display: Found up-to-date module file ../../../Engine/Plugins/Media/MediaCompositing/Binaries/Win64/UE4Editor-MediaCompositing.dll (API version 3944462).
LogModuleManager: Display: Found up-to-date module file ../../../Engine/Plugins/Media/MediaCompositing/Binaries/Win64/UE4Editor-MediaCompositingEditor.dll (API version 3944462).
LogModuleManager: Display: Found up-to-date module file ../../../Engine/Plugins/Media/MediaPlayerEditor/Binaries/Win64/UE4Editor-MediaPlayerEditor.dll (API version 3944462).
LogModuleManager: Display: Found up-to-date module file ../../../Engine/Plugins/Media/WmfMedia/Binaries/Win64/UE4Editor-WmfMedia.dll (API version 3944462).
LogModuleManager: Display: Found up-to-date module file ../../../Engine/Plugins/Media/WmfMedia/Binaries/Win64/UE4Editor-WmfMediaEditor.dll (API version 3944462).
LogModuleManager: Display: Found up-to-date module file ../../../Engine/Plugins/Media/WmfMedia/Binaries/Win64/UE4Editor-WmfMediaFactory.dll (API version 3944462).
LogModuleManager: Display: Found up-to-date module file ../../../Engine/Plugins/Media/WmfMedia/Binaries/Win64/UE4Editor-WmfMediaFactory.dll (API version 3944462).
LogModuleManager: Display: Found up-to-date module file ../../../Engine/Plugins/Messaging/TcpMessaging/Binaries/Win64/UE4Editor-TcpMessaging.dll (API version 3944462).
LogModuleManager: Display: Found up-to-date module file ../../../Engine/Plugins/Messaging/UdpMessaging/Binaries/Win64/UE4Editor-UdpMessaging.dll (API version 3944462).
LogModuleManager: Display: Found up-to-date module file ../../../Engine/Plugins/MovieScene/ActorSequence/Binaries/Win64/UE4Editor-ActorSequence.dll (API version 3944462).
LogModuleManager: Display: Found up-to-date module file ../../../Engine/Plugins/MovieScene/LevelSequenceEditor/Binaries/Win64/UE4Editor-LevelSequenceEditor.dll (API version 3944462).
LogModuleManager: Display: Found up-to-date module file ../../../Engine/Plugins/MovieScene/MatineeToLevelSequence/Binaries/Win64/UE4Editor-MatineeToLevelSequence.dll (API version 3944462).
LogModuleManager: Display: Found up-to-date module file ../../../Engine/Plugins/NetcodeUnitTest/NetcodeUnitTest/Binaries/Win64/UE4Editor-NetcodeUnitTest.dll (API version 3944462).
LogModuleManager: Display: Found up-to-date module file ../../../Engine/Plugins/NetcodeUnitTest/NUTUnrealEngine4/Binaries/Win64/UE4Editor-NUTUnrealEngine4.dll (API version 3944462).
LogModuleManager: Display: Found up-to-date module file ../../../Engine/Plugins/Online/OnlineSubsystemNull/Binaries/Win64/UE4Editor-OnlineSubsystemNull.dll (API version 3944462).
LogModuleManager: Display: Found up-to-date module file ../../../Engine/Plugins/Runtime/ArchVisCharacter/Binaries/Win64/UE4Editor-ArchVisCharacter.dll (API version 3944462).
LogModuleManager: Display: Found up-to-date module file ../../../Engine/Plugins/Runtime/AudioCapture/Binaries/Win64/UE4Editor-AudioCapture.dll (API version 3944462).
LogModuleManager: Display: Found up-to-date module file ../../../Engine/Plugins/Runtime/AudioCapture/Binaries/Win64/UE4Editor-AudioCaptureEditor.dll (API version 3944462).
LogModuleManager: Display: Found up-to-date module file ../../../Engine/Plugins/Runtime/CableComponent/Binaries/Win64/UE4Editor-CableComponent.dll (API version 3944462).
LogModuleManager: Display: Found up-to-date module file ../../../Engine/Plugins/Runtime/CustomMeshComponent/Binaries/Win64/UE4Editor-CustomMeshComponent.dll (API version 3944462).
LogModuleManager: Display: Found up-to-date module file ../../../Engine/Plugins/Runtime/ImmediatePhysics/Binaries/Win64/UE4Editor-ImmediatePhysics.dll (API version 3944462).
LogModuleManager: Display: Found up-to-date module file ../../../Engine/Plugins/Runtime/ImmediatePhysics/Binaries/Win64/UE4Editor-ImmediatePhysicsEditor.dll (API version 3944462).
LogModuleManager: Display: Found up-to-date module file ../../../Engine/Plugins/Runtime/LocationServicesBPLibrary/Binaries/Win64/UE4Editor-LocationServicesBPLibrary.dll (API version 3944462).
LogModuleManager: Display: Found up-to-date module file ../../../Engine/Plugins/Runtime/Oculus/OculusVR/Binaries/Win64/UE4Editor-OculusHMD.dll (API version 3944462).
LogModuleManager: Display: Found up-to-date module file ../../../Engine/Plugins/Runtime/Oculus/OculusVR/Binaries/Win64/UE4Editor-OculusInput.dll (API version 3944462).
LogModuleManager: Display: Found up-to-date module file ../../../Engine/Plugins/Runtime/Oculus/OculusVR/Binaries/Win64/UE4Editor-OculusEditor.dll (API version 3944462).
LogModuleManager: Display: Found up-to-date module file ../../../Engine/Plugins/Runtime/PhysXVehicles/Binaries/Win64/UE4Editor-PhysXVehicles.dll (API version 3944462).
LogModuleManager: Display: Found up-to-date module file ../../../Engine/Plugins/Runtime/PhysXVehicles/Binaries/Win64/UE4Editor-PhysXVehiclesEditor.dll (API version 3944462).
LogModuleManager: Display: Found up-to-date module file ../../../Engine/Plugins/Runtime/ProceduralMeshComponent/Binaries/Win64/UE4Editor-ProceduralMeshComponent.dll (API version 3944462).
LogModuleManager: Display: Found up-to-date module file ../../../Engine/Plugins/Runtime/ProceduralMeshComponent/Binaries/Win64/UE4Editor-ProceduralMeshComponentEditor.dll (API version 3944462).
LogModuleManager: Display: Found up-to-date module file ../../../Engine/Plugins/Runtime/RuntimePhysXCooking/Binaries/Win64/UE4Editor-RuntimePhysXCooking.dll (API version 3944462).
LogModuleManager: Display: Found up-to-date module file ../../../Engine/Plugins/Runtime/Steam/SteamVR/Binaries/Win64/UE4Editor-SteamVR.dll (API version 3944462).
LogModuleManager: Display: Found up-to-date module file ../../../Engine/Plugins/Runtime/Steam/SteamVR/Binaries/Win64/UE4Editor-SteamVRController.dll (API version 3944462).
LogModuleManager: Display: Found up-to-date module file ../../../Engine/Plugins/Runtime/WindowsMoviePlayer/Binaries/Win64/UE4Editor-WindowsMoviePlayer.dll (API version 3944462).
LogPluginManager: Mounting plugin LightPropagationVolume
LogPluginManager: Mounting plugin CLionSourceCodeAccess
LogPluginManager: Mounting plugin CodeLiteSourceCodeAccess
LogPluginManager: Mounting plugin GitSourceControl
LogPluginManager: Mounting plugin KDevelopSourceCodeAccess
LogPluginManager: Mounting plugin NullSourceCodeAccess
LogPluginManager: Mounting plugin PerforceSourceControl
LogPluginManager: Mounting plugin SubversionSourceControl
LogPluginManager: Mounting plugin VisualStudioCodeSourceCodeAccess
LogPluginManager: Mounting plugin VisualStudioSourceCodeAccess
LogPluginManager: Mounting plugin XCodeSourceCodeAccess
LogPluginManager: Mounting plugin AssetManagerEditor
LogPluginManager: Mounting plugin DataValidation
LogPluginManager: Mounting plugin FacialAnimation
LogPluginManager: Mounting plugin GameplayTagsEditor
LogPluginManager: Mounting plugin MobileLauncherProfileWizard
LogPluginManager: Mounting plugin PluginBrowser
LogPluginManager: Mounting plugin SpeedTreeImporter
LogPluginManager: Mounting plugin DatasmithContent
LogPluginManager: Mounting plugin AlembicImporter
LogPluginManager: Mounting plugin CharacterAI
LogPluginManager: Mounting plugin HTML5Networking
LogPluginManager: Mounting plugin AndroidMedia
LogPluginManager: Mounting plugin AvfMedia
LogPluginManager: Mounting plugin ImgMedia
LogPluginManager: Mounting plugin LinearTimecode
LogPluginManager: Mounting plugin MediaCompositing
LogPluginManager: Mounting plugin MediaPlayerEditor
LogPluginManager: Mounting plugin WmfMedia
LogPluginManager: Mounting plugin TcpMessaging
LogPluginManager: Mounting plugin UdpMessaging
LogPluginManager: Mounting plugin ActorSequence
LogPluginManager: Mounting plugin LevelSequenceEditor
LogPluginManager: Mounting plugin MatineeToLevelSequence
LogPluginManager: Mounting plugin NetcodeUnitTest
LogPluginManager: Mounting plugin NUTUnrealEngine4
LogPluginManager: Mounting plugin OnlineSubsystemIOS
LogPluginManager: Mounting plugin OnlineSubsystem
LogPluginManager: Mounting plugin OnlineSubsystemNull
LogPluginManager: Mounting plugin OnlineSubsystemSteam
LogPluginManager: Mounting plugin OnlineSubsystemUtils
LogPluginManager: Mounting plugin ApexDestruction
LogPluginManager: Mounting plugin ArchVisCharacter
LogPluginManager: Mounting plugin AudioCapture
LogPluginManager: Mounting plugin CableComponent
LogPluginManager: Mounting plugin CustomMeshComponent
LogPluginManager: Mounting plugin ImmediatePhysics
LogPluginManager: Mounting plugin LocationServicesBPLibrary
LogPluginManager: Mounting plugin OculusVR
LogPluginManager: Plugin shader directory ../../../Engine/Plugins/Runtime/Oculus/OculusVR/Shaders found
LogPluginManager: Mapping shader source directory ../../../Engine/Plugins/Runtime/Oculus/OculusVR/Shaders to virtual directory /Plugin/OculusVR
LogPluginManager: Mounting plugin PhysXVehicles
LogPluginManager: Mounting plugin ProceduralMeshComponent
LogPluginManager: Mounting plugin RuntimePhysXCooking
LogPluginManager: Mounting plugin SteamVR
LogPluginManager: Mounting plugin WindowsMoviePlayer
LogStreaming: Display: Took  1.467s to configure plugins.
LogInit: Using libcurl 7.47.1
LogInit:  - built for x86_64-pc-win32
LogInit:  - supports SSL with OpenSSL/1.0.2g
LogInit:  - supports HTTP deflate (compression) using libz 1.2.8
LogInit:  - other features:
LogInit:      CURL_VERSION_SSL
LogInit:      CURL_VERSION_LIBZ
LogInit:      CURL_VERSION_IPV6
LogInit:      CURL_VERSION_ASYNCHDNS
LogInit:      CURL_VERSION_LARGEFILE
LogInit:      CURL_VERSION_IDN
LogInit:  CurlRequestOptions (configurable via config and command line):
LogInit:  - bVerifyPeer = false  - Libcurl will NOT verify peer certificate
LogInit:  - bUseHttpProxy = false  - Libcurl will NOT use HTTP proxy
LogInit:  - bDontReuseConnections = false  - Libcurl will reuse connections
LogInit:  - CertBundlePath = nullptr  - Libcurl will use whatever was configured at build time.
LogInit:  - MaxHostConnections = 16  - Libcurl will limit the number of connections to a host
LogInit:  - LocalHostAddr = Default
LogOnline: Display: STEAM: Loading Steam SDK 1.39
LogOnline: Warning: STEAM: Steamworks: SteamUtils() failed!
LogOnline: Warning: STEAM: Steamworks: SteamUser() failed!
LogOnline: Warning: STEAM: Steamworks: SteamFriends() failed!
LogOnline: Warning: STEAM: Steamworks: SteamRemoteStorage() failed!
LogOnline: Warning: STEAM: Steamworks: SteamUserStats() failed!
LogOnline: Warning: STEAM: Steamworks: SteamMatchmakingServers() failed!
LogOnline: Warning: STEAM: Steamworks: SteamApps() failed!
LogOnline: Warning: STEAM: Steamworks: SteamNetworking() failed!
LogOnline: Warning: STEAM: Steamworks: SteamMatchmaking() failed!
LogOnline: Display: STEAM: OnlineSubsystemSteam::Shutdown()
LogOnline: Warning: STEAM: Steam API failed to initialize!
LogOnline: Display: STEAM: OnlineSubsystemSteam::Shutdown()
LogInit: WinSock: version 1.1 (2.2), MaxSocks=32767, MaxUdp=65467
LogInit: Build: ++UE4+Release-4.19-CL-4033788
LogInit: Engine Version: 4.19.2-4033788+++UE4+Release-4.19
LogInit: Compatible Engine Version: 4.19.0-3944462+++UE4+Release-4.19
LogInit: Net CL: 3944462
LogDevObjectVersion: Number of dev versions registered: 18
LogDevObjectVersion:   Dev-Blueprints (B0D832E4-1F89-4F0D-ACCF-7EB736FD4AA2): 10
LogDevObjectVersion:   Dev-Build (E1C64328-A22C-4D53-A36C-8E866417BD8C): 0
LogDevObjectVersion:   Dev-Core (375EC13C-06E4-48FB-B500-84F0262A717E): 2
LogDevObjectVersion:   Dev-Editor (E4B068ED-F494-42E9-A231-DA0B2E46BB41): 23
LogDevObjectVersion:   Dev-Framework (CFFC743F-43B0-4480-9391-14DF171D2073): 33
LogDevObjectVersion:   Dev-Mobile (B02B49B5-BB20-44E9-A304-32B752E40360): 2
LogDevObjectVersion:   Dev-Networking (A4E4105C-59A1-49B5-A7C5-40C4547EDFEE): 0
LogDevObjectVersion:   Dev-Online (39C831C9-5AE6-47DC-9A44-9C173E1C8E7C): 0
LogDevObjectVersion:   Dev-Physics (78F01B33-EBEA-4F98-B9B4-84EACCB95AA2): 0
LogDevObjectVersion:   Dev-Platform (6631380F-2D4D-43E0-8009-CF276956A95A): 0
LogDevObjectVersion:   Dev-Rendering (12F88B9F-8875-4AFC-A67C-D90C383ABD29): 25
LogDevObjectVersion:   Dev-Sequencer (7B5AE74C-D270-4C10-A958-57980B212A5A): 6
LogDevObjectVersion:   Dev-VR (D7296918-1DD6-4BDD-9DE2-64A83CC13884): 1
LogDevObjectVersion:   Dev-LoadTimes (C2A15278-BFE7-4AFE-6C17-90FF531DF755): 1
LogDevObjectVersion:   Private-Geometry (6EACA3D4-40EC-4CC1-B786-8BED09428FC5): 2
LogDevObjectVersion:   Dev-AnimPhys (29E575DD-E0A3-4627-9D10-D276232CDCEA): 16
LogDevObjectVersion:   Dev-ReflectionCapture (6B266CEC-1EC7-4B8F-A30B-E4D90942FC07): 1
LogDevObjectVersion:   Dev-Automation (0DF73D61-A23F-47EA-B727-89E90C41499A): 1
LogInit: Compiled (64-bit): Apr 27 2018 02:06:57
LogInit: Compiled with Visual C++: 19.00.24215.01
LogInit: Build Configuration: Development
LogInit: Branch Name: ++UE4+Release-4.19
LogInit: Command Line:  208.107.52.136:17777 -game
LogInit: Base Directory: C:/Program Files/Epic Games/UE_4.19/Engine/Binaries/Win64/
LogInit: Installed Engine Build: 1
LogStreaming: Display: Took  0.002s to delete old logs.
LogInit: Presizing for max 8388607 objects, including 0 objects not considered by GC, pre-allocating 0 bytes for permanent pool.
LogInit: Object subsystem initialized
[2018.09.09-06.05.53:685][  0]LogModuleManager: Warning: No filename provided for module ExampleDeviceProfileSelector
[2018.09.09-06.05.53:686][  0]LogModuleManager: Warning: ModuleManager: Unable to load module 'ExampleDeviceProfileSelector' because the file 'C:/Program Files/Epic Games/UE_4.19/Engine/Binaries/Win64/' was not found.
[2018.09.09-06.05.53:686][  0]LogInit: Applying CVar settings loaded from the selected device profile: [Windows]
[2018.09.09-06.05.53:786][  0]LogInit: Computer: DESKTOP-7J3IH8Q
[2018.09.09-06.05.53:786][  0]LogInit: User: Joshua
[2018.09.09-06.05.53:786][  0]LogInit: CPU Page size=4096, Cores=4
[2018.09.09-06.05.53:786][  0]LogInit: High frequency timer resolution =3.312645 MHz
[2018.09.09-06.05.53:787][  0]LogMemory: Memory total: Physical=15.9GB (16GB approx)
[2018.09.09-06.05.53:787][  0]LogMemory: Platform Memory Stats for Windows
[2018.09.09-06.05.53:787][  0]LogMemory: Process Physical Memory: 278.63 MB used, 278.63 MB peak
[2018.09.09-06.05.53:787][  0]LogMemory: Process Virtual Memory: 277.13 MB used, 277.13 MB peak
[2018.09.09-06.05.53:787][  0]LogMemory: Physical Memory: 7287.05 MB used,  9004.01 MB free, 16291.05 MB total
[2018.09.09-06.05.53:787][  0]LogMemory: Virtual Memory: 4846.10 MB used,  9004.01 MB free, 134217728.00 MB total
[2018.09.09-06.05.53:801][  0]LogInit: Using OS detected language (en-US).
[2018.09.09-06.05.53:801][  0]LogInit: Using OS detected locale (en-US).
[2018.09.09-06.05.53:801][  0]LogTextLocalizationManager: No localization for 'en-US' exists, so 'en' will be used for the language.
[2018.09.09-06.05.53:801][  0]LogTextLocalizationManager: No localization for 'en-US' exists, so 'en' will be used for the locale.
[2018.09.09-06.05.54:317][  0]LogStreaming: Display: Took  0.516s to EndInitTextLocalization.
[2018.09.09-06.05.54:538][  0]LogSlate: New Slate User Created.  User Index 0, Is Virtual User: 0
[2018.09.09-06.05.54:539][  0]LogSlate: Slate User Registered.  User Index 0, Is Virtual User: 0
[2018.09.09-06.05.54:540][  0]LogD3D11RHI: D3D11 adapters:
[2018.09.09-06.05.54:595][  0]LogD3D11RHI:    0. 'Radeon (TM) RX 480 Graphics' (Feature Level 11_0)
[2018.09.09-06.05.54:595][  0]LogD3D11RHI:       4041/0/8145 MB DedicatedVideo/DedicatedSystem/SharedSystem, Outputs:1, VendorId:0x1002
[2018.09.09-06.05.54:597][  0]LogD3D11RHI:    1. 'Microsoft Basic Render Driver' (Feature Level 11_0)
[2018.09.09-06.05.54:597][  0]LogD3D11RHI:       0/0/8145 MB DedicatedVideo/DedicatedSystem/SharedSystem, Outputs:0, VendorId:0x1414
[2018.09.09-06.05.54:597][  0]LogD3D11RHI: Chosen D3D11 Adapter: 0
[2018.09.09-06.05.54:604][  0]LogD3D11RHI: Creating new Direct3DDevice
[2018.09.09-06.05.54:604][  0]LogD3D11RHI:     GPU DeviceId: 0x67df (for the marketing name, search the web for "GPU Device Id")
[2018.09.09-06.05.54:604][  0]LogWindows: EnumDisplayDevices:
[2018.09.09-06.05.54:604][  0]LogWindows:    0. 'Radeon (TM) RX 480 Graphics' (P:1 D:1)
[2018.09.09-06.05.54:604][  0]LogWindows:    1. 'Radeon (TM) RX 480 Graphics' (P:0 D:0)
[2018.09.09-06.05.54:604][  0]LogWindows:    2. 'Radeon (TM) RX 480 Graphics' (P:0 D:0)
[2018.09.09-06.05.54:605][  0]LogWindows:    3. 'Radeon (TM) RX 480 Graphics' (P:0 D:0)
[2018.09.09-06.05.54:605][  0]LogWindows:    4. 'Radeon (TM) RX 480 Graphics' (P:0 D:0)
[2018.09.09-06.05.54:605][  0]LogWindows:    5. 'Radeon (TM) RX 480 Graphics' (P:0 D:0)
[2018.09.09-06.05.54:605][  0]LogWindows:    6. 'Radeon (TM) RX 480 Graphics' (P:0 D:0)
[2018.09.09-06.05.54:605][  0]LogWindows: DebugString: GetVideoDriverDetailsInvalid PrimaryIsNotTheChoosenAdapter GetVideoDriverDetailsInvalid PrimaryIsNotTheChoosenAdapter GetVideoDriverDetailsInvalid PrimaryIsNotTheChoosenAdapter GetVideoDriverDetailsInvalid PrimaryIsNotTheChoosenAdapter GetVideoDriverDetailsInvalid PrimaryIsNotTheChoosenAdapter GetVideoDriverDetailsInvalid PrimaryIsNotTheChoosenAdapter GetVideoDriverDetailsInvalid PrimaryIsNotTheChoosenAdapter FoundDriverCount:0 
[2018.09.09-06.05.54:605][  0]LogD3D11RHI:     Adapter Name: Radeon (TM) RX 480 Graphics
[2018.09.09-06.05.54:605][  0]LogD3D11RHI:   Driver Version: Unknown (internal:Unknown, unified:Unknown)
[2018.09.09-06.05.54:605][  0]LogD3D11RHI:      Driver Date: Unknown
[2018.09.09-06.05.54:605][  0]LogRHI: Texture pool is 2828 MB (70% of 4041 MB)
[2018.09.09-06.05.54:660][  0]LogD3D11RHI: Async texture creation enabled
[2018.09.09-06.05.54:674][  0]LogD3D11RHI: GPU Timing Frequency: 25.000000 (Debug: 2 1)
[2018.09.09-06.05.54:682][  0]LogShaderCompilers: Guid format shader working directory is -11 characters bigger than the processId version (../../../../../../Users/Joshua/Documents/GitHub/fps-proto/Intermediate/Shaders/WorkingDirectory/12124/).
[2018.09.09-06.05.54:682][  0]LogShaderCompilers: Cleaned the shader compiler working directory 'C:/Users/Joshua/AppData/Local/Temp/UnrealShaderWorkingDir/47C52A7C425DB6F0C06735812CA0F41A/'.
[2018.09.09-06.05.54:985][  0]LogTemp: Display: Loaded TP WindowsClientTargetPlatform
[2018.09.09-06.05.55:001][  0]LogTemp: Display: Loaded TP WindowsNoEditorTargetPlatform
[2018.09.09-06.05.55:017][  0]LogTemp: Display: Loaded TP WindowsServerTargetPlatform
[2018.09.09-06.05.55:031][  0]LogTemp: Display: Loaded TP WindowsTargetPlatform
[2018.09.09-06.05.55:031][  0]LogTargetPlatformManager: Display: Building Assets For Windows
[2018.09.09-06.05.55:182][  0]LogXGEController: Cannot use XGE Controller as Incredibuild is not installed on this machine.
[2018.09.09-06.05.55:182][  0]LogShaderCompilers: Cannot use XGE Shader Compiler as Incredibuild is not installed on this machine.
[2018.09.09-06.05.55:182][  0]LogShaderCompilers: Display: Using Local Shader Compiler.
[2018.09.09-06.05.57:675][  0]LogDerivedDataCache: Display: Max Cache Size: 512 MB
[2018.09.09-06.05.58:047][  0]LogDerivedDataCache: Loaded boot cache 0.37s 75MB C:/Users/Joshua/AppData/Local/UnrealEngine/4.19/DerivedDataCache/Boot.ddc.
[2018.09.09-06.05.58:047][  0]LogDerivedDataCache: Display: Loaded Boot cache: C:/Users/Joshua/AppData/Local/UnrealEngine/4.19/DerivedDataCache/Boot.ddc
[2018.09.09-06.05.58:048][  0]LogDerivedDataCache: FDerivedDataBackendGraph:  Pak pak cache file ../../../../../../Users/Joshua/Documents/GitHub/fps-proto/DerivedDataCache/DDC.ddp not found, will not use a pak cache.
[2018.09.09-06.05.58:048][  0]LogDerivedDataCache: Unable to find inner node Pak for hierarchical cache Hierarchy.
[2018.09.09-06.05.58:048][  0]LogDerivedDataCache: FDerivedDataBackendGraph:  CompressedPak pak cache file ../../../../../../Users/Joshua/Documents/GitHub/fps-proto/DerivedDataCache/Compressed.ddp not found, will not use a pak cache.
[2018.09.09-06.05.58:048][  0]LogDerivedDataCache: Unable to find inner node CompressedPak for hierarchical cache Hierarchy.
[2018.09.09-06.05.58:064][  0]LogDerivedDataCache: Display: Pak cache opened for reading ../../../Engine/DerivedDataCache/Compressed.ddp.
[2018.09.09-06.05.58:076][  0]LogDerivedDataCache: Using Local data cache path C:/Users/Joshua/AppData/Local/UnrealEngine/Common/DerivedDataCache: Writable
[2018.09.09-06.05.58:076][  0]LogDerivedDataCache: Shared data cache path not found in *engine.ini, will not use an Shared cache.
[2018.09.09-06.05.58:076][  0]LogDerivedDataCache: Unable to find inner node Shared for hierarchical cache Hierarchy.
[2018.09.09-06.05.58:089][  0]LogMaterial: Verifying Global Shaders for PCD3D_SM5
[2018.09.09-06.05.58:089][  0]LogSlate: Using Freetype 2.6.0
[2018.09.09-06.05.58:116][  0]LogSlate: SlateFontCache - WITH_FREETYPE: 1, WITH_HARFBUZZ: 1
[2018.09.09-06.05.58:116][  0]LogSlate: SlateFontCache - WITH_FREETYPE: 1, WITH_HARFBUZZ: 1
[2018.09.09-06.05.59:698][  0]LogAssetRegistry: FAssetRegistry took 0.0049 seconds to start up
[2018.09.09-06.05.59:922][  0]LogPackageLocalizationCache: Processed 6 localized package path(s) for 1 prioritized culture(s) in 0.023431 seconds
[2018.09.09-06.06.00:065][  0]LogModuleManager: Warning: No filename provided for module ExampleDeviceProfileSelector
[2018.09.09-06.06.00:065][  0]LogModuleManager: Warning: ModuleManager: Unable to load module 'ExampleDeviceProfileSelector' because the file 'C:/Program Files/Epic Games/UE_4.19/Engine/Binaries/Win64/' was not found.
[2018.09.09-06.06.00:371][  0]LogSimplygon: Simplygon DLL not present - disabling.
[2018.09.09-06.06.00:373][  0]LogMeshReduction: Using SimplygonSwarm for distributed automatic mesh merging
[2018.09.09-06.06.00:373][  0]LogMeshReduction: Using QuadricMeshReduction for automatic static mesh reduction
[2018.09.09-06.06.00:373][  0]LogMeshReduction: No automatic skeletal mesh reduction module available
[2018.09.09-06.06.00:373][  0]LogMeshReduction: No automatic mesh merging module available
[2018.09.09-06.06.00:373][  0]LogMeshMerging: No automatic mesh merging module available
[2018.09.09-06.06.00:461][  0]LogNetVersion: FPSPrototype , NetCL: 3944462, EngineNetVer: 2, GameNetVer: 0 (Checksum: 1221512049)
[2018.09.09-06.06.02:972][  0]LogMoviePlayer: Initializing movie player
[2018.09.09-06.06.03:380][  0]LogCollectionManager: Loaded 0 collections in 0.001936 seconds
[2018.09.09-06.06.03:416][  0]LogFileCache: Scanning file cache for directory 'C:/Users/Joshua/Documents/GitHub/fps-proto/Saved/Collections/' took 0.01s
[2018.09.09-06.06.03:416][  0]LogFileCache: Scanning file cache for directory 'C:/Users/Joshua/Documents/GitHub/fps-proto/Content/Developers/Joshua/Collections/' took 0.01s
[2018.09.09-06.06.03:416][  0]LogFileCache: Scanning file cache for directory 'C:/Users/Joshua/Documents/GitHub/fps-proto/Content/Collections/' took 0.01s
[2018.09.09-06.06.03:417][  0]LogCollectionManager: Rebuilt the object cache for 0 collections in 0.000000 seconds (found 0 objects)
[2018.09.09-06.06.03:417][  0]LogCollectionManager: Fixed up redirectors for 0 collections in 0.000116 seconds (updated 0 objects)
[2018.09.09-06.06.03:645][  0]SourceControl: Source control is disabled
[2018.09.09-06.06.03:646][  0]SourceControl: Source control is disabled
[2018.09.09-06.06.03:668][  0]SourceControl: Source control is disabled
[2018.09.09-06.06.04:133][  0]LogOcInput: OculusInput pre-init called
[2018.09.09-06.06.04:180][  0]LogUObjectArray: 39200 objects as part of root set at end of initial load.
[2018.09.09-06.06.04:180][  0]LogUObjectAllocator: 8369656 out of 0 bytes used by permanent object pool.
[2018.09.09-06.06.04:180][  0]LogUObjectArray: CloseDisregardForGC: 0/0 objects in disregard for GC pool
[2018.09.09-06.06.04:398][  0]LogEngine: Initializing Engine...
[2018.09.09-06.06.04:399][  0]LogHMD: Oculus plugin initialized. Version: 4.19.2-4033788+++UE4+Release-4.19, OVRPlugin: 1.21.0
[2018.09.09-06.06.04:411][  0]LogStats: UGameplayTagsManager::ConstructGameplayTagTree: Construct from data asset -  0.000 s
[2018.09.09-06.06.04:411][  0]LogStats: UGameplayTagsManager::ConstructGameplayTagTree: GameplayTagTreeChangedEvent.Broadcast -  0.000 s
[2018.09.09-06.06.05:020][  0]LogInit: XAudio2 using '3 - 2476WM (AMD High Definition Audio Device)' : 2 channels at 48 kHz using 16 bits per sample (channel mask 0x3)
[2018.09.09-06.06.05:033][  0]LogInit: FAudioDevice initialized.
[2018.09.09-06.06.05:258][  0]LogDerivedDataCache: Saved boot cache 0.21s 75MB C:/Users/Joshua/AppData/Local/UnrealEngine/4.19/DerivedDataCache/Boot.ddc.
[2018.09.09-06.06.05:276][  0]LogInit: Texture streaming: Enabled
[2018.09.09-06.06.06:166][  0]LogInit: Display: Game Engine Initialized.
[2018.09.09-06.06.06:166][  0]LogGameplayTags: Display: UGameplayTagsManager::DoneAddingNativeTags. DelegateIsBound: 0
[2018.09.09-06.06.06:166][  0]LogStats: UGameplayTagsManager::ConstructGameplayTagTree: Construct from data asset -  0.000 s
[2018.09.09-06.06.06:166][  0]LogStats: UGameplayTagsManager::ConstructGameplayTagTree: GameplayTagTreeChangedEvent.Broadcast -  0.000 s
[2018.09.09-06.06.06:304][  0]LogInit: Display: Starting Game.
[2018.09.09-06.06.06:304][  0]LogNet: Browse: 208.107.52.136:17777//Game/Blueprints/Levels/MainMenu_Level?Name=Player
[2018.09.09-06.06.06:304][  0]LogTemp: Display: ParseSettings for GameNetDriver
[2018.09.09-06.06.06:304][  0]LogTemp: Display: ParseSettings for IpNetDriver_0
[2018.09.09-06.06.06:304][  0]LogTemp: Display: ParseSettings for PendingNetDriver
[2018.09.09-06.06.06:304][  0]LogInit: WinSock: Socket queue 32768 / 32768
[2018.09.09-06.06.06:306][  0]LogInit: WinSock: I am DESKTOP-7J3IH8Q (192.168.117.2:0)
[2018.09.09-06.06.06:306][  0]PacketHandlerLog: Loaded PacketHandler component: Engine.EngineHandlerComponentFactory (StatelessConnectHandlerComponent)
[2018.09.09-06.06.06:306][  0]LogNet: Game client on port 17777, rate 10000
[2018.09.09-06.06.06:388][  0]LogLoad: (Engine Initialization) Total time: 17.59 seconds
[2018.09.09-06.06.06:389][  0]LogLoad: (Engine Initialization) Total Blueprint compile time: 0.00 seconds
[2018.09.09-06.06.06:406][  0]LogOcInput: OculusInput is initialized
[2018.09.09-06.06.06:412][  0]LogContentStreaming: Texture pool size now 1000 MB
[2018.09.09-06.06.06:714][ 19]LogHandshake: SendChallengeResponse. Timestamp: 34.726902, Cookie: 173186022236253066022073092034253073103034101113246006231101
[2018.09.09-06.06.07:036][ 39]LogNetVersion: FPSPrototype 0.0.0.1, NetCL: 3944462, EngineNetVer: 2, GameNetVer: 0 (Checksum: 1586161603)
[2018.09.09-06.06.07:036][ 39]LogNet: UPendingNetGame::SendInitialJoin: Sending hello. [UNetConnection] RemoteAddr: 208.107.52.136:17777, Name: IpConnection_0, Driver: PendingNetDriver IpNetDriver_0, IsServer: NO, PC: NULL, Owner: NULL, UniqueId: INVALID
[2018.09.09-06.06.07:713][ 81]LogNet: Welcomed by server (Level: /Game/Blueprints/Levels/UEDPIE_1_MainMenu_Level, Game: /Game/Blueprints/Characters/FPS_Gamemode.FPS_Gamemode_C)
[2018.09.09-06.06.07:713][ 81]LogLoadingSplash: Loading begins
[2018.09.09-06.06.07:714][ 81]LogLoad: LoadMap: 208.107.52.136:17777//Game/Blueprints/Levels/MainMenu_Level?Name=Player?game=/Game/Blueprints/Characters/FPS_Gamemode.FPS_Gamemode_C
[2018.09.09-06.06.07:727][ 81]LogUObjectGlobals: Created PersistentFrame Addr=0x00000237eaa84400, Size=672, Default__BaseFPS_Character_C Function /Game/Blueprints/Characters/BaseFPS_Character.BaseFPS_Character_C:ExecuteUbergraph_BaseFPS_Character
[2018.09.09-06.06.07:729][ 81]LogUObjectGlobals: Created PersistentFrame Addr=0x00000237803a22a0, Size=40, Default__PauseMenu_Widget_C Function /Game/Blueprints/UI/PauseMenu_Widget.PauseMenu_Widget_C:ExecuteUbergraph_PauseMenu_Widget
[2018.09.09-06.06.07:730][ 81]LogUObjectGlobals: Created PersistentFrame Addr=0x00000237ea856780, Size=448, Default__ServerSelect_Widget_C Function /Game/Blueprints/UI/ServerSelect_Widget.ServerSelect_Widget_C:ExecuteUbergraph_ServerSelect_Widget
[2018.09.09-06.06.07:793][ 81]LogUObjectGlobals: Created PersistentFrame Addr=0x00000237eabe9248, Size=56, Default__YBot_Anim_BP_C Function /Game/Assets/Mesh/YBot/YBot_Anim_BP.YBot_Anim_BP_C:ExecuteUbergraph_YBot_Anim_BP
[2018.09.09-06.06.07:987][ 81]LogUObjectGlobals: Created PersistentFrame Addr=0x00000237eabe8e58, Size=52, Default__FPS_HUD_C Function /Game/Blueprints/Characters/FPS_HUD.FPS_HUD_C:ExecuteUbergraph_FPS_HUD
[2018.09.09-06.06.08:054][ 81]LogUObjectGlobals: Destroyed PersistentFrame Addr=0x00000237eabe9248, Size=56
[2018.09.09-06.06.08:054][ 81]LogUObjectGlobals: Created PersistentFrame Addr=0x00000237fc4d0560, Size=56, Default__YBot_Anim_BP_C Function /Engine/Transient.REINST_YBot_Anim_BP_C_0:ExecuteUbergraph_YBot_Anim_BP
[2018.09.09-06.06.08:054][ 81]LogUObjectGlobals: Destroyed PersistentFrame Addr=0x00000237eabe8e58, Size=52
[2018.09.09-06.06.08:054][ 81]LogUObjectGlobals: Created PersistentFrame Addr=0x00000237fc4d05d0, Size=52, Default__FPS_HUD_C Function /Engine/Transient.REINST_FPS_HUD_C_3:ExecuteUbergraph_FPS_HUD
[2018.09.09-06.06.08:055][ 81]LogUObjectGlobals: Destroyed PersistentFrame Addr=0x00000237eaa84400, Size=672
[2018.09.09-06.06.08:055][ 81]LogUObjectGlobals: Created PersistentFrame Addr=0x00000237891f8d00, Size=672, Default__BaseFPS_Character_C Function /Engine/Transient.REINST_BaseFPS_Character_C_4:ExecuteUbergraph_BaseFPS_Character
[2018.09.09-06.06.08:055][ 81]LogUObjectGlobals: Destroyed PersistentFrame Addr=0x00000237803a22a0, Size=40
[2018.09.09-06.06.08:055][ 81]LogUObjectGlobals: Created PersistentFrame Addr=0x00000237fc4f5648, Size=40, Default__PauseMenu_Widget_C Function /Engine/Transient.REINST_PauseMenu_Widget_C_0:ExecuteUbergraph_PauseMenu_Widget
[2018.09.09-06.06.08:056][ 81]LogUObjectGlobals: Destroyed PersistentFrame Addr=0x00000237ea856780, Size=448
[2018.09.09-06.06.08:056][ 81]LogUObjectGlobals: Created PersistentFrame Addr=0x0000023789216240, Size=448, Default__ServerSelect_Widget_C Function /Engine/Transient.REINST_ServerSelect_Widget_C_1:ExecuteUbergraph_ServerSelect_Widget
[2018.09.09-06.06.08:085][ 81]LogUObjectGlobals: Created PersistentFrame Addr=0x0000023788d82198, Size=56, Default__YBot_Anim_BP_C Function /Game/Assets/Mesh/YBot/YBot_Anim_BP.YBot_Anim_BP_C:ExecuteUbergraph_YBot_Anim_BP
[2018.09.09-06.06.08:086][ 81]LogUObjectGlobals: Created PersistentFrame Addr=0x0000023788d81e88, Size=52, Default__FPS_HUD_C Function /Game/Blueprints/Characters/FPS_HUD.FPS_HUD_C:ExecuteUbergraph_FPS_HUD
[2018.09.09-06.06.08:087][ 81]LogUObjectGlobals: Created PersistentFrame Addr=0x0000023788d89300, Size=672, Default__BaseFPS_Character_C Function /Game/Blueprints/Characters/BaseFPS_Character.BaseFPS_Character_C:ExecuteUbergraph_BaseFPS_Character
[2018.09.09-06.06.08:089][ 81]LogUObjectGlobals: Created PersistentFrame Addr=0x00000237fc4f48d8, Size=40, Default__PauseMenu_Widget_C Function /Game/Blueprints/UI/PauseMenu_Widget.PauseMenu_Widget_C:ExecuteUbergraph_PauseMenu_Widget
[2018.09.09-06.06.08:090][ 81]LogUObjectGlobals: Created PersistentFrame Addr=0x0000023788dea5c0, Size=448, Default__ServerSelect_Widget_C Function /Game/Blueprints/UI/ServerSelect_Widget.ServerSelect_Widget_C:ExecuteUbergraph_ServerSelect_Widget
[2018.09.09-06.06.08:307][ 81]LogSkeletalMesh: Skeletal Mesh found in DDC [6.344477ms] /Game/Assets/Mesh/YBot/misc/ybot_T-Pose.ybot_T-Pose
[2018.09.09-06.06.08:326][ 81]LogAIModule: Creating AISystem for world MainMenu_Level
[2018.09.09-06.06.08:326][ 81]LogTemp: Display: ParseSettings for GameNetDriver
[2018.09.09-06.06.08:332][ 81]LogWorld: Bringing World /Game/Blueprints/Levels/MainMenu_Level.MainMenu_Level up for play (max tick rate 0) at 2018.09.09-02.06.08
[2018.09.09-06.06.08:332][ 81]LogWorld: Bringing up level for play took: 0.003838
[2018.09.09-06.06.08:333][ 81]LogLoadingSplash: Loading ends
[2018.09.09-06.06.08:333][ 81]LogLoad: Took 0.619509 seconds to LoadMap(/Game/Blueprints/Levels/MainMenu_Level)
[2018.09.09-06.06.08:405][ 82]LogRenderer: Reallocating scene render targets to support 1920x1080 Format 10 NumSamples 1 (Frame:1).
[2018.09.09-06.06.09:124][112]LogNetPackageMap: Warning: SerializeNewActor: Static actor failed to load: FullNetGuidPath: [7]/Game/Blueprints/Levels/MainMenu_Level.[5]MainMenu_Level.[3]PersistentLevel.[33]MainMenu_Level_C_0, Channel: 7
[2018.09.09-06.06.09:134][112]LogNet: Warning: UActorChannel::ProcessBunch: SerializeNewActor failed to find/spawn actor. Actor: NULL, Channel: 7
[2018.09.09-06.06.09:135][112]LogOnline: Warning: OSS: No game present to join for session (GameSession)
[2018.09.09-06.06.09:135][112]LogOnline: Warning: OSS: No game present to join for session (GameSession)
[2018.09.09-06.06.18:737][708]LogSlate: FSceneViewport::OnFocusLost() reason 2
[2018.09.09-06.06.24:651][ 73]LogSlate: Window 'FPSPrototype (64-bit, PCD3D_SM5) ' being destroyed
[2018.09.09-06.06.24:652][ 73]LogWindowsTextInputMethodSystem: Display: IME system now deactivated.
[2018.09.09-06.06.24:654][ 74]LogEngine: All Windows Closed
[2018.09.09-06.06.24:654][ 74]LogWindows: FPlatformMisc::RequestExit(0)
[2018.09.09-06.06.24:661][ 75]LogNet: World NetDriver shutdown IpNetDriver_0 [GameNetDriver]
[2018.09.09-06.06.24:661][ 75]LogNet: DestroyNamedNetDriver IpNetDriver_0 [GameNetDriver]
[2018.09.09-06.06.24:661][ 75]LogNet: UNetConnection::Close: [UNetConnection] RemoteAddr: 208.107.52.136:17777, Name: IpConnection_0, Driver: GameNetDriver IpNetDriver_0, IsServer: NO, PC: PlayerController_1, Owner: PlayerController_1, UniqueId: DESKTOP-7J3IH8Q-4B5AAC3A444EAC741BBDD89AEE9676FB, Channels: 11, Time: 2018.09.09-06.06.24
[2018.09.09-06.06.24:662][ 75]LogNet: UChannel::Close: Sending CloseBunch. ChIndex == 0. Name: [UChannel] ChIndex: 0, Closing: 0 [UNetConnection] RemoteAddr: 208.107.52.136:17777, Name: IpConnection_0, Driver: GameNetDriver IpNetDriver_0, IsServer: NO, PC: PlayerController_1, Owner: PlayerController_1, UniqueId: DESKTOP-7J3IH8Q-4B5AAC3A444EAC741BBDD89AEE9676FB
[2018.09.09-06.06.24:662][ 75]LogExit: GameNetDriver IpNetDriver_0 shut down
[2018.09.09-06.06.25:416][ 75]LogSlate: Slate User Destroyed.  User Index 0, Is Virtual User: 0
[2018.09.09-06.06.25:416][ 75]LogExit: Preparing to exit.
[2018.09.09-06.06.25:416][ 75]LogMoviePlayer: Shutting down movie player
[2018.09.09-06.06.25:446][ 75]LogExit: Game engine shut down
[2018.09.09-06.06.25:449][ 75]LogUObjectGlobals: Destroyed PersistentFrame Addr=0x00000237891f8d00, Size=672
[2018.09.09-06.06.25:450][ 75]LogUObjectGlobals: Destroyed PersistentFrame Addr=0x00000237fc4f5648, Size=40
[2018.09.09-06.06.25:450][ 75]LogUObjectGlobals: Destroyed PersistentFrame Addr=0x0000023789216240, Size=448
[2018.09.09-06.06.25:450][ 75]LogUObjectGlobals: Destroyed PersistentFrame Addr=0x00000237fc4d0560, Size=56
[2018.09.09-06.06.25:450][ 75]LogUObjectGlobals: Destroyed PersistentFrame Addr=0x00000237fc4d05d0, Size=52
[2018.09.09-06.06.25:450][ 75]LogUObjectGlobals: Destroyed PersistentFrame Addr=0x0000023788d82198, Size=56
[2018.09.09-06.06.25:450][ 75]LogUObjectGlobals: Destroyed PersistentFrame Addr=0x0000023788d81e88, Size=52
[2018.09.09-06.06.25:450][ 75]LogUObjectGlobals: Destroyed PersistentFrame Addr=0x0000023788d89300, Size=672
[2018.09.09-06.06.25:450][ 75]LogUObjectGlobals: Destroyed PersistentFrame Addr=0x00000237fc4f48d8, Size=40
[2018.09.09-06.06.25:450][ 75]LogUObjectGlobals: Destroyed PersistentFrame Addr=0x0000023788dea5c0, Size=448
[2018.09.09-06.06.25:611][ 75]LogExit: Object subsystem successfully closed.
[2018.09.09-06.06.25:626][ 75]LogShaderCompilers: Display: Shaders left to compile 0
[2018.09.09-06.06.25:629][ 75]LogD3D11RHI: Shutdown
[2018.09.09-06.06.25:629][ 75]LogD3D11RHI: CleanupD3DDevice
[2018.09.09-06.06.25:631][ 75]LogD3D11RHI: ~FD3D11DynamicRHI
[2018.09.09-06.06.25:641][ 75]LogModuleManager: Shutting down and abandoning module Voice (327)
[2018.09.09-06.06.25:641][ 75]LogModuleManager: Shutting down and abandoning module AIModule (323)
[2018.09.09-06.06.25:641][ 75]LogModuleManager: Shutting down and abandoning module GameplayDebugger (322)
[2018.09.09-06.06.25:641][ 75]LogModuleManager: Shutting down and abandoning module AITestSuite (320)
[2018.09.09-06.06.25:641][ 75]LogModuleManager: Shutting down and abandoning module SequenceRecorderSections (317)
[2018.09.09-06.06.25:641][ 75]LogModuleManager: Shutting down and abandoning module SequenceRecorder (315)
[2018.09.09-06.06.25:641][ 75]LogModuleManager: Shutting down and abandoning module AutomationController (313)
[2018.09.09-06.06.25:641][ 75]LogModuleManager: Shutting down and abandoning module AutomationWorker (311)
[2018.09.09-06.06.25:641][ 75]LogModuleManager: Shutting down and abandoning module WmfMediaFactory (309)
[2018.09.09-06.06.25:641][ 75]LogModuleManager: Shutting down and abandoning module OpenExrWrapper (307)
[2018.09.09-06.06.25:641][ 75]LogModuleManager: Shutting down and abandoning module ImgMediaFactory (305)
[2018.09.09-06.06.25:641][ 75]LogModuleManager: Shutting down and abandoning module AvfMediaFactory (303)
[2018.09.09-06.06.25:641][ 75]LogModuleManager: Shutting down and abandoning module CharacterAI (301)
[2018.09.09-06.06.25:641][ 75]LogModuleManager: Shutting down and abandoning module SessionServices (299)
[2018.09.09-06.06.25:641][ 75]LogModuleManager: Shutting down and abandoning module MovieSceneCapture (297)
[2018.09.09-06.06.25:641][ 75]LogModuleManager: Shutting down and abandoning module MovieSceneTracks (295)
[2018.09.09-06.06.25:641][ 75]LogModuleManager: Shutting down and abandoning module MovieScene (293)
[2018.09.09-06.06.25:641][ 75]LogModuleManager: Shutting down and abandoning module GeometryCache (291)
[2018.09.09-06.06.25:641][ 75]LogModuleManager: Shutting down and abandoning module GeometryCacheEd (290)
[2018.09.09-06.06.25:641][ 75]LogModuleManager: Shutting down and abandoning module StreamingPauseRendering (287)
[2018.09.09-06.06.25:641][ 75]LogModuleManager: Shutting down and abandoning module PortalServices (285)
[2018.09.09-06.06.25:641][ 75]LogModuleManager: Shutting down and abandoning module PortalRpc (283)
[2018.09.09-06.06.25:641][ 75]LogModuleManager: Shutting down and abandoning module MessagingRpc (281)
[2018.09.09-06.06.25:641][ 75]LogModuleManager: Shutting down and abandoning module ProfilerService (279)
[2018.09.09-06.06.25:808][ 75]LogModuleManager: Shutting down and abandoning module TaskGraph (277)
[2018.09.09-06.06.25:809][ 75]LogModuleManager: Shutting down and abandoning module SteamVRController (275)
[2018.09.09-06.06.25:809][ 75]LogModuleManager: Shutting down and abandoning module ProceduralMeshComponent (273)
[2018.09.09-06.06.25:809][ 75]LogModuleManager: Shutting down and abandoning module OculusInput (271)
[2018.09.09-06.06.25:809][ 75]LogModuleManager: Shutting down and abandoning module CustomMeshComponent (269)
[2018.09.09-06.06.25:809][ 75]LogModuleManager: Shutting down and abandoning module CableComponent (267)
[2018.09.09-06.06.25:809][ 75]LogModuleManager: Shutting down and abandoning module AudioCapture (265)
[2018.09.09-06.06.25:809][ 75]LogModuleManager: Shutting down and abandoning module ArchVisCharacter (263)
[2018.09.09-06.06.25:809][ 75]LogModuleManager: Shutting down and abandoning module NUTUnrealEngine4 (261)
[2018.09.09-06.06.25:809][ 75]LogModuleManager: Shutting down and abandoning module NetcodeUnitTest (259)
[2018.09.09-06.06.25:809][ 75]LogModuleManager: Shutting down and abandoning module MediaCompositing (257)
[2018.09.09-06.06.25:809][ 75]LogModuleManager: Shutting down and abandoning module LinearTimecode (255)
[2018.09.09-06.06.25:809][ 75]LogModuleManager: Shutting down and abandoning module ImgMedia (253)
[2018.09.09-06.06.25:812][ 75]LogModuleManager: Shutting down and abandoning module HTML5Networking (251)
[2018.09.09-06.06.25:812][ 75]LogModuleManager: Shutting down and abandoning module DatasmithContent (249)
[2018.09.09-06.06.25:812][ 75]LogModuleManager: Shutting down and abandoning module VisualStudioSourceCodeAccess (247)
[2018.09.09-06.06.25:812][ 75]LogModuleManager: Shutting down and abandoning module HotReload (246)
[2018.09.09-06.06.25:813][ 75]LogModuleManager: Shutting down and abandoning module VisualStudioCodeSourceCodeAccess (243)
[2018.09.09-06.06.25:813][ 75]LogModuleManager: Shutting down and abandoning module SubversionSourceControl (241)
[2018.09.09-06.06.25:813][ 75]LogModuleManager: Shutting down and abandoning module PerforceSourceControl (239)
[2018.09.09-06.06.25:813][ 75]LogModuleManager: Shutting down and abandoning module SourceControl (238)
[2018.09.09-06.06.25:813][ 75]LogModuleManager: Shutting down and abandoning module CLionSourceCodeAccess (235)
[2018.09.09-06.06.25:813][ 75]LogModuleManager: Shutting down and abandoning module RuntimePhysXCooking (233)
[2018.09.09-06.06.25:813][ 75]LogModuleManager: Shutting down and abandoning module PhysXVehiclesEditor (231)
[2018.09.09-06.06.25:813][ 75]LogModuleManager: Shutting down and abandoning module PhysXVehicles (229)
[2018.09.09-06.06.25:813][ 75]LogModuleManager: Shutting down and abandoning module LocationServicesBPLibrary (227)
[2018.09.09-06.06.25:813][ 75]LogModuleManager: Shutting down and abandoning module ImmediatePhysicsEditor (225)
[2018.09.09-06.06.25:813][ 75]LogModuleManager: Shutting down and abandoning module ImmediatePhysics (223)
[2018.09.09-06.06.25:813][ 75]LogModuleManager: Shutting down and abandoning module ApexDestructionEditor (221)
[2018.09.09-06.06.25:813][ 75]LogModuleManager: Shutting down and abandoning module ContentBrowser (220)
[2018.09.09-06.06.25:813][ 75]LogModuleManager: Shutting down and abandoning module CollectionManager (219)
[2018.09.09-06.06.25:813][ 75]LogDirectoryWatcher: A directory notification for 'C:/Users/Joshua/Documents/GitHub/fps-proto/Content/Collections/' was aborted.
[2018.09.09-06.06.25:814][ 75]LogDirectoryWatcher: A directory notification for 'C:/Users/Joshua/Documents/GitHub/fps-proto/Content/Developers/Joshua/Collections/' was aborted.
[2018.09.09-06.06.25:814][ 75]LogDirectoryWatcher: A directory notification for 'C:/Users/Joshua/Documents/GitHub/fps-proto/Saved/Collections/' was aborted.
[2018.09.09-06.06.25:814][ 75]LogModuleManager: Shutting down and abandoning module DirectoryWatcher (218)
[2018.09.09-06.06.25:814][ 75]LogModuleManager: Shutting down and abandoning module ApexDestruction (213)
[2018.09.09-06.06.25:814][ 75]LogModuleManager: Shutting down and abandoning module ActorSequence (211)
[2018.09.09-06.06.25:814][ 75]LogModuleManager: Shutting down and abandoning module UdpMessaging (209)
[2018.09.09-06.06.25:814][ 75]LogModuleManager: Shutting down and abandoning module TcpMessaging (207)
[2018.09.09-06.06.25:814][ 75]LogModuleManager: Shutting down and abandoning module GameplayTagsEditor (205)
[2018.09.09-06.06.25:814][ 75]LogModuleManager: Shutting down and abandoning module FacialAnimation (203)
[2018.09.09-06.06.25:814][ 75]LogModuleManager: Shutting down and abandoning module DataValidation (201)
[2018.09.09-06.06.25:814][ 75]LogModuleManager: Shutting down and abandoning module AssetManagerEditor (199)
[2018.09.09-06.06.25:814][ 75]LogModuleManager: Shutting down and abandoning module TreeMap (198)
[2018.09.09-06.06.25:814][ 75]LogModuleManager: Shutting down and abandoning module LightPropagationVolumeRuntime (195)
[2018.09.09-06.06.25:814][ 75]LogModuleManager: Shutting down and abandoning module PIEPreviewDeviceProfileSelector (193)
[2018.09.09-06.06.25:814][ 75]LogModuleManager: Shutting down and abandoning module WindowsMoviePlayer (191)
[2018.09.09-06.06.25:814][ 75]LogModuleManager: Shutting down and abandoning module WmfMedia (189)
[2018.09.09-06.06.25:815][ 75]LogModuleManager: Shutting down and abandoning module Media (188)
[2018.09.09-06.06.25:821][ 75]LogModuleManager: Shutting down and abandoning module PacketHandler (185)
[2018.09.09-06.06.25:821][ 75]LogModuleManager: Shutting down and abandoning module ClothingSystemEditor (183)
[2018.09.09-06.06.25:821][ 75]LogModuleManager: Shutting down and abandoning module ClothingSystemRuntime (181)
[2018.09.09-06.06.25:821][ 75]LogModuleManager: Shutting down and abandoning module MediaAssets (179)
[2018.09.09-06.06.25:821][ 75]LogModuleManager: Shutting down and abandoning module Overlay (177)
[2018.09.09-06.06.25:821][ 75]LogModuleManager: Shutting down and abandoning module OverlayEditor (176)
[2018.09.09-06.06.25:821][ 75]LogModuleManager: Shutting down and abandoning module VREditor (173)
[2018.09.09-06.06.25:821][ 75]LogModuleManager: Shutting down and abandoning module StringTableEditor (171)
[2018.09.09-06.06.25:821][ 75]LogModuleManager: Shutting down and abandoning module GameplayTasksEditor (169)
[2018.09.09-06.06.25:821][ 75]LogModuleManager: Shutting down and abandoning module BehaviorTreeEditor (167)
[2018.09.09-06.06.25:821][ 75]LogModuleManager: Shutting down and abandoning module FunctionalTesting (165)
[2018.09.09-06.06.25:821][ 75]LogModuleManager: Shutting down and abandoning module CollisionAnalyzer (163)
[2018.09.09-06.06.25:821][ 75]LogModuleManager: Shutting down and abandoning module WorkspaceMenuStructure (162)
[2018.09.09-06.06.25:821][ 75]LogModuleManager: Shutting down and abandoning module UMG (159)
[2018.09.09-06.06.25:821][ 75]LogModuleManager: Shutting down and abandoning module UMGEditor (158)
[2018.09.09-06.06.25:821][ 75]LogModuleManager: Shutting down and abandoning module Sequencer (157)
[2018.09.09-06.06.25:821][ 75]LogModuleManager: Shutting down and abandoning module MessageLog (154)
[2018.09.09-06.06.25:821][ 75]LogModuleManager: Shutting down and abandoning module SlateReflector (149)
[2018.09.09-06.06.25:822][ 75]LogModuleManager: Shutting down and abandoning module Slate (147)
[2018.09.09-06.06.25:822][ 75]LogModuleManager: Shutting down and abandoning module EditorStyle (145)
[2018.09.09-06.06.25:823][ 75]LogModuleManager: Shutting down and abandoning module MRMesh (143)
[2018.09.09-06.06.25:823][ 75]LogModuleManager: Shutting down and abandoning module Messaging (141)
[2018.09.09-06.06.25:823][ 75]LogModuleManager: Shutting down and abandoning module SourceCodeAccess (139)
[2018.09.09-06.06.25:823][ 75]LogModuleManager: Shutting down and abandoning module HeadMountedDisplay (137)
[2018.09.09-06.06.25:823][ 75]LogModuleManager: Shutting down and abandoning module XAudio2 (135)
[2018.09.09-06.06.25:823][ 75]LogModuleManager: Shutting down and abandoning module Networking (133)
[2018.09.09-06.06.25:823][ 75]LogModuleManager: Shutting down and abandoning module Core (131)
[2018.09.09-06.06.25:823][ 75]LogModuleManager: Shutting down and abandoning module LevelSequence (129)
[2018.09.09-06.06.25:823][ 75]LogModuleManager: Shutting down and abandoning module KismetCompiler (127)
[2018.09.09-06.06.25:823][ 75]LogModuleManager: Shutting down and abandoning module MeshUtilities (125)
[2018.09.09-06.06.25:823][ 75]LogModuleManager: Shutting down and abandoning module MeshMergeUtilities (124)
[2018.09.09-06.06.25:823][ 75]LogModuleManager: Shutting down and abandoning module MeshReductionInterface (123)
[2018.09.09-06.06.25:823][ 75]LogModuleManager: Shutting down and abandoning module SimplygonSwarm (122)
[2018.09.09-06.06.25:823][ 75]LogModuleManager: Shutting down and abandoning module SimplygonMeshReduction (120)
[2018.09.09-06.06.25:823][ 75]LogModuleManager: Shutting down and abandoning module QuadricMeshReduction (118)
[2018.09.09-06.06.25:823][ 75]LogModuleManager: Shutting down and abandoning module MaterialBaking (114)
[2018.09.09-06.06.25:823][ 75]LogModuleManager: Shutting down and abandoning module DerivedDataCache (109)
[2018.09.09-06.06.26:082][ 75]LogDerivedDataCache: Shutdown
[2018.09.09-06.06.26:082][ 75]LogModuleManager: Shutting down and abandoning module XGEController (107)
[2018.09.09-06.06.26:082][ 75]LogModuleManager: Shutting down and abandoning module TargetPlatform (105)
[2018.09.09-06.06.26:082][ 75]LogModuleManager: Shutting down and abandoning module VulkanShaderFormat (104)
[2018.09.09-06.06.26:082][ 75]LogModuleManager: Shutting down and abandoning module ShaderFormatVectorVM (102)
[2018.09.09-06.06.26:082][ 75]LogModuleManager: Shutting down and abandoning module ShaderFormatOpenGL (100)
[2018.09.09-06.06.26:082][ 75]LogModuleManager: Shutting down and abandoning module ShaderFormatD3D (98)
[2018.09.09-06.06.26:082][ 75]LogModuleManager: Shutting down and abandoning module MetalShaderFormat (96)
[2018.09.09-06.06.26:082][ 75]LogModuleManager: Shutting down and abandoning module TextureFormatUncompressed (94)
[2018.09.09-06.06.26:082][ 75]LogModuleManager: Shutting down and abandoning module TextureFormatPVR (92)
[2018.09.09-06.06.26:082][ 75]LogModuleManager: Shutting down and abandoning module TextureFormatDXT (90)
[2018.09.09-06.06.26:082][ 75]LogModuleManager: Shutting down and abandoning module TextureFormatIntelISPCTexComp (88)
[2018.09.09-06.06.26:082][ 75]LogModuleManager: Shutting down and abandoning module TextureFormatASTC (86)
[2018.09.09-06.06.26:082][ 75]LogModuleManager: Shutting down and abandoning module ImageWrapper (85)
[2018.09.09-06.06.26:082][ 75]LogModuleManager: Shutting down and abandoning module TextureFormatAndroid (82)
[2018.09.09-06.06.26:082][ 75]LogModuleManager: Shutting down and abandoning module AudioFormatOpus (80)
[2018.09.09-06.06.26:082][ 75]LogModuleManager: Shutting down and abandoning module AudioFormatOgg (78)
[2018.09.09-06.06.26:082][ 75]LogModuleManager: Shutting down and abandoning module AudioFormatADPCM (76)
[2018.09.09-06.06.26:082][ 75]LogModuleManager: Shutting down and abandoning module WindowsTargetPlatform (74)
[2018.09.09-06.06.26:082][ 75]LogModuleManager: Shutting down and abandoning module WindowsServerTargetPlatform (72)
[2018.09.09-06.06.26:082][ 75]LogModuleManager: Shutting down and abandoning module WindowsNoEditorTargetPlatform (70)
[2018.09.09-06.06.26:082][ 75]LogModuleManager: Shutting down and abandoning module WindowsClientTargetPlatform (68)
[2018.09.09-06.06.26:082][ 75]LogModuleManager: Shutting down and abandoning module InputCore (65)
[2018.09.09-06.06.26:082][ 75]LogModuleManager: Shutting down and abandoning module Settings (63)
[2018.09.09-06.06.26:082][ 75]LogModuleManager: Shutting down and abandoning module PhysXCooking (61)
[2018.09.09-06.06.26:082][ 75]LogModuleManager: Shutting down and abandoning module SteamVR (58)
[2018.09.09-06.06.26:082][ 75]LogModuleManager: Shutting down and abandoning module OculusHMD (56)
[2018.09.09-06.06.26:082][ 75]LogModuleManager: Shutting down and abandoning module OnlineBlueprintSupport (54)
[2018.09.09-06.06.26:082][ 75]LogModuleManager: Shutting down and abandoning module OnlineSubsystem (50)
[2018.09.09-06.06.26:082][ 75]LogOnline: Display: OSS: FOnlineSubsystemNull::Shutdown()
[2018.09.09-06.06.26:082][ 75]LogOnline: Display: OSS: FOnlineAsyncTaskManager::Stop() ActiveTask:0000000000000000 Tasks[0/0]
[2018.09.09-06.06.26:147][ 75]LogOnline: Display: OSS: FOnlineAsyncTaskManager::Exit() started
[2018.09.09-06.06.26:147][ 75]LogOnline: Display: OSS: FOnlineAsyncTaskManager::Exit() finished
[2018.09.09-06.06.26:147][ 75]LogModuleManager: Shutting down and abandoning module XMPP (43)
[2018.09.09-06.06.26:148][ 75]LogModuleManager: Shutting down and abandoning module HTTP (41)
[2018.09.09-06.06.26:162][ 75]LogModuleManager: Shutting down and abandoning module SSL (40)
[2018.09.09-06.06.26:163][ 75]LogModuleManager: Shutting down and abandoning module AnimationModifiers (36)
[2018.09.09-06.06.26:163][ 75]LogModuleManager: Shutting down and abandoning module PropertyEditor (35)
[2018.09.09-06.06.26:163][ 75]LogModuleManager: Shutting down and abandoning module AudioEditor (32)
[2018.09.09-06.06.26:163][ 75]LogModuleManager: Shutting down and abandoning module TextureCompressor (30)
[2018.09.09-06.06.26:164][ 75]LogModuleManager: Shutting down and abandoning module ShaderCore (28)
[2018.09.09-06.06.26:164][ 75]LogModuleManager: Shutting down and abandoning module Landscape (26)
[2018.09.09-06.06.26:164][ 75]LogModuleManager: Shutting down and abandoning module SlateRHIRenderer (24)
[2018.09.09-06.06.26:164][ 75]LogModuleManager: Shutting down and abandoning module OpenGLDrv (22)
[2018.09.09-06.06.26:164][ 75]LogModuleManager: Shutting down and abandoning module D3D11RHI (20)
[2018.09.09-06.06.26:164][ 75]LogModuleManager: Shutting down and abandoning module AnimGraphRuntime (18)
[2018.09.09-06.06.26:164][ 75]LogModuleManager: Shutting down and abandoning module Renderer (16)
[2018.09.09-06.06.26:164][ 75]LogModuleManager: Shutting down and abandoning module Engine (14)
[2018.09.09-06.06.26:164][ 75]LogModuleManager: Shutting down and abandoning module CoreUObject (12)
[2018.09.09-06.06.26:164][ 75]LogModuleManager: Shutting down and abandoning module NetworkFile (10)
[2018.09.09-06.06.26:164][ 75]LogModuleManager: Shutting down and abandoning module CookedIterativeFile (8)
[2018.09.09-06.06.26:164][ 75]LogModuleManager: Shutting down and abandoning module StreamingFile (6)
[2018.09.09-06.06.26:164][ 75]LogModuleManager: Shutting down and abandoning module SandboxFile (4)
[2018.09.09-06.06.26:164][ 75]LogModuleManager: Shutting down and abandoning module PakFile (2)
[2018.09.09-06.06.26:169][ 75]LogExit: Exiting.
[2018.09.09-06.06.26:191][ 75]Log file closed, 09/09/18 02:06:26
