Log file open, 09/09/18 17:00:49
LogWindows: Failed to load 'aqProf.dll' (GetLastError=126)
LogWindows: File 'aqProf.dll' does not exist
LogWindows: Failed to load 'VtuneApi.dll' (GetLastError=126)
LogWindows: File 'VtuneApi.dll' does not exist
LogWindows: Failed to load 'VtuneApi32e.dll' (GetLastError=126)
LogWindows: File 'VtuneApi32e.dll' does not exist
LogInit: Display: Running engine for game: FPSPrototype
LogPlatformFile: Not using cached read wrapper
LogInit: Display: RandInit(-1984965307) SRandInit(-1984965307).
LogInit: Read version file with build ID '3944462'
LogInit: Overriding engine version to CL 4033788, compatible CL 3944462
LogInit: Registered custom module enumerator with build ID '3944462'
LogTaskGraph: Started task graph with 5 named threads and 23 total threads with 3 sets of task threads.
LogStats: Stats thread started at 0.265618
LogD3D11RHI: Aftermath initialized
LogICUInternationalization: Display: ICU TimeZone Detection - Raw Offset: -6:00, Platform Override: ''
LogModuleManager: Display: Found up-to-date module file ../../../Engine/Plugins/Runtime/ApexDestruction/Binaries/Win64/UE4Editor-ApexDestruction.dll (API version 3944462).
LogModuleManager: Display: Found up-to-date module file ../../../Engine/Plugins/Runtime/ApexDestruction/Binaries/Win64/UE4Editor-ApexDestructionEditor.dll (API version 3944462).
LogModuleManager: Display: Found up-to-date module file ../../../Engine/Plugins/Online/OnlineSubsystemSteam/Binaries/Win64/UE4Editor-OnlineSubsystemSteam.dll (API version 3944462).
LogModuleManager: Display: Found up-to-date module file ../../../Engine/Plugins/Online/OnlineSubsystem/Binaries/Win64/UE4Editor-OnlineSubsystem.dll (API version 3944462).
LogModuleManager: Display: Found up-to-date module file ../../../Engine/Plugins/Online/OnlineSubsystemUtils/Binaries/Win64/UE4Editor-OnlineSubsystemUtils.dll (API version 3944462).
LogModuleManager: Display: Found up-to-date module file ../../../Engine/Plugins/Online/OnlineSubsystemUtils/Binaries/Win64/UE4Editor-OnlineBlueprintSupport.dll (API version 3944462).
LogModuleManager: Display: Found up-to-date module file ../../../Engine/Plugins/Blendables/LightPropagationVolume/Binaries/Win64/UE4Editor-LightPropagationVolumeRuntime.dll (API version 3944462).
LogModuleManager: Display: Found up-to-date module file ../../../Engine/Plugins/Blendables/LightPropagationVolume/Binaries/Win64/UE4Editor-LightPropagationVolumeEditor.dll (API version 3944462).
LogModuleManager: Display: Found up-to-date module file ../../../Engine/Plugins/Developer/CLionSourceCodeAccess/Binaries/Win64/UE4Editor-CLionSourceCodeAccess.dll (API version 3944462).
LogModuleManager: Display: Found up-to-date module file ../../../Engine/Plugins/Developer/GitSourceControl/Binaries/Win64/UE4Editor-GitSourceControl.dll (API version 3944462).
LogModuleManager: Display: Found up-to-date module file ../../../Engine/Plugins/Developer/PerforceSourceControl/Binaries/Win64/UE4Editor-PerforceSourceControl.dll (API version 3944462).
LogModuleManager: Display: Found up-to-date module file ../../../Engine/Plugins/Developer/SubversionSourceControl/Binaries/Win64/UE4Editor-SubversionSourceControl.dll (API version 3944462).
LogModuleManager: Display: Found up-to-date module file ../../../Engine/Plugins/Developer/VisualStudioCodeSourceCodeAccess/Binaries/Win64/UE4Editor-VisualStudioCodeSourceCodeAccess.dll (API version 3944462).
LogModuleManager: Display: Found up-to-date module file ../../../Engine/Plugins/Developer/VisualStudioSourceCodeAccess/Binaries/Win64/UE4Editor-VisualStudioSourceCodeAccess.dll (API version 3944462).
LogModuleManager: Display: Found up-to-date module file ../../../Engine/Plugins/Editor/AssetManagerEditor/Binaries/Win64/UE4Editor-AssetManagerEditor.dll (API version 3944462).
LogModuleManager: Display: Found up-to-date module file ../../../Engine/Plugins/Editor/DataValidation/Binaries/Win64/UE4Editor-DataValidation.dll (API version 3944462).
LogModuleManager: Display: Found up-to-date module file ../../../Engine/Plugins/Editor/FacialAnimation/Binaries/Win64/UE4Editor-FacialAnimation.dll (API version 3944462).
LogModuleManager: Display: Found up-to-date module file ../../../Engine/Plugins/Editor/FacialAnimation/Binaries/Win64/UE4Editor-FacialAnimationEditor.dll (API version 3944462).
LogModuleManager: Display: Found up-to-date module file ../../../Engine/Plugins/Editor/GameplayTagsEditor/Binaries/Win64/UE4Editor-GameplayTagsEditor.dll (API version 3944462).
LogModuleManager: Display: Found up-to-date module file ../../../Engine/Plugins/Editor/MobileLauncherProfileWizard/Binaries/Win64/UE4Editor-MobileLauncherProfileWizard.dll (API version 3944462).
LogModuleManager: Display: Found up-to-date module file ../../../Engine/Plugins/Editor/PluginBrowser/Binaries/Win64/UE4Editor-PluginBrowser.dll (API version 3944462).
LogModuleManager: Display: Found up-to-date module file ../../../Engine/Plugins/Editor/SpeedTreeImporter/Binaries/Win64/UE4Editor-SpeedTreeImporter.dll (API version 3944462).
LogModuleManager: Display: Found up-to-date module file ../../../Engine/Plugins/Enterprise/DatasmithContent/Binaries/Win64/UE4Editor-DatasmithContent.dll (API version 3944462).
LogModuleManager: Display: Found up-to-date module file ../../../Engine/Plugins/Experimental/AlembicImporter/Binaries/Win64/UE4Editor-AlembicImporter.dll (API version 3944462).
LogModuleManager: Display: Found up-to-date module file ../../../Engine/Plugins/Experimental/AlembicImporter/Binaries/Win64/UE4Editor-AlembicLibrary.dll (API version 3944462).
LogModuleManager: Display: Found up-to-date module file ../../../Engine/Plugins/Experimental/CharacterAI/Binaries/Win64/UE4Editor-CharacterAI.dll (API version 3944462).
LogModuleManager: Display: Found up-to-date module file ../../../Engine/Plugins/Experimental/HTML5Networking/Binaries/Win64/UE4Editor-HTML5Networking.dll (API version 3944462).
LogModuleManager: Display: Found up-to-date module file ../../../Engine/Plugins/Media/AndroidMedia/Binaries/Win64/UE4Editor-AndroidMediaEditor.dll (API version 3944462).
LogModuleManager: Display: Found up-to-date module file ../../../Engine/Plugins/Media/AndroidMedia/Binaries/Win64/UE4Editor-AndroidMediaFactory.dll (API version 3944462).
LogModuleManager: Display: Found up-to-date module file ../../../Engine/Plugins/Media/AvfMedia/Binaries/Win64/UE4Editor-AvfMediaEditor.dll (API version 3944462).
LogModuleManager: Display: Found up-to-date module file ../../../Engine/Plugins/Media/AvfMedia/Binaries/Win64/UE4Editor-AvfMediaFactory.dll (API version 3944462).
LogModuleManager: Display: Found up-to-date module file ../../../Engine/Plugins/Media/AvfMedia/Binaries/Win64/UE4Editor-AvfMediaFactory.dll (API version 3944462).
LogModuleManager: Display: Found up-to-date module file ../../../Engine/Plugins/Media/ImgMedia/Binaries/Win64/UE4Editor-ImgMedia.dll (API version 3944462).
LogModuleManager: Display: Found up-to-date module file ../../../Engine/Plugins/Media/ImgMedia/Binaries/Win64/UE4Editor-ImgMediaEditor.dll (API version 3944462).
LogModuleManager: Display: Found up-to-date module file ../../../Engine/Plugins/Media/ImgMedia/Binaries/Win64/UE4Editor-ImgMediaFactory.dll (API version 3944462).
LogModuleManager: Display: Found up-to-date module file ../../../Engine/Plugins/Media/ImgMedia/Binaries/Win64/UE4Editor-ImgMediaFactory.dll (API version 3944462).
LogModuleManager: Display: Found up-to-date module file ../../../Engine/Plugins/Media/ImgMedia/Binaries/Win64/UE4Editor-OpenExrWrapper.dll (API version 3944462).
LogModuleManager: Display: Found up-to-date module file ../../../Engine/Plugins/Media/LinearTimecode/Binaries/Win64/UE4Editor-LinearTimecode.dll (API version 3944462).
LogModuleManager: Display: Found up-to-date module file ../../../Engine/Plugins/Media/MediaCompositing/Binaries/Win64/UE4Editor-MediaCompositing.dll (API version 3944462).
LogModuleManager: Display: Found up-to-date module file ../../../Engine/Plugins/Media/MediaCompositing/Binaries/Win64/UE4Editor-MediaCompositingEditor.dll (API version 3944462).
LogModuleManager: Display: Found up-to-date module file ../../../Engine/Plugins/Media/MediaPlayerEditor/Binaries/Win64/UE4Editor-MediaPlayerEditor.dll (API version 3944462).
LogModuleManager: Display: Found up-to-date module file ../../../Engine/Plugins/Media/WmfMedia/Binaries/Win64/UE4Editor-WmfMedia.dll (API version 3944462).
LogModuleManager: Display: Found up-to-date module file ../../../Engine/Plugins/Media/WmfMedia/Binaries/Win64/UE4Editor-WmfMediaEditor.dll (API version 3944462).
LogModuleManager: Display: Found up-to-date module file ../../../Engine/Plugins/Media/WmfMedia/Binaries/Win64/UE4Editor-WmfMediaFactory.dll (API version 3944462).
LogModuleManager: Display: Found up-to-date module file ../../../Engine/Plugins/Media/WmfMedia/Binaries/Win64/UE4Editor-WmfMediaFactory.dll (API version 3944462).
LogModuleManager: Display: Found up-to-date module file ../../../Engine/Plugins/Messaging/TcpMessaging/Binaries/Win64/UE4Editor-TcpMessaging.dll (API version 3944462).
LogModuleManager: Display: Found up-to-date module file ../../../Engine/Plugins/Messaging/UdpMessaging/Binaries/Win64/UE4Editor-UdpMessaging.dll (API version 3944462).
LogModuleManager: Display: Found up-to-date module file ../../../Engine/Plugins/MovieScene/ActorSequence/Binaries/Win64/UE4Editor-ActorSequence.dll (API version 3944462).
LogModuleManager: Display: Found up-to-date module file ../../../Engine/Plugins/MovieScene/LevelSequenceEditor/Binaries/Win64/UE4Editor-LevelSequenceEditor.dll (API version 3944462).
LogModuleManager: Display: Found up-to-date module file ../../../Engine/Plugins/MovieScene/MatineeToLevelSequence/Binaries/Win64/UE4Editor-MatineeToLevelSequence.dll (API version 3944462).
LogModuleManager: Display: Found up-to-date module file ../../../Engine/Plugins/NetcodeUnitTest/NetcodeUnitTest/Binaries/Win64/UE4Editor-NetcodeUnitTest.dll (API version 3944462).
LogModuleManager: Display: Found up-to-date module file ../../../Engine/Plugins/NetcodeUnitTest/NUTUnrealEngine4/Binaries/Win64/UE4Editor-NUTUnrealEngine4.dll (API version 3944462).
LogModuleManager: Display: Found up-to-date module file ../../../Engine/Plugins/Online/OnlineSubsystemNull/Binaries/Win64/UE4Editor-OnlineSubsystemNull.dll (API version 3944462).
LogModuleManager: Display: Found up-to-date module file ../../../Engine/Plugins/Runtime/ArchVisCharacter/Binaries/Win64/UE4Editor-ArchVisCharacter.dll (API version 3944462).
LogModuleManager: Display: Found up-to-date module file ../../../Engine/Plugins/Runtime/AudioCapture/Binaries/Win64/UE4Editor-AudioCapture.dll (API version 3944462).
LogModuleManager: Display: Found up-to-date module file ../../../Engine/Plugins/Runtime/AudioCapture/Binaries/Win64/UE4Editor-AudioCaptureEditor.dll (API version 3944462).
LogModuleManager: Display: Found up-to-date module file ../../../Engine/Plugins/Runtime/CableComponent/Binaries/Win64/UE4Editor-CableComponent.dll (API version 3944462).
LogModuleManager: Display: Found up-to-date module file ../../../Engine/Plugins/Runtime/CustomMeshComponent/Binaries/Win64/UE4Editor-CustomMeshComponent.dll (API version 3944462).
LogModuleManager: Display: Found up-to-date module file ../../../Engine/Plugins/Runtime/ImmediatePhysics/Binaries/Win64/UE4Editor-ImmediatePhysics.dll (API version 3944462).
LogModuleManager: Display: Found up-to-date module file ../../../Engine/Plugins/Runtime/ImmediatePhysics/Binaries/Win64/UE4Editor-ImmediatePhysicsEditor.dll (API version 3944462).
LogModuleManager: Display: Found up-to-date module file ../../../Engine/Plugins/Runtime/LocationServicesBPLibrary/Binaries/Win64/UE4Editor-LocationServicesBPLibrary.dll (API version 3944462).
LogModuleManager: Display: Found up-to-date module file ../../../Engine/Plugins/Runtime/Oculus/OculusVR/Binaries/Win64/UE4Editor-OculusHMD.dll (API version 3944462).
LogModuleManager: Display: Found up-to-date module file ../../../Engine/Plugins/Runtime/Oculus/OculusVR/Binaries/Win64/UE4Editor-OculusInput.dll (API version 3944462).
LogModuleManager: Display: Found up-to-date module file ../../../Engine/Plugins/Runtime/Oculus/OculusVR/Binaries/Win64/UE4Editor-OculusEditor.dll (API version 3944462).
LogModuleManager: Display: Found up-to-date module file ../../../Engine/Plugins/Runtime/PhysXVehicles/Binaries/Win64/UE4Editor-PhysXVehicles.dll (API version 3944462).
LogModuleManager: Display: Found up-to-date module file ../../../Engine/Plugins/Runtime/PhysXVehicles/Binaries/Win64/UE4Editor-PhysXVehiclesEditor.dll (API version 3944462).
LogModuleManager: Display: Found up-to-date module file ../../../Engine/Plugins/Runtime/ProceduralMeshComponent/Binaries/Win64/UE4Editor-ProceduralMeshComponent.dll (API version 3944462).
LogModuleManager: Display: Found up-to-date module file ../../../Engine/Plugins/Runtime/ProceduralMeshComponent/Binaries/Win64/UE4Editor-ProceduralMeshComponentEditor.dll (API version 3944462).
LogModuleManager: Display: Found up-to-date module file ../../../Engine/Plugins/Runtime/RuntimePhysXCooking/Binaries/Win64/UE4Editor-RuntimePhysXCooking.dll (API version 3944462).
LogModuleManager: Display: Found up-to-date module file ../../../Engine/Plugins/Runtime/Steam/SteamVR/Binaries/Win64/UE4Editor-SteamVR.dll (API version 3944462).
LogModuleManager: Display: Found up-to-date module file ../../../Engine/Plugins/Runtime/Steam/SteamVR/Binaries/Win64/UE4Editor-SteamVRController.dll (API version 3944462).
LogModuleManager: Display: Found up-to-date module file ../../../Engine/Plugins/Runtime/WindowsMoviePlayer/Binaries/Win64/UE4Editor-WindowsMoviePlayer.dll (API version 3944462).
LogModuleManager: Display: Found up-to-date module file ../../../../../Users/Joe/Desktop/Github/gamefps/fps-proto/Plugins/AdvancedSessions/Binaries/Win64/UE4Editor-AdvancedSessions.dll (API version 3944462).
LogModuleManager: Display: Found up-to-date module file ../../../../../Users/Joe/Desktop/Github/gamefps/fps-proto/Plugins/AdvancedSteamSessions/Binaries/Win64/UE4Editor-AdvancedSteamSessions.dll (API version 3944462).
LogPluginManager: Mounting plugin LightPropagationVolume
LogPluginManager: Mounting plugin CLionSourceCodeAccess
LogPluginManager: Mounting plugin CodeLiteSourceCodeAccess
LogPluginManager: Mounting plugin GitSourceControl
LogPluginManager: Mounting plugin KDevelopSourceCodeAccess
LogPluginManager: Mounting plugin NullSourceCodeAccess
LogPluginManager: Mounting plugin PerforceSourceControl
LogPluginManager: Mounting plugin SubversionSourceControl
LogPluginManager: Mounting plugin VisualStudioCodeSourceCodeAccess
LogPluginManager: Mounting plugin VisualStudioSourceCodeAccess
LogPluginManager: Mounting plugin XCodeSourceCodeAccess
LogPluginManager: Mounting plugin AssetManagerEditor
LogPluginManager: Mounting plugin DataValidation
LogPluginManager: Mounting plugin FacialAnimation
LogPluginManager: Mounting plugin GameplayTagsEditor
LogPluginManager: Mounting plugin MobileLauncherProfileWizard
LogPluginManager: Mounting plugin PluginBrowser
LogPluginManager: Mounting plugin SpeedTreeImporter
LogPluginManager: Mounting plugin DatasmithContent
LogPluginManager: Mounting plugin AlembicImporter
LogPluginManager: Mounting plugin CharacterAI
LogPluginManager: Mounting plugin HTML5Networking
LogPluginManager: Mounting plugin AndroidMedia
LogPluginManager: Mounting plugin AvfMedia
LogPluginManager: Mounting plugin ImgMedia
LogPluginManager: Mounting plugin LinearTimecode
LogPluginManager: Mounting plugin MediaCompositing
LogPluginManager: Mounting plugin MediaPlayerEditor
LogPluginManager: Mounting plugin WmfMedia
LogPluginManager: Mounting plugin TcpMessaging
LogPluginManager: Mounting plugin UdpMessaging
LogPluginManager: Mounting plugin ActorSequence
LogPluginManager: Mounting plugin LevelSequenceEditor
LogPluginManager: Mounting plugin MatineeToLevelSequence
LogPluginManager: Mounting plugin NetcodeUnitTest
LogPluginManager: Mounting plugin NUTUnrealEngine4
LogPluginManager: Mounting plugin OnlineSubsystemIOS
LogPluginManager: Mounting plugin OnlineSubsystem
LogPluginManager: Mounting plugin OnlineSubsystemNull
LogPluginManager: Mounting plugin OnlineSubsystemSteam
LogPluginManager: Mounting plugin OnlineSubsystemUtils
LogPluginManager: Mounting plugin ApexDestruction
LogPluginManager: Mounting plugin ArchVisCharacter
LogPluginManager: Mounting plugin AudioCapture
LogPluginManager: Mounting plugin CableComponent
LogPluginManager: Mounting plugin CustomMeshComponent
LogPluginManager: Mounting plugin ImmediatePhysics
LogPluginManager: Mounting plugin LocationServicesBPLibrary
LogPluginManager: Mounting plugin OculusVR
LogPluginManager: Plugin shader directory ../../../Engine/Plugins/Runtime/Oculus/OculusVR/Shaders found
LogPluginManager: Mapping shader source directory ../../../Engine/Plugins/Runtime/Oculus/OculusVR/Shaders to virtual directory /Plugin/OculusVR
LogPluginManager: Mounting plugin PhysXVehicles
LogPluginManager: Mounting plugin ProceduralMeshComponent
LogPluginManager: Mounting plugin RuntimePhysXCooking
LogPluginManager: Mounting plugin SteamVR
LogPluginManager: Mounting plugin WindowsMoviePlayer
LogPluginManager: Mounting plugin AdvancedSessions
LogPluginManager: Mounting plugin AdvancedSteamSessions
LogStreaming: Display: Took  0.859s to configure plugins.
LogInit: Using libcurl 7.47.1
LogInit:  - built for x86_64-pc-win32
LogInit:  - supports SSL with OpenSSL/1.0.2g
LogInit:  - supports HTTP deflate (compression) using libz 1.2.8
LogInit:  - other features:
LogInit:      CURL_VERSION_SSL
LogInit:      CURL_VERSION_LIBZ
LogInit:      CURL_VERSION_IPV6
LogInit:      CURL_VERSION_ASYNCHDNS
LogInit:      CURL_VERSION_LARGEFILE
LogInit:      CURL_VERSION_IDN
LogInit:  CurlRequestOptions (configurable via config and command line):
LogInit:  - bVerifyPeer = false  - Libcurl will NOT verify peer certificate
LogInit:  - bUseHttpProxy = false  - Libcurl will NOT use HTTP proxy
LogInit:  - bDontReuseConnections = false  - Libcurl will reuse connections
LogInit:  - CertBundlePath = nullptr  - Libcurl will use whatever was configured at build time.
LogInit:  - MaxHostConnections = 16  - Libcurl will limit the number of connections to a host
LogInit:  - LocalHostAddr = Default
LogOnline: Display: STEAM: Loading Steam SDK 1.39
LogOnline: Warning: STEAM: Steam API disabled!
LogOnline: Display: STEAM: OnlineSubsystemSteam::Shutdown()
LogInit: WinSock: version 1.1 (2.2), MaxSocks=32767, MaxUdp=65467
LogInit: Build: ++UE4+Release-4.19-CL-4033788
LogInit: Engine Version: 4.19.2-4033788+++UE4+Release-4.19
LogInit: Compatible Engine Version: 4.19.0-3944462+++UE4+Release-4.19
LogInit: Net CL: 3944462
LogDevObjectVersion: Number of dev versions registered: 18
LogDevObjectVersion:   Dev-Blueprints (B0D832E4-1F89-4F0D-ACCF-7EB736FD4AA2): 10
LogDevObjectVersion:   Dev-Build (E1C64328-A22C-4D53-A36C-8E866417BD8C): 0
LogDevObjectVersion:   Dev-Core (375EC13C-06E4-48FB-B500-84F0262A717E): 2
LogDevObjectVersion:   Dev-Editor (E4B068ED-F494-42E9-A231-DA0B2E46BB41): 23
LogDevObjectVersion:   Dev-Framework (CFFC743F-43B0-4480-9391-14DF171D2073): 33
LogDevObjectVersion:   Dev-Mobile (B02B49B5-BB20-44E9-A304-32B752E40360): 2
LogDevObjectVersion:   Dev-Networking (A4E4105C-59A1-49B5-A7C5-40C4547EDFEE): 0
LogDevObjectVersion:   Dev-Online (39C831C9-5AE6-47DC-9A44-9C173E1C8E7C): 0
LogDevObjectVersion:   Dev-Physics (78F01B33-EBEA-4F98-B9B4-84EACCB95AA2): 0
LogDevObjectVersion:   Dev-Platform (6631380F-2D4D-43E0-8009-CF276956A95A): 0
LogDevObjectVersion:   Dev-Rendering (12F88B9F-8875-4AFC-A67C-D90C383ABD29): 25
LogDevObjectVersion:   Dev-Sequencer (7B5AE74C-D270-4C10-A958-57980B212A5A): 6
LogDevObjectVersion:   Dev-VR (D7296918-1DD6-4BDD-9DE2-64A83CC13884): 1
LogDevObjectVersion:   Dev-LoadTimes (C2A15278-BFE7-4AFE-6C17-90FF531DF755): 1
LogDevObjectVersion:   Private-Geometry (6EACA3D4-40EC-4CC1-B786-8BED09428FC5): 2
LogDevObjectVersion:   Dev-AnimPhys (29E575DD-E0A3-4627-9D10-D276232CDCEA): 16
LogDevObjectVersion:   Dev-ReflectionCapture (6B266CEC-1EC7-4B8F-A30B-E4D90942FC07): 1
LogDevObjectVersion:   Dev-Automation (0DF73D61-A23F-47EA-B727-89E90C41499A): 1
LogInit: Compiled (64-bit): Apr 27 2018 02:06:57
LogInit: Compiled with Visual C++: 19.00.24215.01
LogInit: Build Configuration: Development
LogInit: Branch Name: ++UE4+Release-4.19
LogInit: Command Line:  
LogInit: Base Directory: C:/Program Files/UE_4.19/Engine/Binaries/Win64/
LogInit: Installed Engine Build: 1
LogStreaming: Display: Took  0.005s to delete old logs.
LogInit: Presizing for max 8388607 objects, including 0 objects not considered by GC, pre-allocating 0 bytes for permanent pool.
LogInit: Object subsystem initialized
[2018.09.09-22.00.51:147][  0]LogModuleManager: Warning: No filename provided for module ExampleDeviceProfileSelector
[2018.09.09-22.00.51:147][  0]LogModuleManager: Warning: ModuleManager: Unable to load module 'ExampleDeviceProfileSelector' because the file 'C:/Program Files/UE_4.19/Engine/Binaries/Win64/' was not found.
[2018.09.09-22.00.51:147][  0]LogInit: Applying CVar settings loaded from the selected device profile: [Windows]
[2018.09.09-22.00.51:154][  0]LogInit: Computer: DESKTOP-OKQS3QU
[2018.09.09-22.00.51:154][  0]LogInit: User: Joe
[2018.09.09-22.00.51:154][  0]LogInit: CPU Page size=4096, Cores=4
[2018.09.09-22.00.51:154][  0]LogInit: High frequency timer resolution =4.101572 MHz
[2018.09.09-22.00.51:154][  0]LogMemory: Memory total: Physical=8.0GB (8GB approx)
[2018.09.09-22.00.51:154][  0]LogMemory: Platform Memory Stats for Windows
[2018.09.09-22.00.51:154][  0]LogMemory: Process Physical Memory: 275.64 MB used, 275.64 MB peak
[2018.09.09-22.00.51:154][  0]LogMemory: Process Virtual Memory: 272.72 MB used, 272.72 MB peak
[2018.09.09-22.00.51:154][  0]LogMemory: Physical Memory: 5565.21 MB used,  2586.56 MB free, 8151.77 MB total
[2018.09.09-22.00.51:154][  0]LogMemory: Virtual Memory: 4803.51 MB used,  2586.56 MB free, 134217728.00 MB total
[2018.09.09-22.00.51:209][  0]LogInit: Using OS detected language (en-US).
[2018.09.09-22.00.51:209][  0]LogInit: Using OS detected locale (en-US).
[2018.09.09-22.00.51:211][  0]LogTextLocalizationManager: No specific localization for 'en-US' exists, so the 'en' localization will be used.
[2018.09.09-22.00.51:541][  0]LogStreaming: Display: Took  0.332s to EndInitTextLocalization.
[2018.09.09-22.00.51:541][  0]LogInit: Setting process to per monitor DPI aware
[2018.09.09-22.00.51:569][  0]LogSlate: New Slate User Created.  User Index 0, Is Virtual User: 0
[2018.09.09-22.00.51:569][  0]LogSlate: Slate User Registered.  User Index 0, Is Virtual User: 0
[2018.09.09-22.00.51:716][  0]LogD3D11RHI: D3D11 adapters:
[2018.09.09-22.00.51:786][  0]LogD3D11RHI:    0. 'NVIDIA GeForce GTX 1050' (Feature Level 11_0)
[2018.09.09-22.00.51:786][  0]LogD3D11RHI:       1977/0/4075 MB DedicatedVideo/DedicatedSystem/SharedSystem, Outputs:2, VendorId:0x10de
[2018.09.09-22.00.51:788][  0]LogD3D11RHI:    1. 'Microsoft Basic Render Driver' (Feature Level 11_0)
[2018.09.09-22.00.51:788][  0]LogD3D11RHI:       0/0/4075 MB DedicatedVideo/DedicatedSystem/SharedSystem, Outputs:0, VendorId:0x1414
[2018.09.09-22.00.51:788][  0]LogD3D11RHI: Chosen D3D11 Adapter: 0
[2018.09.09-22.00.51:796][  0]LogD3D11RHI: Creating new Direct3DDevice
[2018.09.09-22.00.51:796][  0]LogD3D11RHI:     GPU DeviceId: 0x1c81 (for the marketing name, search the web for "GPU Device Id")
[2018.09.09-22.00.51:796][  0]LogWindows: EnumDisplayDevices:
[2018.09.09-22.00.51:796][  0]LogWindows:    0. 'NVIDIA GeForce GTX 1050' (P:1 D:1)
[2018.09.09-22.00.51:796][  0]LogWindows:    1. 'NVIDIA GeForce GTX 1050' (P:0 D:1)
[2018.09.09-22.00.51:797][  0]LogWindows:    2. 'NVIDIA GeForce GTX 1050' (P:0 D:0)
[2018.09.09-22.00.51:797][  0]LogWindows:    3. 'NVIDIA GeForce GTX 1050' (P:0 D:0)
[2018.09.09-22.00.51:797][  0]LogWindows: DebugString: GetVideoDriverDetailsInvalid PrimaryIsNotTheChoosenAdapter GetVideoDriverDetailsInvalid PrimaryIsNotTheChoosenAdapter GetVideoDriverDetailsInvalid PrimaryIsNotTheChoosenAdapter GetVideoDriverDetailsInvalid PrimaryIsNotTheChoosenAdapter FoundDriverCount:0 
[2018.09.09-22.00.51:797][  0]LogD3D11RHI:     Adapter Name: NVIDIA GeForce GTX 1050
[2018.09.09-22.00.51:797][  0]LogD3D11RHI:   Driver Version: Unknown (internal:Unknown, unified:Unknown)
[2018.09.09-22.00.51:797][  0]LogD3D11RHI:      Driver Date: Unknown
[2018.09.09-22.00.51:797][  0]LogRHI: Texture pool is 1384 MB (70% of 1977 MB)
[2018.09.09-22.00.51:828][  0]LogD3D11RHI: [Aftermath] Aftermath enabled and primed
[2018.09.09-22.00.51:828][  0]LogD3D11RHI: [Aftermath] Aftermath enabled and primed
[2018.09.09-22.00.51:828][  0]LogD3D11RHI: Async texture creation enabled
[2018.09.09-22.00.51:846][  0]LogD3D11RHI: GPU Timing Frequency: 1000.000000 (Debug: 2 2)
[2018.09.09-22.00.51:942][  0]LogShaderCompilers: Guid format shader working directory is -14 characters bigger than the processId version (../../../../../Users/Joe/Desktop/Github/gamefps/fps-proto/Intermediate/Shaders/WorkingDirectory/23348/).
[2018.09.09-22.00.51:942][  0]LogShaderCompilers: Cleaned the shader compiler working directory 'C:/Users/Joe/AppData/Local/Temp/UnrealShaderWorkingDir/9E93B6FE43F081464A9D3EB0DB17F525/'.
[2018.09.09-22.00.52:240][  0]LogTemp: Display: Loaded TP AllDesktopTargetPlatform
[2018.09.09-22.00.52:252][  0]LogTemp: Display: Loaded TP MacClientTargetPlatform
[2018.09.09-22.00.52:266][  0]LogTemp: Display: Loaded TP MacNoEditorTargetPlatform
[2018.09.09-22.00.52:278][  0]LogTemp: Display: Loaded TP MacServerTargetPlatform
[2018.09.09-22.00.52:290][  0]LogTemp: Display: Loaded TP MacTargetPlatform
[2018.09.09-22.00.52:304][  0]LogTemp: Display: Loaded TP WindowsClientTargetPlatform
[2018.09.09-22.00.52:317][  0]LogTemp: Display: Loaded TP WindowsNoEditorTargetPlatform
[2018.09.09-22.00.52:329][  0]LogTemp: Display: Loaded TP WindowsServerTargetPlatform
[2018.09.09-22.00.52:339][  0]LogTemp: Display: Loaded TP WindowsTargetPlatform
[2018.09.09-22.00.52:349][  0]LogTemp: Display: Loaded TP Android_ASTCTargetPlatform
[2018.09.09-22.00.52:359][  0]LogTemp: Display: Loaded TP Android_ATCTargetPlatform
[2018.09.09-22.00.52:373][  0]LogTemp: Display: Loaded TP Android_DXTTargetPlatform
[2018.09.09-22.00.52:384][  0]LogTemp: Display: Loaded TP Android_ETC1aTargetPlatform
[2018.09.09-22.00.52:394][  0]LogTemp: Display: Loaded TP Android_ETC1TargetPlatform
[2018.09.09-22.00.52:408][  0]LogTemp: Display: Loaded TP Android_ETC2TargetPlatform
[2018.09.09-22.00.52:431][  0]LogTemp: Display: Loaded TP Android_MultiTargetPlatform
[2018.09.09-22.00.52:431][  0]LogTemp: Display: Loaded TP Android_PVRTCTargetPlatform
[2018.09.09-22.00.52:444][  0]LogTemp: Display: Loaded TP AndroidTargetPlatform
[2018.09.09-22.00.52:446][  0]LogTemp: Display: Loaded TP HTML5TargetPlatform
[2018.09.09-22.00.52:483][  0]LogTemp: Display: Loaded TP IOSTargetPlatform
[2018.09.09-22.00.52:493][  0]LogTemp: Display: Loaded TP TVOSTargetPlatform
[2018.09.09-22.00.52:506][  0]LogTemp: Display: Loaded TP LinuxClientTargetPlatform
[2018.09.09-22.00.52:517][  0]LogTemp: Display: Loaded TP LinuxNoEditorTargetPlatform
[2018.09.09-22.00.52:528][  0]LogTemp: Display: Loaded TP LinuxServerTargetPlatform
[2018.09.09-22.00.52:542][  0]LogTemp: Display: Loaded TP LinuxTargetPlatform
[2018.09.09-22.00.52:542][  0]LogTargetPlatformManager: Display: Building Assets For Windows
[2018.09.09-22.00.52:661][  0]LogXGEController: Cannot use XGE Controller as Incredibuild is not installed on this machine.
[2018.09.09-22.00.52:661][  0]LogShaderCompilers: Cannot use XGE Shader Compiler as Incredibuild is not installed on this machine.
[2018.09.09-22.00.52:661][  0]LogShaderCompilers: Display: Using Local Shader Compiler.
[2018.09.09-22.00.53:188][  0]LogDerivedDataCache: Display: Max Cache Size: 512 MB
[2018.09.09-22.00.53:249][  0]LogDerivedDataCache: Loaded boot cache 0.06s 75MB C:/Users/Joe/AppData/Local/UnrealEngine/4.19/DerivedDataCache/Boot.ddc.
[2018.09.09-22.00.53:249][  0]LogDerivedDataCache: Display: Loaded Boot cache: C:/Users/Joe/AppData/Local/UnrealEngine/4.19/DerivedDataCache/Boot.ddc
[2018.09.09-22.00.53:249][  0]LogDerivedDataCache: FDerivedDataBackendGraph:  Pak pak cache file ../../../../../Users/Joe/Desktop/Github/gamefps/fps-proto/DerivedDataCache/DDC.ddp not found, will not use a pak cache.
[2018.09.09-22.00.53:249][  0]LogDerivedDataCache: Unable to find inner node Pak for hierarchical cache Hierarchy.
[2018.09.09-22.00.53:249][  0]LogDerivedDataCache: FDerivedDataBackendGraph:  CompressedPak pak cache file ../../../../../Users/Joe/Desktop/Github/gamefps/fps-proto/DerivedDataCache/Compressed.ddp not found, will not use a pak cache.
[2018.09.09-22.00.53:249][  0]LogDerivedDataCache: Unable to find inner node CompressedPak for hierarchical cache Hierarchy.
[2018.09.09-22.00.53:261][  0]LogDerivedDataCache: Display: Pak cache opened for reading ../../../Engine/DerivedDataCache/Compressed.ddp.
[2018.09.09-22.00.53:273][  0]LogDerivedDataCache: Using Local data cache path C:/Users/Joe/AppData/Local/UnrealEngine/Common/DerivedDataCache: Writable
[2018.09.09-22.00.53:273][  0]LogDerivedDataCache: Shared data cache path not found in *engine.ini, will not use an Shared cache.
[2018.09.09-22.00.53:273][  0]LogDerivedDataCache: Unable to find inner node Shared for hierarchical cache Hierarchy.
[2018.09.09-22.00.53:282][  0]LogMaterial: Verifying Global Shaders for PCD3D_SM5
[2018.09.09-22.00.53:282][  0]LogSlate: Using Freetype 2.6.0
[2018.09.09-22.00.53:283][  0]LogSlate: SlateFontCache - WITH_FREETYPE: 1, WITH_HARFBUZZ: 1
[2018.09.09-22.00.53:283][  0]LogSlate: SlateFontCache - WITH_FREETYPE: 1, WITH_HARFBUZZ: 1
[2018.09.09-22.00.53:423][  0]LogAssetRegistry: FAssetRegistry took 0.0259 seconds to start up
[2018.09.09-22.00.53:672][  0]LogModuleManager: Warning: No filename provided for module ExampleDeviceProfileSelector
[2018.09.09-22.00.53:672][  0]LogModuleManager: Warning: ModuleManager: Unable to load module 'ExampleDeviceProfileSelector' because the file 'C:/Program Files/UE_4.19/Engine/Binaries/Win64/' was not found.
[2018.09.09-22.00.53:823][  0]LogSimplygon: Simplygon DLL not present - disabling.
[2018.09.09-22.00.53:826][  0]LogMeshReduction: Using SimplygonSwarm for distributed automatic mesh merging
[2018.09.09-22.00.53:826][  0]LogMeshReduction: Using QuadricMeshReduction for automatic static mesh reduction
[2018.09.09-22.00.53:826][  0]LogMeshReduction: No automatic skeletal mesh reduction module available
[2018.09.09-22.00.53:826][  0]LogMeshReduction: No automatic mesh merging module available
[2018.09.09-22.00.53:826][  0]LogMeshMerging: No automatic mesh merging module available
[2018.09.09-22.00.53:859][  0]LogNetVersion: FPSPrototype , NetCL: 3944462, EngineNetVer: 2, GameNetVer: 0 (Checksum: 1221512049)
[2018.09.09-22.00.54:228][  0]LogPackageLocalizationCache: Processed 6 localized package path(s) for 2 prioritized culture(s) in 0.057809 seconds
[2018.09.09-22.00.54:233][  0]LogUObjectArray: 36343 objects as part of root set at end of initial load.
[2018.09.09-22.00.54:233][  0]LogUObjectAllocator: 7451104 out of 0 bytes used by permanent object pool.
[2018.09.09-22.00.54:233][  0]LogUObjectArray: CloseDisregardForGC: 0/0 objects in disregard for GC pool
[2018.09.09-22.00.56:116][  0]LogTcpMessaging: Initializing TcpMessaging bridge
[2018.09.09-22.00.56:145][  0]LogUdpMessaging: Initializing bridge on interface 0.0.0.0:0 to multicast group 230.0.0.1:6666.
[2018.09.09-22.00.56:950][  0]SourceControl: Source control is disabled
[2018.09.09-22.00.56:951][  0]SourceControl: Source control is disabled
[2018.09.09-22.00.56:968][  0]SourceControl: Source control is disabled
[2018.09.09-22.00.56:986][  0]SourceControl: Source control is disabled
[2018.09.09-22.00.57:563][  0]LogOcInput: OculusInput pre-init called
[2018.09.09-22.00.57:688][  0]LogEngine: Initializing Engine...
[2018.09.09-22.00.57:690][  0]LogHMD: Failed to initialize OpenVR with code 110
[2018.09.09-22.00.57:691][  0]LogStats: UGameplayTagsManager::ConstructGameplayTagTree: Construct from data asset -  0.000 s
[2018.09.09-22.00.57:691][  0]LogStats: UGameplayTagsManager::ConstructGameplayTagTree: GameplayTagTreeChangedEvent.Broadcast -  0.000 s
[2018.09.09-22.00.57:896][  0]LogAIModule: Creating AISystem for world Untitled
[2018.09.09-22.00.57:960][  0]LogInit: XAudio2 using 'Speakers (Ear Force Stealth 400)' : 2 channels at 48 kHz using 16 bits per sample (channel mask 0x3)
[2018.09.09-22.00.58:036][  0]LogInit: FAudioDevice initialized.
[2018.09.09-22.00.58:159][  0]LogDerivedDataCache: Saved boot cache 0.12s 75MB C:/Users/Joe/AppData/Local/UnrealEngine/4.19/DerivedDataCache/Boot.ddc.
[2018.09.09-22.00.58:169][  0]LogInit: Texture streaming: Enabled
[2018.09.09-22.00.58:248][  0]LogEngineSessionManager: EngineSessionManager initialized
[2018.09.09-22.00.58:265][  0]LogInit: Transaction tracking system initialized
[2018.09.09-22.00.58:293][  0]BlueprintLog: New page: Editor Load
[2018.09.09-22.00.58:394][  0]LocalizationService: Localization service is disabled
[2018.09.09-22.00.58:491][  0]LogConsoleResponse: Display: 
[2018.09.09-22.00.58:642][  0]LogCook: Display: Max memory allowance for cook 16384mb min free memory 0mb
[2018.09.09-22.00.58:642][  0]LogCook: Display: Mobile HDR setting 1
[2018.09.09-22.00.58:642][  0]LogGameplayTags: Display: UGameplayTagsManager::DoneAddingNativeTags. DelegateIsBound: 0
[2018.09.09-22.00.58:642][  0]LogStats: UGameplayTagsManager::ConstructGameplayTagTree: Construct from data asset -  0.000 s
[2018.09.09-22.00.58:642][  0]LogStats: UGameplayTagsManager::ConstructGameplayTagTree: GameplayTagTreeChangedEvent.Broadcast -  0.000 s
[2018.09.09-22.00.58:984][  0]LogFileCache: Scanning file cache for directory 'C:/Users/Joe/Desktop/Github/gamefps/fps-proto/Content/' took 0.04s
[2018.09.09-22.00.58:984][  0]SourceControl: Source control is disabled
[2018.09.09-22.00.58:984][  0]Cmd: MAP LOAD FILE="../../../../../Users/Joe/Desktop/Github/gamefps/fps-proto/Content/Blueprints/Levels/Main_menu.umap" TEMPLATE=0 SHOWPROGRESS=1 FEATURELEVEL=3
[2018.09.09-22.00.58:984][  0]LightingResults: New page: Lighting Build
[2018.09.09-22.00.58:987][  0]MapCheck: New page: Map Check
[2018.09.09-22.00.58:987][  0]LightingResults: New page: Lighting Build
[2018.09.09-22.00.59:025][  0]LogUObjectGlobals: Created PersistentFrame Addr=0x000001fb6e8a6200, Size=520, Default__GameInfoInstance_C Function /Game/Blueprints/AllLevels/GameInfoInstance.GameInfoInstance_C:ExecuteUbergraph_GameInfoInstance
[2018.09.09-22.00.59:031][  0]LogUObjectGlobals: Destroyed PersistentFrame Addr=0x000001fb6e8a6200, Size=520
[2018.09.09-22.00.59:031][  0]LogUObjectGlobals: Created PersistentFrame Addr=0x000001fb6e8a6200, Size=520, Default__GameInfoInstance_C Function /Engine/Transient.REINST_GameInfoInstance_C_8:ExecuteUbergraph_GameInfoInstance
[2018.09.09-22.00.59:037][  0]LogUObjectGlobals: Created PersistentFrame Addr=0x000001fb6e7df100, Size=520, Default__GameInfoInstance_C Function /Game/Blueprints/AllLevels/GameInfoInstance.GameInfoInstance_C:ExecuteUbergraph_GameInfoInstance
[2018.09.09-22.00.59:039][  0]LogUObjectGlobals: Created PersistentFrame Addr=0x000001fb6e7af740, Size=32, Default__Main_menu_C Function /Game/Blueprints/Levels/Main_menu.Main_menu_C:ExecuteUbergraph_Main_menu
[2018.09.09-22.00.59:040][  0]LogUObjectGlobals: Destroyed PersistentFrame Addr=0x000001fb6e7af740, Size=32
[2018.09.09-22.00.59:040][  0]LogUObjectGlobals: Created PersistentFrame Addr=0x000001fb6e7af740, Size=32, Default__Main_menu_C Function /Engine/Transient.REINST_Main_menu_C_10:ExecuteUbergraph_Main_menu
[2018.09.09-22.00.59:040][  0]LogUObjectGlobals: Created PersistentFrame Addr=0x000001fb6e7afe40, Size=32, Default__Main_menu_C Function /Game/Blueprints/Levels/Main_menu.Main_menu_C:ExecuteUbergraph_Main_menu
[2018.09.09-22.00.59:078][  0]LogAIModule: Creating AISystem for world Main_menu
[2018.09.09-22.00.59:079][  0]LogEditorServer: Finished looking for orphan Actors (0.000 secs)
[2018.09.09-22.00.59:087][  0]LogUObjectGlobals: Destroyed PersistentFrame Addr=0x000001fb6e8a6200, Size=520
[2018.09.09-22.00.59:087][  0]LogUObjectGlobals: Destroyed PersistentFrame Addr=0x000001fb6e7af740, Size=32
[2018.09.09-22.00.59:088][  0]Cmd: MAP CHECKDEP NOCLEARLOG
[2018.09.09-22.00.59:123][  0]MapCheck: Map check complete: 0 Error(s), 0 Warning(s), took 34.847ms to complete.
[2018.09.09-22.00.59:123][  0]LogFileHelpers: Loading map 'Main_menu' took 0.138
[2018.09.09-22.00.59:257][  0]LogCollectionManager: Loaded 0 collections in 0.001829 seconds
[2018.09.09-22.00.59:302][  0]LogFileCache: Scanning file cache for directory 'C:/Users/Joe/Desktop/Github/gamefps/fps-proto/Saved/Collections/' took 0.01s
[2018.09.09-22.00.59:302][  0]LogFileCache: Scanning file cache for directory 'C:/Users/Joe/Desktop/Github/gamefps/fps-proto/Content/Developers/Joe/Collections/' took 0.01s
[2018.09.09-22.00.59:302][  0]LogFileCache: Scanning file cache for directory 'C:/Users/Joe/Desktop/Github/gamefps/fps-proto/Content/Collections/' took 0.01s
[2018.09.09-22.00.59:302][  0]LogCollectionManager: Rebuilt the GUID cache for 0 collections in 0.000000 seconds
[2018.09.09-22.00.59:310][  0]LogContentBrowser: Native class hierarchy populated in 0.0076 seconds. Added 2400 classes and 530 folders.
[2018.09.09-22.00.59:316][  0]LogContentBrowser: Native class hierarchy updated for 'WidgetCarousel' in 0.0002 seconds. Added 0 classes and 0 folders.
[2018.09.09-22.00.59:355][  0]LogContentBrowser: Native class hierarchy updated for 'AddContentDialog' in 0.0002 seconds. Added 0 classes and 0 folders.
[2018.09.09-22.00.59:360][  0]LogContentBrowser: Native class hierarchy updated for 'SceneOutliner' in 0.0002 seconds. Added 1 classes and 2 folders.
[2018.09.09-22.00.59:446][  0]LogContentBrowser: Native class hierarchy updated for 'HierarchicalLODOutliner' in 0.0002 seconds. Added 0 classes and 0 folders.
[2018.09.09-22.00.59:446][  0]LogLoad: (Engine Initialization) Total time: 10.71 seconds
[2018.09.09-22.00.59:446][  0]LogLoad: (Engine Initialization) Total Blueprint compile time: 0.00 seconds
[2018.09.09-22.00.59:801][  0]LogAssetRegistry: Asset discovery search completed in 6.4006 seconds
[2018.09.09-22.00.59:802][  0]LogCollectionManager: Rebuilt the object cache for 0 collections in 0.000000 seconds (found 0 objects)
[2018.09.09-22.00.59:802][  0]LogCollectionManager: Fixed up redirectors for 0 collections in 0.000043 seconds (updated 0 objects)
[2018.09.09-22.00.59:804][  0]LogContentStreaming: Texture pool size now 1000 MB
[2018.09.09-22.00.59:810][  0]LogSlate: Took 0.000114 seconds to synchronously load lazily loaded font '../../../Engine/Content/Slate/Fonts/Roboto-Regular.ttf' (155K)
[2018.09.09-22.00.59:811][  0]LogSlate: Took 0.000093 seconds to synchronously load lazily loaded font '../../../Engine/Content/Slate/Fonts/Roboto-Bold.ttf' (160K)
[2018.09.09-22.00.59:815][  0]LogSlate: Took 0.000107 seconds to synchronously load lazily loaded font '../../../Engine/Content/Editor/Slate/Fonts/FontAwesome.ttf' (139K)
[2018.09.09-22.00.59:891][  0]LogSlate: Took 0.000142 seconds to synchronously load lazily loaded font '../../../Engine/Content/Slate/Fonts/Roboto-Light.ttf' (167K)
[2018.09.09-22.01.00:132][  2]LogRenderer: Reallocating scene render targets to support 836x208 Format 10 NumSamples 1 (Frame:1).
[2018.09.09-22.01.00:496][  3]LogSlate: Took 0.000185 seconds to synchronously load lazily loaded font '../../../Engine/Content/Slate/Fonts/Roboto-Light.ttf' (167K)
[2018.09.09-22.01.00:539][  3]LogLinker: Warning: Can't resolve asset name
[2018.09.09-22.01.00:768][  3]LogContentBrowser: Native class hierarchy updated for 'BlueprintGraph' in 0.0006 seconds. Added 116 classes and 0 folders.
[2018.09.09-22.01.01:015][  3]LogUObjectGlobals: Created PersistentFrame Addr=0x000001fb01429758, Size=4, Default__SKEL_PROTO_BP_AnimBlueprint_0_C Function /Engine/Transient.SKEL_PROTO_BP_AnimBlueprint_0_C:ExecuteUbergraph_PROTO_BP_AnimBlueprint_0
[2018.09.09-22.01.01:016][  3]LogUObjectGlobals: Created PersistentFrame Addr=0x000001fb01429750, Size=4, Default__PROTO_BP_AnimBlueprint_0_C Function /Engine/Transient.PROTO_BP_AnimBlueprint_0_C:ExecuteUbergraph_PROTO_BP_AnimBlueprint_0
[2018.09.09-22.01.01:360][  3]LogUObjectGlobals: Created PersistentFrame Addr=0x000001fb033f8850, Size=4, Default__Main_menu_C Function /Game/Blueprints/UI/Main_menu.Main_menu_C:ExecuteUbergraph_Main_menu
[2018.09.09-22.01.01:361][  3]LogUObjectGlobals: Destroyed PersistentFrame Addr=0x000001fb033f8850, Size=4
[2018.09.09-22.01.01:361][  3]LogUObjectGlobals: Created PersistentFrame Addr=0x000001fb033f8850, Size=4, Default__Main_menu_C Function /Engine/Transient.REINST_Main_menu_C_5:ExecuteUbergraph_Main_menu
[2018.09.09-22.01.01:362][  3]LogUObjectGlobals: Created PersistentFrame Addr=0x000001fb033f87d0, Size=4, Default__Main_menu_C Function /Game/Blueprints/UI/Main_menu.Main_menu_C:ExecuteUbergraph_Main_menu
[2018.09.09-22.01.01:685][  3]LogUObjectGlobals: Created PersistentFrame Addr=0x000001fb0c2a6500, Size=728, Default__BaseFPS_Character_C Function /Game/Blueprints/Characters/BaseFPS_Character.BaseFPS_Character_C:ExecuteUbergraph_BaseFPS_Character
[2018.09.09-22.01.01:688][  3]LogUObjectGlobals: Created PersistentFrame Addr=0x000001fb0bcbdad0, Size=56, Default__YBot_Anim_BP_C Function /Game/Assets/Mesh/YBot/YBot_Anim_BP.YBot_Anim_BP_C:ExecuteUbergraph_YBot_Anim_BP
[2018.09.09-22.01.01:698][  3]LogLinker: Warning: Can't find file '/Game/FirstPerson/FPWeapon/Materials/M_FPGun'
[2018.09.09-22.01.01:698][  3]LoadErrors: Failed to load /Game/Assets/Mesh/Default_Gun/Gun_Mesh.Gun_Mesh Referenced by GunMesh_GEN_VARIABLE
[2018.09.09-22.01.01:698][  3]LogLinker: Warning: Can't find file for asset '/Game/FirstPerson/FPWeapon/Materials/M_FPGun' while loading ../../../../../Users/Joe/Desktop/Github/gamefps/fps-proto/Content/Assets/Mesh/Default_Gun/Gun_Mesh.uasset.
[2018.09.09-22.01.01:698][  3]LoadErrors: Error: /Game/Assets/Mesh/Default_Gun/Gun_Mesh : Can't find file for asset. /Game/FirstPerson/FPWeapon/Materials/M_FPGun
[2018.09.09-22.01.01:698][  3]LogLinker: Warning: Can't find file '/Game/FirstPerson/FPWeapon/Materials/M_FPGun'
[2018.09.09-22.01.01:698][  3]LogLinker: Warning: Can't find file for asset '/Game/FirstPerson/FPWeapon/Materials/M_FPGun' while loading ../../../../../Users/Joe/Desktop/Github/gamefps/fps-proto/Content/Assets/Mesh/Default_Gun/Gun_Mesh.uasset.
[2018.09.09-22.01.01:702][  3]LogUObjectGlobals: Created PersistentFrame Addr=0x000001fb0bae5c00, Size=760, Default__AI_Character_C Function /Game/Blueprints/AI/AI_Character.AI_Character_C:ExecuteUbergraph_AI_Character
[2018.09.09-22.01.01:735][  3]LogUObjectGlobals: Destroyed PersistentFrame Addr=0x000001fb0bcbdad0, Size=56
[2018.09.09-22.01.01:735][  3]LogUObjectGlobals: Created PersistentFrame Addr=0x000001fb0bcbdad0, Size=56, Default__YBot_Anim_BP_C Function /Engine/Transient.REINST_YBot_Anim_BP_C_0:ExecuteUbergraph_YBot_Anim_BP
[2018.09.09-22.01.01:736][  3]LogUObjectGlobals: Destroyed PersistentFrame Addr=0x000001fb0bae5c00, Size=760
[2018.09.09-22.01.01:736][  3]LogUObjectGlobals: Created PersistentFrame Addr=0x000001fb0ba64a00, Size=760, Default__AI_Character_C Function /Engine/Transient.REINST_AI_Character_C_25:ExecuteUbergraph_AI_Character
[2018.09.09-22.01.01:737][  3]LogUObjectGlobals: Destroyed PersistentFrame Addr=0x000001fb0c2a6500, Size=728
[2018.09.09-22.01.01:737][  3]LogUObjectGlobals: Created PersistentFrame Addr=0x000001fb0c763a00, Size=728, Default__BaseFPS_Character_C Function /Engine/Transient.REINST_BaseFPS_Character_C_26:ExecuteUbergraph_BaseFPS_Character
[2018.09.09-22.01.01:760][  3]LogBlueprint: Error: [Compiler BaseFPS_Character] Spawn node  Create Widget  must have a class specified.
[2018.09.09-22.01.01:763][  3]LogUObjectGlobals: Created PersistentFrame Addr=0x000001fb0c653c10, Size=56, Default__YBot_Anim_BP_C Function /Game/Assets/Mesh/YBot/YBot_Anim_BP.YBot_Anim_BP_C:ExecuteUbergraph_YBot_Anim_BP
[2018.09.09-22.01.01:765][  3]LogUObjectGlobals: Created PersistentFrame Addr=0x000001fb0c65ee00, Size=760, Default__AI_Character_C Function /Game/Blueprints/AI/AI_Character.AI_Character_C:ExecuteUbergraph_AI_Character
[2018.09.09-22.01.01:767][  3]LogUObjectGlobals: Created PersistentFrame Addr=0x000001fb0c65df00, Size=680, Default__BaseFPS_Character_C Function /Game/Blueprints/Characters/BaseFPS_Character.BaseFPS_Character_C:ExecuteUbergraph_BaseFPS_Character
[2018.09.09-22.01.01:770][  3]LogBlueprint: Warning: [Compiler BaseFPS_Character] [0013.04] Compile of BaseFPS_Character failed. 1 Fatal Issue(s) 0 Warning(s) [in 51 ms] (/Game/Blueprints/Characters/BaseFPS_Character.BaseFPS_Character)
[2018.09.09-22.01.01:794][  3]LogLinker: Warning: Can't find file '/Game/FirstPerson/FPWeapon/Materials/M_FPGun'
[2018.09.09-22.01.01:794][  3]LoadErrors: Failed to load /Game/FirstPerson/FPWeapon/Materials/M_FPGun.M_FPGun Referenced by Gun_Mesh
[2018.09.09-22.01.01:794][  3]LogLinker: Warning: Can't find file for asset '/Game/FirstPerson/FPWeapon/Materials/M_FPGun' while loading NULL.
[2018.09.09-22.01.01:794][  3]LogLinker: Warning: Can't find file '/Game/FirstPerson/FPWeapon/Materials/M_FPGun'
[2018.09.09-22.01.01:794][  3]LogLinker: Warning: Can't find file for asset '/Game/FirstPerson/FPWeapon/Materials/M_FPGun' while loading NULL.
[2018.09.09-22.01.02:323][  3]LogMaterial: Missing cached shader map for material Alpha_Joints_MAT2, compiling. 
[2018.09.09-22.01.03:341][  3]LogShaderCompilers: Display: Shaders left to compile 60
[2018.09.09-22.01.03:342][  3]LogShaderCompilers: Display: Shaders left to compile 50
[2018.09.09-22.01.03:342][  3]LogShaderCompilers: Display: Shaders left to compile 40
[2018.09.09-22.01.03:342][  3]LogShaderCompilers: Display: Shaders left to compile 30
[2018.09.09-22.01.03:342][  3]LogSkeletalMesh: Skeletal Mesh found in DDC [590.530396ms] /Game/Assets/Mesh/YBot/misc/ybot_T-Pose.ybot_T-Pose
[2018.09.09-22.01.04:645][  3]LogSlate: Took 0.056458 seconds to synchronously load lazily loaded font '../../../Engine/Content/Slate/Fonts/Roboto-BoldCondensed.ttf' (158K)
[2018.09.09-22.01.06:547][  9]LogShaderCompilers: Display: Shaders left to compile 20
[2018.09.09-22.01.06:879][ 10]LogShaderCompilers: Display: Shaders left to compile 10
[2018.09.09-22.01.20:675][397]LogSlate: FSceneViewport::OnFocusLost() reason 0
[2018.09.09-22.01.20:871][398]LogSlate: Took 0.067796 seconds to synchronously load lazily loaded font '../../../Engine/Content/Slate/Fonts/Roboto-Italic.ttf' (157K)
[2018.09.09-22.01.40:382][930]LogSlate: Window 'GameInfoInstance' being destroyed
[2018.09.09-22.02.52:369][449]LogRenderer: Reallocating scene render targets to support 1256x516 Format 10 NumSamples 1 (Frame:486).
[2018.09.09-22.04.05:768][243]LogSlate: FSceneViewport::OnFocusLost() reason 0
[2018.09.09-22.06.08:188][134]LogSlate: Took 0.013104 seconds to synchronously load lazily loaded font '../../../Engine/Content/Slate/Fonts/Roboto-BoldCondensedItalic.ttf' (160K)
[2018.09.09-22.06.11:003][457]Cmd: OBJ SAVEPACKAGE PACKAGE="/Game/Blueprints/AllLevels/PlayerInfo" FILE="../../../../../Users/Joe/Desktop/Github/gamefps/fps-proto/Content/Blueprints/AllLevels/PlayerInfo.uasset" SILENT=true
[2018.09.09-22.06.11:187][457]LogSavePackage: Save=32.24ms
[2018.09.09-22.06.11:187][457]LogSavePackage: Moving '../../../../../Users/Joe/Desktop/Github/gamefps/fps-proto/Saved/PlayerInfo0EBB4AFF4AE7E08E1D908BAB547468D2.tmp' to '../../../../../Users/Joe/Desktop/Github/gamefps/fps-proto/Content/Blueprints/AllLevels/PlayerInfo.uasset'
[2018.09.09-22.06.11:219][457]LogSavePackage: Display: Finished SavePackage ../../../../../Users/Joe/Desktop/Github/gamefps/fps-proto/Content/Blueprints/AllLevels/PlayerInfo.uasset
[2018.09.09-22.07.43:200][542]LogUObjectGlobals: Destroyed PersistentFrame Addr=0x000001fb033f8850, Size=4
[2018.09.09-22.07.43:202][542]LogUObjectGlobals: Destroyed PersistentFrame Addr=0x000001fb0c763a00, Size=728
[2018.09.09-22.07.43:202][542]LogUObjectGlobals: Destroyed PersistentFrame Addr=0x000001fb0bcbdad0, Size=56
[2018.09.09-22.07.43:202][542]LogUObjectGlobals: Destroyed PersistentFrame Addr=0x000001fb0ba64a00, Size=760
[2018.09.09-22.07.43:307][542]Cmd: MAP LOAD FILE="../../../../../Users/Joe/Desktop/Github/gamefps/fps-proto/Content/Blueprints/Levels/Main_menu.umap" TEMPLATE=0 SHOWPROGRESS=1 FEATURELEVEL=3
[2018.09.09-22.07.43:307][542]LightingResults: New page: Lighting Build
[2018.09.09-22.07.43:311][542]LoadErrors: New page: Loading map: Main_menu.umap
[2018.09.09-22.07.43:324][542]MapCheck: New page: Map Check
[2018.09.09-22.07.43:324][542]LightingResults: New page: Lighting Build
[2018.09.09-22.07.43:370][542]LogUObjectGlobals: Destroyed PersistentFrame Addr=0x000001fb6e7afe40, Size=32
[2018.09.09-22.07.43:383][542]LogUObjectGlobals: Created PersistentFrame Addr=0x000001fb109ea3e0, Size=32, Default__Main_menu_C Function /Game/Blueprints/Levels/Main_menu.Main_menu_C:ExecuteUbergraph_Main_menu
[2018.09.09-22.07.43:384][542]LogUObjectGlobals: Destroyed PersistentFrame Addr=0x000001fb109ea3e0, Size=32
[2018.09.09-22.07.43:384][542]LogUObjectGlobals: Created PersistentFrame Addr=0x000001fb109ea3e0, Size=32, Default__Main_menu_C Function /Engine/Transient.REINST_Main_menu_C_36:ExecuteUbergraph_Main_menu
[2018.09.09-22.07.43:391][542]LogUObjectGlobals: Created PersistentFrame Addr=0x000001fb109eb3e0, Size=32, Default__Main_menu_C Function /Game/Blueprints/Levels/Main_menu.Main_menu_C:ExecuteUbergraph_Main_menu
[2018.09.09-22.07.43:394][542]LogAIModule: Creating AISystem for world Main_menu
[2018.09.09-22.07.43:415][542]LogEditorServer: Finished looking for orphan Actors (0.000 secs)
[2018.09.09-22.07.43:431][542]LogUObjectGlobals: Destroyed PersistentFrame Addr=0x000001fb109ea3e0, Size=32
[2018.09.09-22.07.43:462][542]Cmd: MAP CHECKDEP NOCLEARLOG
[2018.09.09-22.07.43:877][542]MapCheck: Map check complete: 0 Error(s), 0 Warning(s), took 414.48ms to complete.
[2018.09.09-22.07.43:897][542]LogFileHelpers: Loading map 'Main_menu' took 0.606
[2018.09.09-22.07.55:279][896]LogSlate: FSceneViewport::OnFocusLost() reason 2
[2018.09.09-22.07.56:358][951]LogSlate: FSceneViewport::OnFocusLost() reason 2
[2018.09.09-22.10.42:688][264]Cmd: OBJ SAVEPACKAGE PACKAGE="/Game/Blueprints/AllLevels/PlayerInfo" FILE="../../../../../Users/Joe/Desktop/Github/gamefps/fps-proto/Content/Blueprints/AllLevels/PlayerInfo.uasset" SILENT=true
[2018.09.09-22.10.42:698][264]LogSavePackage: Save=1.58ms
[2018.09.09-22.10.42:698][264]LogSavePackage: Moving '../../../../../Users/Joe/Desktop/Github/gamefps/fps-proto/Saved/PlayerInfoEE2984C3443B89F610A204A2EFDD7EFF.tmp' to '../../../../../Users/Joe/Desktop/Github/gamefps/fps-proto/Content/Blueprints/AllLevels/PlayerInfo.uasset'
[2018.09.09-22.10.42:701][264]LogSavePackage: Display: Finished SavePackage ../../../../../Users/Joe/Desktop/Github/gamefps/fps-proto/Content/Blueprints/AllLevels/PlayerInfo.uasset
[2018.09.09-22.11.50:750][386]LogSlate: Window 'Delete Assets' being destroyed
[2018.09.09-22.12.11:253][608]LogSlate: Window 'Pick Parent Class' being destroyed
[2018.09.09-22.16.24:761][924]BlueprintLog: New page: Compile PlayerSaveGame
[2018.09.09-22.17.43:624][  0]LogFileHelpers: Editor autosave (incl. sublevels) for '/Game/Blueprints/Levels/Main_menu' took 0.020
[2018.09.09-22.17.43:642][  0]OBJ SavePackage: Generating thumbnails for [0] asset(s) in package [/Game/Blueprints/AllLevels/GameInfoInstance] ([1] browsable assets)...
[2018.09.09-22.17.43:642][  0]OBJ SavePackage: Finished generating thumbnails for package [/Game/Blueprints/AllLevels/GameInfoInstance]
[2018.09.09-22.17.43:721][  0]LogSavePackage: Save=59.37ms
[2018.09.09-22.17.43:721][  0]LogSavePackage: Moving '../../../../../Users/Joe/Desktop/Github/gamefps/fps-proto/Saved/GameInfoInstance_Auto1D222D4FB44B2543BEEFDAB8F6764E32D.tmp' to '../../../../../Users/Joe/Desktop/Github/gamefps/fps-proto/Saved/Autosaves/Game/Blueprints/AllLevels/GameInfoInstance_Auto1.uasset'
[2018.09.09-22.17.43:722][  0]LogSavePackage: Display: Finished SavePackage ../../../../../Users/Joe/Desktop/Github/gamefps/fps-proto/Saved/Autosaves/Game/Blueprints/AllLevels/GameInfoInstance_Auto1.uasset
[2018.09.09-22.17.43:723][  0]OBJ SavePackage: Generating thumbnails for [0] asset(s) in package [/Game/Blueprints/AllLevels/PlayerSaveGame] ([1] browsable assets)...
[2018.09.09-22.17.43:723][  0]OBJ SavePackage: Finished generating thumbnails for package [/Game/Blueprints/AllLevels/PlayerSaveGame]
[2018.09.09-22.17.43:743][  0]LogSavePackage: Save=18.39ms
[2018.09.09-22.17.43:743][  0]LogSavePackage: Moving '../../../../../Users/Joe/Desktop/Github/gamefps/fps-proto/Saved/PlayerSaveGame_Auto161F156034F38EB6D83E1FD9CAEB1577C.tmp' to '../../../../../Users/Joe/Desktop/Github/gamefps/fps-proto/Saved/Autosaves/Game/Blueprints/AllLevels/PlayerSaveGame_Auto1.uasset'
[2018.09.09-22.17.43:744][  0]LogSavePackage: Display: Finished SavePackage ../../../../../Users/Joe/Desktop/Github/gamefps/fps-proto/Saved/Autosaves/Game/Blueprints/AllLevels/PlayerSaveGame_Auto1.uasset
[2018.09.09-22.17.43:744][  0]LogFileHelpers: Auto-saving content packages took 0.120
[2018.09.09-22.24.55:600][885]LogSlate: Window 'Save Content' being destroyed
[2018.09.09-22.24.55:606][885]Cmd: OBJ SAVEPACKAGE PACKAGE="/Game/Blueprints/AllLevels/GameInfoInstance" FILE="../../../../../Users/Joe/Desktop/Github/gamefps/fps-proto/Content/Blueprints/AllLevels/GameInfoInstance.uasset" SILENT=true
[2018.09.09-22.24.55:654][885]LogSavePackage: Save=38.12ms
[2018.09.09-22.24.55:654][885]LogSavePackage: Moving '../../../../../Users/Joe/Desktop/Github/gamefps/fps-proto/Saved/GameInfoInstanceCC23FBE1487EF5FA91321794E690097F.tmp' to '../../../../../Users/Joe/Desktop/Github/gamefps/fps-proto/Content/Blueprints/AllLevels/GameInfoInstance.uasset'
[2018.09.09-22.24.55:658][885]LogSavePackage: Display: Finished SavePackage ../../../../../Users/Joe/Desktop/Github/gamefps/fps-proto/Content/Blueprints/AllLevels/GameInfoInstance.uasset
[2018.09.09-22.24.55:658][885]Cmd: OBJ SAVEPACKAGE PACKAGE="/Game/Blueprints/AllLevels/PlayerSaveGame" FILE="../../../../../Users/Joe/Desktop/Github/gamefps/fps-proto/Content/Blueprints/AllLevels/PlayerSaveGame.uasset" SILENT=true
[2018.09.09-22.24.55:662][885]LogSavePackage: Save=2.25ms
[2018.09.09-22.24.55:662][885]LogSavePackage: Moving '../../../../../Users/Joe/Desktop/Github/gamefps/fps-proto/Saved/PlayerSaveGame59270D144749C652089DC6A5CD6AA4C4.tmp' to '../../../../../Users/Joe/Desktop/Github/gamefps/fps-proto/Content/Blueprints/AllLevels/PlayerSaveGame.uasset'
[2018.09.09-22.24.55:664][885]LogSavePackage: Display: Finished SavePackage ../../../../../Users/Joe/Desktop/Github/gamefps/fps-proto/Content/Blueprints/AllLevels/PlayerSaveGame.uasset
[2018.09.09-22.24.55:760][885]LogSavePackage: Save=7.39ms
[2018.09.09-22.24.55:760][885]LogSavePackage: Moving '../../../../../Users/Joe/Desktop/Github/gamefps/fps-proto/Saved/ffa_mp158D1697B428F94CE2BF9F297CA22387A.tmp' to '../../../../../Users/Joe/Desktop/Github/gamefps/fps-proto/Content/Blueprints/Levels/ffa_mp1.umap'
[2018.09.09-22.24.55:762][885]LogSavePackage: Display: Finished SavePackage ../../../../../Users/Joe/Desktop/Github/gamefps/fps-proto/Content/Blueprints/Levels/ffa_mp1.umap
[2018.09.09-22.24.55:762][885]LogFileHelpers: Saving map 'ffa_mp1' took 0.078
[2018.09.09-22.24.55:765][885]Cmd: MAP LOAD FILE="../../../../../Users/Joe/Desktop/Github/gamefps/fps-proto/Content/Blueprints/Levels/ffa_mp1.umap" TEMPLATE=0 SHOWPROGRESS=1 FEATURELEVEL=3
[2018.09.09-22.24.55:765][885]LightingResults: New page: Lighting Build
[2018.09.09-22.24.55:765][885]LoadErrors: New page: Loading map: ffa_mp1.umap
[2018.09.09-22.24.55:798][885]MapCheck: New page: Map Check
[2018.09.09-22.24.55:798][885]LightingResults: New page: Lighting Build
[2018.09.09-22.24.55:814][885]LogUObjectGlobals: Destroyed PersistentFrame Addr=0x000001fb109eb3e0, Size=32
[2018.09.09-22.24.55:816][885]LogEditorServer: Finished looking for orphan Actors (0.000 secs)
[2018.09.09-22.24.55:816][885]LogAIModule: Creating AISystem for world ffa_mp1
[2018.09.09-22.24.55:858][885]Cmd: MAP CHECKDEP NOCLEARLOG
[2018.09.09-22.24.55:898][885]MapCheck: Map check complete: 0 Error(s), 0 Warning(s), took 39.864ms to complete.
[2018.09.09-22.24.55:899][885]LogFileHelpers: Loading map 'ffa_mp1' took 0.135
[2018.09.09-22.28.02:872][110]BlueprintLog: New page: Compile GameInfoInstance
[2018.09.09-22.28.02:898][110]LogUObjectGlobals: Destroyed PersistentFrame Addr=0x000001fb6e7df100, Size=520
[2018.09.09-22.28.02:898][110]LogUObjectGlobals: Created PersistentFrame Addr=0x000001fb1270e480, Size=520, Default__GameInfoInstance_C Function /Engine/Transient.REINST_GameInfoInstance_C_56:ExecuteUbergraph_GameInfoInstance
[2018.09.09-22.28.02:904][110]LogUObjectGlobals: Created PersistentFrame Addr=0x000001fb82a31300, Size=520, Default__GameInfoInstance_C Function /Game/Blueprints/AllLevels/GameInfoInstance.GameInfoInstance_C:ExecuteUbergraph_GameInfoInstance
[2018.09.09-22.28.03:720][192]Cmd: OBJ SAVEPACKAGE PACKAGE="/Game/Blueprints/AllLevels/GameInfoInstance" FILE="../../../../../Users/Joe/Desktop/Github/gamefps/fps-proto/Content/Blueprints/AllLevels/GameInfoInstance.uasset" SILENT=true
[2018.09.09-22.28.03:760][192]LogSavePackage: Save=32.27ms
[2018.09.09-22.28.03:760][192]LogSavePackage: Moving '../../../../../Users/Joe/Desktop/Github/gamefps/fps-proto/Saved/GameInfoInstance03A46D3540F74A28249260BEE3D05D5A.tmp' to '../../../../../Users/Joe/Desktop/Github/gamefps/fps-proto/Content/Blueprints/AllLevels/GameInfoInstance.uasset'
[2018.09.09-22.28.03:761][192]LogSavePackage: Display: Finished SavePackage ../../../../../Users/Joe/Desktop/Github/gamefps/fps-proto/Content/Blueprints/AllLevels/GameInfoInstance.uasset
[2018.09.09-22.44.52:486][770]LogSlate: FSceneViewport::OnFocusLost() reason 0
[2018.09.09-22.44.52:507][770]LogUObjectGlobals: Destroyed PersistentFrame Addr=0x000001fb1270e480, Size=520
[2018.09.09-22.44.52:638][770]LogSlate: Window 'FPSPrototype - Unreal Editor' being destroyed
[2018.09.09-22.44.52:811][771]Cmd: QUIT_EDITOR
[2018.09.09-22.44.52:825][771]LogWindowsTextInputMethodSystem: Display: IME system now deactivated.
[2018.09.09-22.44.52:834][771]LogSlate: Slate User Destroyed.  User Index 0, Is Virtual User: 0
[2018.09.09-22.44.52:834][771]LogExit: Preparing to exit.
[2018.09.09-22.44.53:524][771]LogDirectoryWatcher: A directory notification for 'C:/Users/Joe/Desktop/Github/gamefps/fps-proto/Content/' was aborted.
[2018.09.09-22.44.53:589][771]LogExit: Editor shut down
[2018.09.09-22.44.53:609][771]LogExit: Transaction tracking system shut down
[2018.09.09-22.44.53:613][771]LogUObjectGlobals: Destroyed PersistentFrame Addr=0x000001fb01429758, Size=4
[2018.09.09-22.44.53:613][771]LogUObjectGlobals: Destroyed PersistentFrame Addr=0x000001fb01429750, Size=4
[2018.09.09-22.44.53:614][771]LogUObjectGlobals: Destroyed PersistentFrame Addr=0x000001fb033f87d0, Size=4
[2018.09.09-22.44.53:614][771]LogUObjectGlobals: Destroyed PersistentFrame Addr=0x000001fb82a31300, Size=520
[2018.09.09-22.44.53:615][771]LogUObjectGlobals: Destroyed PersistentFrame Addr=0x000001fb0c653c10, Size=56
[2018.09.09-22.44.53:615][771]LogUObjectGlobals: Destroyed PersistentFrame Addr=0x000001fb0c65ee00, Size=760
[2018.09.09-22.44.53:615][771]LogUObjectGlobals: Destroyed PersistentFrame Addr=0x000001fb0c65df00, Size=680
[2018.09.09-22.44.53:744][771]LogDirectoryWatcher: A directory notification for '../../Plugins/Enterprise/DatasmithContent/Content/' was aborted.
[2018.09.09-22.44.53:744][771]LogDirectoryWatcher: A directory notification for '../../Plugins/Media/MediaCompositing/Content/' was aborted.
[2018.09.09-22.44.53:744][771]LogDirectoryWatcher: A directory notification for '../../Plugins/Runtime/Oculus/OculusVR/Content/' was aborted.
[2018.09.09-22.44.53:744][771]LogDirectoryWatcher: A directory notification for '../../Plugins/Runtime/Steam/SteamVR/Content/' was aborted.
[2018.09.09-22.44.53:899][771]LogExit: Object subsystem successfully closed.
[2018.09.09-22.44.53:914][771]LogShaderCompilers: Display: Shaders left to compile 0
[2018.09.09-22.44.53:918][771]LogD3D11RHI: Shutdown
[2018.09.09-22.44.53:919][771]LogD3D11RHI: CleanupD3DDevice
[2018.09.09-22.44.53:923][771]LogD3D11RHI: ~FD3D11DynamicRHI
[2018.09.09-22.44.53:941][771]LogModuleManager: Shutting down and abandoning module SequencerWidgets (559)
[2018.09.09-22.44.53:941][771]LogModuleManager: Shutting down and abandoning module BlueprintGraph (557)
[2018.09.09-22.44.53:941][771]LogModuleManager: Shutting down and abandoning module HierarchicalLODOutliner (555)
[2018.09.09-22.44.53:941][771]LogModuleManager: Shutting down and abandoning module SceneOutliner (553)
[2018.09.09-22.44.53:941][771]LogModuleManager: Shutting down and abandoning module AddContentDialog (551)
[2018.09.09-22.44.53:941][771]LogDirectoryWatcher: A directory notification for 'C:/Program Files/UE_4.19/FeaturePacks/' was aborted.
[2018.09.09-22.44.53:946][771]LogModuleManager: Shutting down and abandoning module WidgetCarousel (550)
[2018.09.09-22.44.53:946][771]LogModuleManager: Shutting down and abandoning module EditorWidgets (547)
[2018.09.09-22.44.53:946][771]LogModuleManager: Shutting down and abandoning module CollectionManager (545)
[2018.09.09-22.44.53:946][771]LogDirectoryWatcher: A directory notification for 'C:/Users/Joe/Desktop/Github/gamefps/fps-proto/Content/Collections/' was aborted.
[2018.09.09-22.44.53:946][771]LogDirectoryWatcher: A directory notification for 'C:/Users/Joe/Desktop/Github/gamefps/fps-proto/Content/Developers/Joe/Collections/' was aborted.
[2018.09.09-22.44.53:946][771]LogDirectoryWatcher: A directory notification for 'C:/Users/Joe/Desktop/Github/gamefps/fps-proto/Saved/Collections/' was aborted.
[2018.09.09-22.44.53:946][771]LogModuleManager: Shutting down and abandoning module StatsViewer (543)
[2018.09.09-22.44.53:946][771]LogModuleManager: Shutting down and abandoning module FoliageEdit (541)
[2018.09.09-22.44.53:946][771]LogModuleManager: Shutting down and abandoning module LandscapeEditor (539)
[2018.09.09-22.44.53:946][771]LogModuleManager: Shutting down and abandoning module MeshPaintMode (537)
[2018.09.09-22.44.53:946][771]LogModuleManager: Shutting down and abandoning module MeshPaint (536)
[2018.09.09-22.44.53:946][771]LogModuleManager: Shutting down and abandoning module SceneDepthPickerMode (533)
[2018.09.09-22.44.53:946][771]LogModuleManager: Shutting down and abandoning module ActorPickerMode (531)
[2018.09.09-22.44.53:946][771]LogModuleManager: Shutting down and abandoning module GeometryMode (529)
[2018.09.09-22.44.53:947][771]LogModuleManager: Shutting down and abandoning module TextureAlignMode (527)
[2018.09.09-22.44.53:947][771]LogModuleManager: Shutting down and abandoning module BspMode (525)
[2018.09.09-22.44.53:947][771]LogModuleManager: Shutting down and abandoning module PIEPreviewDeviceProfileSelector (523)
[2018.09.09-22.44.53:947][771]LogModuleManager: Shutting down and abandoning module HardwareSurvey (521)
[2018.09.09-22.44.53:947][771]LogModuleManager: Shutting down and abandoning module SequenceRecorderSections (519)
[2018.09.09-22.44.53:947][771]LogModuleManager: Shutting down and abandoning module AutomationWorker (517)
[2018.09.09-22.44.53:947][771]LogModuleManager: Shutting down and abandoning module AudioCaptureEditor (515)
[2018.09.09-22.44.53:947][771]LogModuleManager: Shutting down and abandoning module SequenceRecorder (514)
[2018.09.09-22.44.53:947][771]LogModuleManager: Shutting down and abandoning module MatineeToLevelSequence (511)
[2018.09.09-22.44.53:947][771]LogModuleManager: Shutting down and abandoning module LevelSequenceEditor (509)
[2018.09.09-22.44.53:947][771]LogModuleManager: Shutting down and abandoning module PlacementMode (508)
[2018.09.09-22.44.53:947][771]LogModuleManager: Shutting down and abandoning module MaterialEditor (507)
[2018.09.09-22.44.53:947][771]LogModuleManager: Shutting down and abandoning module WmfMediaFactory (503)
[2018.09.09-22.44.53:947][771]LogModuleManager: Shutting down and abandoning module WmfMediaEditor (501)
[2018.09.09-22.44.53:947][771]LogModuleManager: Shutting down and abandoning module MediaPlayerEditor (499)
[2018.09.09-22.44.53:947][771]LogModuleManager: Shutting down and abandoning module OpenExrWrapper (497)
[2018.09.09-22.44.53:947][771]LogModuleManager: Shutting down and abandoning module ImgMediaFactory (495)
[2018.09.09-22.44.53:947][771]LogModuleManager: Shutting down and abandoning module ImgMediaEditor (493)
[2018.09.09-22.44.53:947][771]LogModuleManager: Shutting down and abandoning module AvfMediaFactory (491)
[2018.09.09-22.44.53:947][771]LogModuleManager: Shutting down and abandoning module AvfMediaEditor (489)
[2018.09.09-22.44.53:947][771]LogModuleManager: Shutting down and abandoning module AndroidMediaFactory (487)
[2018.09.09-22.44.53:947][771]LogModuleManager: Shutting down and abandoning module AndroidMediaEditor (485)
[2018.09.09-22.44.53:947][771]LogModuleManager: Shutting down and abandoning module CharacterAI (483)
[2018.09.09-22.44.53:947][771]LogModuleManager: Shutting down and abandoning module SessionServices (481)
[2018.09.09-22.44.53:947][771]LogModuleManager: Shutting down and abandoning module ViewportSnapping (479)
[2018.09.09-22.44.53:947][771]LogModuleManager: Shutting down and abandoning module ViewportInteraction (477)
[2018.09.09-22.44.53:947][771]LogModuleManager: Shutting down and abandoning module ClothPainter (475)
[2018.09.09-22.44.53:947][771]LogModuleManager: Shutting down and abandoning module SkeletalMeshEditor (474)
[2018.09.09-22.44.53:947][771]LogModuleManager: Shutting down and abandoning module LogVisualizer (471)
[2018.09.09-22.44.53:947][771]LogModuleManager: Shutting down and abandoning module IntroTutorials (469)
[2018.09.09-22.44.53:947][771]LogModuleManager: Shutting down and abandoning module GameProjectGeneration (468)
[2018.09.09-22.44.53:947][771]LogModuleManager: Shutting down and abandoning module IOSPlatformEditor (465)
[2018.09.09-22.44.53:947][771]LogModuleManager: Shutting down and abandoning module HTML5PlatformEditor (463)
[2018.09.09-22.44.53:947][771]LogModuleManager: Shutting down and abandoning module AndroidPlatformEditor (461)
[2018.09.09-22.44.53:947][771]LogModuleManager: Shutting down and abandoning module AndroidDeviceDetection (460)
[2018.09.09-22.44.54:867][771]LogModuleManager: Shutting down and abandoning module WindowsPlatformEditor (457)
[2018.09.09-22.44.54:867][771]LogModuleManager: Shutting down and abandoning module IOSRuntimeSettings (455)
[2018.09.09-22.44.54:867][771]LogModuleManager: Shutting down and abandoning module AndroidRuntimeSettings (453)
[2018.09.09-22.44.54:867][771]LogModuleManager: Shutting down and abandoning module InputBindingEditor (451)
[2018.09.09-22.44.54:867][771]LogModuleManager: Shutting down and abandoning module MergeActors (449)
[2018.09.09-22.44.54:867][771]LogModuleManager: Shutting down and abandoning module LocalizationDashboard (447)
[2018.09.09-22.44.54:867][771]LogModuleManager: Shutting down and abandoning module LocalizationService (446)
[2018.09.09-22.44.54:867][771]LogModuleManager: Shutting down and abandoning module HardwareTargeting (443)
[2018.09.09-22.44.54:867][771]LogModuleManager: Shutting down and abandoning module DeviceProfileEditor (441)
[2018.09.09-22.44.54:867][771]LogModuleManager: Shutting down and abandoning module UndoHistory (439)
[2018.09.09-22.44.54:867][771]LogModuleManager: Shutting down and abandoning module XmlParser (437)
[2018.09.09-22.44.54:867][771]LogModuleManager: Shutting down and abandoning module Blutility (435)
[2018.09.09-22.44.54:867][771]LogModuleManager: Shutting down and abandoning module ProjectSettingsViewer (433)
[2018.09.09-22.44.54:867][771]LogModuleManager: Shutting down and abandoning module ProjectTargetPlatformEditor (432)
[2018.09.09-22.44.54:868][771]LogModuleManager: Shutting down and abandoning module EditorSettingsViewer (429)
[2018.09.09-22.44.54:868][771]LogModuleManager: Shutting down and abandoning module SettingsEditor (427)
[2018.09.09-22.44.54:868][771]LogModuleManager: Shutting down and abandoning module ProjectLauncher (425)
[2018.09.09-22.44.54:868][771]LogModuleManager: Shutting down and abandoning module SessionFrontend (423)
[2018.09.09-22.44.54:868][771]LogModuleManager: Shutting down and abandoning module ProfilerClient (421)
[2018.09.09-22.44.54:868][771]LogModuleManager: Shutting down and abandoning module DeviceManager (419)
[2018.09.09-22.44.54:868][771]LogModuleManager: Shutting down and abandoning module TargetDeviceServices (418)
[2018.09.09-22.44.54:922][771]LogModuleManager: Shutting down and abandoning module AutomationController (415)
[2018.09.09-22.44.54:922][771]LogModuleManager: Shutting down and abandoning module AutomationWindow (413)
[2018.09.09-22.44.54:922][771]LogModuleManager: Shutting down and abandoning module Layers (411)
[2018.09.09-22.44.54:922][771]LogModuleManager: Shutting down and abandoning module ComponentVisualizers (409)
[2018.09.09-22.44.54:922][771]LogModuleManager: Shutting down and abandoning module DetailCustomizations (407)
[2018.09.09-22.44.54:922][771]LogModuleManager: Shutting down and abandoning module PackagesDialog (405)
[2018.09.09-22.44.54:922][771]LogModuleManager: Shutting down and abandoning module Persona (403)
[2018.09.09-22.44.54:922][771]LogModuleManager: Shutting down and abandoning module AdvancedPreviewScene (402)
[2018.09.09-22.44.54:922][771]LogModuleManager: Shutting down and abandoning module AnimGraph (400)
[2018.09.09-22.44.54:922][771]LogModuleManager: Shutting down and abandoning module Kismet (397)
[2018.09.09-22.44.54:927][771]LogModuleManager: Shutting down and abandoning module GraphEditor (395)
[2018.09.09-22.44.54:927][771]LogModuleManager: Shutting down and abandoning module ClassViewer (393)
[2018.09.09-22.44.54:928][771]LogModuleManager: Shutting down and abandoning module Toolbox (391)
[2018.09.09-22.44.54:928][771]LogModuleManager: Shutting down and abandoning module ModuleUI (389)
[2018.09.09-22.44.54:928][771]LogModuleManager: Shutting down and abandoning module MovieSceneTools (387)
[2018.09.09-22.44.54:928][771]LogModuleManager: Shutting down and abandoning module OutputLog (385)
[2018.09.09-22.44.54:928][771]LogModuleManager: Shutting down and abandoning module GammaUI (383)
[2018.09.09-22.44.54:928][771]LogModuleManager: Shutting down and abandoning module Documentation (381)
[2018.09.09-22.44.54:928][771]LogModuleManager: Shutting down and abandoning module MovieSceneTracks (379)
[2018.09.09-22.44.54:928][771]LogModuleManager: Shutting down and abandoning module MovieScene (377)
[2018.09.09-22.44.54:928][771]LogModuleManager: Shutting down and abandoning module StreamingPauseRendering (375)
[2018.09.09-22.44.54:928][771]LogModuleManager: Shutting down and abandoning module LauncherPlatform (373)
[2018.09.09-22.44.54:929][771]LogModuleManager: Shutting down and abandoning module AnalyticsET (371)
[2018.09.09-22.44.54:929][771]LogModuleManager: Shutting down and abandoning module PortalServices (369)
[2018.09.09-22.44.54:929][771]LogModuleManager: Shutting down and abandoning module PortalRpc (367)
[2018.09.09-22.44.54:929][771]LogModuleManager: Shutting down and abandoning module MessagingRpc (365)
[2018.09.09-22.44.54:929][771]LogModuleManager: Shutting down and abandoning module AIModule (363)
[2018.09.09-22.44.54:929][771]LogModuleManager: Shutting down and abandoning module GameplayDebugger (362)
[2018.09.09-22.44.54:929][771]LogModuleManager: Shutting down and abandoning module AITestSuite (360)
[2018.09.09-22.44.54:929][771]LogModuleManager: Shutting down and abandoning module DesktopPlatform (357)
[2018.09.09-22.44.54:929][771]LogModuleManager: Shutting down and abandoning module ProfilerService (355)
[2018.09.09-22.44.55:115][771]LogModuleManager: Shutting down and abandoning module TaskGraph (353)
[2018.09.09-22.44.55:115][771]LogModuleManager: Shutting down and abandoning module SteamVRController (351)
[2018.09.09-22.44.55:115][771]LogModuleManager: Shutting down and abandoning module ProceduralMeshComponentEditor (349)
[2018.09.09-22.44.55:115][771]LogModuleManager: Shutting down and abandoning module ProceduralMeshComponent (347)
[2018.09.09-22.44.55:115][771]LogModuleManager: Shutting down and abandoning module OculusInput (345)
[2018.09.09-22.44.55:115][771]LogModuleManager: Shutting down and abandoning module CustomMeshComponent (343)
[2018.09.09-22.44.55:115][771]LogModuleManager: Shutting down and abandoning module CableComponent (341)
[2018.09.09-22.44.55:115][771]LogModuleManager: Shutting down and abandoning module AudioCapture (339)
[2018.09.09-22.44.55:115][771]LogModuleManager: Shutting down and abandoning module ArchVisCharacter (337)
[2018.09.09-22.44.55:115][771]LogModuleManager: Shutting down and abandoning module NUTUnrealEngine4 (335)
[2018.09.09-22.44.55:115][771]LogModuleManager: Shutting down and abandoning module NetcodeUnitTest (333)
[2018.09.09-22.44.55:115][771]LogModuleManager: Shutting down and abandoning module MediaCompositingEditor (331)
[2018.09.09-22.44.55:115][771]LogModuleManager: Shutting down and abandoning module MediaCompositing (329)
[2018.09.09-22.44.55:115][771]LogModuleManager: Shutting down and abandoning module LinearTimecode (327)
[2018.09.09-22.44.55:115][771]LogModuleManager: Shutting down and abandoning module ImgMedia (325)
[2018.09.09-22.44.55:118][771]LogModuleManager: Shutting down and abandoning module HTML5Networking (323)
[2018.09.09-22.44.55:118][771]LogModuleManager: Shutting down and abandoning module AlembicImporter (321)
[2018.09.09-22.44.55:118][771]LogModuleManager: Shutting down and abandoning module AlembicLibrary (320)
[2018.09.09-22.44.55:118][771]LogModuleManager: Shutting down and abandoning module GeometryCache (319)
[2018.09.09-22.44.55:119][771]LogModuleManager: Shutting down and abandoning module GeometryCacheEd (318)
[2018.09.09-22.44.55:119][771]LogModuleManager: Shutting down and abandoning module DatasmithContent (313)
[2018.09.09-22.44.55:119][771]LogModuleManager: Shutting down and abandoning module SpeedTreeImporter (311)
[2018.09.09-22.44.55:119][771]LogModuleManager: Shutting down and abandoning module PluginBrowser (309)
[2018.09.09-22.44.55:119][771]LogModuleManager: Shutting down and abandoning module MobileLauncherProfileWizard (307)
[2018.09.09-22.44.55:119][771]LogModuleManager: Shutting down and abandoning module VisualStudioSourceCodeAccess (305)
[2018.09.09-22.44.55:119][771]LogModuleManager: Shutting down and abandoning module VisualStudioCodeSourceCodeAccess (303)
[2018.09.09-22.44.55:119][771]LogModuleManager: Shutting down and abandoning module SubversionSourceControl (301)
[2018.09.09-22.44.55:119][771]LogModuleManager: Shutting down and abandoning module PerforceSourceControl (299)
[2018.09.09-22.44.55:119][771]LogModuleManager: Shutting down and abandoning module GitSourceControl (297)
[2018.09.09-22.44.55:119][771]LogModuleManager: Shutting down and abandoning module SourceControl (296)
[2018.09.09-22.44.55:119][771]LogModuleManager: Shutting down and abandoning module CLionSourceCodeAccess (293)
[2018.09.09-22.44.55:119][771]LogModuleManager: Shutting down and abandoning module LightPropagationVolumeEditor (291)
[2018.09.09-22.44.55:119][771]LogModuleManager: Shutting down and abandoning module AdvancedSteamSessions (289)
[2018.09.09-22.44.55:119][771]LogModuleManager: Shutting down and abandoning module AdvancedSessions (287)
[2018.09.09-22.44.55:119][771]LogModuleManager: Shutting down and abandoning module RuntimePhysXCooking (285)
[2018.09.09-22.44.55:119][771]LogModuleManager: Shutting down and abandoning module PhysXVehiclesEditor (283)
[2018.09.09-22.44.55:119][771]LogModuleManager: Shutting down and abandoning module PhysXVehicles (281)
[2018.09.09-22.44.55:119][771]LogModuleManager: Shutting down and abandoning module OculusEditor (279)
[2018.09.09-22.44.55:119][771]LogModuleManager: Shutting down and abandoning module LocationServicesBPLibrary (277)
[2018.09.09-22.44.55:119][771]LogModuleManager: Shutting down and abandoning module ImmediatePhysicsEditor (275)
[2018.09.09-22.44.55:119][771]LogModuleManager: Shutting down and abandoning module ImmediatePhysics (273)
[2018.09.09-22.44.55:119][771]LogModuleManager: Shutting down and abandoning module ApexDestructionEditor (271)
[2018.09.09-22.44.55:119][771]LogModuleManager: Shutting down and abandoning module ApexDestruction (269)
[2018.09.09-22.44.55:119][771]LogModuleManager: Shutting down and abandoning module ActorSequence (267)
[2018.09.09-22.44.55:119][771]LogModuleManager: Shutting down and abandoning module UdpMessaging (265)
[2018.09.09-22.44.55:220][771]LogModuleManager: Shutting down and abandoning module TcpMessaging (263)
[2018.09.09-22.44.55:321][771]LogModuleManager: Shutting down and abandoning module GameplayTagsEditor (261)
[2018.09.09-22.44.55:321][771]LogModuleManager: Shutting down and abandoning module FacialAnimationEditor (259)
[2018.09.09-22.44.55:321][771]LogModuleManager: Shutting down and abandoning module FacialAnimation (257)
[2018.09.09-22.44.55:321][771]LogModuleManager: Shutting down and abandoning module DataValidation (255)
[2018.09.09-22.44.55:321][771]LogModuleManager: Shutting down and abandoning module AssetManagerEditor (253)
[2018.09.09-22.44.55:321][771]LogModuleManager: Shutting down and abandoning module LevelEditor (252)
[2018.09.09-22.44.55:322][771]LogModuleManager: Shutting down and abandoning module PixelInspectorModule (251)
[2018.09.09-22.44.55:322][771]LogModuleManager: Shutting down and abandoning module CommonMenuExtensions (249)
[2018.09.09-22.44.55:322][771]LogModuleManager: Shutting down and abandoning module MainFrame (247)
[2018.09.09-22.44.55:322][771]LogModuleManager: Shutting down and abandoning module HotReload (246)
[2018.09.09-22.44.55:322][771]LogDirectoryWatcher: A directory notification for 'C:/Users/Joe/Desktop/Github/gamefps/fps-proto/Plugins/AdvancedSessions/Binaries/Win64' was aborted.
[2018.09.09-22.44.55:322][771]LogDirectoryWatcher: A directory notification for 'C:/Users/Joe/Desktop/Github/gamefps/fps-proto/Plugins/AdvancedSteamSessions/Binaries/Win64' was aborted.
[2018.09.09-22.44.55:322][771]LogModuleManager: Shutting down and abandoning module ContentBrowser (242)
[2018.09.09-22.44.55:324][771]LogModuleManager: Shutting down and abandoning module TreeMap (240)
[2018.09.09-22.44.55:324][771]LogModuleManager: Shutting down and abandoning module LightPropagationVolumeRuntime (237)
[2018.09.09-22.44.55:324][771]LogModuleManager: Shutting down and abandoning module WindowsMoviePlayer (235)
[2018.09.09-22.44.55:324][771]LogModuleManager: Shutting down and abandoning module WmfMedia (233)
[2018.09.09-22.44.55:326][771]LogModuleManager: Shutting down and abandoning module Media (232)
[2018.09.09-22.44.55:332][771]LogModuleManager: Shutting down and abandoning module PacketHandler (229)
[2018.09.09-22.44.55:332][771]LogModuleManager: Shutting down and abandoning module ClothingSystemEditor (227)
[2018.09.09-22.44.55:332][771]LogModuleManager: Shutting down and abandoning module ClothingSystemRuntime (225)
[2018.09.09-22.44.55:332][771]LogModuleManager: Shutting down and abandoning module MediaAssets (223)
[2018.09.09-22.44.55:332][771]LogModuleManager: Shutting down and abandoning module Overlay (221)
[2018.09.09-22.44.55:332][771]LogModuleManager: Shutting down and abandoning module OverlayEditor (220)
[2018.09.09-22.44.55:332][771]LogModuleManager: Shutting down and abandoning module VREditor (217)
[2018.09.09-22.44.55:332][771]LogModuleManager: Shutting down and abandoning module StringTableEditor (215)
[2018.09.09-22.44.55:332][771]LogModuleManager: Shutting down and abandoning module GameplayTasksEditor (213)
[2018.09.09-22.44.55:332][771]LogModuleManager: Shutting down and abandoning module BehaviorTreeEditor (211)
[2018.09.09-22.44.55:332][771]LogModuleManager: Shutting down and abandoning module FunctionalTesting (209)
[2018.09.09-22.44.55:332][771]LogModuleManager: Shutting down and abandoning module CollisionAnalyzer (207)
[2018.09.09-22.44.55:332][771]LogModuleManager: Shutting down and abandoning module WorkspaceMenuStructure (206)
[2018.09.09-22.44.55:332][771]LogModuleManager: Shutting down and abandoning module UMG (203)
[2018.09.09-22.44.55:332][771]LogModuleManager: Shutting down and abandoning module UMGEditor (202)
[2018.09.09-22.44.55:332][771]LogModuleManager: Shutting down and abandoning module Sequencer (201)
[2018.09.09-22.44.55:332][771]LogModuleManager: Shutting down and abandoning module MessageLog (198)
[2018.09.09-22.44.55:332][771]LogModuleManager: Shutting down and abandoning module SlateReflector (193)
[2018.09.09-22.44.55:332][771]LogModuleManager: Shutting down and abandoning module Slate (191)
[2018.09.09-22.44.55:332][771]LogModuleManager: Shutting down and abandoning module EditorStyle (189)
[2018.09.09-22.44.55:334][771]LogModuleManager: Shutting down and abandoning module MRMesh (187)
[2018.09.09-22.44.55:334][771]LogModuleManager: Shutting down and abandoning module SourceCodeAccess (185)
[2018.09.09-22.44.55:334][771]LogModuleManager: Shutting down and abandoning module HeadMountedDisplay (183)
[2018.09.09-22.44.55:334][771]LogModuleManager: Shutting down and abandoning module XAudio2 (181)
[2018.09.09-22.44.55:334][771]LogModuleManager: Shutting down and abandoning module Networking (179)
[2018.09.09-22.44.55:334][771]LogModuleManager: Shutting down and abandoning module Core (177)
[2018.09.09-22.44.55:334][771]LogModuleManager: Shutting down and abandoning module LevelSequence (175)
[2018.09.09-22.44.55:334][771]LogModuleManager: Shutting down and abandoning module KismetCompiler (173)
[2018.09.09-22.44.55:334][771]LogModuleManager: Shutting down and abandoning module MeshUtilities (171)
[2018.09.09-22.44.55:334][771]LogModuleManager: Shutting down and abandoning module MeshMergeUtilities (170)
[2018.09.09-22.44.55:334][771]LogModuleManager: Shutting down and abandoning module MeshReductionInterface (169)
[2018.09.09-22.44.55:334][771]LogModuleManager: Shutting down and abandoning module SimplygonSwarm (168)
[2018.09.09-22.44.55:334][771]LogModuleManager: Shutting down and abandoning module SimplygonMeshReduction (166)
[2018.09.09-22.44.55:334][771]LogModuleManager: Shutting down and abandoning module QuadricMeshReduction (164)
[2018.09.09-22.44.55:334][771]LogModuleManager: Shutting down and abandoning module MaterialBaking (160)
[2018.09.09-22.44.55:334][771]LogModuleManager: Shutting down and abandoning module DirectoryWatcher (156)
[2018.09.09-22.44.55:334][771]LogDirectoryWatcher: A directory notification for '../../../Engine/Content/' was aborted.
[2018.09.09-22.44.55:335][771]LogDirectoryWatcher: A directory notification for '../../../../../Users/Joe/Desktop/Github/gamefps/fps-proto/Content/' was aborted.
[2018.09.09-22.44.55:340][771]LogModuleManager: Shutting down and abandoning module DerivedDataCache (153)
[2018.09.09-22.44.55:400][771]LogDerivedDataCache: Shutdown
[2018.09.09-22.44.55:400][771]LogModuleManager: Shutting down and abandoning module XGEController (151)
[2018.09.09-22.44.55:400][771]LogModuleManager: Shutting down and abandoning module TargetPlatform (149)
[2018.09.09-22.44.55:400][771]LogModuleManager: Shutting down and abandoning module VulkanShaderFormat (148)
[2018.09.09-22.44.55:400][771]LogModuleManager: Shutting down and abandoning module ShaderFormatVectorVM (146)
[2018.09.09-22.44.55:400][771]LogModuleManager: Shutting down and abandoning module ShaderFormatOpenGL (144)
[2018.09.09-22.44.55:400][771]LogModuleManager: Shutting down and abandoning module ShaderFormatD3D (142)
[2018.09.09-22.44.55:400][771]LogModuleManager: Shutting down and abandoning module MetalShaderFormat (140)
[2018.09.09-22.44.55:401][771]LogModuleManager: Shutting down and abandoning module TextureFormatUncompressed (138)
[2018.09.09-22.44.55:401][771]LogModuleManager: Shutting down and abandoning module TextureFormatPVR (136)
[2018.09.09-22.44.55:401][771]LogModuleManager: Shutting down and abandoning module TextureFormatDXT (134)
[2018.09.09-22.44.55:401][771]LogModuleManager: Shutting down and abandoning module TextureFormatIntelISPCTexComp (132)
[2018.09.09-22.44.55:401][771]LogModuleManager: Shutting down and abandoning module TextureFormatASTC (130)
[2018.09.09-22.44.55:401][771]LogModuleManager: Shutting down and abandoning module ImageWrapper (129)
[2018.09.09-22.44.55:401][771]LogModuleManager: Shutting down and abandoning module TextureFormatAndroid (126)
[2018.09.09-22.44.55:401][771]LogModuleManager: Shutting down and abandoning module AudioFormatOpus (124)
[2018.09.09-22.44.55:401][771]LogModuleManager: Shutting down and abandoning module AudioFormatOgg (122)
[2018.09.09-22.44.55:401][771]LogModuleManager: Shutting down and abandoning module AudioFormatADPCM (120)
[2018.09.09-22.44.55:401][771]LogModuleManager: Shutting down and abandoning module LinuxTargetPlatform (118)
[2018.09.09-22.44.55:401][771]LogModuleManager: Shutting down and abandoning module LinuxServerTargetPlatform (116)
[2018.09.09-22.44.55:401][771]LogModuleManager: Shutting down and abandoning module LinuxNoEditorTargetPlatform (114)
[2018.09.09-22.44.55:401][771]LogModuleManager: Shutting down and abandoning module LinuxClientTargetPlatform (112)
[2018.09.09-22.44.55:401][771]LogModuleManager: Shutting down and abandoning module TVOSTargetPlatform (110)
[2018.09.09-22.44.55:401][771]LogModuleManager: Shutting down and abandoning module Messaging (108)
[2018.09.09-22.44.55:401][771]LogModuleManager: Shutting down and abandoning module IOSTargetPlatform (106)
[2018.09.09-22.44.55:401][771]LogModuleManager: Shutting down and abandoning module HTML5TargetPlatform (104)
[2018.09.09-22.44.55:401][771]LogModuleManager: Shutting down and abandoning module AndroidTargetPlatform (102)
[2018.09.09-22.44.55:401][771]LogModuleManager: Shutting down and abandoning module Android_PVRTCTargetPlatform (100)
[2018.09.09-22.44.55:401][771]LogModuleManager: Shutting down and abandoning module Android_MultiTargetPlatform (98)
[2018.09.09-22.44.55:401][771]LogModuleManager: Shutting down and abandoning module Android_ETC2TargetPlatform (96)
[2018.09.09-22.44.55:401][771]LogModuleManager: Shutting down and abandoning module Android_ETC1TargetPlatform (94)
[2018.09.09-22.44.55:401][771]LogModuleManager: Shutting down and abandoning module Android_ETC1aTargetPlatform (92)
[2018.09.09-22.44.55:401][771]LogModuleManager: Shutting down and abandoning module Android_DXTTargetPlatform (90)
[2018.09.09-22.44.55:401][771]LogModuleManager: Shutting down and abandoning module Android_ATCTargetPlatform (88)
[2018.09.09-22.44.55:401][771]LogModuleManager: Shutting down and abandoning module Android_ASTCTargetPlatform (86)
[2018.09.09-22.44.55:401][771]LogModuleManager: Shutting down and abandoning module WindowsTargetPlatform (84)
[2018.09.09-22.44.55:401][771]LogModuleManager: Shutting down and abandoning module WindowsServerTargetPlatform (82)
[2018.09.09-22.44.55:401][771]LogModuleManager: Shutting down and abandoning module WindowsNoEditorTargetPlatform (80)
[2018.09.09-22.44.55:401][771]LogModuleManager: Shutting down and abandoning module WindowsClientTargetPlatform (78)
[2018.09.09-22.44.55:401][771]LogModuleManager: Shutting down and abandoning module MacTargetPlatform (76)
[2018.09.09-22.44.55:401][771]LogModuleManager: Shutting down and abandoning module MacServerTargetPlatform (74)
[2018.09.09-22.44.55:401][771]LogModuleManager: Shutting down and abandoning module MacNoEditorTargetPlatform (72)
[2018.09.09-22.44.55:401][771]LogModuleManager: Shutting down and abandoning module MacClientTargetPlatform (70)
[2018.09.09-22.44.55:401][771]LogModuleManager: Shutting down and abandoning module AllDesktopTargetPlatform (68)
[2018.09.09-22.44.55:401][771]LogModuleManager: Shutting down and abandoning module InputCore (65)
[2018.09.09-22.44.55:401][771]LogModuleManager: Shutting down and abandoning module Settings (63)
[2018.09.09-22.44.55:401][771]LogModuleManager: Shutting down and abandoning module PhysXCooking (61)
[2018.09.09-22.44.55:401][771]LogModuleManager: Shutting down and abandoning module SteamVR (58)
[2018.09.09-22.44.55:401][771]LogModuleManager: Shutting down and abandoning module OculusHMD (56)
[2018.09.09-22.44.55:401][771]LogModuleManager: Shutting down and abandoning module OnlineBlueprintSupport (54)
[2018.09.09-22.44.55:402][771]LogModuleManager: Shutting down and abandoning module OnlineSubsystem (50)
[2018.09.09-22.44.55:402][771]LogOnline: Display: OSS: FOnlineSubsystemNull::Shutdown()
[2018.09.09-22.44.55:402][771]LogOnline: Display: OSS: FOnlineAsyncTaskManager::Stop() ActiveTask:0000000000000000 Tasks[0/0]
[2018.09.09-22.44.55:402][771]LogOnline: Display: OSS: FOnlineAsyncTaskManager::Exit() started
[2018.09.09-22.44.55:402][771]LogOnline: Display: OSS: FOnlineAsyncTaskManager::Exit() finished
[2018.09.09-22.44.55:402][771]LogModuleManager: Shutting down and abandoning module XMPP (43)
[2018.09.09-22.44.55:402][771]LogModuleManager: Shutting down and abandoning module HTTP (41)
[2018.09.09-22.44.55:402][771]LogHttp: Display: Http module shutting down, but needs to wait on 1 outstanding Http requests:
[2018.09.09-22.44.55:402][771]LogHttp: Display: 	verb=[POST] url=[https://datarouter.ol.epicgames.com/datarouter/api/v1/public/data?SessionID=%7B2E18D129-4E4B-4ADC-A22E-2299EB6C9097%7D&AppID=UEEditor.Rocket.Release&AppVersion=4.19.2-4033788%2B%2B%2BUE4%2BRelease-4.19&UserID=f508e7534a02dd9ca3109aafdcb5f4fd%7C306c53d528b74223863a99035e76979a%7Ca5bf8f68-4c9d-43ae-8c4e-57f1f85bf672&AppEnvironment=datacollector-binary&UploadType=eteventstream] status=Processing
[2018.09.09-22.44.55:419][771]LogModuleManager: Shutting down and abandoning module SSL (40)
[2018.09.09-22.44.55:420][771]LogModuleManager: Shutting down and abandoning module AnimationModifiers (36)
[2018.09.09-22.44.55:420][771]LogModuleManager: Shutting down and abandoning module PropertyEditor (35)
[2018.09.09-22.44.55:420][771]LogModuleManager: Shutting down and abandoning module AudioEditor (32)
[2018.09.09-22.44.55:420][771]LogModuleManager: Shutting down and abandoning module TextureCompressor (30)
[2018.09.09-22.44.55:420][771]LogModuleManager: Shutting down and abandoning module ShaderCore (28)
[2018.09.09-22.44.55:420][771]LogModuleManager: Shutting down and abandoning module Landscape (26)
[2018.09.09-22.44.55:420][771]LogModuleManager: Shutting down and abandoning module SlateRHIRenderer (24)
[2018.09.09-22.44.55:423][771]LogModuleManager: Shutting down and abandoning module OpenGLDrv (22)
[2018.09.09-22.44.55:423][771]LogModuleManager: Shutting down and abandoning module D3D11RHI (20)
[2018.09.09-22.44.55:423][771]LogModuleManager: Shutting down and abandoning module AnimGraphRuntime (18)
[2018.09.09-22.44.55:423][771]LogModuleManager: Shutting down and abandoning module Renderer (16)
[2018.09.09-22.44.55:423][771]LogModuleManager: Shutting down and abandoning module Engine (14)
[2018.09.09-22.44.55:423][771]LogModuleManager: Shutting down and abandoning module CoreUObject (12)
[2018.09.09-22.44.55:423][771]LogModuleManager: Shutting down and abandoning module NetworkFile (10)
[2018.09.09-22.44.55:423][771]LogModuleManager: Shutting down and abandoning module CookedIterativeFile (8)
[2018.09.09-22.44.55:423][771]LogModuleManager: Shutting down and abandoning module StreamingFile (6)
[2018.09.09-22.44.55:423][771]LogModuleManager: Shutting down and abandoning module SandboxFile (4)
[2018.09.09-22.44.55:423][771]LogModuleManager: Shutting down and abandoning module PakFile (2)
[2018.09.09-22.44.55:428][771]LogExit: Exiting.
[2018.09.09-22.44.55:441][771]Log file closed, 09/09/18 17:44:55
