Log file open, 09/08/18 22:31:42
LogWindows: Failed to load 'aqProf.dll' (GetLastError=126)
LogWindows: File 'aqProf.dll' does not exist
LogWindows: Failed to load 'VtuneApi.dll' (GetLastError=126)
LogWindows: File 'VtuneApi.dll' does not exist
LogWindows: Failed to load 'VtuneApi32e.dll' (GetLastError=126)
LogWindows: File 'VtuneApi32e.dll' does not exist
LogInit: Display: Running engine for game: FPSPrototype
LogPlatformFile: Not using cached read wrapper
LogInit: Display: RandInit(1212130512) SRandInit(1212130512).
LogInit: Read version file with build ID '3944462'
LogInit: Overriding engine version to CL 4033788, compatible CL 3944462
LogInit: Registered custom module enumerator with build ID '3944462'
LogTaskGraph: Started task graph with 5 named threads and 23 total threads with 3 sets of task threads.
LogStats: Stats thread started at 0.278494
LogD3D11RHI: Aftermath initialized
LogICUInternationalization: Display: ICU TimeZone Detection - Raw Offset: -5:00, Platform Override: ''
LogModuleManager: Display: Found up-to-date module file ../../../Engine/Plugins/Runtime/ApexDestruction/Binaries/Win64/UE4Editor-ApexDestruction.dll (API version 3944462).
LogModuleManager: Display: Found up-to-date module file ../../../Engine/Plugins/Runtime/ApexDestruction/Binaries/Win64/UE4Editor-ApexDestructionEditor.dll (API version 3944462).
LogModuleManager: Display: Found up-to-date module file ../../../Engine/Plugins/Blendables/LightPropagationVolume/Binaries/Win64/UE4Editor-LightPropagationVolumeRuntime.dll (API version 3944462).
LogModuleManager: Display: Found up-to-date module file ../../../Engine/Plugins/Blendables/LightPropagationVolume/Binaries/Win64/UE4Editor-LightPropagationVolumeEditor.dll (API version 3944462).
LogModuleManager: Display: Found up-to-date module file ../../../Engine/Plugins/Developer/CLionSourceCodeAccess/Binaries/Win64/UE4Editor-CLionSourceCodeAccess.dll (API version 3944462).
LogModuleManager: Display: Found up-to-date module file ../../../Engine/Plugins/Developer/GitSourceControl/Binaries/Win64/UE4Editor-GitSourceControl.dll (API version 3944462).
LogModuleManager: Display: Found up-to-date module file ../../../Engine/Plugins/Developer/PerforceSourceControl/Binaries/Win64/UE4Editor-PerforceSourceControl.dll (API version 3944462).
LogModuleManager: Display: Found up-to-date module file ../../../Engine/Plugins/Developer/SubversionSourceControl/Binaries/Win64/UE4Editor-SubversionSourceControl.dll (API version 3944462).
LogModuleManager: Display: Found up-to-date module file ../../../Engine/Plugins/Developer/VisualStudioCodeSourceCodeAccess/Binaries/Win64/UE4Editor-VisualStudioCodeSourceCodeAccess.dll (API version 3944462).
LogModuleManager: Display: Found up-to-date module file ../../../Engine/Plugins/Developer/VisualStudioSourceCodeAccess/Binaries/Win64/UE4Editor-VisualStudioSourceCodeAccess.dll (API version 3944462).
LogModuleManager: Display: Found up-to-date module file ../../../Engine/Plugins/Editor/AssetManagerEditor/Binaries/Win64/UE4Editor-AssetManagerEditor.dll (API version 3944462).
LogModuleManager: Display: Found up-to-date module file ../../../Engine/Plugins/Editor/DataValidation/Binaries/Win64/UE4Editor-DataValidation.dll (API version 3944462).
LogModuleManager: Display: Found up-to-date module file ../../../Engine/Plugins/Editor/FacialAnimation/Binaries/Win64/UE4Editor-FacialAnimation.dll (API version 3944462).
LogModuleManager: Display: Found up-to-date module file ../../../Engine/Plugins/Editor/FacialAnimation/Binaries/Win64/UE4Editor-FacialAnimationEditor.dll (API version 3944462).
LogModuleManager: Display: Found up-to-date module file ../../../Engine/Plugins/Editor/GameplayTagsEditor/Binaries/Win64/UE4Editor-GameplayTagsEditor.dll (API version 3944462).
LogModuleManager: Display: Found up-to-date module file ../../../Engine/Plugins/Editor/MobileLauncherProfileWizard/Binaries/Win64/UE4Editor-MobileLauncherProfileWizard.dll (API version 3944462).
LogModuleManager: Display: Found up-to-date module file ../../../Engine/Plugins/Editor/PluginBrowser/Binaries/Win64/UE4Editor-PluginBrowser.dll (API version 3944462).
LogModuleManager: Display: Found up-to-date module file ../../../Engine/Plugins/Editor/SpeedTreeImporter/Binaries/Win64/UE4Editor-SpeedTreeImporter.dll (API version 3944462).
LogModuleManager: Display: Found up-to-date module file ../../../Engine/Plugins/Enterprise/DatasmithContent/Binaries/Win64/UE4Editor-DatasmithContent.dll (API version 3944462).
LogModuleManager: Display: Found up-to-date module file ../../../Engine/Plugins/Experimental/AlembicImporter/Binaries/Win64/UE4Editor-AlembicImporter.dll (API version 3944462).
LogModuleManager: Display: Found up-to-date module file ../../../Engine/Plugins/Experimental/AlembicImporter/Binaries/Win64/UE4Editor-AlembicLibrary.dll (API version 3944462).
LogModuleManager: Display: Found up-to-date module file ../../../Engine/Plugins/Experimental/CharacterAI/Binaries/Win64/UE4Editor-CharacterAI.dll (API version 3944462).
LogModuleManager: Display: Found up-to-date module file ../../../Engine/Plugins/Experimental/HTML5Networking/Binaries/Win64/UE4Editor-HTML5Networking.dll (API version 3944462).
LogModuleManager: Display: Found up-to-date module file ../../../Engine/Plugins/Media/AndroidMedia/Binaries/Win64/UE4Editor-AndroidMediaEditor.dll (API version 3944462).
LogModuleManager: Display: Found up-to-date module file ../../../Engine/Plugins/Media/AndroidMedia/Binaries/Win64/UE4Editor-AndroidMediaFactory.dll (API version 3944462).
LogModuleManager: Display: Found up-to-date module file ../../../Engine/Plugins/Media/AvfMedia/Binaries/Win64/UE4Editor-AvfMediaEditor.dll (API version 3944462).
LogModuleManager: Display: Found up-to-date module file ../../../Engine/Plugins/Media/AvfMedia/Binaries/Win64/UE4Editor-AvfMediaFactory.dll (API version 3944462).
LogModuleManager: Display: Found up-to-date module file ../../../Engine/Plugins/Media/AvfMedia/Binaries/Win64/UE4Editor-AvfMediaFactory.dll (API version 3944462).
LogModuleManager: Display: Found up-to-date module file ../../../Engine/Plugins/Media/ImgMedia/Binaries/Win64/UE4Editor-ImgMedia.dll (API version 3944462).
LogModuleManager: Display: Found up-to-date module file ../../../Engine/Plugins/Media/ImgMedia/Binaries/Win64/UE4Editor-ImgMediaEditor.dll (API version 3944462).
LogModuleManager: Display: Found up-to-date module file ../../../Engine/Plugins/Media/ImgMedia/Binaries/Win64/UE4Editor-ImgMediaFactory.dll (API version 3944462).
LogModuleManager: Display: Found up-to-date module file ../../../Engine/Plugins/Media/ImgMedia/Binaries/Win64/UE4Editor-ImgMediaFactory.dll (API version 3944462).
LogModuleManager: Display: Found up-to-date module file ../../../Engine/Plugins/Media/ImgMedia/Binaries/Win64/UE4Editor-OpenExrWrapper.dll (API version 3944462).
LogModuleManager: Display: Found up-to-date module file ../../../Engine/Plugins/Media/LinearTimecode/Binaries/Win64/UE4Editor-LinearTimecode.dll (API version 3944462).
LogModuleManager: Display: Found up-to-date module file ../../../Engine/Plugins/Media/MediaCompositing/Binaries/Win64/UE4Editor-MediaCompositing.dll (API version 3944462).
LogModuleManager: Display: Found up-to-date module file ../../../Engine/Plugins/Media/MediaCompositing/Binaries/Win64/UE4Editor-MediaCompositingEditor.dll (API version 3944462).
LogModuleManager: Display: Found up-to-date module file ../../../Engine/Plugins/Media/MediaPlayerEditor/Binaries/Win64/UE4Editor-MediaPlayerEditor.dll (API version 3944462).
LogModuleManager: Display: Found up-to-date module file ../../../Engine/Plugins/Media/WmfMedia/Binaries/Win64/UE4Editor-WmfMedia.dll (API version 3944462).
LogModuleManager: Display: Found up-to-date module file ../../../Engine/Plugins/Media/WmfMedia/Binaries/Win64/UE4Editor-WmfMediaEditor.dll (API version 3944462).
LogModuleManager: Display: Found up-to-date module file ../../../Engine/Plugins/Media/WmfMedia/Binaries/Win64/UE4Editor-WmfMediaFactory.dll (API version 3944462).
LogModuleManager: Display: Found up-to-date module file ../../../Engine/Plugins/Media/WmfMedia/Binaries/Win64/UE4Editor-WmfMediaFactory.dll (API version 3944462).
LogModuleManager: Display: Found up-to-date module file ../../../Engine/Plugins/Messaging/TcpMessaging/Binaries/Win64/UE4Editor-TcpMessaging.dll (API version 3944462).
LogModuleManager: Display: Found up-to-date module file ../../../Engine/Plugins/Messaging/UdpMessaging/Binaries/Win64/UE4Editor-UdpMessaging.dll (API version 3944462).
LogModuleManager: Display: Found up-to-date module file ../../../Engine/Plugins/MovieScene/ActorSequence/Binaries/Win64/UE4Editor-ActorSequence.dll (API version 3944462).
LogModuleManager: Display: Found up-to-date module file ../../../Engine/Plugins/MovieScene/LevelSequenceEditor/Binaries/Win64/UE4Editor-LevelSequenceEditor.dll (API version 3944462).
LogModuleManager: Display: Found up-to-date module file ../../../Engine/Plugins/MovieScene/MatineeToLevelSequence/Binaries/Win64/UE4Editor-MatineeToLevelSequence.dll (API version 3944462).
LogModuleManager: Display: Found up-to-date module file ../../../Engine/Plugins/NetcodeUnitTest/NetcodeUnitTest/Binaries/Win64/UE4Editor-NetcodeUnitTest.dll (API version 3944462).
LogModuleManager: Display: Found up-to-date module file ../../../Engine/Plugins/NetcodeUnitTest/NUTUnrealEngine4/Binaries/Win64/UE4Editor-NUTUnrealEngine4.dll (API version 3944462).
LogModuleManager: Display: Found up-to-date module file ../../../Engine/Plugins/Online/OnlineSubsystem/Binaries/Win64/UE4Editor-OnlineSubsystem.dll (API version 3944462).
LogModuleManager: Display: Found up-to-date module file ../../../Engine/Plugins/Online/OnlineSubsystemNull/Binaries/Win64/UE4Editor-OnlineSubsystemNull.dll (API version 3944462).
LogModuleManager: Display: Found up-to-date module file ../../../Engine/Plugins/Online/OnlineSubsystemUtils/Binaries/Win64/UE4Editor-OnlineSubsystemUtils.dll (API version 3944462).
LogModuleManager: Display: Found up-to-date module file ../../../Engine/Plugins/Online/OnlineSubsystemUtils/Binaries/Win64/UE4Editor-OnlineBlueprintSupport.dll (API version 3944462).
LogModuleManager: Display: Found up-to-date module file ../../../Engine/Plugins/Runtime/ArchVisCharacter/Binaries/Win64/UE4Editor-ArchVisCharacter.dll (API version 3944462).
LogModuleManager: Display: Found up-to-date module file ../../../Engine/Plugins/Runtime/AudioCapture/Binaries/Win64/UE4Editor-AudioCapture.dll (API version 3944462).
LogModuleManager: Display: Found up-to-date module file ../../../Engine/Plugins/Runtime/AudioCapture/Binaries/Win64/UE4Editor-AudioCaptureEditor.dll (API version 3944462).
LogModuleManager: Display: Found up-to-date module file ../../../Engine/Plugins/Runtime/CableComponent/Binaries/Win64/UE4Editor-CableComponent.dll (API version 3944462).
LogModuleManager: Display: Found up-to-date module file ../../../Engine/Plugins/Runtime/CustomMeshComponent/Binaries/Win64/UE4Editor-CustomMeshComponent.dll (API version 3944462).
LogModuleManager: Display: Found up-to-date module file ../../../Engine/Plugins/Runtime/ImmediatePhysics/Binaries/Win64/UE4Editor-ImmediatePhysics.dll (API version 3944462).
LogModuleManager: Display: Found up-to-date module file ../../../Engine/Plugins/Runtime/ImmediatePhysics/Binaries/Win64/UE4Editor-ImmediatePhysicsEditor.dll (API version 3944462).
LogModuleManager: Display: Found up-to-date module file ../../../Engine/Plugins/Runtime/LocationServicesBPLibrary/Binaries/Win64/UE4Editor-LocationServicesBPLibrary.dll (API version 3944462).
LogModuleManager: Display: Found up-to-date module file ../../../Engine/Plugins/Runtime/Oculus/OculusVR/Binaries/Win64/UE4Editor-OculusHMD.dll (API version 3944462).
LogModuleManager: Display: Found up-to-date module file ../../../Engine/Plugins/Runtime/Oculus/OculusVR/Binaries/Win64/UE4Editor-OculusInput.dll (API version 3944462).
LogModuleManager: Display: Found up-to-date module file ../../../Engine/Plugins/Runtime/Oculus/OculusVR/Binaries/Win64/UE4Editor-OculusEditor.dll (API version 3944462).
LogModuleManager: Display: Found up-to-date module file ../../../Engine/Plugins/Runtime/PhysXVehicles/Binaries/Win64/UE4Editor-PhysXVehicles.dll (API version 3944462).
LogModuleManager: Display: Found up-to-date module file ../../../Engine/Plugins/Runtime/PhysXVehicles/Binaries/Win64/UE4Editor-PhysXVehiclesEditor.dll (API version 3944462).
LogModuleManager: Display: Found up-to-date module file ../../../Engine/Plugins/Runtime/ProceduralMeshComponent/Binaries/Win64/UE4Editor-ProceduralMeshComponent.dll (API version 3944462).
LogModuleManager: Display: Found up-to-date module file ../../../Engine/Plugins/Runtime/ProceduralMeshComponent/Binaries/Win64/UE4Editor-ProceduralMeshComponentEditor.dll (API version 3944462).
LogModuleManager: Display: Found up-to-date module file ../../../Engine/Plugins/Runtime/RuntimePhysXCooking/Binaries/Win64/UE4Editor-RuntimePhysXCooking.dll (API version 3944462).
LogModuleManager: Display: Found up-to-date module file ../../../Engine/Plugins/Runtime/Steam/SteamVR/Binaries/Win64/UE4Editor-SteamVR.dll (API version 3944462).
LogModuleManager: Display: Found up-to-date module file ../../../Engine/Plugins/Runtime/Steam/SteamVR/Binaries/Win64/UE4Editor-SteamVRController.dll (API version 3944462).
LogModuleManager: Display: Found up-to-date module file ../../../Engine/Plugins/Runtime/WindowsMoviePlayer/Binaries/Win64/UE4Editor-WindowsMoviePlayer.dll (API version 3944462).
LogPluginManager: Mounting plugin LightPropagationVolume
LogPluginManager: Mounting plugin CLionSourceCodeAccess
LogPluginManager: Mounting plugin CodeLiteSourceCodeAccess
LogPluginManager: Mounting plugin GitSourceControl
LogPluginManager: Mounting plugin KDevelopSourceCodeAccess
LogPluginManager: Mounting plugin NullSourceCodeAccess
LogPluginManager: Mounting plugin PerforceSourceControl
LogPluginManager: Mounting plugin SubversionSourceControl
LogPluginManager: Mounting plugin VisualStudioCodeSourceCodeAccess
LogPluginManager: Mounting plugin VisualStudioSourceCodeAccess
LogPluginManager: Mounting plugin XCodeSourceCodeAccess
LogPluginManager: Mounting plugin AssetManagerEditor
LogPluginManager: Mounting plugin DataValidation
LogPluginManager: Mounting plugin FacialAnimation
LogPluginManager: Mounting plugin GameplayTagsEditor
LogPluginManager: Mounting plugin MobileLauncherProfileWizard
LogPluginManager: Mounting plugin PluginBrowser
LogPluginManager: Mounting plugin SpeedTreeImporter
LogPluginManager: Mounting plugin DatasmithContent
LogPluginManager: Mounting plugin AlembicImporter
LogPluginManager: Mounting plugin CharacterAI
LogPluginManager: Mounting plugin HTML5Networking
LogPluginManager: Mounting plugin AndroidMedia
LogPluginManager: Mounting plugin AvfMedia
LogPluginManager: Mounting plugin ImgMedia
LogPluginManager: Mounting plugin LinearTimecode
LogPluginManager: Mounting plugin MediaCompositing
LogPluginManager: Mounting plugin MediaPlayerEditor
LogPluginManager: Mounting plugin WmfMedia
LogPluginManager: Mounting plugin TcpMessaging
LogPluginManager: Mounting plugin UdpMessaging
LogPluginManager: Mounting plugin ActorSequence
LogPluginManager: Mounting plugin LevelSequenceEditor
LogPluginManager: Mounting plugin MatineeToLevelSequence
LogPluginManager: Mounting plugin NetcodeUnitTest
LogPluginManager: Mounting plugin NUTUnrealEngine4
LogPluginManager: Mounting plugin OnlineSubsystemIOS
LogPluginManager: Mounting plugin OnlineSubsystem
LogPluginManager: Mounting plugin OnlineSubsystemNull
LogPluginManager: Mounting plugin OnlineSubsystemUtils
LogPluginManager: Mounting plugin ApexDestruction
LogPluginManager: Mounting plugin ArchVisCharacter
LogPluginManager: Mounting plugin AudioCapture
LogPluginManager: Mounting plugin CableComponent
LogPluginManager: Mounting plugin CustomMeshComponent
LogPluginManager: Mounting plugin ImmediatePhysics
LogPluginManager: Mounting plugin LocationServicesBPLibrary
LogPluginManager: Mounting plugin OculusVR
LogPluginManager: Plugin shader directory ../../../Engine/Plugins/Runtime/Oculus/OculusVR/Shaders found
LogPluginManager: Mapping shader source directory ../../../Engine/Plugins/Runtime/Oculus/OculusVR/Shaders to virtual directory /Plugin/OculusVR
LogPluginManager: Mounting plugin PhysXVehicles
LogPluginManager: Mounting plugin ProceduralMeshComponent
LogPluginManager: Mounting plugin RuntimePhysXCooking
LogPluginManager: Mounting plugin SteamVR
LogPluginManager: Mounting plugin WindowsMoviePlayer
LogStreaming: Display: Took  0.838s to configure plugins.
LogInit: Using libcurl 7.47.1
LogInit:  - built for x86_64-pc-win32
LogInit:  - supports SSL with OpenSSL/1.0.2g
LogInit:  - supports HTTP deflate (compression) using libz 1.2.8
LogInit:  - other features:
LogInit:      CURL_VERSION_SSL
LogInit:      CURL_VERSION_LIBZ
LogInit:      CURL_VERSION_IPV6
LogInit:      CURL_VERSION_ASYNCHDNS
LogInit:      CURL_VERSION_LARGEFILE
LogInit:      CURL_VERSION_IDN
LogInit:  CurlRequestOptions (configurable via config and command line):
LogInit:  - bVerifyPeer = false  - Libcurl will NOT verify peer certificate
LogInit:  - bUseHttpProxy = false  - Libcurl will NOT use HTTP proxy
LogInit:  - bDontReuseConnections = false  - Libcurl will reuse connections
LogInit:  - CertBundlePath = nullptr  - Libcurl will use whatever was configured at build time.
LogInit:  - MaxHostConnections = 16  - Libcurl will limit the number of connections to a host
LogInit:  - LocalHostAddr = Default
LogInit: WinSock: version 1.1 (2.2), MaxSocks=32767, MaxUdp=65467
LogInit: Build: ++UE4+Release-4.19-CL-4033788
LogInit: Engine Version: 4.19.2-4033788+++UE4+Release-4.19
LogInit: Compatible Engine Version: 4.19.0-3944462+++UE4+Release-4.19
LogInit: Net CL: 3944462
LogDevObjectVersion: Number of dev versions registered: 18
LogDevObjectVersion:   Dev-Blueprints (B0D832E4-1F89-4F0D-ACCF-7EB736FD4AA2): 10
LogDevObjectVersion:   Dev-Build (E1C64328-A22C-4D53-A36C-8E866417BD8C): 0
LogDevObjectVersion:   Dev-Core (375EC13C-06E4-48FB-B500-84F0262A717E): 2
LogDevObjectVersion:   Dev-Editor (E4B068ED-F494-42E9-A231-DA0B2E46BB41): 23
LogDevObjectVersion:   Dev-Framework (CFFC743F-43B0-4480-9391-14DF171D2073): 33
LogDevObjectVersion:   Dev-Mobile (B02B49B5-BB20-44E9-A304-32B752E40360): 2
LogDevObjectVersion:   Dev-Networking (A4E4105C-59A1-49B5-A7C5-40C4547EDFEE): 0
LogDevObjectVersion:   Dev-Online (39C831C9-5AE6-47DC-9A44-9C173E1C8E7C): 0
LogDevObjectVersion:   Dev-Physics (78F01B33-EBEA-4F98-B9B4-84EACCB95AA2): 0
LogDevObjectVersion:   Dev-Platform (6631380F-2D4D-43E0-8009-CF276956A95A): 0
LogDevObjectVersion:   Dev-Rendering (12F88B9F-8875-4AFC-A67C-D90C383ABD29): 25
LogDevObjectVersion:   Dev-Sequencer (7B5AE74C-D270-4C10-A958-57980B212A5A): 6
LogDevObjectVersion:   Dev-VR (D7296918-1DD6-4BDD-9DE2-64A83CC13884): 1
LogDevObjectVersion:   Dev-LoadTimes (C2A15278-BFE7-4AFE-6C17-90FF531DF755): 1
LogDevObjectVersion:   Private-Geometry (6EACA3D4-40EC-4CC1-B786-8BED09428FC5): 2
LogDevObjectVersion:   Dev-AnimPhys (29E575DD-E0A3-4627-9D10-D276232CDCEA): 16
LogDevObjectVersion:   Dev-ReflectionCapture (6B266CEC-1EC7-4B8F-A30B-E4D90942FC07): 1
LogDevObjectVersion:   Dev-Automation (0DF73D61-A23F-47EA-B727-89E90C41499A): 1
LogInit: Compiled (64-bit): Apr 27 2018 02:06:57
LogInit: Compiled with Visual C++: 19.00.24215.01
LogInit: Build Configuration: Development
LogInit: Branch Name: ++UE4+Release-4.19
LogInit: Command Line:  208.107.52.136:17777 -game
LogInit: Base Directory: C:/Program Files/Epic Games/UE_4.19/Engine/Binaries/Win64/
LogInit: Installed Engine Build: 1
LogStreaming: Display: Took  0.002s to delete old logs.
LogInit: Presizing for max 8388607 objects, including 0 objects not considered by GC, pre-allocating 0 bytes for permanent pool.
LogInit: Object subsystem initialized
[2018.09.09-02.31.43:962][  0]LogModuleManager: Warning: No filename provided for module ExampleDeviceProfileSelector
[2018.09.09-02.31.43:962][  0]LogModuleManager: Warning: ModuleManager: Unable to load module 'ExampleDeviceProfileSelector' because the file 'C:/Program Files/Epic Games/UE_4.19/Engine/Binaries/Win64/' was not found.
[2018.09.09-02.31.43:962][  0]LogInit: Applying CVar settings loaded from the selected device profile: [Windows]
[2018.09.09-02.31.43:974][  0]LogInit: Computer: DESKTOP-7J3IH8Q
[2018.09.09-02.31.43:974][  0]LogInit: User: Joshua
[2018.09.09-02.31.43:974][  0]LogInit: CPU Page size=4096, Cores=4
[2018.09.09-02.31.43:974][  0]LogInit: High frequency timer resolution =3.312645 MHz
[2018.09.09-02.31.43:974][  0]LogMemory: Memory total: Physical=15.9GB (16GB approx)
[2018.09.09-02.31.43:974][  0]LogMemory: Platform Memory Stats for Windows
[2018.09.09-02.31.43:974][  0]LogMemory: Process Physical Memory: 277.43 MB used, 277.43 MB peak
[2018.09.09-02.31.43:974][  0]LogMemory: Process Virtual Memory: 268.84 MB used, 268.84 MB peak
[2018.09.09-02.31.43:974][  0]LogMemory: Physical Memory: 6030.72 MB used,  10260.33 MB free, 16291.05 MB total
[2018.09.09-02.31.43:974][  0]LogMemory: Virtual Memory: 4836.80 MB used,  10260.33 MB free, 134217728.00 MB total
[2018.09.09-02.31.43:989][  0]LogInit: Using OS detected language (en-US).
[2018.09.09-02.31.43:989][  0]LogInit: Using OS detected locale (en-US).
[2018.09.09-02.31.43:989][  0]LogTextLocalizationManager: No localization for 'en-US' exists, so 'en' will be used for the language.
[2018.09.09-02.31.43:990][  0]LogTextLocalizationManager: No localization for 'en-US' exists, so 'en' will be used for the locale.
[2018.09.09-02.31.44:404][  0]LogStreaming: Display: Took  0.414s to EndInitTextLocalization.
[2018.09.09-02.31.44:433][  0]LogSlate: New Slate User Created.  User Index 0, Is Virtual User: 0
[2018.09.09-02.31.44:433][  0]LogSlate: Slate User Registered.  User Index 0, Is Virtual User: 0
[2018.09.09-02.31.44:435][  0]LogD3D11RHI: D3D11 adapters:
[2018.09.09-02.31.44:716][  0]LogD3D11RHI:    0. 'Radeon (TM) RX 480 Graphics' (Feature Level 11_0)
[2018.09.09-02.31.44:716][  0]LogD3D11RHI:       4041/0/8145 MB DedicatedVideo/DedicatedSystem/SharedSystem, Outputs:1, VendorId:0x1002
[2018.09.09-02.31.44:718][  0]LogD3D11RHI:    1. 'Microsoft Basic Render Driver' (Feature Level 11_0)
[2018.09.09-02.31.44:718][  0]LogD3D11RHI:       0/0/8145 MB DedicatedVideo/DedicatedSystem/SharedSystem, Outputs:0, VendorId:0x1414
[2018.09.09-02.31.44:718][  0]LogD3D11RHI: Chosen D3D11 Adapter: 0
[2018.09.09-02.31.44:724][  0]LogD3D11RHI: Creating new Direct3DDevice
[2018.09.09-02.31.44:724][  0]LogD3D11RHI:     GPU DeviceId: 0x67df (for the marketing name, search the web for "GPU Device Id")
[2018.09.09-02.31.44:724][  0]LogWindows: EnumDisplayDevices:
[2018.09.09-02.31.44:724][  0]LogWindows:    0. 'Radeon (TM) RX 480 Graphics' (P:1 D:1)
[2018.09.09-02.31.44:725][  0]LogWindows:    1. 'Radeon (TM) RX 480 Graphics' (P:0 D:0)
[2018.09.09-02.31.44:725][  0]LogWindows:    2. 'Radeon (TM) RX 480 Graphics' (P:0 D:0)
[2018.09.09-02.31.44:725][  0]LogWindows:    3. 'Radeon (TM) RX 480 Graphics' (P:0 D:0)
[2018.09.09-02.31.44:725][  0]LogWindows:    4. 'Radeon (TM) RX 480 Graphics' (P:0 D:0)
[2018.09.09-02.31.44:725][  0]LogWindows:    5. 'Radeon (TM) RX 480 Graphics' (P:0 D:0)
[2018.09.09-02.31.44:725][  0]LogWindows:    6. 'Radeon (TM) RX 480 Graphics' (P:0 D:0)
[2018.09.09-02.31.44:725][  0]LogWindows: DebugString: GetVideoDriverDetailsInvalid PrimaryIsNotTheChoosenAdapter GetVideoDriverDetailsInvalid PrimaryIsNotTheChoosenAdapter GetVideoDriverDetailsInvalid PrimaryIsNotTheChoosenAdapter GetVideoDriverDetailsInvalid PrimaryIsNotTheChoosenAdapter GetVideoDriverDetailsInvalid PrimaryIsNotTheChoosenAdapter GetVideoDriverDetailsInvalid PrimaryIsNotTheChoosenAdapter GetVideoDriverDetailsInvalid PrimaryIsNotTheChoosenAdapter FoundDriverCount:0 
[2018.09.09-02.31.44:725][  0]LogD3D11RHI:     Adapter Name: Radeon (TM) RX 480 Graphics
[2018.09.09-02.31.44:725][  0]LogD3D11RHI:   Driver Version: Unknown (internal:Unknown, unified:Unknown)
[2018.09.09-02.31.44:725][  0]LogD3D11RHI:      Driver Date: Unknown
[2018.09.09-02.31.44:725][  0]LogRHI: Texture pool is 2828 MB (70% of 4041 MB)
[2018.09.09-02.31.44:769][  0]LogD3D11RHI: Async texture creation enabled
[2018.09.09-02.31.44:779][  0]LogD3D11RHI: GPU Timing Frequency: 25.000000 (Debug: 2 1)
[2018.09.09-02.31.44:780][  0]LogShaderCompilers: Guid format shader working directory is -10 characters bigger than the processId version (../../../../../../Users/Joshua/Documents/GitHub/fps-proto/Intermediate/Shaders/WorkingDirectory/2328/).
[2018.09.09-02.31.44:780][  0]LogShaderCompilers: Cleaned the shader compiler working directory 'C:/Users/Joshua/AppData/Local/Temp/UnrealShaderWorkingDir/B83DB73042116A69FD571D8771F14602/'.
[2018.09.09-02.31.45:000][  0]LogTemp: Display: Loaded TP WindowsClientTargetPlatform
[2018.09.09-02.31.45:014][  0]LogTemp: Display: Loaded TP WindowsNoEditorTargetPlatform
[2018.09.09-02.31.45:027][  0]LogTemp: Display: Loaded TP WindowsServerTargetPlatform
[2018.09.09-02.31.45:042][  0]LogTemp: Display: Loaded TP WindowsTargetPlatform
[2018.09.09-02.31.45:042][  0]LogTargetPlatformManager: Display: Building Assets For Windows
[2018.09.09-02.31.45:155][  0]LogXGEController: Cleaning working directory: C:/Users/Joshua/AppData/Local/Temp/UnrealXGEWorkingDir/
[2018.09.09-02.31.45:155][  0]LogXGEController: Cannot use XGE Controller as Incredibuild is not installed on this machine.
[2018.09.09-02.31.45:155][  0]LogShaderCompilers: Cannot use XGE Shader Compiler as Incredibuild is not installed on this machine.
[2018.09.09-02.31.45:155][  0]LogShaderCompilers: Display: Using Local Shader Compiler.
[2018.09.09-02.31.45:816][  0]LogDerivedDataCache: Display: Max Cache Size: 512 MB
[2018.09.09-02.31.45:881][  0]LogDerivedDataCache: Loaded boot cache 0.06s 73MB C:/Users/Joshua/AppData/Local/UnrealEngine/4.19/DerivedDataCache/Boot.ddc.
[2018.09.09-02.31.45:881][  0]LogDerivedDataCache: Display: Loaded Boot cache: C:/Users/Joshua/AppData/Local/UnrealEngine/4.19/DerivedDataCache/Boot.ddc
[2018.09.09-02.31.45:881][  0]LogDerivedDataCache: FDerivedDataBackendGraph:  Pak pak cache file ../../../../../../Users/Joshua/Documents/GitHub/fps-proto/DerivedDataCache/DDC.ddp not found, will not use a pak cache.
[2018.09.09-02.31.45:881][  0]LogDerivedDataCache: Unable to find inner node Pak for hierarchical cache Hierarchy.
[2018.09.09-02.31.45:881][  0]LogDerivedDataCache: FDerivedDataBackendGraph:  CompressedPak pak cache file ../../../../../../Users/Joshua/Documents/GitHub/fps-proto/DerivedDataCache/Compressed.ddp not found, will not use a pak cache.
[2018.09.09-02.31.45:881][  0]LogDerivedDataCache: Unable to find inner node CompressedPak for hierarchical cache Hierarchy.
[2018.09.09-02.31.45:896][  0]LogDerivedDataCache: Display: Pak cache opened for reading ../../../Engine/DerivedDataCache/Compressed.ddp.
[2018.09.09-02.31.45:908][  0]LogDerivedDataCache: Using Local data cache path C:/Users/Joshua/AppData/Local/UnrealEngine/Common/DerivedDataCache: Writable
[2018.09.09-02.31.45:908][  0]LogDerivedDataCache: Shared data cache path not found in *engine.ini, will not use an Shared cache.
[2018.09.09-02.31.45:908][  0]LogDerivedDataCache: Unable to find inner node Shared for hierarchical cache Hierarchy.
[2018.09.09-02.31.45:920][  0]LogMaterial: Verifying Global Shaders for PCD3D_SM5
[2018.09.09-02.31.45:921][  0]LogSlate: Using Freetype 2.6.0
[2018.09.09-02.31.45:921][  0]LogSlate: SlateFontCache - WITH_FREETYPE: 1, WITH_HARFBUZZ: 1
[2018.09.09-02.31.45:921][  0]LogSlate: SlateFontCache - WITH_FREETYPE: 1, WITH_HARFBUZZ: 1
[2018.09.09-02.31.46:015][  0]LogAssetRegistry: FAssetRegistry took 0.0044 seconds to start up
[2018.09.09-02.31.46:220][  0]LogPackageLocalizationCache: Processed 6 localized package path(s) for 1 prioritized culture(s) in 0.026609 seconds
[2018.09.09-02.31.46:318][  0]LogModuleManager: Warning: No filename provided for module ExampleDeviceProfileSelector
[2018.09.09-02.31.46:318][  0]LogModuleManager: Warning: ModuleManager: Unable to load module 'ExampleDeviceProfileSelector' because the file 'C:/Program Files/Epic Games/UE_4.19/Engine/Binaries/Win64/' was not found.
[2018.09.09-02.31.46:453][  0]LogSimplygon: Simplygon DLL not present - disabling.
[2018.09.09-02.31.46:456][  0]LogMeshReduction: Using SimplygonSwarm for distributed automatic mesh merging
[2018.09.09-02.31.46:456][  0]LogMeshReduction: Using QuadricMeshReduction for automatic static mesh reduction
[2018.09.09-02.31.46:456][  0]LogMeshReduction: No automatic skeletal mesh reduction module available
[2018.09.09-02.31.46:456][  0]LogMeshReduction: No automatic mesh merging module available
[2018.09.09-02.31.46:456][  0]LogMeshMerging: No automatic mesh merging module available
[2018.09.09-02.31.46:485][  0]LogNetVersion: FPSPrototype , NetCL: 3944462, EngineNetVer: 2, GameNetVer: 0 (Checksum: 1221512049)
[2018.09.09-02.31.47:100][  0]LogMoviePlayer: Initializing movie player
[2018.09.09-02.31.47:393][  0]LogCollectionManager: Loaded 0 collections in 0.001825 seconds
[2018.09.09-02.31.47:431][  0]LogFileCache: Scanning file cache for directory 'C:/Users/Joshua/Documents/GitHub/fps-proto/Saved/Collections/' took 0.01s
[2018.09.09-02.31.47:431][  0]LogFileCache: Scanning file cache for directory 'C:/Users/Joshua/Documents/GitHub/fps-proto/Content/Developers/Joshua/Collections/' took 0.01s
[2018.09.09-02.31.47:431][  0]LogFileCache: Scanning file cache for directory 'C:/Users/Joshua/Documents/GitHub/fps-proto/Content/Collections/' took 0.01s
[2018.09.09-02.31.47:431][  0]LogCollectionManager: Rebuilt the object cache for 0 collections in 0.000000 seconds (found 0 objects)
[2018.09.09-02.31.47:431][  0]LogCollectionManager: Fixed up redirectors for 0 collections in 0.000865 seconds (updated 0 objects)
[2018.09.09-02.31.47:597][  0]SourceControl: Source control is disabled
[2018.09.09-02.31.47:597][  0]SourceControl: Source control is disabled
[2018.09.09-02.31.47:614][  0]SourceControl: Source control is disabled
[2018.09.09-02.31.48:001][  0]LogOcInput: OculusInput pre-init called
[2018.09.09-02.31.48:043][  0]LogUObjectArray: 39193 objects as part of root set at end of initial load.
[2018.09.09-02.31.48:043][  0]LogUObjectAllocator: 8155384 out of 0 bytes used by permanent object pool.
[2018.09.09-02.31.48:043][  0]LogUObjectArray: CloseDisregardForGC: 0/0 objects in disregard for GC pool
[2018.09.09-02.31.48:093][  0]LogEngine: Initializing Engine...
[2018.09.09-02.31.48:093][  0]LogHMD: Oculus plugin initialized. Version: 4.19.2-4033788+++UE4+Release-4.19, OVRPlugin: 1.21.0
[2018.09.09-02.31.48:105][  0]LogStats: UGameplayTagsManager::ConstructGameplayTagTree: Construct from data asset -  0.000 s
[2018.09.09-02.31.48:106][  0]LogStats: UGameplayTagsManager::ConstructGameplayTagTree: GameplayTagTreeChangedEvent.Broadcast -  0.000 s
[2018.09.09-02.31.48:271][  0]LogInit: XAudio2 using '3 - 2476WM (AMD High Definition Audio Device)' : 2 channels at 48 kHz using 16 bits per sample (channel mask 0x3)
[2018.09.09-02.31.48:283][  0]LogInit: FAudioDevice initialized.
[2018.09.09-02.31.48:493][  0]LogDerivedDataCache: Saved boot cache 0.20s 73MB C:/Users/Joshua/AppData/Local/UnrealEngine/4.19/DerivedDataCache/Boot.ddc.
[2018.09.09-02.31.48:509][  0]LogInit: Texture streaming: Enabled
[2018.09.09-02.31.48:629][  0]LogInit: Display: Game Engine Initialized.
[2018.09.09-02.31.48:629][  0]LogGameplayTags: Display: UGameplayTagsManager::DoneAddingNativeTags. DelegateIsBound: 0
[2018.09.09-02.31.48:629][  0]LogStats: UGameplayTagsManager::ConstructGameplayTagTree: Construct from data asset -  0.000 s
[2018.09.09-02.31.48:629][  0]LogStats: UGameplayTagsManager::ConstructGameplayTagTree: GameplayTagTreeChangedEvent.Broadcast -  0.000 s
[2018.09.09-02.31.48:727][  0]LogInit: Display: Starting Game.
[2018.09.09-02.31.48:727][  0]LogNet: Browse: 208.107.52.136:17777//Game/Blueprints/Levels/MainMenu_Level?Name=Player
[2018.09.09-02.31.48:727][  0]LogTemp: Display: ParseSettings for GameNetDriver
[2018.09.09-02.31.48:727][  0]LogTemp: Display: ParseSettings for IpNetDriver_0
[2018.09.09-02.31.48:727][  0]LogTemp: Display: ParseSettings for PendingNetDriver
[2018.09.09-02.31.48:727][  0]LogInit: WinSock: Socket queue 32768 / 32768
[2018.09.09-02.31.48:729][  0]LogInit: WinSock: I am DESKTOP-7J3IH8Q (192.168.117.2:0)
[2018.09.09-02.31.48:729][  0]PacketHandlerLog: Loaded PacketHandler component: Engine.EngineHandlerComponentFactory (StatelessConnectHandlerComponent)
[2018.09.09-02.31.48:729][  0]LogNet: Game client on port 17777, rate 10000
[2018.09.09-02.31.48:780][  0]LogLoad: (Engine Initialization) Total time: 7.13 seconds
[2018.09.09-02.31.48:780][  0]LogLoad: (Engine Initialization) Total Blueprint compile time: 0.00 seconds
[2018.09.09-02.31.48:798][  0]LogWindowsTextInputMethodSystem: Display: IME system now deactivated.
[2018.09.09-02.31.48:798][  0]LogOcInput: OculusInput is initialized
[2018.09.09-02.31.48:802][  0]LogContentStreaming: Texture pool size now 1000 MB
[2018.09.09-02.31.56:129][453]LogSlate: Window 'FPSPrototype (64-bit, PCD3D_SM5) ' being destroyed
[2018.09.09-02.31.56:130][453]LogWindowsTextInputMethodSystem: Display: IME system now deactivated.
[2018.09.09-02.31.56:133][453]LogEngine: All Windows Closed
[2018.09.09-02.31.56:133][453]LogWindows: FPlatformMisc::RequestExit(0)
[2018.09.09-02.31.56:138][454]LogNet: UNetConnection::Close: [UNetConnection] RemoteAddr: 208.107.52.136:17777, Name: IpConnection_0, Driver: PendingNetDriver IpNetDriver_0, IsServer: NO, PC: NULL, Owner: NULL, UniqueId: INVALID, Channels: 2, Time: 2018.09.09-02.31.56
[2018.09.09-02.31.56:138][454]LogNet: UChannel::Close: Sending CloseBunch. ChIndex == 0. Name: [UChannel] ChIndex: 0, Closing: 0 [UNetConnection] RemoteAddr: 208.107.52.136:17777, Name: IpConnection_0, Driver: PendingNetDriver IpNetDriver_0, IsServer: NO, PC: NULL, Owner: NULL, UniqueId: INVALID
[2018.09.09-02.31.56:138][454]LogNet: DestroyNamedNetDriver IpNetDriver_0 [PendingNetDriver]
[2018.09.09-02.31.56:138][454]LogExit: PendingNetDriver IpNetDriver_0 shut down
[2018.09.09-02.31.57:106][454]LogSlate: Slate User Destroyed.  User Index 0, Is Virtual User: 0
[2018.09.09-02.31.57:107][454]LogExit: Preparing to exit.
[2018.09.09-02.31.57:107][454]LogMoviePlayer: Shutting down movie player
[2018.09.09-02.31.57:120][454]LogNet: UChannel::CleanUp: ChIndex == 0. Closing connection. [UChannel] ChIndex: 0, Closing: 0 [UNetConnection] RemoteAddr: 208.107.52.136:17777, Name: None, Driver: PendingNetDriver None, IsServer: NO, PC: NULL, Owner: NULL, UniqueId: INVALID
[2018.09.09-02.31.57:128][454]LogExit: Game engine shut down
[2018.09.09-02.31.57:178][454]LogExit: Object subsystem successfully closed.
[2018.09.09-02.31.57:194][454]LogShaderCompilers: Display: Shaders left to compile 0
[2018.09.09-02.31.57:196][454]LogD3D11RHI: Shutdown
[2018.09.09-02.31.57:196][454]LogD3D11RHI: CleanupD3DDevice
[2018.09.09-02.31.57:197][454]LogD3D11RHI: ~FD3D11DynamicRHI
[2018.09.09-02.31.57:207][454]LogModuleManager: Shutting down and abandoning module SequenceRecorderSections (315)
[2018.09.09-02.31.57:207][454]LogModuleManager: Shutting down and abandoning module SequenceRecorder (313)
[2018.09.09-02.31.57:207][454]LogModuleManager: Shutting down and abandoning module AutomationController (311)
[2018.09.09-02.31.57:207][454]LogModuleManager: Shutting down and abandoning module AutomationWorker (309)
[2018.09.09-02.31.57:207][454]LogModuleManager: Shutting down and abandoning module WmfMediaFactory (307)
[2018.09.09-02.31.57:207][454]LogModuleManager: Shutting down and abandoning module OpenExrWrapper (305)
[2018.09.09-02.31.57:207][454]LogModuleManager: Shutting down and abandoning module ImgMediaFactory (303)
[2018.09.09-02.31.57:207][454]LogModuleManager: Shutting down and abandoning module AvfMediaFactory (301)
[2018.09.09-02.31.57:207][454]LogModuleManager: Shutting down and abandoning module CharacterAI (299)
[2018.09.09-02.31.57:207][454]LogModuleManager: Shutting down and abandoning module SessionServices (297)
[2018.09.09-02.31.57:207][454]LogModuleManager: Shutting down and abandoning module MovieSceneCapture (295)
[2018.09.09-02.31.57:207][454]LogModuleManager: Shutting down and abandoning module MovieSceneTracks (293)
[2018.09.09-02.31.57:207][454]LogModuleManager: Shutting down and abandoning module MovieScene (291)
[2018.09.09-02.31.57:207][454]LogModuleManager: Shutting down and abandoning module GeometryCache (289)
[2018.09.09-02.31.57:207][454]LogModuleManager: Shutting down and abandoning module GeometryCacheEd (288)
[2018.09.09-02.31.57:207][454]LogModuleManager: Shutting down and abandoning module StreamingPauseRendering (285)
[2018.09.09-02.31.57:207][454]LogModuleManager: Shutting down and abandoning module PortalServices (283)
[2018.09.09-02.31.57:207][454]LogModuleManager: Shutting down and abandoning module PortalRpc (281)
[2018.09.09-02.31.57:207][454]LogModuleManager: Shutting down and abandoning module MessagingRpc (279)
[2018.09.09-02.31.57:207][454]LogModuleManager: Shutting down and abandoning module ProfilerService (277)
[2018.09.09-02.31.57:310][454]LogModuleManager: Shutting down and abandoning module TaskGraph (275)
[2018.09.09-02.31.57:310][454]LogModuleManager: Shutting down and abandoning module SteamVRController (273)
[2018.09.09-02.31.57:310][454]LogModuleManager: Shutting down and abandoning module ProceduralMeshComponent (271)
[2018.09.09-02.31.57:310][454]LogModuleManager: Shutting down and abandoning module OculusInput (269)
[2018.09.09-02.31.57:310][454]LogModuleManager: Shutting down and abandoning module CustomMeshComponent (267)
[2018.09.09-02.31.57:310][454]LogModuleManager: Shutting down and abandoning module CableComponent (265)
[2018.09.09-02.31.57:310][454]LogModuleManager: Shutting down and abandoning module AudioCapture (263)
[2018.09.09-02.31.57:310][454]LogModuleManager: Shutting down and abandoning module ArchVisCharacter (261)
[2018.09.09-02.31.57:310][454]LogModuleManager: Shutting down and abandoning module NUTUnrealEngine4 (259)
[2018.09.09-02.31.57:310][454]LogModuleManager: Shutting down and abandoning module NetcodeUnitTest (257)
[2018.09.09-02.31.57:310][454]LogModuleManager: Shutting down and abandoning module MediaCompositing (255)
[2018.09.09-02.31.57:310][454]LogModuleManager: Shutting down and abandoning module LinearTimecode (253)
[2018.09.09-02.31.57:310][454]LogModuleManager: Shutting down and abandoning module ImgMedia (251)
[2018.09.09-02.31.57:313][454]LogModuleManager: Shutting down and abandoning module HTML5Networking (249)
[2018.09.09-02.31.57:313][454]LogModuleManager: Shutting down and abandoning module DatasmithContent (247)
[2018.09.09-02.31.57:313][454]LogModuleManager: Shutting down and abandoning module VisualStudioSourceCodeAccess (245)
[2018.09.09-02.31.57:313][454]LogModuleManager: Shutting down and abandoning module HotReload (244)
[2018.09.09-02.31.57:313][454]LogModuleManager: Shutting down and abandoning module VisualStudioCodeSourceCodeAccess (241)
[2018.09.09-02.31.57:313][454]LogModuleManager: Shutting down and abandoning module SubversionSourceControl (239)
[2018.09.09-02.31.57:313][454]LogModuleManager: Shutting down and abandoning module PerforceSourceControl (237)
[2018.09.09-02.31.57:313][454]LogModuleManager: Shutting down and abandoning module SourceControl (236)
[2018.09.09-02.31.57:313][454]LogModuleManager: Shutting down and abandoning module CLionSourceCodeAccess (233)
[2018.09.09-02.31.57:313][454]LogModuleManager: Shutting down and abandoning module RuntimePhysXCooking (231)
[2018.09.09-02.31.57:313][454]LogModuleManager: Shutting down and abandoning module PhysXVehiclesEditor (229)
[2018.09.09-02.31.57:313][454]LogModuleManager: Shutting down and abandoning module PhysXVehicles (227)
[2018.09.09-02.31.57:313][454]LogModuleManager: Shutting down and abandoning module LocationServicesBPLibrary (225)
[2018.09.09-02.31.57:313][454]LogModuleManager: Shutting down and abandoning module ImmediatePhysicsEditor (223)
[2018.09.09-02.31.57:313][454]LogModuleManager: Shutting down and abandoning module ImmediatePhysics (221)
[2018.09.09-02.31.57:313][454]LogModuleManager: Shutting down and abandoning module ApexDestructionEditor (219)
[2018.09.09-02.31.57:313][454]LogModuleManager: Shutting down and abandoning module ContentBrowser (218)
[2018.09.09-02.31.57:313][454]LogModuleManager: Shutting down and abandoning module CollectionManager (217)
[2018.09.09-02.31.57:313][454]LogDirectoryWatcher: A directory notification for 'C:/Users/Joshua/Documents/GitHub/fps-proto/Content/Collections/' was aborted.
[2018.09.09-02.31.57:313][454]LogDirectoryWatcher: A directory notification for 'C:/Users/Joshua/Documents/GitHub/fps-proto/Content/Developers/Joshua/Collections/' was aborted.
[2018.09.09-02.31.57:313][454]LogDirectoryWatcher: A directory notification for 'C:/Users/Joshua/Documents/GitHub/fps-proto/Saved/Collections/' was aborted.
[2018.09.09-02.31.57:313][454]LogModuleManager: Shutting down and abandoning module DirectoryWatcher (216)
[2018.09.09-02.31.57:313][454]LogModuleManager: Shutting down and abandoning module ApexDestruction (211)
[2018.09.09-02.31.57:313][454]LogModuleManager: Shutting down and abandoning module ActorSequence (209)
[2018.09.09-02.31.57:313][454]LogModuleManager: Shutting down and abandoning module UdpMessaging (207)
[2018.09.09-02.31.57:313][454]LogModuleManager: Shutting down and abandoning module TcpMessaging (205)
[2018.09.09-02.31.57:313][454]LogModuleManager: Shutting down and abandoning module GameplayTagsEditor (203)
[2018.09.09-02.31.57:313][454]LogModuleManager: Shutting down and abandoning module FacialAnimation (201)
[2018.09.09-02.31.57:313][454]LogModuleManager: Shutting down and abandoning module DataValidation (199)
[2018.09.09-02.31.57:313][454]LogModuleManager: Shutting down and abandoning module AssetManagerEditor (197)
[2018.09.09-02.31.57:313][454]LogModuleManager: Shutting down and abandoning module TreeMap (196)
[2018.09.09-02.31.57:313][454]LogModuleManager: Shutting down and abandoning module LightPropagationVolumeRuntime (193)
[2018.09.09-02.31.57:313][454]LogModuleManager: Shutting down and abandoning module PIEPreviewDeviceProfileSelector (191)
[2018.09.09-02.31.57:314][454]LogModuleManager: Shutting down and abandoning module WindowsMoviePlayer (189)
[2018.09.09-02.31.57:314][454]LogModuleManager: Shutting down and abandoning module WmfMedia (187)
[2018.09.09-02.31.57:314][454]LogModuleManager: Shutting down and abandoning module Media (186)
[2018.09.09-02.31.57:320][454]LogModuleManager: Shutting down and abandoning module PacketHandler (183)
[2018.09.09-02.31.57:320][454]LogModuleManager: Shutting down and abandoning module ClothingSystemEditor (181)
[2018.09.09-02.31.57:320][454]LogModuleManager: Shutting down and abandoning module ClothingSystemRuntime (179)
[2018.09.09-02.31.57:320][454]LogModuleManager: Shutting down and abandoning module MediaAssets (177)
[2018.09.09-02.31.57:320][454]LogModuleManager: Shutting down and abandoning module Overlay (175)
[2018.09.09-02.31.57:320][454]LogModuleManager: Shutting down and abandoning module OverlayEditor (174)
[2018.09.09-02.31.57:320][454]LogModuleManager: Shutting down and abandoning module VREditor (171)
[2018.09.09-02.31.57:320][454]LogModuleManager: Shutting down and abandoning module StringTableEditor (169)
[2018.09.09-02.31.57:320][454]LogModuleManager: Shutting down and abandoning module GameplayTasksEditor (167)
[2018.09.09-02.31.57:320][454]LogModuleManager: Shutting down and abandoning module BehaviorTreeEditor (165)
[2018.09.09-02.31.57:320][454]LogModuleManager: Shutting down and abandoning module FunctionalTesting (163)
[2018.09.09-02.31.57:320][454]LogModuleManager: Shutting down and abandoning module CollisionAnalyzer (161)
[2018.09.09-02.31.57:320][454]LogModuleManager: Shutting down and abandoning module WorkspaceMenuStructure (160)
[2018.09.09-02.31.57:320][454]LogModuleManager: Shutting down and abandoning module UMG (157)
[2018.09.09-02.31.57:320][454]LogModuleManager: Shutting down and abandoning module UMGEditor (156)
[2018.09.09-02.31.57:320][454]LogModuleManager: Shutting down and abandoning module Sequencer (155)
[2018.09.09-02.31.57:320][454]LogModuleManager: Shutting down and abandoning module MessageLog (152)
[2018.09.09-02.31.57:320][454]LogModuleManager: Shutting down and abandoning module SlateReflector (147)
[2018.09.09-02.31.57:320][454]LogModuleManager: Shutting down and abandoning module Slate (145)
[2018.09.09-02.31.57:320][454]LogModuleManager: Shutting down and abandoning module EditorStyle (143)
[2018.09.09-02.31.57:321][454]LogModuleManager: Shutting down and abandoning module MRMesh (141)
[2018.09.09-02.31.57:321][454]LogModuleManager: Shutting down and abandoning module Messaging (139)
[2018.09.09-02.31.57:321][454]LogModuleManager: Shutting down and abandoning module SourceCodeAccess (137)
[2018.09.09-02.31.57:321][454]LogModuleManager: Shutting down and abandoning module HeadMountedDisplay (135)
[2018.09.09-02.31.57:321][454]LogModuleManager: Shutting down and abandoning module XAudio2 (133)
[2018.09.09-02.31.57:321][454]LogModuleManager: Shutting down and abandoning module Networking (131)
[2018.09.09-02.31.57:321][454]LogModuleManager: Shutting down and abandoning module Core (129)
[2018.09.09-02.31.57:321][454]LogModuleManager: Shutting down and abandoning module LevelSequence (127)
[2018.09.09-02.31.57:321][454]LogModuleManager: Shutting down and abandoning module KismetCompiler (125)
[2018.09.09-02.31.57:321][454]LogModuleManager: Shutting down and abandoning module MeshUtilities (123)
[2018.09.09-02.31.57:321][454]LogModuleManager: Shutting down and abandoning module MeshMergeUtilities (122)
[2018.09.09-02.31.57:321][454]LogModuleManager: Shutting down and abandoning module MeshReductionInterface (121)
[2018.09.09-02.31.57:321][454]LogModuleManager: Shutting down and abandoning module SimplygonSwarm (120)
[2018.09.09-02.31.57:321][454]LogModuleManager: Shutting down and abandoning module SimplygonMeshReduction (118)
[2018.09.09-02.31.57:322][454]LogModuleManager: Shutting down and abandoning module QuadricMeshReduction (116)
[2018.09.09-02.31.57:322][454]LogModuleManager: Shutting down and abandoning module MaterialBaking (112)
[2018.09.09-02.31.57:322][454]LogModuleManager: Shutting down and abandoning module DerivedDataCache (107)
[2018.09.09-02.31.57:404][454]LogDerivedDataCache: Shutdown
[2018.09.09-02.31.57:404][454]LogModuleManager: Shutting down and abandoning module XGEController (105)
[2018.09.09-02.31.57:404][454]LogXGEController: Cleaning working directory: C:/Users/Joshua/AppData/Local/Temp/UnrealXGEWorkingDir/
[2018.09.09-02.31.57:404][454]LogModuleManager: Shutting down and abandoning module TargetPlatform (103)
[2018.09.09-02.31.57:405][454]LogModuleManager: Shutting down and abandoning module VulkanShaderFormat (102)
[2018.09.09-02.31.57:405][454]LogModuleManager: Shutting down and abandoning module ShaderFormatVectorVM (100)
[2018.09.09-02.31.57:405][454]LogModuleManager: Shutting down and abandoning module ShaderFormatOpenGL (98)
[2018.09.09-02.31.57:405][454]LogModuleManager: Shutting down and abandoning module ShaderFormatD3D (96)
[2018.09.09-02.31.57:405][454]LogModuleManager: Shutting down and abandoning module MetalShaderFormat (94)
[2018.09.09-02.31.57:405][454]LogModuleManager: Shutting down and abandoning module TextureFormatUncompressed (92)
[2018.09.09-02.31.57:405][454]LogModuleManager: Shutting down and abandoning module TextureFormatPVR (90)
[2018.09.09-02.31.57:405][454]LogModuleManager: Shutting down and abandoning module TextureFormatDXT (88)
[2018.09.09-02.31.57:405][454]LogModuleManager: Shutting down and abandoning module TextureFormatIntelISPCTexComp (86)
[2018.09.09-02.31.57:405][454]LogModuleManager: Shutting down and abandoning module TextureFormatASTC (84)
[2018.09.09-02.31.57:405][454]LogModuleManager: Shutting down and abandoning module ImageWrapper (83)
[2018.09.09-02.31.57:405][454]LogModuleManager: Shutting down and abandoning module TextureFormatAndroid (80)
[2018.09.09-02.31.57:405][454]LogModuleManager: Shutting down and abandoning module AudioFormatOpus (78)
[2018.09.09-02.31.57:405][454]LogModuleManager: Shutting down and abandoning module AudioFormatOgg (76)
[2018.09.09-02.31.57:405][454]LogModuleManager: Shutting down and abandoning module AudioFormatADPCM (74)
[2018.09.09-02.31.57:405][454]LogModuleManager: Shutting down and abandoning module WindowsTargetPlatform (72)
[2018.09.09-02.31.57:405][454]LogModuleManager: Shutting down and abandoning module WindowsServerTargetPlatform (70)
[2018.09.09-02.31.57:405][454]LogModuleManager: Shutting down and abandoning module WindowsNoEditorTargetPlatform (68)
[2018.09.09-02.31.57:405][454]LogModuleManager: Shutting down and abandoning module WindowsClientTargetPlatform (66)
[2018.09.09-02.31.57:405][454]LogModuleManager: Shutting down and abandoning module InputCore (63)
[2018.09.09-02.31.57:405][454]LogModuleManager: Shutting down and abandoning module Settings (61)
[2018.09.09-02.31.57:405][454]LogModuleManager: Shutting down and abandoning module PhysXCooking (59)
[2018.09.09-02.31.57:405][454]LogModuleManager: Shutting down and abandoning module SteamVR (56)
[2018.09.09-02.31.57:405][454]LogModuleManager: Shutting down and abandoning module OculusHMD (54)
[2018.09.09-02.31.57:405][454]LogModuleManager: Shutting down and abandoning module OnlineBlueprintSupport (52)
[2018.09.09-02.31.57:405][454]LogModuleManager: Shutting down and abandoning module OnlineSubsystem (48)
[2018.09.09-02.31.57:405][454]LogOnline: Display: OSS: FOnlineSubsystemNull::Shutdown()
[2018.09.09-02.31.57:405][454]LogOnline: Display: OSS: FOnlineAsyncTaskManager::Stop() ActiveTask:0000000000000000 Tasks[0/0]
[2018.09.09-02.31.57:405][454]LogOnline: Display: OSS: FOnlineAsyncTaskManager::Exit() started
[2018.09.09-02.31.57:405][454]LogOnline: Display: OSS: FOnlineAsyncTaskManager::Exit() finished
[2018.09.09-02.31.57:405][454]LogModuleManager: Shutting down and abandoning module XMPP (43)
[2018.09.09-02.31.57:405][454]LogModuleManager: Shutting down and abandoning module HTTP (41)
[2018.09.09-02.31.57:412][454]LogModuleManager: Shutting down and abandoning module SSL (40)
[2018.09.09-02.31.57:413][454]LogModuleManager: Shutting down and abandoning module AnimationModifiers (36)
[2018.09.09-02.31.57:413][454]LogModuleManager: Shutting down and abandoning module PropertyEditor (35)
[2018.09.09-02.31.57:413][454]LogModuleManager: Shutting down and abandoning module AudioEditor (32)
[2018.09.09-02.31.57:413][454]LogModuleManager: Shutting down and abandoning module TextureCompressor (30)
[2018.09.09-02.31.57:413][454]LogModuleManager: Shutting down and abandoning module ShaderCore (28)
[2018.09.09-02.31.57:413][454]LogModuleManager: Shutting down and abandoning module Landscape (26)
[2018.09.09-02.31.57:413][454]LogModuleManager: Shutting down and abandoning module SlateRHIRenderer (24)
[2018.09.09-02.31.57:413][454]LogModuleManager: Shutting down and abandoning module OpenGLDrv (22)
[2018.09.09-02.31.57:413][454]LogModuleManager: Shutting down and abandoning module D3D11RHI (20)
[2018.09.09-02.31.57:413][454]LogModuleManager: Shutting down and abandoning module AnimGraphRuntime (18)
[2018.09.09-02.31.57:413][454]LogModuleManager: Shutting down and abandoning module Renderer (16)
[2018.09.09-02.31.57:413][454]LogModuleManager: Shutting down and abandoning module Engine (14)
[2018.09.09-02.31.57:413][454]LogModuleManager: Shutting down and abandoning module CoreUObject (12)
[2018.09.09-02.31.57:413][454]LogModuleManager: Shutting down and abandoning module NetworkFile (10)
[2018.09.09-02.31.57:413][454]LogModuleManager: Shutting down and abandoning module CookedIterativeFile (8)
[2018.09.09-02.31.57:413][454]LogModuleManager: Shutting down and abandoning module StreamingFile (6)
[2018.09.09-02.31.57:413][454]LogModuleManager: Shutting down and abandoning module SandboxFile (4)
[2018.09.09-02.31.57:413][454]LogModuleManager: Shutting down and abandoning module PakFile (2)
[2018.09.09-02.31.57:417][454]LogExit: Exiting.
[2018.09.09-02.31.57:418][454]Log file closed, 09/08/18 22:31:57
