Log file open, 09/09/18 00:37:54
LogWindows: Failed to load 'aqProf.dll' (GetLastError=126)
LogWindows: File 'aqProf.dll' does not exist
LogWindows: Failed to load 'VtuneApi.dll' (GetLastError=126)
LogWindows: File 'VtuneApi.dll' does not exist
LogWindows: Failed to load 'VtuneApi32e.dll' (GetLastError=126)
LogWindows: File 'VtuneApi32e.dll' does not exist
LogInit: Display: Running engine for game: FPSPrototype
LogPlatformFile: Not using cached read wrapper
LogInit: Display: RandInit(935409177) SRandInit(935409177).
LogInit: Read version file with build ID '3944462'
LogInit: Overriding engine version to CL 4033788, compatible CL 3944462
LogInit: Registered custom module enumerator with build ID '3944462'
LogTaskGraph: Started task graph with 5 named threads and 23 total threads with 3 sets of task threads.
LogStats: Stats thread started at 0.262473
LogD3D11RHI: Aftermath initialized
LogICUInternationalization: Display: ICU TimeZone Detection - Raw Offset: -6:00, Platform Override: ''
LogModuleManager: Display: Found up-to-date module file ../../../Engine/Plugins/Runtime/ApexDestruction/Binaries/Win64/UE4Editor-ApexDestruction.dll (API version 3944462).
LogModuleManager: Display: Found up-to-date module file ../../../Engine/Plugins/Runtime/ApexDestruction/Binaries/Win64/UE4Editor-ApexDestructionEditor.dll (API version 3944462).
LogModuleManager: Display: Found up-to-date module file ../../../Engine/Plugins/Blendables/LightPropagationVolume/Binaries/Win64/UE4Editor-LightPropagationVolumeRuntime.dll (API version 3944462).
LogModuleManager: Display: Found up-to-date module file ../../../Engine/Plugins/Blendables/LightPropagationVolume/Binaries/Win64/UE4Editor-LightPropagationVolumeEditor.dll (API version 3944462).
LogModuleManager: Display: Found up-to-date module file ../../../Engine/Plugins/Developer/CLionSourceCodeAccess/Binaries/Win64/UE4Editor-CLionSourceCodeAccess.dll (API version 3944462).
LogModuleManager: Display: Found up-to-date module file ../../../Engine/Plugins/Developer/GitSourceControl/Binaries/Win64/UE4Editor-GitSourceControl.dll (API version 3944462).
LogModuleManager: Display: Found up-to-date module file ../../../Engine/Plugins/Developer/PerforceSourceControl/Binaries/Win64/UE4Editor-PerforceSourceControl.dll (API version 3944462).
LogModuleManager: Display: Found up-to-date module file ../../../Engine/Plugins/Developer/SubversionSourceControl/Binaries/Win64/UE4Editor-SubversionSourceControl.dll (API version 3944462).
LogModuleManager: Display: Found up-to-date module file ../../../Engine/Plugins/Developer/VisualStudioCodeSourceCodeAccess/Binaries/Win64/UE4Editor-VisualStudioCodeSourceCodeAccess.dll (API version 3944462).
LogModuleManager: Display: Found up-to-date module file ../../../Engine/Plugins/Developer/VisualStudioSourceCodeAccess/Binaries/Win64/UE4Editor-VisualStudioSourceCodeAccess.dll (API version 3944462).
LogModuleManager: Display: Found up-to-date module file ../../../Engine/Plugins/Editor/AssetManagerEditor/Binaries/Win64/UE4Editor-AssetManagerEditor.dll (API version 3944462).
LogModuleManager: Display: Found up-to-date module file ../../../Engine/Plugins/Editor/DataValidation/Binaries/Win64/UE4Editor-DataValidation.dll (API version 3944462).
LogModuleManager: Display: Found up-to-date module file ../../../Engine/Plugins/Editor/FacialAnimation/Binaries/Win64/UE4Editor-FacialAnimation.dll (API version 3944462).
LogModuleManager: Display: Found up-to-date module file ../../../Engine/Plugins/Editor/FacialAnimation/Binaries/Win64/UE4Editor-FacialAnimationEditor.dll (API version 3944462).
LogModuleManager: Display: Found up-to-date module file ../../../Engine/Plugins/Editor/GameplayTagsEditor/Binaries/Win64/UE4Editor-GameplayTagsEditor.dll (API version 3944462).
LogModuleManager: Display: Found up-to-date module file ../../../Engine/Plugins/Editor/MobileLauncherProfileWizard/Binaries/Win64/UE4Editor-MobileLauncherProfileWizard.dll (API version 3944462).
LogModuleManager: Display: Found up-to-date module file ../../../Engine/Plugins/Editor/PluginBrowser/Binaries/Win64/UE4Editor-PluginBrowser.dll (API version 3944462).
LogModuleManager: Display: Found up-to-date module file ../../../Engine/Plugins/Editor/SpeedTreeImporter/Binaries/Win64/UE4Editor-SpeedTreeImporter.dll (API version 3944462).
LogModuleManager: Display: Found up-to-date module file ../../../Engine/Plugins/Enterprise/DatasmithContent/Binaries/Win64/UE4Editor-DatasmithContent.dll (API version 3944462).
LogModuleManager: Display: Found up-to-date module file ../../../Engine/Plugins/Experimental/AlembicImporter/Binaries/Win64/UE4Editor-AlembicImporter.dll (API version 3944462).
LogModuleManager: Display: Found up-to-date module file ../../../Engine/Plugins/Experimental/AlembicImporter/Binaries/Win64/UE4Editor-AlembicLibrary.dll (API version 3944462).
LogModuleManager: Display: Found up-to-date module file ../../../Engine/Plugins/Experimental/CharacterAI/Binaries/Win64/UE4Editor-CharacterAI.dll (API version 3944462).
LogModuleManager: Display: Found up-to-date module file ../../../Engine/Plugins/Experimental/HTML5Networking/Binaries/Win64/UE4Editor-HTML5Networking.dll (API version 3944462).
LogModuleManager: Display: Found up-to-date module file ../../../Engine/Plugins/Media/AndroidMedia/Binaries/Win64/UE4Editor-AndroidMediaEditor.dll (API version 3944462).
LogModuleManager: Display: Found up-to-date module file ../../../Engine/Plugins/Media/AndroidMedia/Binaries/Win64/UE4Editor-AndroidMediaFactory.dll (API version 3944462).
LogModuleManager: Display: Found up-to-date module file ../../../Engine/Plugins/Media/AvfMedia/Binaries/Win64/UE4Editor-AvfMediaEditor.dll (API version 3944462).
LogModuleManager: Display: Found up-to-date module file ../../../Engine/Plugins/Media/AvfMedia/Binaries/Win64/UE4Editor-AvfMediaFactory.dll (API version 3944462).
LogModuleManager: Display: Found up-to-date module file ../../../Engine/Plugins/Media/AvfMedia/Binaries/Win64/UE4Editor-AvfMediaFactory.dll (API version 3944462).
LogModuleManager: Display: Found up-to-date module file ../../../Engine/Plugins/Media/ImgMedia/Binaries/Win64/UE4Editor-ImgMedia.dll (API version 3944462).
LogModuleManager: Display: Found up-to-date module file ../../../Engine/Plugins/Media/ImgMedia/Binaries/Win64/UE4Editor-ImgMediaEditor.dll (API version 3944462).
LogModuleManager: Display: Found up-to-date module file ../../../Engine/Plugins/Media/ImgMedia/Binaries/Win64/UE4Editor-ImgMediaFactory.dll (API version 3944462).
LogModuleManager: Display: Found up-to-date module file ../../../Engine/Plugins/Media/ImgMedia/Binaries/Win64/UE4Editor-ImgMediaFactory.dll (API version 3944462).
LogModuleManager: Display: Found up-to-date module file ../../../Engine/Plugins/Media/ImgMedia/Binaries/Win64/UE4Editor-OpenExrWrapper.dll (API version 3944462).
LogModuleManager: Display: Found up-to-date module file ../../../Engine/Plugins/Media/LinearTimecode/Binaries/Win64/UE4Editor-LinearTimecode.dll (API version 3944462).
LogModuleManager: Display: Found up-to-date module file ../../../Engine/Plugins/Media/MediaCompositing/Binaries/Win64/UE4Editor-MediaCompositing.dll (API version 3944462).
LogModuleManager: Display: Found up-to-date module file ../../../Engine/Plugins/Media/MediaCompositing/Binaries/Win64/UE4Editor-MediaCompositingEditor.dll (API version 3944462).
LogModuleManager: Display: Found up-to-date module file ../../../Engine/Plugins/Media/MediaPlayerEditor/Binaries/Win64/UE4Editor-MediaPlayerEditor.dll (API version 3944462).
LogModuleManager: Display: Found up-to-date module file ../../../Engine/Plugins/Media/WmfMedia/Binaries/Win64/UE4Editor-WmfMedia.dll (API version 3944462).
LogModuleManager: Display: Found up-to-date module file ../../../Engine/Plugins/Media/WmfMedia/Binaries/Win64/UE4Editor-WmfMediaEditor.dll (API version 3944462).
LogModuleManager: Display: Found up-to-date module file ../../../Engine/Plugins/Media/WmfMedia/Binaries/Win64/UE4Editor-WmfMediaFactory.dll (API version 3944462).
LogModuleManager: Display: Found up-to-date module file ../../../Engine/Plugins/Media/WmfMedia/Binaries/Win64/UE4Editor-WmfMediaFactory.dll (API version 3944462).
LogModuleManager: Display: Found up-to-date module file ../../../Engine/Plugins/Messaging/TcpMessaging/Binaries/Win64/UE4Editor-TcpMessaging.dll (API version 3944462).
LogModuleManager: Display: Found up-to-date module file ../../../Engine/Plugins/Messaging/UdpMessaging/Binaries/Win64/UE4Editor-UdpMessaging.dll (API version 3944462).
LogModuleManager: Display: Found up-to-date module file ../../../Engine/Plugins/MovieScene/ActorSequence/Binaries/Win64/UE4Editor-ActorSequence.dll (API version 3944462).
LogModuleManager: Display: Found up-to-date module file ../../../Engine/Plugins/MovieScene/LevelSequenceEditor/Binaries/Win64/UE4Editor-LevelSequenceEditor.dll (API version 3944462).
LogModuleManager: Display: Found up-to-date module file ../../../Engine/Plugins/MovieScene/MatineeToLevelSequence/Binaries/Win64/UE4Editor-MatineeToLevelSequence.dll (API version 3944462).
LogModuleManager: Display: Found up-to-date module file ../../../Engine/Plugins/NetcodeUnitTest/NetcodeUnitTest/Binaries/Win64/UE4Editor-NetcodeUnitTest.dll (API version 3944462).
LogModuleManager: Display: Found up-to-date module file ../../../Engine/Plugins/NetcodeUnitTest/NUTUnrealEngine4/Binaries/Win64/UE4Editor-NUTUnrealEngine4.dll (API version 3944462).
LogModuleManager: Display: Found up-to-date module file ../../../Engine/Plugins/Online/OnlineSubsystem/Binaries/Win64/UE4Editor-OnlineSubsystem.dll (API version 3944462).
LogModuleManager: Display: Found up-to-date module file ../../../Engine/Plugins/Online/OnlineSubsystemNull/Binaries/Win64/UE4Editor-OnlineSubsystemNull.dll (API version 3944462).
LogModuleManager: Display: Found up-to-date module file ../../../Engine/Plugins/Online/OnlineSubsystemUtils/Binaries/Win64/UE4Editor-OnlineSubsystemUtils.dll (API version 3944462).
LogModuleManager: Display: Found up-to-date module file ../../../Engine/Plugins/Online/OnlineSubsystemUtils/Binaries/Win64/UE4Editor-OnlineBlueprintSupport.dll (API version 3944462).
LogModuleManager: Display: Found up-to-date module file ../../../Engine/Plugins/Runtime/ArchVisCharacter/Binaries/Win64/UE4Editor-ArchVisCharacter.dll (API version 3944462).
LogModuleManager: Display: Found up-to-date module file ../../../Engine/Plugins/Runtime/AudioCapture/Binaries/Win64/UE4Editor-AudioCapture.dll (API version 3944462).
LogModuleManager: Display: Found up-to-date module file ../../../Engine/Plugins/Runtime/AudioCapture/Binaries/Win64/UE4Editor-AudioCaptureEditor.dll (API version 3944462).
LogModuleManager: Display: Found up-to-date module file ../../../Engine/Plugins/Runtime/CableComponent/Binaries/Win64/UE4Editor-CableComponent.dll (API version 3944462).
LogModuleManager: Display: Found up-to-date module file ../../../Engine/Plugins/Runtime/CustomMeshComponent/Binaries/Win64/UE4Editor-CustomMeshComponent.dll (API version 3944462).
LogModuleManager: Display: Found up-to-date module file ../../../Engine/Plugins/Runtime/ImmediatePhysics/Binaries/Win64/UE4Editor-ImmediatePhysics.dll (API version 3944462).
LogModuleManager: Display: Found up-to-date module file ../../../Engine/Plugins/Runtime/ImmediatePhysics/Binaries/Win64/UE4Editor-ImmediatePhysicsEditor.dll (API version 3944462).
LogModuleManager: Display: Found up-to-date module file ../../../Engine/Plugins/Runtime/LocationServicesBPLibrary/Binaries/Win64/UE4Editor-LocationServicesBPLibrary.dll (API version 3944462).
LogModuleManager: Display: Found up-to-date module file ../../../Engine/Plugins/Runtime/Oculus/OculusVR/Binaries/Win64/UE4Editor-OculusHMD.dll (API version 3944462).
LogModuleManager: Display: Found up-to-date module file ../../../Engine/Plugins/Runtime/Oculus/OculusVR/Binaries/Win64/UE4Editor-OculusInput.dll (API version 3944462).
LogModuleManager: Display: Found up-to-date module file ../../../Engine/Plugins/Runtime/Oculus/OculusVR/Binaries/Win64/UE4Editor-OculusEditor.dll (API version 3944462).
LogModuleManager: Display: Found up-to-date module file ../../../Engine/Plugins/Runtime/PhysXVehicles/Binaries/Win64/UE4Editor-PhysXVehicles.dll (API version 3944462).
LogModuleManager: Display: Found up-to-date module file ../../../Engine/Plugins/Runtime/PhysXVehicles/Binaries/Win64/UE4Editor-PhysXVehiclesEditor.dll (API version 3944462).
LogModuleManager: Display: Found up-to-date module file ../../../Engine/Plugins/Runtime/ProceduralMeshComponent/Binaries/Win64/UE4Editor-ProceduralMeshComponent.dll (API version 3944462).
LogModuleManager: Display: Found up-to-date module file ../../../Engine/Plugins/Runtime/ProceduralMeshComponent/Binaries/Win64/UE4Editor-ProceduralMeshComponentEditor.dll (API version 3944462).
LogModuleManager: Display: Found up-to-date module file ../../../Engine/Plugins/Runtime/RuntimePhysXCooking/Binaries/Win64/UE4Editor-RuntimePhysXCooking.dll (API version 3944462).
LogModuleManager: Display: Found up-to-date module file ../../../Engine/Plugins/Runtime/Steam/SteamVR/Binaries/Win64/UE4Editor-SteamVR.dll (API version 3944462).
LogModuleManager: Display: Found up-to-date module file ../../../Engine/Plugins/Runtime/Steam/SteamVR/Binaries/Win64/UE4Editor-SteamVRController.dll (API version 3944462).
LogModuleManager: Display: Found up-to-date module file ../../../Engine/Plugins/Runtime/WindowsMoviePlayer/Binaries/Win64/UE4Editor-WindowsMoviePlayer.dll (API version 3944462).
LogPluginManager: Mounting plugin LightPropagationVolume
LogPluginManager: Mounting plugin CLionSourceCodeAccess
LogPluginManager: Mounting plugin CodeLiteSourceCodeAccess
LogPluginManager: Mounting plugin GitSourceControl
LogPluginManager: Mounting plugin KDevelopSourceCodeAccess
LogPluginManager: Mounting plugin NullSourceCodeAccess
LogPluginManager: Mounting plugin PerforceSourceControl
LogPluginManager: Mounting plugin SubversionSourceControl
LogPluginManager: Mounting plugin VisualStudioCodeSourceCodeAccess
LogPluginManager: Mounting plugin VisualStudioSourceCodeAccess
LogPluginManager: Mounting plugin XCodeSourceCodeAccess
LogPluginManager: Mounting plugin AssetManagerEditor
LogPluginManager: Mounting plugin DataValidation
LogPluginManager: Mounting plugin FacialAnimation
LogPluginManager: Mounting plugin GameplayTagsEditor
LogPluginManager: Mounting plugin MobileLauncherProfileWizard
LogPluginManager: Mounting plugin PluginBrowser
LogPluginManager: Mounting plugin SpeedTreeImporter
LogPluginManager: Mounting plugin DatasmithContent
LogPluginManager: Mounting plugin AlembicImporter
LogPluginManager: Mounting plugin CharacterAI
LogPluginManager: Mounting plugin HTML5Networking
LogPluginManager: Mounting plugin AndroidMedia
LogPluginManager: Mounting plugin AvfMedia
LogPluginManager: Mounting plugin ImgMedia
LogPluginManager: Mounting plugin LinearTimecode
LogPluginManager: Mounting plugin MediaCompositing
LogPluginManager: Mounting plugin MediaPlayerEditor
LogPluginManager: Mounting plugin WmfMedia
LogPluginManager: Mounting plugin TcpMessaging
LogPluginManager: Mounting plugin UdpMessaging
LogPluginManager: Mounting plugin ActorSequence
LogPluginManager: Mounting plugin LevelSequenceEditor
LogPluginManager: Mounting plugin MatineeToLevelSequence
LogPluginManager: Mounting plugin NetcodeUnitTest
LogPluginManager: Mounting plugin NUTUnrealEngine4
LogPluginManager: Mounting plugin OnlineSubsystemIOS
LogPluginManager: Mounting plugin OnlineSubsystem
LogPluginManager: Mounting plugin OnlineSubsystemNull
LogPluginManager: Mounting plugin OnlineSubsystemUtils
LogPluginManager: Mounting plugin ApexDestruction
LogPluginManager: Mounting plugin ArchVisCharacter
LogPluginManager: Mounting plugin AudioCapture
LogPluginManager: Mounting plugin CableComponent
LogPluginManager: Mounting plugin CustomMeshComponent
LogPluginManager: Mounting plugin ImmediatePhysics
LogPluginManager: Mounting plugin LocationServicesBPLibrary
LogPluginManager: Mounting plugin OculusVR
LogPluginManager: Plugin shader directory ../../../Engine/Plugins/Runtime/Oculus/OculusVR/Shaders found
LogPluginManager: Mapping shader source directory ../../../Engine/Plugins/Runtime/Oculus/OculusVR/Shaders to virtual directory /Plugin/OculusVR
LogPluginManager: Mounting plugin PhysXVehicles
LogPluginManager: Mounting plugin ProceduralMeshComponent
LogPluginManager: Mounting plugin RuntimePhysXCooking
LogPluginManager: Mounting plugin SteamVR
LogPluginManager: Mounting plugin WindowsMoviePlayer
LogStreaming: Display: Took  0.685s to configure plugins.
LogInit: Using libcurl 7.47.1
LogInit:  - built for x86_64-pc-win32
LogInit:  - supports SSL with OpenSSL/1.0.2g
LogInit:  - supports HTTP deflate (compression) using libz 1.2.8
LogInit:  - other features:
LogInit:      CURL_VERSION_SSL
LogInit:      CURL_VERSION_LIBZ
LogInit:      CURL_VERSION_IPV6
LogInit:      CURL_VERSION_ASYNCHDNS
LogInit:      CURL_VERSION_LARGEFILE
LogInit:      CURL_VERSION_IDN
LogInit:  CurlRequestOptions (configurable via config and command line):
LogInit:  - bVerifyPeer = false  - Libcurl will NOT verify peer certificate
LogInit:  - bUseHttpProxy = false  - Libcurl will NOT use HTTP proxy
LogInit:  - bDontReuseConnections = false  - Libcurl will reuse connections
LogInit:  - CertBundlePath = nullptr  - Libcurl will use whatever was configured at build time.
LogInit:  - MaxHostConnections = 16  - Libcurl will limit the number of connections to a host
LogInit:  - LocalHostAddr = Default
LogModuleManager: Warning: No filename provided for module OnlineSubsystemSteam
LogModuleManager: Warning: ModuleManager: Unable to load module 'OnlineSubsystemSteam' because the file 'C:/Program Files/UE_4.19/Engine/Binaries/Win64/' was not found.
LogInit: WinSock: version 1.1 (2.2), MaxSocks=32767, MaxUdp=65467
LogInit: Build: ++UE4+Release-4.19-CL-4033788
LogInit: Engine Version: 4.19.2-4033788+++UE4+Release-4.19
LogInit: Compatible Engine Version: 4.19.0-3944462+++UE4+Release-4.19
LogInit: Net CL: 3944462
LogDevObjectVersion: Number of dev versions registered: 18
LogDevObjectVersion:   Dev-Blueprints (B0D832E4-1F89-4F0D-ACCF-7EB736FD4AA2): 10
LogDevObjectVersion:   Dev-Build (E1C64328-A22C-4D53-A36C-8E866417BD8C): 0
LogDevObjectVersion:   Dev-Core (375EC13C-06E4-48FB-B500-84F0262A717E): 2
LogDevObjectVersion:   Dev-Editor (E4B068ED-F494-42E9-A231-DA0B2E46BB41): 23
LogDevObjectVersion:   Dev-Framework (CFFC743F-43B0-4480-9391-14DF171D2073): 33
LogDevObjectVersion:   Dev-Mobile (B02B49B5-BB20-44E9-A304-32B752E40360): 2
LogDevObjectVersion:   Dev-Networking (A4E4105C-59A1-49B5-A7C5-40C4547EDFEE): 0
LogDevObjectVersion:   Dev-Online (39C831C9-5AE6-47DC-9A44-9C173E1C8E7C): 0
LogDevObjectVersion:   Dev-Physics (78F01B33-EBEA-4F98-B9B4-84EACCB95AA2): 0
LogDevObjectVersion:   Dev-Platform (6631380F-2D4D-43E0-8009-CF276956A95A): 0
LogDevObjectVersion:   Dev-Rendering (12F88B9F-8875-4AFC-A67C-D90C383ABD29): 25
LogDevObjectVersion:   Dev-Sequencer (7B5AE74C-D270-4C10-A958-57980B212A5A): 6
LogDevObjectVersion:   Dev-VR (D7296918-1DD6-4BDD-9DE2-64A83CC13884): 1
LogDevObjectVersion:   Dev-LoadTimes (C2A15278-BFE7-4AFE-6C17-90FF531DF755): 1
LogDevObjectVersion:   Private-Geometry (6EACA3D4-40EC-4CC1-B786-8BED09428FC5): 2
LogDevObjectVersion:   Dev-AnimPhys (29E575DD-E0A3-4627-9D10-D276232CDCEA): 16
LogDevObjectVersion:   Dev-ReflectionCapture (6B266CEC-1EC7-4B8F-A30B-E4D90942FC07): 1
LogDevObjectVersion:   Dev-Automation (0DF73D61-A23F-47EA-B727-89E90C41499A): 1
LogInit: Compiled (64-bit): Apr 27 2018 02:06:57
LogInit: Compiled with Visual C++: 19.00.24215.01
LogInit: Build Configuration: Development
LogInit: Branch Name: ++UE4+Release-4.19
LogInit: Command Line:  Network_Features?listen -game
LogInit: Base Directory: C:/Program Files/UE_4.19/Engine/Binaries/Win64/
LogInit: Installed Engine Build: 1
LogStreaming: Display: Took  0.002s to delete old logs.
LogInit: Presizing for max 8388607 objects, including 0 objects not considered by GC, pre-allocating 0 bytes for permanent pool.
LogInit: Object subsystem initialized
[2018.09.09-05.37.55:015][  0]LogModuleManager: Warning: No filename provided for module ExampleDeviceProfileSelector
[2018.09.09-05.37.55:015][  0]LogModuleManager: Warning: ModuleManager: Unable to load module 'ExampleDeviceProfileSelector' because the file 'C:/Program Files/UE_4.19/Engine/Binaries/Win64/' was not found.
[2018.09.09-05.37.55:015][  0]LogInit: Applying CVar settings loaded from the selected device profile: [Windows]
[2018.09.09-05.37.55:022][  0]LogInit: Computer: DESKTOP-OKQS3QU
[2018.09.09-05.37.55:022][  0]LogInit: User: Joe
[2018.09.09-05.37.55:022][  0]LogInit: CPU Page size=4096, Cores=4
[2018.09.09-05.37.55:022][  0]LogInit: High frequency timer resolution =4.101572 MHz
[2018.09.09-05.37.55:022][  0]LogMemory: Memory total: Physical=8.0GB (8GB approx)
[2018.09.09-05.37.55:022][  0]LogMemory: Platform Memory Stats for Windows
[2018.09.09-05.37.55:022][  0]LogMemory: Process Physical Memory: 274.66 MB used, 274.66 MB peak
[2018.09.09-05.37.55:022][  0]LogMemory: Process Virtual Memory: 264.78 MB used, 264.78 MB peak
[2018.09.09-05.37.55:022][  0]LogMemory: Physical Memory: 6530.05 MB used,  1621.71 MB free, 8151.77 MB total
[2018.09.09-05.37.55:022][  0]LogMemory: Virtual Memory: 4794.21 MB used,  1621.71 MB free, 134217728.00 MB total
[2018.09.09-05.37.55:045][  0]LogInit: Using OS detected language (en-US).
[2018.09.09-05.37.55:045][  0]LogInit: Using OS detected locale (en-US).
[2018.09.09-05.37.55:045][  0]LogTextLocalizationManager: No localization for 'en-US' exists, so 'en' will be used for the language.
[2018.09.09-05.37.55:045][  0]LogTextLocalizationManager: No localization for 'en-US' exists, so 'en' will be used for the locale.
[2018.09.09-05.37.55:379][  0]LogStreaming: Display: Took  0.333s to EndInitTextLocalization.
[2018.09.09-05.37.55:401][  0]LogSlate: New Slate User Created.  User Index 0, Is Virtual User: 0
[2018.09.09-05.37.55:401][  0]LogSlate: Slate User Registered.  User Index 0, Is Virtual User: 0
[2018.09.09-05.37.55:407][  0]LogD3D11RHI: D3D11 adapters:
[2018.09.09-05.37.55:453][  0]LogD3D11RHI:    0. 'NVIDIA GeForce GTX 1050' (Feature Level 11_0)
[2018.09.09-05.37.55:453][  0]LogD3D11RHI:       1977/0/4075 MB DedicatedVideo/DedicatedSystem/SharedSystem, Outputs:2, VendorId:0x10de
[2018.09.09-05.37.55:456][  0]LogD3D11RHI:    1. 'Microsoft Basic Render Driver' (Feature Level 11_0)
[2018.09.09-05.37.55:456][  0]LogD3D11RHI:       0/0/4075 MB DedicatedVideo/DedicatedSystem/SharedSystem, Outputs:0, VendorId:0x1414
[2018.09.09-05.37.55:456][  0]LogD3D11RHI: Chosen D3D11 Adapter: 0
[2018.09.09-05.37.55:462][  0]LogD3D11RHI: Creating new Direct3DDevice
[2018.09.09-05.37.55:462][  0]LogD3D11RHI:     GPU DeviceId: 0x1c81 (for the marketing name, search the web for "GPU Device Id")
[2018.09.09-05.37.55:462][  0]LogWindows: EnumDisplayDevices:
[2018.09.09-05.37.55:463][  0]LogWindows:    0. 'NVIDIA GeForce GTX 1050' (P:1 D:1)
[2018.09.09-05.37.55:463][  0]LogWindows:    1. 'NVIDIA GeForce GTX 1050' (P:0 D:1)
[2018.09.09-05.37.55:463][  0]LogWindows:    2. 'NVIDIA GeForce GTX 1050' (P:0 D:0)
[2018.09.09-05.37.55:463][  0]LogWindows:    3. 'NVIDIA GeForce GTX 1050' (P:0 D:0)
[2018.09.09-05.37.55:463][  0]LogWindows: DebugString: GetVideoDriverDetailsInvalid PrimaryIsNotTheChoosenAdapter GetVideoDriverDetailsInvalid PrimaryIsNotTheChoosenAdapter GetVideoDriverDetailsInvalid PrimaryIsNotTheChoosenAdapter GetVideoDriverDetailsInvalid PrimaryIsNotTheChoosenAdapter FoundDriverCount:0 
[2018.09.09-05.37.55:463][  0]LogD3D11RHI:     Adapter Name: NVIDIA GeForce GTX 1050
[2018.09.09-05.37.55:463][  0]LogD3D11RHI:   Driver Version: Unknown (internal:Unknown, unified:Unknown)
[2018.09.09-05.37.55:463][  0]LogD3D11RHI:      Driver Date: Unknown
[2018.09.09-05.37.55:463][  0]LogRHI: Texture pool is 1384 MB (70% of 1977 MB)
[2018.09.09-05.37.55:497][  0]LogD3D11RHI: [Aftermath] Aftermath enabled and primed
[2018.09.09-05.37.55:497][  0]LogD3D11RHI: [Aftermath] Aftermath enabled and primed
[2018.09.09-05.37.55:497][  0]LogD3D11RHI: Async texture creation enabled
[2018.09.09-05.37.55:514][  0]LogD3D11RHI: GPU Timing Frequency: 1000.000000 (Debug: 2 2)
[2018.09.09-05.37.55:608][  0]LogShaderCompilers: Guid format shader working directory is -14 characters bigger than the processId version (../../../../../Users/Joe/Desktop/Github/gamefps/fps-proto/Intermediate/Shaders/WorkingDirectory/18896/).
[2018.09.09-05.37.55:608][  0]LogShaderCompilers: Cleaned the shader compiler working directory 'C:/Users/Joe/AppData/Local/Temp/UnrealShaderWorkingDir/0DAD04304FA737BDA7D47AA32A1C77A8/'.
[2018.09.09-05.37.55:803][  0]LogTemp: Display: Loaded TP WindowsClientTargetPlatform
[2018.09.09-05.37.55:814][  0]LogTemp: Display: Loaded TP WindowsNoEditorTargetPlatform
[2018.09.09-05.37.55:827][  0]LogTemp: Display: Loaded TP WindowsServerTargetPlatform
[2018.09.09-05.37.55:839][  0]LogTemp: Display: Loaded TP WindowsTargetPlatform
[2018.09.09-05.37.55:839][  0]LogTargetPlatformManager: Display: Building Assets For Windows
[2018.09.09-05.37.55:946][  0]LogXGEController: Cannot use XGE Controller as Incredibuild is not installed on this machine.
[2018.09.09-05.37.55:946][  0]LogShaderCompilers: Cannot use XGE Shader Compiler as Incredibuild is not installed on this machine.
[2018.09.09-05.37.55:946][  0]LogShaderCompilers: Display: Using Local Shader Compiler.
[2018.09.09-05.37.56:450][  0]LogDerivedDataCache: Display: Max Cache Size: 512 MB
[2018.09.09-05.37.56:511][  0]LogDerivedDataCache: Loaded boot cache 0.06s 75MB C:/Users/Joe/AppData/Local/UnrealEngine/4.19/DerivedDataCache/Boot.ddc.
[2018.09.09-05.37.56:511][  0]LogDerivedDataCache: Display: Loaded Boot cache: C:/Users/Joe/AppData/Local/UnrealEngine/4.19/DerivedDataCache/Boot.ddc
[2018.09.09-05.37.56:511][  0]LogDerivedDataCache: FDerivedDataBackendGraph:  Pak pak cache file ../../../../../Users/Joe/Desktop/Github/gamefps/fps-proto/DerivedDataCache/DDC.ddp not found, will not use a pak cache.
[2018.09.09-05.37.56:511][  0]LogDerivedDataCache: Unable to find inner node Pak for hierarchical cache Hierarchy.
[2018.09.09-05.37.56:511][  0]LogDerivedDataCache: FDerivedDataBackendGraph:  CompressedPak pak cache file ../../../../../Users/Joe/Desktop/Github/gamefps/fps-proto/DerivedDataCache/Compressed.ddp not found, will not use a pak cache.
[2018.09.09-05.37.56:511][  0]LogDerivedDataCache: Unable to find inner node CompressedPak for hierarchical cache Hierarchy.
[2018.09.09-05.37.56:523][  0]LogDerivedDataCache: Display: Pak cache opened for reading ../../../Engine/DerivedDataCache/Compressed.ddp.
[2018.09.09-05.37.56:535][  0]LogDerivedDataCache: Using Local data cache path C:/Users/Joe/AppData/Local/UnrealEngine/Common/DerivedDataCache: Writable
[2018.09.09-05.37.56:535][  0]LogDerivedDataCache: Shared data cache path not found in *engine.ini, will not use an Shared cache.
[2018.09.09-05.37.56:535][  0]LogDerivedDataCache: Unable to find inner node Shared for hierarchical cache Hierarchy.
[2018.09.09-05.37.56:543][  0]LogMaterial: Verifying Global Shaders for PCD3D_SM5
[2018.09.09-05.37.56:544][  0]LogSlate: Using Freetype 2.6.0
[2018.09.09-05.37.56:544][  0]LogSlate: SlateFontCache - WITH_FREETYPE: 1, WITH_HARFBUZZ: 1
[2018.09.09-05.37.56:544][  0]LogSlate: SlateFontCache - WITH_FREETYPE: 1, WITH_HARFBUZZ: 1
[2018.09.09-05.37.56:617][  0]LogAssetRegistry: FAssetRegistry took 0.0031 seconds to start up
[2018.09.09-05.37.56:778][  0]LogPackageLocalizationCache: Processed 6 localized package path(s) for 1 prioritized culture(s) in 0.020684 seconds
[2018.09.09-05.37.56:854][  0]LogModuleManager: Warning: No filename provided for module ExampleDeviceProfileSelector
[2018.09.09-05.37.56:854][  0]LogModuleManager: Warning: ModuleManager: Unable to load module 'ExampleDeviceProfileSelector' because the file 'C:/Program Files/UE_4.19/Engine/Binaries/Win64/' was not found.
[2018.09.09-05.37.56:977][  0]LogSimplygon: Simplygon DLL not present - disabling.
[2018.09.09-05.37.56:980][  0]LogMeshReduction: Using SimplygonSwarm for distributed automatic mesh merging
[2018.09.09-05.37.56:980][  0]LogMeshReduction: Using QuadricMeshReduction for automatic static mesh reduction
[2018.09.09-05.37.56:980][  0]LogMeshReduction: No automatic skeletal mesh reduction module available
[2018.09.09-05.37.56:980][  0]LogMeshReduction: No automatic mesh merging module available
[2018.09.09-05.37.56:980][  0]LogMeshMerging: No automatic mesh merging module available
[2018.09.09-05.37.57:007][  0]LogNetVersion: FPSPrototype , NetCL: 3944462, EngineNetVer: 2, GameNetVer: 0 (Checksum: 1221512049)
[2018.09.09-05.37.57:567][  0]LogMoviePlayer: Initializing movie player
[2018.09.09-05.37.57:838][  0]LogCollectionManager: Loaded 0 collections in 0.001496 seconds
[2018.09.09-05.37.57:874][  0]LogFileCache: Scanning file cache for directory 'C:/Users/Joe/Desktop/Github/gamefps/fps-proto/Saved/Collections/' took 0.01s
[2018.09.09-05.37.57:874][  0]LogFileCache: Scanning file cache for directory 'C:/Users/Joe/Desktop/Github/gamefps/fps-proto/Content/Developers/Joe/Collections/' took 0.01s
[2018.09.09-05.37.57:874][  0]LogFileCache: Scanning file cache for directory 'C:/Users/Joe/Desktop/Github/gamefps/fps-proto/Content/Collections/' took 0.01s
[2018.09.09-05.37.57:874][  0]LogCollectionManager: Rebuilt the object cache for 0 collections in 0.000000 seconds (found 0 objects)
[2018.09.09-05.37.57:874][  0]LogCollectionManager: Fixed up redirectors for 0 collections in 0.000065 seconds (updated 0 objects)
[2018.09.09-05.37.58:002][  0]SourceControl: Source control is disabled
[2018.09.09-05.37.58:002][  0]SourceControl: Source control is disabled
[2018.09.09-05.37.58:019][  0]SourceControl: Source control is disabled
[2018.09.09-05.37.58:404][  0]LogOcInput: OculusInput pre-init called
[2018.09.09-05.37.58:436][  0]LogUObjectArray: 39193 objects as part of root set at end of initial load.
[2018.09.09-05.37.58:436][  0]LogUObjectAllocator: 8155384 out of 0 bytes used by permanent object pool.
[2018.09.09-05.37.58:436][  0]LogUObjectArray: CloseDisregardForGC: 0/0 objects in disregard for GC pool
[2018.09.09-05.37.58:480][  0]LogEngine: Initializing Engine...
[2018.09.09-05.37.58:481][  0]LogHMD: Failed to initialize OpenVR with code 110
[2018.09.09-05.37.58:494][  0]LogStats: UGameplayTagsManager::ConstructGameplayTagTree: Construct from data asset -  0.000 s
[2018.09.09-05.37.58:494][  0]LogStats: UGameplayTagsManager::ConstructGameplayTagTree: GameplayTagTreeChangedEvent.Broadcast -  0.000 s
[2018.09.09-05.37.58:677][  0]LogInit: XAudio2 using 'Speakers (Ear Force Stealth 400)' : 2 channels at 48 kHz using 16 bits per sample (channel mask 0x3)
[2018.09.09-05.37.58:692][  0]LogInit: FAudioDevice initialized.
[2018.09.09-05.37.58:841][  0]LogDerivedDataCache: Saved boot cache 0.14s 75MB C:/Users/Joe/AppData/Local/UnrealEngine/4.19/DerivedDataCache/Boot.ddc.
[2018.09.09-05.37.58:855][  0]LogInit: Texture streaming: Enabled
[2018.09.09-05.37.58:955][  0]LogInit: Display: Game Engine Initialized.
[2018.09.09-05.37.58:955][  0]LogGameplayTags: Display: UGameplayTagsManager::DoneAddingNativeTags. DelegateIsBound: 0
[2018.09.09-05.37.58:955][  0]LogStats: UGameplayTagsManager::ConstructGameplayTagTree: Construct from data asset -  0.000 s
[2018.09.09-05.37.58:955][  0]LogStats: UGameplayTagsManager::ConstructGameplayTagTree: GameplayTagTreeChangedEvent.Broadcast -  0.000 s
[2018.09.09-05.37.59:030][  0]LogInit: Display: Starting Game.
[2018.09.09-05.37.59:104][  0]LogPackageName: SearchForPackageOnDisk took   0.074s, but failed to resolve Network_Features.umap.
[2018.09.09-05.37.59:104][  0]LogLoad: Error: Failed to enter /Game/Blueprints/Levels/MainMenu_Level: . Please check the log for errors.
[2018.09.09-05.37.59:104][  0]LogNet: Browse: /Game/Blueprints/Levels/MainMenu_Level?Name=Player
[2018.09.09-05.37.59:104][  0]LogLoad: LoadMap: /Game/Blueprints/Levels/MainMenu_Level?Name=Player
[2018.09.09-05.37.59:118][  0]LogUObjectGlobals: Created PersistentFrame Addr=0x000002452187eb00, Size=672, Default__BaseFPS_Character_C Function /Game/Blueprints/Characters/BaseFPS_Character.BaseFPS_Character_C:ExecuteUbergraph_BaseFPS_Character
[2018.09.09-05.37.59:119][  0]LogUObjectGlobals: Created PersistentFrame Addr=0x000002452188bbf0, Size=40, Default__PauseMenu_Widget_C Function /Game/Blueprints/UI/PauseMenu_Widget.PauseMenu_Widget_C:ExecuteUbergraph_PauseMenu_Widget
[2018.09.09-05.37.59:120][  0]LogUObjectGlobals: Created PersistentFrame Addr=0x0000024512dbfc80, Size=448, Default__ServerSelect_Widget_C Function /Game/Blueprints/UI/ServerSelect_Widget.ServerSelect_Widget_C:ExecuteUbergraph_ServerSelect_Widget
[2018.09.09-05.37.59:126][  0]LogUObjectGlobals: Created PersistentFrame Addr=0x00000245218ea208, Size=56, Default__YBot_Anim_BP_C Function /Game/Assets/Mesh/YBot/YBot_Anim_BP.YBot_Anim_BP_C:ExecuteUbergraph_YBot_Anim_BP
[2018.09.09-05.37.59:176][  0]LogUObjectGlobals: Created PersistentFrame Addr=0x00000245218ea908, Size=52, Default__FPS_HUD_C Function /Game/Blueprints/Characters/FPS_HUD.FPS_HUD_C:ExecuteUbergraph_FPS_HUD
[2018.09.09-05.37.59:187][  0]LogUObjectGlobals: Destroyed PersistentFrame Addr=0x00000245218ea208, Size=56
[2018.09.09-05.37.59:187][  0]LogUObjectGlobals: Created PersistentFrame Addr=0x00000245218ea208, Size=56, Default__YBot_Anim_BP_C Function /Engine/Transient.REINST_YBot_Anim_BP_C_0:ExecuteUbergraph_YBot_Anim_BP
[2018.09.09-05.37.59:187][  0]LogUObjectGlobals: Destroyed PersistentFrame Addr=0x00000245218ea908, Size=52
[2018.09.09-05.37.59:187][  0]LogUObjectGlobals: Created PersistentFrame Addr=0x00000245218ea908, Size=52, Default__FPS_HUD_C Function /Engine/Transient.REINST_FPS_HUD_C_3:ExecuteUbergraph_FPS_HUD
[2018.09.09-05.37.59:187][  0]LogUObjectGlobals: Destroyed PersistentFrame Addr=0x000002452187eb00, Size=672
[2018.09.09-05.37.59:187][  0]LogUObjectGlobals: Created PersistentFrame Addr=0x000002451f2f8d00, Size=672, Default__BaseFPS_Character_C Function /Engine/Transient.REINST_BaseFPS_Character_C_4:ExecuteUbergraph_BaseFPS_Character
[2018.09.09-05.37.59:188][  0]LogUObjectGlobals: Destroyed PersistentFrame Addr=0x000002452188bbf0, Size=40
[2018.09.09-05.37.59:188][  0]LogUObjectGlobals: Created PersistentFrame Addr=0x000002452188bbf0, Size=40, Default__PauseMenu_Widget_C Function /Engine/Transient.REINST_PauseMenu_Widget_C_0:ExecuteUbergraph_PauseMenu_Widget
[2018.09.09-05.37.59:188][  0]LogUObjectGlobals: Destroyed PersistentFrame Addr=0x0000024512dbfc80, Size=448
[2018.09.09-05.37.59:188][  0]LogUObjectGlobals: Created PersistentFrame Addr=0x000002451f326240, Size=448, Default__ServerSelect_Widget_C Function /Engine/Transient.REINST_ServerSelect_Widget_C_1:ExecuteUbergraph_ServerSelect_Widget
[2018.09.09-05.37.59:211][  0]LogUObjectGlobals: Created PersistentFrame Addr=0x000002451f932198, Size=56, Default__YBot_Anim_BP_C Function /Game/Assets/Mesh/YBot/YBot_Anim_BP.YBot_Anim_BP_C:ExecuteUbergraph_YBot_Anim_BP
[2018.09.09-05.37.59:211][  0]LogUObjectGlobals: Created PersistentFrame Addr=0x000002451f931e88, Size=52, Default__FPS_HUD_C Function /Game/Blueprints/Characters/FPS_HUD.FPS_HUD_C:ExecuteUbergraph_FPS_HUD
[2018.09.09-05.37.59:213][  0]LogUObjectGlobals: Created PersistentFrame Addr=0x000002451f929300, Size=672, Default__BaseFPS_Character_C Function /Game/Blueprints/Characters/BaseFPS_Character.BaseFPS_Character_C:ExecuteUbergraph_BaseFPS_Character
[2018.09.09-05.37.59:213][  0]LogUObjectGlobals: Created PersistentFrame Addr=0x000002452188bbc8, Size=40, Default__PauseMenu_Widget_C Function /Game/Blueprints/UI/PauseMenu_Widget.PauseMenu_Widget_C:ExecuteUbergraph_PauseMenu_Widget
[2018.09.09-05.37.59:215][  0]LogUObjectGlobals: Created PersistentFrame Addr=0x000002451f8be5c0, Size=448, Default__ServerSelect_Widget_C Function /Game/Blueprints/UI/ServerSelect_Widget.ServerSelect_Widget_C:ExecuteUbergraph_ServerSelect_Widget
[2018.09.09-05.37.59:283][  0]LogSkeletalMesh: Skeletal Mesh found in DDC [3.958726ms] /Game/Assets/Mesh/YBot/misc/ybot_T-Pose.ybot_T-Pose
[2018.09.09-05.37.59:300][  0]LogAIModule: Creating AISystem for world MainMenu_Level
[2018.09.09-05.37.59:300][  0]LogLoad: Game class is 'FPS_Gamemode_C'
[2018.09.09-05.37.59:305][  0]LogWorld: Bringing World /Game/Blueprints/Levels/MainMenu_Level.MainMenu_Level up for play (max tick rate 0) at 2018.09.09-00.37.59
[2018.09.09-05.37.59:306][  0]LogWorld: Bringing up level for play took: 0.003533
[2018.09.09-05.37.59:306][  0]LogGameMode: FindPlayerStart: PATHS NOT DEFINED or NO PLAYERSTART with positive rating
[2018.09.09-05.37.59:309][  0]LogLoad: Took 0.204003 seconds to LoadMap(/Game/Blueprints/Levels/MainMenu_Level)
[2018.09.09-05.37.59:367][  0]LogLoad: (Engine Initialization) Total time: 6.25 seconds
[2018.09.09-05.37.59:367][  0]LogLoad: (Engine Initialization) Total Blueprint compile time: 0.00 seconds
[2018.09.09-05.37.59:392][  0]LogRenderer: Reallocating scene render targets to support 1920x1080 Format 10 NumSamples 1 (Frame:1).
[2018.09.09-05.37.59:431][  0]LogWindowsTextInputMethodSystem: Display: IME system now deactivated.
[2018.09.09-05.37.59:433][  0]LogContentStreaming: Texture pool size now 1000 MB
[2018.09.09-05.39.00:533][677]LogUObjectGlobals: Destroyed PersistentFrame Addr=0x000002451f2f8d00, Size=672
[2018.09.09-05.39.00:533][677]LogUObjectGlobals: Destroyed PersistentFrame Addr=0x000002452188bbf0, Size=40
[2018.09.09-05.39.00:533][677]LogUObjectGlobals: Destroyed PersistentFrame Addr=0x000002451f326240, Size=448
[2018.09.09-05.39.00:533][677]LogUObjectGlobals: Destroyed PersistentFrame Addr=0x00000245218ea208, Size=56
[2018.09.09-05.39.00:533][677]LogUObjectGlobals: Destroyed PersistentFrame Addr=0x00000245218ea908, Size=52
[2018.09.09-05.39.22:245][ 21]Command not recognized: join
[2018.09.09-05.39.24:551][164]Command not recognized: join
[2018.09.09-05.39.25:793][237]Command not recognized: join
[2018.09.09-05.39.27:022][314]Command not recognized: join
[2018.09.09-05.39.28:151][384]Command not recognized: join
[2018.09.09-05.39.29:295][455]Command not recognized: jojin
[2018.09.09-05.39.29:843][489]LogSlate: FSceneViewport::OnFocusLost() reason 2
[2018.09.09-05.39.40:144][126]LogSlate: Window 'FPSPrototype (64-bit, PCD3D_SM5) ' being destroyed
[2018.09.09-05.39.40:144][126]LogWindowsTextInputMethodSystem: Display: IME system now deactivated.
[2018.09.09-05.39.40:148][126]LogEngine: All Windows Closed
[2018.09.09-05.39.40:148][126]LogWindows: FPlatformMisc::RequestExit(0)
[2018.09.09-05.39.40:545][127]LogSlate: Slate User Destroyed.  User Index 0, Is Virtual User: 0
[2018.09.09-05.39.40:545][127]LogExit: Preparing to exit.
[2018.09.09-05.39.40:545][127]LogMoviePlayer: Shutting down movie player
[2018.09.09-05.39.40:573][127]LogExit: Game engine shut down
[2018.09.09-05.39.40:576][127]LogUObjectGlobals: Destroyed PersistentFrame Addr=0x000002451f932198, Size=56
[2018.09.09-05.39.40:576][127]LogUObjectGlobals: Destroyed PersistentFrame Addr=0x000002451f931e88, Size=52
[2018.09.09-05.39.40:576][127]LogUObjectGlobals: Destroyed PersistentFrame Addr=0x000002451f929300, Size=672
[2018.09.09-05.39.40:576][127]LogUObjectGlobals: Destroyed PersistentFrame Addr=0x000002452188bbc8, Size=40
[2018.09.09-05.39.40:576][127]LogUObjectGlobals: Destroyed PersistentFrame Addr=0x000002451f8be5c0, Size=448
[2018.09.09-05.39.40:622][127]LogExit: Object subsystem successfully closed.
[2018.09.09-05.39.40:646][127]LogShaderCompilers: Display: Shaders left to compile 0
[2018.09.09-05.39.40:648][127]LogD3D11RHI: Shutdown
[2018.09.09-05.39.40:648][127]LogD3D11RHI: CleanupD3DDevice
[2018.09.09-05.39.40:650][127]LogD3D11RHI: ~FD3D11DynamicRHI
[2018.09.09-05.39.40:660][127]LogModuleManager: Shutting down and abandoning module SequenceRecorderSections (324)
[2018.09.09-05.39.40:660][127]LogModuleManager: Shutting down and abandoning module SequenceRecorder (322)
[2018.09.09-05.39.40:660][127]LogModuleManager: Shutting down and abandoning module AutomationController (320)
[2018.09.09-05.39.40:660][127]LogModuleManager: Shutting down and abandoning module AutomationWorker (318)
[2018.09.09-05.39.40:660][127]LogModuleManager: Shutting down and abandoning module Voice (316)
[2018.09.09-05.39.40:660][127]LogModuleManager: Shutting down and abandoning module AIModule (314)
[2018.09.09-05.39.40:660][127]LogModuleManager: Shutting down and abandoning module GameplayDebugger (313)
[2018.09.09-05.39.40:660][127]LogModuleManager: Shutting down and abandoning module AITestSuite (311)
[2018.09.09-05.39.40:660][127]LogModuleManager: Shutting down and abandoning module WmfMediaFactory (308)
[2018.09.09-05.39.40:660][127]LogModuleManager: Shutting down and abandoning module OpenExrWrapper (306)
[2018.09.09-05.39.40:660][127]LogModuleManager: Shutting down and abandoning module ImgMediaFactory (304)
[2018.09.09-05.39.40:660][127]LogModuleManager: Shutting down and abandoning module AvfMediaFactory (302)
[2018.09.09-05.39.40:660][127]LogModuleManager: Shutting down and abandoning module CharacterAI (300)
[2018.09.09-05.39.40:660][127]LogModuleManager: Shutting down and abandoning module SessionServices (298)
[2018.09.09-05.39.40:660][127]LogModuleManager: Shutting down and abandoning module MovieSceneCapture (296)
[2018.09.09-05.39.40:660][127]LogModuleManager: Shutting down and abandoning module MovieSceneTracks (294)
[2018.09.09-05.39.40:660][127]LogModuleManager: Shutting down and abandoning module MovieScene (292)
[2018.09.09-05.39.40:660][127]LogModuleManager: Shutting down and abandoning module GeometryCache (290)
[2018.09.09-05.39.40:660][127]LogModuleManager: Shutting down and abandoning module GeometryCacheEd (289)
[2018.09.09-05.39.40:660][127]LogModuleManager: Shutting down and abandoning module StreamingPauseRendering (286)
[2018.09.09-05.39.40:660][127]LogModuleManager: Shutting down and abandoning module PortalServices (284)
[2018.09.09-05.39.40:660][127]LogModuleManager: Shutting down and abandoning module PortalRpc (282)
[2018.09.09-05.39.40:660][127]LogModuleManager: Shutting down and abandoning module MessagingRpc (280)
[2018.09.09-05.39.40:660][127]LogModuleManager: Shutting down and abandoning module ProfilerService (278)
[2018.09.09-05.39.40:891][127]LogModuleManager: Shutting down and abandoning module TaskGraph (276)
[2018.09.09-05.39.40:891][127]LogModuleManager: Shutting down and abandoning module SteamVRController (274)
[2018.09.09-05.39.40:891][127]LogModuleManager: Shutting down and abandoning module ProceduralMeshComponent (272)
[2018.09.09-05.39.40:891][127]LogModuleManager: Shutting down and abandoning module OculusInput (270)
[2018.09.09-05.39.40:891][127]LogModuleManager: Shutting down and abandoning module CustomMeshComponent (268)
[2018.09.09-05.39.40:891][127]LogModuleManager: Shutting down and abandoning module CableComponent (266)
[2018.09.09-05.39.40:891][127]LogModuleManager: Shutting down and abandoning module AudioCapture (264)
[2018.09.09-05.39.40:891][127]LogModuleManager: Shutting down and abandoning module ArchVisCharacter (262)
[2018.09.09-05.39.40:891][127]LogModuleManager: Shutting down and abandoning module NUTUnrealEngine4 (260)
[2018.09.09-05.39.40:891][127]LogModuleManager: Shutting down and abandoning module NetcodeUnitTest (258)
[2018.09.09-05.39.40:891][127]LogModuleManager: Shutting down and abandoning module MediaCompositing (256)
[2018.09.09-05.39.40:891][127]LogModuleManager: Shutting down and abandoning module LinearTimecode (254)
[2018.09.09-05.39.40:891][127]LogModuleManager: Shutting down and abandoning module ImgMedia (252)
[2018.09.09-05.39.40:892][127]LogModuleManager: Shutting down and abandoning module HTML5Networking (250)
[2018.09.09-05.39.40:893][127]LogModuleManager: Shutting down and abandoning module DatasmithContent (248)
[2018.09.09-05.39.40:893][127]LogModuleManager: Shutting down and abandoning module VisualStudioSourceCodeAccess (246)
[2018.09.09-05.39.40:893][127]LogModuleManager: Shutting down and abandoning module HotReload (245)
[2018.09.09-05.39.40:893][127]LogModuleManager: Shutting down and abandoning module VisualStudioCodeSourceCodeAccess (242)
[2018.09.09-05.39.40:893][127]LogModuleManager: Shutting down and abandoning module SubversionSourceControl (240)
[2018.09.09-05.39.40:893][127]LogModuleManager: Shutting down and abandoning module PerforceSourceControl (238)
[2018.09.09-05.39.40:893][127]LogModuleManager: Shutting down and abandoning module SourceControl (237)
[2018.09.09-05.39.40:893][127]LogModuleManager: Shutting down and abandoning module CLionSourceCodeAccess (234)
[2018.09.09-05.39.40:893][127]LogModuleManager: Shutting down and abandoning module RuntimePhysXCooking (232)
[2018.09.09-05.39.40:893][127]LogModuleManager: Shutting down and abandoning module PhysXVehiclesEditor (230)
[2018.09.09-05.39.40:893][127]LogModuleManager: Shutting down and abandoning module PhysXVehicles (228)
[2018.09.09-05.39.40:893][127]LogModuleManager: Shutting down and abandoning module LocationServicesBPLibrary (226)
[2018.09.09-05.39.40:893][127]LogModuleManager: Shutting down and abandoning module ImmediatePhysicsEditor (224)
[2018.09.09-05.39.40:893][127]LogModuleManager: Shutting down and abandoning module ImmediatePhysics (222)
[2018.09.09-05.39.40:893][127]LogModuleManager: Shutting down and abandoning module ApexDestructionEditor (220)
[2018.09.09-05.39.40:893][127]LogModuleManager: Shutting down and abandoning module ContentBrowser (219)
[2018.09.09-05.39.40:893][127]LogModuleManager: Shutting down and abandoning module CollectionManager (218)
[2018.09.09-05.39.40:893][127]LogDirectoryWatcher: A directory notification for 'C:/Users/Joe/Desktop/Github/gamefps/fps-proto/Content/Collections/' was aborted.
[2018.09.09-05.39.40:893][127]LogDirectoryWatcher: A directory notification for 'C:/Users/Joe/Desktop/Github/gamefps/fps-proto/Content/Developers/Joe/Collections/' was aborted.
[2018.09.09-05.39.40:893][127]LogDirectoryWatcher: A directory notification for 'C:/Users/Joe/Desktop/Github/gamefps/fps-proto/Saved/Collections/' was aborted.
[2018.09.09-05.39.40:893][127]LogModuleManager: Shutting down and abandoning module DirectoryWatcher (217)
[2018.09.09-05.39.40:893][127]LogModuleManager: Shutting down and abandoning module ApexDestruction (212)
[2018.09.09-05.39.40:893][127]LogModuleManager: Shutting down and abandoning module ActorSequence (210)
[2018.09.09-05.39.40:893][127]LogModuleManager: Shutting down and abandoning module UdpMessaging (208)
[2018.09.09-05.39.40:893][127]LogModuleManager: Shutting down and abandoning module TcpMessaging (206)
[2018.09.09-05.39.40:893][127]LogModuleManager: Shutting down and abandoning module GameplayTagsEditor (204)
[2018.09.09-05.39.40:893][127]LogModuleManager: Shutting down and abandoning module FacialAnimation (202)
[2018.09.09-05.39.40:893][127]LogModuleManager: Shutting down and abandoning module DataValidation (200)
[2018.09.09-05.39.40:893][127]LogModuleManager: Shutting down and abandoning module AssetManagerEditor (198)
[2018.09.09-05.39.40:893][127]LogModuleManager: Shutting down and abandoning module TreeMap (197)
[2018.09.09-05.39.40:893][127]LogModuleManager: Shutting down and abandoning module LightPropagationVolumeRuntime (194)
[2018.09.09-05.39.40:893][127]LogModuleManager: Shutting down and abandoning module PIEPreviewDeviceProfileSelector (192)
[2018.09.09-05.39.40:893][127]LogModuleManager: Shutting down and abandoning module WindowsMoviePlayer (190)
[2018.09.09-05.39.40:893][127]LogModuleManager: Shutting down and abandoning module WmfMedia (188)
[2018.09.09-05.39.40:894][127]LogModuleManager: Shutting down and abandoning module Media (187)
[2018.09.09-05.39.40:900][127]LogModuleManager: Shutting down and abandoning module PacketHandler (184)
[2018.09.09-05.39.40:900][127]LogModuleManager: Shutting down and abandoning module ClothingSystemEditor (182)
[2018.09.09-05.39.40:900][127]LogModuleManager: Shutting down and abandoning module ClothingSystemRuntime (180)
[2018.09.09-05.39.40:900][127]LogModuleManager: Shutting down and abandoning module MediaAssets (178)
[2018.09.09-05.39.40:900][127]LogModuleManager: Shutting down and abandoning module Overlay (176)
[2018.09.09-05.39.40:900][127]LogModuleManager: Shutting down and abandoning module OverlayEditor (175)
[2018.09.09-05.39.40:900][127]LogModuleManager: Shutting down and abandoning module VREditor (172)
[2018.09.09-05.39.40:900][127]LogModuleManager: Shutting down and abandoning module StringTableEditor (170)
[2018.09.09-05.39.40:900][127]LogModuleManager: Shutting down and abandoning module GameplayTasksEditor (168)
[2018.09.09-05.39.40:900][127]LogModuleManager: Shutting down and abandoning module BehaviorTreeEditor (166)
[2018.09.09-05.39.40:900][127]LogModuleManager: Shutting down and abandoning module FunctionalTesting (164)
[2018.09.09-05.39.40:900][127]LogModuleManager: Shutting down and abandoning module CollisionAnalyzer (162)
[2018.09.09-05.39.40:900][127]LogModuleManager: Shutting down and abandoning module WorkspaceMenuStructure (161)
[2018.09.09-05.39.40:900][127]LogModuleManager: Shutting down and abandoning module UMG (158)
[2018.09.09-05.39.40:900][127]LogModuleManager: Shutting down and abandoning module UMGEditor (157)
[2018.09.09-05.39.40:900][127]LogModuleManager: Shutting down and abandoning module Sequencer (156)
[2018.09.09-05.39.40:900][127]LogModuleManager: Shutting down and abandoning module MessageLog (153)
[2018.09.09-05.39.40:900][127]LogModuleManager: Shutting down and abandoning module SlateReflector (148)
[2018.09.09-05.39.40:900][127]LogModuleManager: Shutting down and abandoning module Slate (146)
[2018.09.09-05.39.40:900][127]LogModuleManager: Shutting down and abandoning module EditorStyle (144)
[2018.09.09-05.39.40:900][127]LogModuleManager: Shutting down and abandoning module MRMesh (142)
[2018.09.09-05.39.40:900][127]LogModuleManager: Shutting down and abandoning module Messaging (140)
[2018.09.09-05.39.40:900][127]LogModuleManager: Shutting down and abandoning module SourceCodeAccess (138)
[2018.09.09-05.39.40:900][127]LogModuleManager: Shutting down and abandoning module HeadMountedDisplay (136)
[2018.09.09-05.39.40:900][127]LogModuleManager: Shutting down and abandoning module XAudio2 (134)
[2018.09.09-05.39.40:900][127]LogModuleManager: Shutting down and abandoning module Networking (132)
[2018.09.09-05.39.40:900][127]LogModuleManager: Shutting down and abandoning module Core (130)
[2018.09.09-05.39.40:900][127]LogModuleManager: Shutting down and abandoning module LevelSequence (128)
[2018.09.09-05.39.40:900][127]LogModuleManager: Shutting down and abandoning module KismetCompiler (126)
[2018.09.09-05.39.40:900][127]LogModuleManager: Shutting down and abandoning module MeshUtilities (124)
[2018.09.09-05.39.40:900][127]LogModuleManager: Shutting down and abandoning module MeshMergeUtilities (123)
[2018.09.09-05.39.40:900][127]LogModuleManager: Shutting down and abandoning module MeshReductionInterface (122)
[2018.09.09-05.39.40:900][127]LogModuleManager: Shutting down and abandoning module SimplygonSwarm (121)
[2018.09.09-05.39.40:900][127]LogModuleManager: Shutting down and abandoning module SimplygonMeshReduction (119)
[2018.09.09-05.39.40:900][127]LogModuleManager: Shutting down and abandoning module QuadricMeshReduction (117)
[2018.09.09-05.39.40:900][127]LogModuleManager: Shutting down and abandoning module MaterialBaking (113)
[2018.09.09-05.39.40:900][127]LogModuleManager: Shutting down and abandoning module DerivedDataCache (108)
[2018.09.09-05.39.41:140][127]LogDerivedDataCache: Shutdown
[2018.09.09-05.39.41:140][127]LogModuleManager: Shutting down and abandoning module XGEController (106)
[2018.09.09-05.39.41:140][127]LogModuleManager: Shutting down and abandoning module TargetPlatform (104)
[2018.09.09-05.39.41:140][127]LogModuleManager: Shutting down and abandoning module VulkanShaderFormat (103)
[2018.09.09-05.39.41:140][127]LogModuleManager: Shutting down and abandoning module ShaderFormatVectorVM (101)
[2018.09.09-05.39.41:140][127]LogModuleManager: Shutting down and abandoning module ShaderFormatOpenGL (99)
[2018.09.09-05.39.41:140][127]LogModuleManager: Shutting down and abandoning module ShaderFormatD3D (97)
[2018.09.09-05.39.41:140][127]LogModuleManager: Shutting down and abandoning module MetalShaderFormat (95)
[2018.09.09-05.39.41:140][127]LogModuleManager: Shutting down and abandoning module TextureFormatUncompressed (93)
[2018.09.09-05.39.41:140][127]LogModuleManager: Shutting down and abandoning module TextureFormatPVR (91)
[2018.09.09-05.39.41:140][127]LogModuleManager: Shutting down and abandoning module TextureFormatDXT (89)
[2018.09.09-05.39.41:141][127]LogModuleManager: Shutting down and abandoning module TextureFormatIntelISPCTexComp (87)
[2018.09.09-05.39.41:141][127]LogModuleManager: Shutting down and abandoning module TextureFormatASTC (85)
[2018.09.09-05.39.41:141][127]LogModuleManager: Shutting down and abandoning module ImageWrapper (84)
[2018.09.09-05.39.41:141][127]LogModuleManager: Shutting down and abandoning module TextureFormatAndroid (81)
[2018.09.09-05.39.41:141][127]LogModuleManager: Shutting down and abandoning module AudioFormatOpus (79)
[2018.09.09-05.39.41:141][127]LogModuleManager: Shutting down and abandoning module AudioFormatOgg (77)
[2018.09.09-05.39.41:141][127]LogModuleManager: Shutting down and abandoning module AudioFormatADPCM (75)
[2018.09.09-05.39.41:141][127]LogModuleManager: Shutting down and abandoning module WindowsTargetPlatform (73)
[2018.09.09-05.39.41:141][127]LogModuleManager: Shutting down and abandoning module WindowsServerTargetPlatform (71)
[2018.09.09-05.39.41:141][127]LogModuleManager: Shutting down and abandoning module WindowsNoEditorTargetPlatform (69)
[2018.09.09-05.39.41:141][127]LogModuleManager: Shutting down and abandoning module WindowsClientTargetPlatform (67)
[2018.09.09-05.39.41:141][127]LogModuleManager: Shutting down and abandoning module InputCore (64)
[2018.09.09-05.39.41:141][127]LogModuleManager: Shutting down and abandoning module Settings (62)
[2018.09.09-05.39.41:141][127]LogModuleManager: Shutting down and abandoning module PhysXCooking (60)
[2018.09.09-05.39.41:141][127]LogModuleManager: Shutting down and abandoning module SteamVR (57)
[2018.09.09-05.39.41:141][127]LogModuleManager: Shutting down and abandoning module OculusHMD (55)
[2018.09.09-05.39.41:141][127]LogModuleManager: Shutting down and abandoning module OnlineBlueprintSupport (53)
[2018.09.09-05.39.41:141][127]LogModuleManager: Shutting down and abandoning module OnlineSubsystem (49)
[2018.09.09-05.39.41:141][127]LogOnline: Display: OSS: FOnlineSubsystemNull::Shutdown()
[2018.09.09-05.39.41:141][127]LogOnline: Display: OSS: FOnlineAsyncTaskManager::Stop() ActiveTask:0000000000000000 Tasks[0/0]
[2018.09.09-05.39.41:141][127]LogOnline: Display: OSS: FOnlineAsyncTaskManager::Exit() started
[2018.09.09-05.39.41:141][127]LogOnline: Display: OSS: FOnlineAsyncTaskManager::Exit() finished
[2018.09.09-05.39.41:141][127]LogModuleManager: Shutting down and abandoning module XMPP (43)
[2018.09.09-05.39.41:141][127]LogModuleManager: Shutting down and abandoning module HTTP (41)
[2018.09.09-05.39.41:162][127]LogModuleManager: Shutting down and abandoning module SSL (40)
[2018.09.09-05.39.41:163][127]LogModuleManager: Shutting down and abandoning module AnimationModifiers (36)
[2018.09.09-05.39.41:163][127]LogModuleManager: Shutting down and abandoning module PropertyEditor (35)
[2018.09.09-05.39.41:163][127]LogModuleManager: Shutting down and abandoning module AudioEditor (32)
[2018.09.09-05.39.41:163][127]LogModuleManager: Shutting down and abandoning module TextureCompressor (30)
[2018.09.09-05.39.41:163][127]LogModuleManager: Shutting down and abandoning module ShaderCore (28)
[2018.09.09-05.39.41:163][127]LogModuleManager: Shutting down and abandoning module Landscape (26)
[2018.09.09-05.39.41:163][127]LogModuleManager: Shutting down and abandoning module SlateRHIRenderer (24)
[2018.09.09-05.39.41:163][127]LogModuleManager: Shutting down and abandoning module OpenGLDrv (22)
[2018.09.09-05.39.41:163][127]LogModuleManager: Shutting down and abandoning module D3D11RHI (20)
[2018.09.09-05.39.41:163][127]LogModuleManager: Shutting down and abandoning module AnimGraphRuntime (18)
[2018.09.09-05.39.41:163][127]LogModuleManager: Shutting down and abandoning module Renderer (16)
[2018.09.09-05.39.41:163][127]LogModuleManager: Shutting down and abandoning module Engine (14)
[2018.09.09-05.39.41:163][127]LogModuleManager: Shutting down and abandoning module CoreUObject (12)
[2018.09.09-05.39.41:163][127]LogModuleManager: Shutting down and abandoning module NetworkFile (10)
[2018.09.09-05.39.41:163][127]LogModuleManager: Shutting down and abandoning module CookedIterativeFile (8)
[2018.09.09-05.39.41:163][127]LogModuleManager: Shutting down and abandoning module StreamingFile (6)
[2018.09.09-05.39.41:164][127]LogModuleManager: Shutting down and abandoning module SandboxFile (4)
[2018.09.09-05.39.41:164][127]LogModuleManager: Shutting down and abandoning module PakFile (2)
[2018.09.09-05.39.41:166][127]LogExit: Exiting.
[2018.09.09-05.39.41:167][127]Log file closed, 09/09/18 00:39:41
