Log file open, 09/09/18 00:30:03
LogWindows: Failed to load 'aqProf.dll' (GetLastError=126)
LogWindows: File 'aqProf.dll' does not exist
LogWindows: Failed to load 'VtuneApi.dll' (GetLastError=126)
LogWindows: File 'VtuneApi.dll' does not exist
LogWindows: Failed to load 'VtuneApi32e.dll' (GetLastError=126)
LogWindows: File 'VtuneApi32e.dll' does not exist
LogInit: Display: Running engine for game: FPSPrototype
LogPlatformFile: Not using cached read wrapper
LogInit: Display: RandInit(-992687422) SRandInit(-992687422).
LogInit: Read version file with build ID '3944462'
LogInit: Overriding engine version to CL 4033788, compatible CL 3944462
LogInit: Registered custom module enumerator with build ID '3944462'
LogTaskGraph: Started task graph with 5 named threads and 23 total threads with 3 sets of task threads.
LogStats: Stats thread started at 0.262348
LogD3D11RHI: Aftermath initialized
LogICUInternationalization: Display: ICU TimeZone Detection - Raw Offset: -6:00, Platform Override: ''
LogModuleManager: Display: Found up-to-date module file ../../../Engine/Plugins/Runtime/ApexDestruction/Binaries/Win64/UE4Editor-ApexDestruction.dll (API version 3944462).
LogModuleManager: Display: Found up-to-date module file ../../../Engine/Plugins/Runtime/ApexDestruction/Binaries/Win64/UE4Editor-ApexDestructionEditor.dll (API version 3944462).
LogModuleManager: Display: Found up-to-date module file ../../../Engine/Plugins/Blendables/LightPropagationVolume/Binaries/Win64/UE4Editor-LightPropagationVolumeRuntime.dll (API version 3944462).
LogModuleManager: Display: Found up-to-date module file ../../../Engine/Plugins/Blendables/LightPropagationVolume/Binaries/Win64/UE4Editor-LightPropagationVolumeEditor.dll (API version 3944462).
LogModuleManager: Display: Found up-to-date module file ../../../Engine/Plugins/Developer/CLionSourceCodeAccess/Binaries/Win64/UE4Editor-CLionSourceCodeAccess.dll (API version 3944462).
LogModuleManager: Display: Found up-to-date module file ../../../Engine/Plugins/Developer/GitSourceControl/Binaries/Win64/UE4Editor-GitSourceControl.dll (API version 3944462).
LogModuleManager: Display: Found up-to-date module file ../../../Engine/Plugins/Developer/PerforceSourceControl/Binaries/Win64/UE4Editor-PerforceSourceControl.dll (API version 3944462).
LogModuleManager: Display: Found up-to-date module file ../../../Engine/Plugins/Developer/SubversionSourceControl/Binaries/Win64/UE4Editor-SubversionSourceControl.dll (API version 3944462).
LogModuleManager: Display: Found up-to-date module file ../../../Engine/Plugins/Developer/VisualStudioCodeSourceCodeAccess/Binaries/Win64/UE4Editor-VisualStudioCodeSourceCodeAccess.dll (API version 3944462).
LogModuleManager: Display: Found up-to-date module file ../../../Engine/Plugins/Developer/VisualStudioSourceCodeAccess/Binaries/Win64/UE4Editor-VisualStudioSourceCodeAccess.dll (API version 3944462).
LogModuleManager: Display: Found up-to-date module file ../../../Engine/Plugins/Editor/AssetManagerEditor/Binaries/Win64/UE4Editor-AssetManagerEditor.dll (API version 3944462).
LogModuleManager: Display: Found up-to-date module file ../../../Engine/Plugins/Editor/DataValidation/Binaries/Win64/UE4Editor-DataValidation.dll (API version 3944462).
LogModuleManager: Display: Found up-to-date module file ../../../Engine/Plugins/Editor/FacialAnimation/Binaries/Win64/UE4Editor-FacialAnimation.dll (API version 3944462).
LogModuleManager: Display: Found up-to-date module file ../../../Engine/Plugins/Editor/FacialAnimation/Binaries/Win64/UE4Editor-FacialAnimationEditor.dll (API version 3944462).
LogModuleManager: Display: Found up-to-date module file ../../../Engine/Plugins/Editor/GameplayTagsEditor/Binaries/Win64/UE4Editor-GameplayTagsEditor.dll (API version 3944462).
LogModuleManager: Display: Found up-to-date module file ../../../Engine/Plugins/Editor/MobileLauncherProfileWizard/Binaries/Win64/UE4Editor-MobileLauncherProfileWizard.dll (API version 3944462).
LogModuleManager: Display: Found up-to-date module file ../../../Engine/Plugins/Editor/PluginBrowser/Binaries/Win64/UE4Editor-PluginBrowser.dll (API version 3944462).
LogModuleManager: Display: Found up-to-date module file ../../../Engine/Plugins/Editor/SpeedTreeImporter/Binaries/Win64/UE4Editor-SpeedTreeImporter.dll (API version 3944462).
LogModuleManager: Display: Found up-to-date module file ../../../Engine/Plugins/Enterprise/DatasmithContent/Binaries/Win64/UE4Editor-DatasmithContent.dll (API version 3944462).
LogModuleManager: Display: Found up-to-date module file ../../../Engine/Plugins/Experimental/AlembicImporter/Binaries/Win64/UE4Editor-AlembicImporter.dll (API version 3944462).
LogModuleManager: Display: Found up-to-date module file ../../../Engine/Plugins/Experimental/AlembicImporter/Binaries/Win64/UE4Editor-AlembicLibrary.dll (API version 3944462).
LogModuleManager: Display: Found up-to-date module file ../../../Engine/Plugins/Experimental/CharacterAI/Binaries/Win64/UE4Editor-CharacterAI.dll (API version 3944462).
LogModuleManager: Display: Found up-to-date module file ../../../Engine/Plugins/Experimental/HTML5Networking/Binaries/Win64/UE4Editor-HTML5Networking.dll (API version 3944462).
LogModuleManager: Display: Found up-to-date module file ../../../Engine/Plugins/Media/AndroidMedia/Binaries/Win64/UE4Editor-AndroidMediaEditor.dll (API version 3944462).
LogModuleManager: Display: Found up-to-date module file ../../../Engine/Plugins/Media/AndroidMedia/Binaries/Win64/UE4Editor-AndroidMediaFactory.dll (API version 3944462).
LogModuleManager: Display: Found up-to-date module file ../../../Engine/Plugins/Media/AvfMedia/Binaries/Win64/UE4Editor-AvfMediaEditor.dll (API version 3944462).
LogModuleManager: Display: Found up-to-date module file ../../../Engine/Plugins/Media/AvfMedia/Binaries/Win64/UE4Editor-AvfMediaFactory.dll (API version 3944462).
LogModuleManager: Display: Found up-to-date module file ../../../Engine/Plugins/Media/AvfMedia/Binaries/Win64/UE4Editor-AvfMediaFactory.dll (API version 3944462).
LogModuleManager: Display: Found up-to-date module file ../../../Engine/Plugins/Media/ImgMedia/Binaries/Win64/UE4Editor-ImgMedia.dll (API version 3944462).
LogModuleManager: Display: Found up-to-date module file ../../../Engine/Plugins/Media/ImgMedia/Binaries/Win64/UE4Editor-ImgMediaEditor.dll (API version 3944462).
LogModuleManager: Display: Found up-to-date module file ../../../Engine/Plugins/Media/ImgMedia/Binaries/Win64/UE4Editor-ImgMediaFactory.dll (API version 3944462).
LogModuleManager: Display: Found up-to-date module file ../../../Engine/Plugins/Media/ImgMedia/Binaries/Win64/UE4Editor-ImgMediaFactory.dll (API version 3944462).
LogModuleManager: Display: Found up-to-date module file ../../../Engine/Plugins/Media/ImgMedia/Binaries/Win64/UE4Editor-OpenExrWrapper.dll (API version 3944462).
LogModuleManager: Display: Found up-to-date module file ../../../Engine/Plugins/Media/LinearTimecode/Binaries/Win64/UE4Editor-LinearTimecode.dll (API version 3944462).
LogModuleManager: Display: Found up-to-date module file ../../../Engine/Plugins/Media/MediaCompositing/Binaries/Win64/UE4Editor-MediaCompositing.dll (API version 3944462).
LogModuleManager: Display: Found up-to-date module file ../../../Engine/Plugins/Media/MediaCompositing/Binaries/Win64/UE4Editor-MediaCompositingEditor.dll (API version 3944462).
LogModuleManager: Display: Found up-to-date module file ../../../Engine/Plugins/Media/MediaPlayerEditor/Binaries/Win64/UE4Editor-MediaPlayerEditor.dll (API version 3944462).
LogModuleManager: Display: Found up-to-date module file ../../../Engine/Plugins/Media/WmfMedia/Binaries/Win64/UE4Editor-WmfMedia.dll (API version 3944462).
LogModuleManager: Display: Found up-to-date module file ../../../Engine/Plugins/Media/WmfMedia/Binaries/Win64/UE4Editor-WmfMediaEditor.dll (API version 3944462).
LogModuleManager: Display: Found up-to-date module file ../../../Engine/Plugins/Media/WmfMedia/Binaries/Win64/UE4Editor-WmfMediaFactory.dll (API version 3944462).
LogModuleManager: Display: Found up-to-date module file ../../../Engine/Plugins/Media/WmfMedia/Binaries/Win64/UE4Editor-WmfMediaFactory.dll (API version 3944462).
LogModuleManager: Display: Found up-to-date module file ../../../Engine/Plugins/Messaging/TcpMessaging/Binaries/Win64/UE4Editor-TcpMessaging.dll (API version 3944462).
LogModuleManager: Display: Found up-to-date module file ../../../Engine/Plugins/Messaging/UdpMessaging/Binaries/Win64/UE4Editor-UdpMessaging.dll (API version 3944462).
LogModuleManager: Display: Found up-to-date module file ../../../Engine/Plugins/MovieScene/ActorSequence/Binaries/Win64/UE4Editor-ActorSequence.dll (API version 3944462).
LogModuleManager: Display: Found up-to-date module file ../../../Engine/Plugins/MovieScene/LevelSequenceEditor/Binaries/Win64/UE4Editor-LevelSequenceEditor.dll (API version 3944462).
LogModuleManager: Display: Found up-to-date module file ../../../Engine/Plugins/MovieScene/MatineeToLevelSequence/Binaries/Win64/UE4Editor-MatineeToLevelSequence.dll (API version 3944462).
LogModuleManager: Display: Found up-to-date module file ../../../Engine/Plugins/NetcodeUnitTest/NetcodeUnitTest/Binaries/Win64/UE4Editor-NetcodeUnitTest.dll (API version 3944462).
LogModuleManager: Display: Found up-to-date module file ../../../Engine/Plugins/NetcodeUnitTest/NUTUnrealEngine4/Binaries/Win64/UE4Editor-NUTUnrealEngine4.dll (API version 3944462).
LogModuleManager: Display: Found up-to-date module file ../../../Engine/Plugins/Online/OnlineSubsystem/Binaries/Win64/UE4Editor-OnlineSubsystem.dll (API version 3944462).
LogModuleManager: Display: Found up-to-date module file ../../../Engine/Plugins/Online/OnlineSubsystemNull/Binaries/Win64/UE4Editor-OnlineSubsystemNull.dll (API version 3944462).
LogModuleManager: Display: Found up-to-date module file ../../../Engine/Plugins/Online/OnlineSubsystemUtils/Binaries/Win64/UE4Editor-OnlineSubsystemUtils.dll (API version 3944462).
LogModuleManager: Display: Found up-to-date module file ../../../Engine/Plugins/Online/OnlineSubsystemUtils/Binaries/Win64/UE4Editor-OnlineBlueprintSupport.dll (API version 3944462).
LogModuleManager: Display: Found up-to-date module file ../../../Engine/Plugins/Runtime/ArchVisCharacter/Binaries/Win64/UE4Editor-ArchVisCharacter.dll (API version 3944462).
LogModuleManager: Display: Found up-to-date module file ../../../Engine/Plugins/Runtime/AudioCapture/Binaries/Win64/UE4Editor-AudioCapture.dll (API version 3944462).
LogModuleManager: Display: Found up-to-date module file ../../../Engine/Plugins/Runtime/AudioCapture/Binaries/Win64/UE4Editor-AudioCaptureEditor.dll (API version 3944462).
LogModuleManager: Display: Found up-to-date module file ../../../Engine/Plugins/Runtime/CableComponent/Binaries/Win64/UE4Editor-CableComponent.dll (API version 3944462).
LogModuleManager: Display: Found up-to-date module file ../../../Engine/Plugins/Runtime/CustomMeshComponent/Binaries/Win64/UE4Editor-CustomMeshComponent.dll (API version 3944462).
LogModuleManager: Display: Found up-to-date module file ../../../Engine/Plugins/Runtime/ImmediatePhysics/Binaries/Win64/UE4Editor-ImmediatePhysics.dll (API version 3944462).
LogModuleManager: Display: Found up-to-date module file ../../../Engine/Plugins/Runtime/ImmediatePhysics/Binaries/Win64/UE4Editor-ImmediatePhysicsEditor.dll (API version 3944462).
LogModuleManager: Display: Found up-to-date module file ../../../Engine/Plugins/Runtime/LocationServicesBPLibrary/Binaries/Win64/UE4Editor-LocationServicesBPLibrary.dll (API version 3944462).
LogModuleManager: Display: Found up-to-date module file ../../../Engine/Plugins/Runtime/Oculus/OculusVR/Binaries/Win64/UE4Editor-OculusHMD.dll (API version 3944462).
LogModuleManager: Display: Found up-to-date module file ../../../Engine/Plugins/Runtime/Oculus/OculusVR/Binaries/Win64/UE4Editor-OculusInput.dll (API version 3944462).
LogModuleManager: Display: Found up-to-date module file ../../../Engine/Plugins/Runtime/Oculus/OculusVR/Binaries/Win64/UE4Editor-OculusEditor.dll (API version 3944462).
LogModuleManager: Display: Found up-to-date module file ../../../Engine/Plugins/Runtime/PhysXVehicles/Binaries/Win64/UE4Editor-PhysXVehicles.dll (API version 3944462).
LogModuleManager: Display: Found up-to-date module file ../../../Engine/Plugins/Runtime/PhysXVehicles/Binaries/Win64/UE4Editor-PhysXVehiclesEditor.dll (API version 3944462).
LogModuleManager: Display: Found up-to-date module file ../../../Engine/Plugins/Runtime/ProceduralMeshComponent/Binaries/Win64/UE4Editor-ProceduralMeshComponent.dll (API version 3944462).
LogModuleManager: Display: Found up-to-date module file ../../../Engine/Plugins/Runtime/ProceduralMeshComponent/Binaries/Win64/UE4Editor-ProceduralMeshComponentEditor.dll (API version 3944462).
LogModuleManager: Display: Found up-to-date module file ../../../Engine/Plugins/Runtime/RuntimePhysXCooking/Binaries/Win64/UE4Editor-RuntimePhysXCooking.dll (API version 3944462).
LogModuleManager: Display: Found up-to-date module file ../../../Engine/Plugins/Runtime/Steam/SteamVR/Binaries/Win64/UE4Editor-SteamVR.dll (API version 3944462).
LogModuleManager: Display: Found up-to-date module file ../../../Engine/Plugins/Runtime/Steam/SteamVR/Binaries/Win64/UE4Editor-SteamVRController.dll (API version 3944462).
LogModuleManager: Display: Found up-to-date module file ../../../Engine/Plugins/Runtime/WindowsMoviePlayer/Binaries/Win64/UE4Editor-WindowsMoviePlayer.dll (API version 3944462).
LogPluginManager: Mounting plugin LightPropagationVolume
LogPluginManager: Mounting plugin CLionSourceCodeAccess
LogPluginManager: Mounting plugin CodeLiteSourceCodeAccess
LogPluginManager: Mounting plugin GitSourceControl
LogPluginManager: Mounting plugin KDevelopSourceCodeAccess
LogPluginManager: Mounting plugin NullSourceCodeAccess
LogPluginManager: Mounting plugin PerforceSourceControl
LogPluginManager: Mounting plugin SubversionSourceControl
LogPluginManager: Mounting plugin VisualStudioCodeSourceCodeAccess
LogPluginManager: Mounting plugin VisualStudioSourceCodeAccess
LogPluginManager: Mounting plugin XCodeSourceCodeAccess
LogPluginManager: Mounting plugin AssetManagerEditor
LogPluginManager: Mounting plugin DataValidation
LogPluginManager: Mounting plugin FacialAnimation
LogPluginManager: Mounting plugin GameplayTagsEditor
LogPluginManager: Mounting plugin MobileLauncherProfileWizard
LogPluginManager: Mounting plugin PluginBrowser
LogPluginManager: Mounting plugin SpeedTreeImporter
LogPluginManager: Mounting plugin DatasmithContent
LogPluginManager: Mounting plugin AlembicImporter
LogPluginManager: Mounting plugin CharacterAI
LogPluginManager: Mounting plugin HTML5Networking
LogPluginManager: Mounting plugin AndroidMedia
LogPluginManager: Mounting plugin AvfMedia
LogPluginManager: Mounting plugin ImgMedia
LogPluginManager: Mounting plugin LinearTimecode
LogPluginManager: Mounting plugin MediaCompositing
LogPluginManager: Mounting plugin MediaPlayerEditor
LogPluginManager: Mounting plugin WmfMedia
LogPluginManager: Mounting plugin TcpMessaging
LogPluginManager: Mounting plugin UdpMessaging
LogPluginManager: Mounting plugin ActorSequence
LogPluginManager: Mounting plugin LevelSequenceEditor
LogPluginManager: Mounting plugin MatineeToLevelSequence
LogPluginManager: Mounting plugin NetcodeUnitTest
LogPluginManager: Mounting plugin NUTUnrealEngine4
LogPluginManager: Mounting plugin OnlineSubsystemIOS
LogPluginManager: Mounting plugin OnlineSubsystem
LogPluginManager: Mounting plugin OnlineSubsystemNull
LogPluginManager: Mounting plugin OnlineSubsystemUtils
LogPluginManager: Mounting plugin ApexDestruction
LogPluginManager: Mounting plugin ArchVisCharacter
LogPluginManager: Mounting plugin AudioCapture
LogPluginManager: Mounting plugin CableComponent
LogPluginManager: Mounting plugin CustomMeshComponent
LogPluginManager: Mounting plugin ImmediatePhysics
LogPluginManager: Mounting plugin LocationServicesBPLibrary
LogPluginManager: Mounting plugin OculusVR
LogPluginManager: Plugin shader directory ../../../Engine/Plugins/Runtime/Oculus/OculusVR/Shaders found
LogPluginManager: Mapping shader source directory ../../../Engine/Plugins/Runtime/Oculus/OculusVR/Shaders to virtual directory /Plugin/OculusVR
LogPluginManager: Mounting plugin PhysXVehicles
LogPluginManager: Mounting plugin ProceduralMeshComponent
LogPluginManager: Mounting plugin RuntimePhysXCooking
LogPluginManager: Mounting plugin SteamVR
LogPluginManager: Mounting plugin WindowsMoviePlayer
LogStreaming: Display: Took  0.610s to configure plugins.
LogInit: Using libcurl 7.47.1
LogInit:  - built for x86_64-pc-win32
LogInit:  - supports SSL with OpenSSL/1.0.2g
LogInit:  - supports HTTP deflate (compression) using libz 1.2.8
LogInit:  - other features:
LogInit:      CURL_VERSION_SSL
LogInit:      CURL_VERSION_LIBZ
LogInit:      CURL_VERSION_IPV6
LogInit:      CURL_VERSION_ASYNCHDNS
LogInit:      CURL_VERSION_LARGEFILE
LogInit:      CURL_VERSION_IDN
LogInit:  CurlRequestOptions (configurable via config and command line):
LogInit:  - bVerifyPeer = false  - Libcurl will NOT verify peer certificate
LogInit:  - bUseHttpProxy = false  - Libcurl will NOT use HTTP proxy
LogInit:  - bDontReuseConnections = false  - Libcurl will reuse connections
LogInit:  - CertBundlePath = nullptr  - Libcurl will use whatever was configured at build time.
LogInit:  - MaxHostConnections = 16  - Libcurl will limit the number of connections to a host
LogInit:  - LocalHostAddr = Default
LogModuleManager: Warning: No filename provided for module OnlineSubsystemSteam
LogModuleManager: Warning: ModuleManager: Unable to load module 'OnlineSubsystemSteam' because the file 'C:/Program Files/UE_4.19/Engine/Binaries/Win64/' was not found.
LogInit: WinSock: version 1.1 (2.2), MaxSocks=32767, MaxUdp=65467
LogInit: Build: ++UE4+Release-4.19-CL-4033788
LogInit: Engine Version: 4.19.2-4033788+++UE4+Release-4.19
LogInit: Compatible Engine Version: 4.19.0-3944462+++UE4+Release-4.19
LogInit: Net CL: 3944462
LogDevObjectVersion: Number of dev versions registered: 18
LogDevObjectVersion:   Dev-Blueprints (B0D832E4-1F89-4F0D-ACCF-7EB736FD4AA2): 10
LogDevObjectVersion:   Dev-Build (E1C64328-A22C-4D53-A36C-8E866417BD8C): 0
LogDevObjectVersion:   Dev-Core (375EC13C-06E4-48FB-B500-84F0262A717E): 2
LogDevObjectVersion:   Dev-Editor (E4B068ED-F494-42E9-A231-DA0B2E46BB41): 23
LogDevObjectVersion:   Dev-Framework (CFFC743F-43B0-4480-9391-14DF171D2073): 33
LogDevObjectVersion:   Dev-Mobile (B02B49B5-BB20-44E9-A304-32B752E40360): 2
LogDevObjectVersion:   Dev-Networking (A4E4105C-59A1-49B5-A7C5-40C4547EDFEE): 0
LogDevObjectVersion:   Dev-Online (39C831C9-5AE6-47DC-9A44-9C173E1C8E7C): 0
LogDevObjectVersion:   Dev-Physics (78F01B33-EBEA-4F98-B9B4-84EACCB95AA2): 0
LogDevObjectVersion:   Dev-Platform (6631380F-2D4D-43E0-8009-CF276956A95A): 0
LogDevObjectVersion:   Dev-Rendering (12F88B9F-8875-4AFC-A67C-D90C383ABD29): 25
LogDevObjectVersion:   Dev-Sequencer (7B5AE74C-D270-4C10-A958-57980B212A5A): 6
LogDevObjectVersion:   Dev-VR (D7296918-1DD6-4BDD-9DE2-64A83CC13884): 1
LogDevObjectVersion:   Dev-LoadTimes (C2A15278-BFE7-4AFE-6C17-90FF531DF755): 1
LogDevObjectVersion:   Private-Geometry (6EACA3D4-40EC-4CC1-B786-8BED09428FC5): 2
LogDevObjectVersion:   Dev-AnimPhys (29E575DD-E0A3-4627-9D10-D276232CDCEA): 16
LogDevObjectVersion:   Dev-ReflectionCapture (6B266CEC-1EC7-4B8F-A30B-E4D90942FC07): 1
LogDevObjectVersion:   Dev-Automation (0DF73D61-A23F-47EA-B727-89E90C41499A): 1
LogInit: Compiled (64-bit): Apr 27 2018 02:06:57
LogInit: Compiled with Visual C++: 19.00.24215.01
LogInit: Build Configuration: Development
LogInit: Branch Name: ++UE4+Release-4.19
LogInit: Command Line:  
LogInit: Base Directory: C:/Program Files/UE_4.19/Engine/Binaries/Win64/
LogInit: Installed Engine Build: 1
LogStreaming: Display: Took  0.002s to delete old logs.
LogInit: Presizing for max 8388607 objects, including 0 objects not considered by GC, pre-allocating 0 bytes for permanent pool.
LogInit: Object subsystem initialized
[2018.09.09-05.30.04:840][  0]LogModuleManager: Warning: No filename provided for module ExampleDeviceProfileSelector
[2018.09.09-05.30.04:840][  0]LogModuleManager: Warning: ModuleManager: Unable to load module 'ExampleDeviceProfileSelector' because the file 'C:/Program Files/UE_4.19/Engine/Binaries/Win64/' was not found.
[2018.09.09-05.30.04:840][  0]LogInit: Applying CVar settings loaded from the selected device profile: [Windows]
[2018.09.09-05.30.04:847][  0]LogInit: Computer: DESKTOP-OKQS3QU
[2018.09.09-05.30.04:847][  0]LogInit: User: Joe
[2018.09.09-05.30.04:847][  0]LogInit: CPU Page size=4096, Cores=4
[2018.09.09-05.30.04:847][  0]LogInit: High frequency timer resolution =4.101572 MHz
[2018.09.09-05.30.04:847][  0]LogMemory: Memory total: Physical=8.0GB (8GB approx)
[2018.09.09-05.30.04:847][  0]LogMemory: Platform Memory Stats for Windows
[2018.09.09-05.30.04:847][  0]LogMemory: Process Physical Memory: 274.89 MB used, 274.89 MB peak
[2018.09.09-05.30.04:847][  0]LogMemory: Process Virtual Memory: 272.79 MB used, 272.79 MB peak
[2018.09.09-05.30.04:847][  0]LogMemory: Physical Memory: 5131.89 MB used,  3019.88 MB free, 8151.77 MB total
[2018.09.09-05.30.04:847][  0]LogMemory: Virtual Memory: 4802.21 MB used,  3019.88 MB free, 134217728.00 MB total
[2018.09.09-05.30.04:872][  0]LogInit: Using OS detected language (en-US).
[2018.09.09-05.30.04:872][  0]LogInit: Using OS detected locale (en-US).
[2018.09.09-05.30.04:874][  0]LogTextLocalizationManager: No specific localization for 'en-US' exists, so the 'en' localization will be used.
[2018.09.09-05.30.05:180][  0]LogStreaming: Display: Took  0.309s to EndInitTextLocalization.
[2018.09.09-05.30.05:180][  0]LogInit: Setting process to per monitor DPI aware
[2018.09.09-05.30.05:217][  0]LogSlate: New Slate User Created.  User Index 0, Is Virtual User: 0
[2018.09.09-05.30.05:217][  0]LogSlate: Slate User Registered.  User Index 0, Is Virtual User: 0
[2018.09.09-05.30.05:374][  0]LogD3D11RHI: D3D11 adapters:
[2018.09.09-05.30.05:420][  0]LogD3D11RHI:    0. 'NVIDIA GeForce GTX 1050' (Feature Level 11_0)
[2018.09.09-05.30.05:420][  0]LogD3D11RHI:       1977/0/4075 MB DedicatedVideo/DedicatedSystem/SharedSystem, Outputs:2, VendorId:0x10de
[2018.09.09-05.30.05:421][  0]LogD3D11RHI:    1. 'Microsoft Basic Render Driver' (Feature Level 11_0)
[2018.09.09-05.30.05:421][  0]LogD3D11RHI:       0/0/4075 MB DedicatedVideo/DedicatedSystem/SharedSystem, Outputs:0, VendorId:0x1414
[2018.09.09-05.30.05:422][  0]LogD3D11RHI: Chosen D3D11 Adapter: 0
[2018.09.09-05.30.05:427][  0]LogD3D11RHI: Creating new Direct3DDevice
[2018.09.09-05.30.05:427][  0]LogD3D11RHI:     GPU DeviceId: 0x1c81 (for the marketing name, search the web for "GPU Device Id")
[2018.09.09-05.30.05:427][  0]LogWindows: EnumDisplayDevices:
[2018.09.09-05.30.05:427][  0]LogWindows:    0. 'NVIDIA GeForce GTX 1050' (P:1 D:1)
[2018.09.09-05.30.05:427][  0]LogWindows:    1. 'NVIDIA GeForce GTX 1050' (P:0 D:1)
[2018.09.09-05.30.05:427][  0]LogWindows:    2. 'NVIDIA GeForce GTX 1050' (P:0 D:0)
[2018.09.09-05.30.05:428][  0]LogWindows:    3. 'NVIDIA GeForce GTX 1050' (P:0 D:0)
[2018.09.09-05.30.05:428][  0]LogWindows: DebugString: GetVideoDriverDetailsInvalid PrimaryIsNotTheChoosenAdapter GetVideoDriverDetailsInvalid PrimaryIsNotTheChoosenAdapter GetVideoDriverDetailsInvalid PrimaryIsNotTheChoosenAdapter GetVideoDriverDetailsInvalid PrimaryIsNotTheChoosenAdapter FoundDriverCount:0 
[2018.09.09-05.30.05:428][  0]LogD3D11RHI:     Adapter Name: NVIDIA GeForce GTX 1050
[2018.09.09-05.30.05:428][  0]LogD3D11RHI:   Driver Version: Unknown (internal:Unknown, unified:Unknown)
[2018.09.09-05.30.05:428][  0]LogD3D11RHI:      Driver Date: Unknown
[2018.09.09-05.30.05:428][  0]LogRHI: Texture pool is 1384 MB (70% of 1977 MB)
[2018.09.09-05.30.05:456][  0]LogD3D11RHI: [Aftermath] Aftermath enabled and primed
[2018.09.09-05.30.05:456][  0]LogD3D11RHI: [Aftermath] Aftermath enabled and primed
[2018.09.09-05.30.05:456][  0]LogD3D11RHI: Async texture creation enabled
[2018.09.09-05.30.05:472][  0]LogD3D11RHI: GPU Timing Frequency: 1000.000000 (Debug: 2 2)
[2018.09.09-05.30.05:566][  0]LogShaderCompilers: Guid format shader working directory is -14 characters bigger than the processId version (../../../../../Users/Joe/Desktop/Github/gamefps/fps-proto/Intermediate/Shaders/WorkingDirectory/12396/).
[2018.09.09-05.30.05:566][  0]LogShaderCompilers: Cleaned the shader compiler working directory 'C:/Users/Joe/AppData/Local/Temp/UnrealShaderWorkingDir/239BAE7743DD8B2F364BF0BBB9B55BE6/'.
[2018.09.09-05.30.05:738][  0]LogTemp: Display: Loaded TP AllDesktopTargetPlatform
[2018.09.09-05.30.05:750][  0]LogTemp: Display: Loaded TP MacClientTargetPlatform
[2018.09.09-05.30.05:763][  0]LogTemp: Display: Loaded TP MacNoEditorTargetPlatform
[2018.09.09-05.30.05:774][  0]LogTemp: Display: Loaded TP MacServerTargetPlatform
[2018.09.09-05.30.05:785][  0]LogTemp: Display: Loaded TP MacTargetPlatform
[2018.09.09-05.30.05:797][  0]LogTemp: Display: Loaded TP WindowsClientTargetPlatform
[2018.09.09-05.30.05:807][  0]LogTemp: Display: Loaded TP WindowsNoEditorTargetPlatform
[2018.09.09-05.30.05:819][  0]LogTemp: Display: Loaded TP WindowsServerTargetPlatform
[2018.09.09-05.30.05:825][  0]LogTemp: Display: Loaded TP WindowsTargetPlatform
[2018.09.09-05.30.05:834][  0]LogTemp: Display: Loaded TP Android_ASTCTargetPlatform
[2018.09.09-05.30.05:844][  0]LogTemp: Display: Loaded TP Android_ATCTargetPlatform
[2018.09.09-05.30.05:853][  0]LogTemp: Display: Loaded TP Android_DXTTargetPlatform
[2018.09.09-05.30.05:863][  0]LogTemp: Display: Loaded TP Android_ETC1aTargetPlatform
[2018.09.09-05.30.05:873][  0]LogTemp: Display: Loaded TP Android_ETC1TargetPlatform
[2018.09.09-05.30.05:882][  0]LogTemp: Display: Loaded TP Android_ETC2TargetPlatform
[2018.09.09-05.30.05:907][  0]LogTemp: Display: Loaded TP Android_MultiTargetPlatform
[2018.09.09-05.30.05:908][  0]LogTemp: Display: Loaded TP Android_PVRTCTargetPlatform
[2018.09.09-05.30.05:920][  0]LogTemp: Display: Loaded TP AndroidTargetPlatform
[2018.09.09-05.30.05:921][  0]LogTemp: Display: Loaded TP HTML5TargetPlatform
[2018.09.09-05.30.05:957][  0]LogTemp: Display: Loaded TP IOSTargetPlatform
[2018.09.09-05.30.05:971][  0]LogTemp: Display: Loaded TP TVOSTargetPlatform
[2018.09.09-05.30.05:983][  0]LogTemp: Display: Loaded TP LinuxClientTargetPlatform
[2018.09.09-05.30.05:996][  0]LogTemp: Display: Loaded TP LinuxNoEditorTargetPlatform
[2018.09.09-05.30.06:007][  0]LogTemp: Display: Loaded TP LinuxServerTargetPlatform
[2018.09.09-05.30.06:017][  0]LogTemp: Display: Loaded TP LinuxTargetPlatform
[2018.09.09-05.30.06:017][  0]LogTargetPlatformManager: Display: Building Assets For Windows
[2018.09.09-05.30.06:118][  0]LogXGEController: Cleaning working directory: C:/Users/Joe/AppData/Local/Temp/UnrealXGEWorkingDir/
[2018.09.09-05.30.06:118][  0]LogXGEController: Cannot use XGE Controller as Incredibuild is not installed on this machine.
[2018.09.09-05.30.06:118][  0]LogShaderCompilers: Cannot use XGE Shader Compiler as Incredibuild is not installed on this machine.
[2018.09.09-05.30.06:118][  0]LogShaderCompilers: Display: Using Local Shader Compiler.
[2018.09.09-05.30.06:618][  0]LogDerivedDataCache: Display: Max Cache Size: 512 MB
[2018.09.09-05.30.06:672][  0]LogDerivedDataCache: Loaded boot cache 0.05s 87MB C:/Users/Joe/AppData/Local/UnrealEngine/4.19/DerivedDataCache/Boot.ddc.
[2018.09.09-05.30.06:672][  0]LogDerivedDataCache: Display: Loaded Boot cache: C:/Users/Joe/AppData/Local/UnrealEngine/4.19/DerivedDataCache/Boot.ddc
[2018.09.09-05.30.06:673][  0]LogDerivedDataCache: FDerivedDataBackendGraph:  Pak pak cache file ../../../../../Users/Joe/Desktop/Github/gamefps/fps-proto/DerivedDataCache/DDC.ddp not found, will not use a pak cache.
[2018.09.09-05.30.06:673][  0]LogDerivedDataCache: Unable to find inner node Pak for hierarchical cache Hierarchy.
[2018.09.09-05.30.06:673][  0]LogDerivedDataCache: FDerivedDataBackendGraph:  CompressedPak pak cache file ../../../../../Users/Joe/Desktop/Github/gamefps/fps-proto/DerivedDataCache/Compressed.ddp not found, will not use a pak cache.
[2018.09.09-05.30.06:673][  0]LogDerivedDataCache: Unable to find inner node CompressedPak for hierarchical cache Hierarchy.
[2018.09.09-05.30.06:684][  0]LogDerivedDataCache: Display: Pak cache opened for reading ../../../Engine/DerivedDataCache/Compressed.ddp.
[2018.09.09-05.30.06:696][  0]LogDerivedDataCache: Using Local data cache path C:/Users/Joe/AppData/Local/UnrealEngine/Common/DerivedDataCache: Writable
[2018.09.09-05.30.06:696][  0]LogDerivedDataCache: Shared data cache path not found in *engine.ini, will not use an Shared cache.
[2018.09.09-05.30.06:696][  0]LogDerivedDataCache: Unable to find inner node Shared for hierarchical cache Hierarchy.
[2018.09.09-05.30.06:704][  0]LogMaterial: Verifying Global Shaders for PCD3D_SM5
[2018.09.09-05.30.06:705][  0]LogSlate: Using Freetype 2.6.0
[2018.09.09-05.30.06:705][  0]LogSlate: SlateFontCache - WITH_FREETYPE: 1, WITH_HARFBUZZ: 1
[2018.09.09-05.30.06:705][  0]LogSlate: SlateFontCache - WITH_FREETYPE: 1, WITH_HARFBUZZ: 1
[2018.09.09-05.30.06:802][  0]LogAssetRegistry: FAssetRegistry took 0.0249 seconds to start up
[2018.09.09-05.30.07:056][  0]LogModuleManager: Warning: No filename provided for module ExampleDeviceProfileSelector
[2018.09.09-05.30.07:056][  0]LogModuleManager: Warning: ModuleManager: Unable to load module 'ExampleDeviceProfileSelector' because the file 'C:/Program Files/UE_4.19/Engine/Binaries/Win64/' was not found.
[2018.09.09-05.30.07:180][  0]LogSimplygon: Simplygon DLL not present - disabling.
[2018.09.09-05.30.07:183][  0]LogMeshReduction: Using SimplygonSwarm for distributed automatic mesh merging
[2018.09.09-05.30.07:183][  0]LogMeshReduction: Using QuadricMeshReduction for automatic static mesh reduction
[2018.09.09-05.30.07:183][  0]LogMeshReduction: No automatic skeletal mesh reduction module available
[2018.09.09-05.30.07:183][  0]LogMeshReduction: No automatic mesh merging module available
[2018.09.09-05.30.07:183][  0]LogMeshMerging: No automatic mesh merging module available
[2018.09.09-05.30.07:213][  0]LogNetVersion: FPSPrototype , NetCL: 3944462, EngineNetVer: 2, GameNetVer: 0 (Checksum: 1221512049)
[2018.09.09-05.30.07:558][  0]LogPackageLocalizationCache: Processed 6 localized package path(s) for 2 prioritized culture(s) in 0.042390 seconds
[2018.09.09-05.30.07:562][  0]LogUObjectArray: 36336 objects as part of root set at end of initial load.
[2018.09.09-05.30.07:562][  0]LogUObjectAllocator: 7236832 out of 0 bytes used by permanent object pool.
[2018.09.09-05.30.07:562][  0]LogUObjectArray: CloseDisregardForGC: 0/0 objects in disregard for GC pool
[2018.09.09-05.30.08:905][  0]LogTcpMessaging: Initializing TcpMessaging bridge
[2018.09.09-05.30.08:930][  0]LogUdpMessaging: Initializing bridge on interface 0.0.0.0:0 to multicast group 230.0.0.1:6666.
[2018.09.09-05.30.09:215][  0]SourceControl: Source control is disabled
[2018.09.09-05.30.09:215][  0]SourceControl: Source control is disabled
[2018.09.09-05.30.09:231][  0]SourceControl: Source control is disabled
[2018.09.09-05.30.09:246][  0]SourceControl: Source control is disabled
[2018.09.09-05.30.09:749][  0]LogOcInput: OculusInput pre-init called
[2018.09.09-05.30.09:842][  0]LogEngine: Initializing Engine...
[2018.09.09-05.30.09:843][  0]LogHMD: Failed to initialize OpenVR with code 110
[2018.09.09-05.30.09:845][  0]LogStats: UGameplayTagsManager::ConstructGameplayTagTree: Construct from data asset -  0.000 s
[2018.09.09-05.30.09:845][  0]LogStats: UGameplayTagsManager::ConstructGameplayTagTree: GameplayTagTreeChangedEvent.Broadcast -  0.000 s
[2018.09.09-05.30.10:015][  0]LogAIModule: Creating AISystem for world Untitled
[2018.09.09-05.30.10:082][  0]LogInit: XAudio2 using 'Speakers (Ear Force Stealth 400)' : 2 channels at 48 kHz using 16 bits per sample (channel mask 0x3)
[2018.09.09-05.30.10:094][  0]LogInit: FAudioDevice initialized.
[2018.09.09-05.30.10:222][  0]LogDerivedDataCache: Saved boot cache 0.13s 75MB C:/Users/Joe/AppData/Local/UnrealEngine/4.19/DerivedDataCache/Boot.ddc.
[2018.09.09-05.30.10:226][  0]LogInit: Texture streaming: Enabled
[2018.09.09-05.30.10:245][  0]LogEngineSessionManager: EngineSessionManager initialized
[2018.09.09-05.30.10:257][  0]LogInit: Transaction tracking system initialized
[2018.09.09-05.30.10:286][  0]BlueprintLog: New page: Editor Load
[2018.09.09-05.30.10:378][  0]LocalizationService: Localization service is disabled
[2018.09.09-05.30.10:475][  0]LogConsoleResponse: Display: 
[2018.09.09-05.30.10:602][  0]LogCook: Display: Max memory allowance for cook 16384mb min free memory 0mb
[2018.09.09-05.30.10:602][  0]LogCook: Display: Mobile HDR setting 1
[2018.09.09-05.30.10:602][  0]LogGameplayTags: Display: UGameplayTagsManager::DoneAddingNativeTags. DelegateIsBound: 0
[2018.09.09-05.30.10:602][  0]LogStats: UGameplayTagsManager::ConstructGameplayTagTree: Construct from data asset -  0.000 s
[2018.09.09-05.30.10:602][  0]LogStats: UGameplayTagsManager::ConstructGameplayTagTree: GameplayTagTreeChangedEvent.Broadcast -  0.000 s
[2018.09.09-05.30.10:909][  0]LogFileCache: Scanning file cache for directory 'C:/Users/Joe/Desktop/Github/gamefps/fps-proto/Content/' took 0.02s
[2018.09.09-05.30.10:915][  0]SourceControl: Source control is disabled
[2018.09.09-05.30.10:915][  0]Cmd: MAP LOAD FILE="../../../../../Users/Joe/Desktop/Github/gamefps/fps-proto/Content/Blueprints/Levels/MainMenu_Level.umap" TEMPLATE=0 SHOWPROGRESS=1 FEATURELEVEL=3
[2018.09.09-05.30.10:916][  0]LightingResults: New page: Lighting Build
[2018.09.09-05.30.10:918][  0]MapCheck: New page: Map Check
[2018.09.09-05.30.10:918][  0]LightingResults: New page: Lighting Build
[2018.09.09-05.30.10:939][  0]LogUObjectGlobals: Created PersistentFrame Addr=0x000001c1bb111900, Size=672, Default__BaseFPS_Character_C Function /Game/Blueprints/Characters/BaseFPS_Character.BaseFPS_Character_C:ExecuteUbergraph_BaseFPS_Character
[2018.09.09-05.30.10:943][  0]LogUObjectGlobals: Created PersistentFrame Addr=0x000001c1bbb4ee80, Size=448, Default__ServerSelect_Widget_C Function /Game/Blueprints/UI/ServerSelect_Widget.ServerSelect_Widget_C:ExecuteUbergraph_ServerSelect_Widget
[2018.09.09-05.30.10:945][  0]LogUObjectGlobals: Created PersistentFrame Addr=0x000001c1bc1eca90, Size=40, Default__PauseMenu_Widget_C Function /Game/Blueprints/UI/PauseMenu_Widget.PauseMenu_Widget_C:ExecuteUbergraph_PauseMenu_Widget
[2018.09.09-05.30.10:947][  0]LogUObjectGlobals: Created PersistentFrame Addr=0x000001c1b883e358, Size=56, Default__YBot_Anim_BP_C Function /Game/Assets/Mesh/YBot/YBot_Anim_BP.YBot_Anim_BP_C:ExecuteUbergraph_YBot_Anim_BP
[2018.09.09-05.30.10:977][  0]LogUObjectGlobals: Destroyed PersistentFrame Addr=0x000001c1b883e358, Size=56
[2018.09.09-05.30.10:977][  0]LogUObjectGlobals: Created PersistentFrame Addr=0x000001c1b883e358, Size=56, Default__YBot_Anim_BP_C Function /Engine/Transient.REINST_YBot_Anim_BP_C_0:ExecuteUbergraph_YBot_Anim_BP
[2018.09.09-05.30.10:978][  0]LogUObjectGlobals: Destroyed PersistentFrame Addr=0x000001c1bb111900, Size=672
[2018.09.09-05.30.10:978][  0]LogUObjectGlobals: Created PersistentFrame Addr=0x000001c1bed0b700, Size=672, Default__BaseFPS_Character_C Function /Engine/Transient.REINST_BaseFPS_Character_C_2:ExecuteUbergraph_BaseFPS_Character
[2018.09.09-05.30.10:978][  0]LogUObjectGlobals: Destroyed PersistentFrame Addr=0x000001c1bc1eca90, Size=40
[2018.09.09-05.30.10:978][  0]LogUObjectGlobals: Created PersistentFrame Addr=0x000001c1bee1b560, Size=40, Default__PauseMenu_Widget_C Function /Engine/Transient.REINST_PauseMenu_Widget_C_0:ExecuteUbergraph_PauseMenu_Widget
[2018.09.09-05.30.10:978][  0]LogUObjectGlobals: Destroyed PersistentFrame Addr=0x000001c1bbb4ee80, Size=448
[2018.09.09-05.30.10:978][  0]LogUObjectGlobals: Created PersistentFrame Addr=0x000001c1bedd50c0, Size=448, Default__ServerSelect_Widget_C Function /Engine/Transient.REINST_ServerSelect_Widget_C_1:ExecuteUbergraph_ServerSelect_Widget
[2018.09.09-05.30.10:988][  0]LogUObjectGlobals: Created PersistentFrame Addr=0x000001c1bec4f938, Size=56, Default__YBot_Anim_BP_C Function /Game/Assets/Mesh/YBot/YBot_Anim_BP.YBot_Anim_BP_C:ExecuteUbergraph_YBot_Anim_BP
[2018.09.09-05.30.10:989][  0]LogUObjectGlobals: Created PersistentFrame Addr=0x000001c1bec72800, Size=672, Default__BaseFPS_Character_C Function /Game/Blueprints/Characters/BaseFPS_Character.BaseFPS_Character_C:ExecuteUbergraph_BaseFPS_Character
[2018.09.09-05.30.10:991][  0]LogUObjectGlobals: Created PersistentFrame Addr=0x000001c1bee1ab10, Size=40, Default__PauseMenu_Widget_C Function /Game/Blueprints/UI/PauseMenu_Widget.PauseMenu_Widget_C:ExecuteUbergraph_PauseMenu_Widget
[2018.09.09-05.30.10:992][  0]LogUObjectGlobals: Created PersistentFrame Addr=0x000001c1bebf7200, Size=448, Default__ServerSelect_Widget_C Function /Game/Blueprints/UI/ServerSelect_Widget.ServerSelect_Widget_C:ExecuteUbergraph_ServerSelect_Widget
[2018.09.09-05.30.11:049][  0]LogUObjectGlobals: Created PersistentFrame Addr=0x000001c1bec4e128, Size=52, Default__FPS_HUD_C Function /Game/Blueprints/Characters/FPS_HUD.FPS_HUD_C:ExecuteUbergraph_FPS_HUD
[2018.09.09-05.30.11:051][  0]LogUObjectGlobals: Destroyed PersistentFrame Addr=0x000001c1bec4e128, Size=52
[2018.09.09-05.30.11:051][  0]LogUObjectGlobals: Created PersistentFrame Addr=0x000001c1bec4e128, Size=52, Default__FPS_HUD_C Function /Engine/Transient.REINST_FPS_HUD_C_10:ExecuteUbergraph_FPS_HUD
[2018.09.09-05.30.11:052][  0]LogUObjectGlobals: Created PersistentFrame Addr=0x000001c1bec4cd08, Size=52, Default__FPS_HUD_C Function /Game/Blueprints/Characters/FPS_HUD.FPS_HUD_C:ExecuteUbergraph_FPS_HUD
[2018.09.09-05.30.11:104][  0]LogSkeletalMesh: Skeletal Mesh found in DDC [3.842429ms] /Game/Assets/Mesh/YBot/misc/ybot_T-Pose.ybot_T-Pose
[2018.09.09-05.30.11:189][  0]LogAIModule: Creating AISystem for world MainMenu_Level
[2018.09.09-05.30.11:198][  0]LogEditorServer: Finished looking for orphan Actors (0.000 secs)
[2018.09.09-05.30.11:207][  0]LogUObjectGlobals: Destroyed PersistentFrame Addr=0x000001c1bed0b700, Size=672
[2018.09.09-05.30.11:207][  0]LogUObjectGlobals: Destroyed PersistentFrame Addr=0x000001c1bedd50c0, Size=448
[2018.09.09-05.30.11:207][  0]LogUObjectGlobals: Destroyed PersistentFrame Addr=0x000001c1bee1b560, Size=40
[2018.09.09-05.30.11:207][  0]LogUObjectGlobals: Destroyed PersistentFrame Addr=0x000001c1b883e358, Size=56
[2018.09.09-05.30.11:207][  0]LogUObjectGlobals: Destroyed PersistentFrame Addr=0x000001c1bec4e128, Size=52
[2018.09.09-05.30.11:208][  0]Cmd: MAP CHECKDEP NOCLEARLOG
[2018.09.09-05.30.11:247][  0]MapCheck: Map check complete: 0 Error(s), 0 Warning(s), took 38.799ms to complete.
[2018.09.09-05.30.11:247][  0]LogFileHelpers: Loading map 'MainMenu_Level' took 0.332
[2018.09.09-05.30.11:368][  0]LogCollectionManager: Loaded 0 collections in 0.001659 seconds
[2018.09.09-05.30.11:414][  0]LogFileCache: Scanning file cache for directory 'C:/Users/Joe/Desktop/Github/gamefps/fps-proto/Saved/Collections/' took 0.01s
[2018.09.09-05.30.11:414][  0]LogFileCache: Scanning file cache for directory 'C:/Users/Joe/Desktop/Github/gamefps/fps-proto/Content/Developers/Joe/Collections/' took 0.01s
[2018.09.09-05.30.11:414][  0]LogFileCache: Scanning file cache for directory 'C:/Users/Joe/Desktop/Github/gamefps/fps-proto/Content/Collections/' took 0.01s
[2018.09.09-05.30.11:414][  0]LogCollectionManager: Rebuilt the GUID cache for 0 collections in 0.000000 seconds
[2018.09.09-05.30.11:423][  0]LogContentBrowser: Native class hierarchy populated in 0.0089 seconds. Added 2375 classes and 521 folders.
[2018.09.09-05.30.11:431][  0]LogContentBrowser: Native class hierarchy updated for 'WidgetCarousel' in 0.0002 seconds. Added 0 classes and 0 folders.
[2018.09.09-05.30.11:475][  0]LogContentBrowser: Native class hierarchy updated for 'AddContentDialog' in 0.0002 seconds. Added 0 classes and 0 folders.
[2018.09.09-05.30.11:480][  0]LogContentBrowser: Native class hierarchy updated for 'SceneOutliner' in 0.0002 seconds. Added 1 classes and 2 folders.
[2018.09.09-05.30.11:486][  0]LogSlate: Took 0.000184 seconds to synchronously load lazily loaded font '../../../Engine/Content/Slate/Fonts/Roboto-Regular.ttf' (155K)
[2018.09.09-05.30.11:488][  0]LogSlate: Took 0.000218 seconds to synchronously load lazily loaded font '../../../Engine/Content/Slate/Fonts/Roboto-Bold.ttf' (160K)
[2018.09.09-05.30.11:494][  0]LogSlate: Took 0.000138 seconds to synchronously load lazily loaded font '../../../Engine/Content/Editor/Slate/Fonts/FontAwesome.ttf' (139K)
[2018.09.09-05.30.11:577][  0]LogRenderer: Reallocating scene render targets to support 1256x616 Format 10 NumSamples 1 (Frame:1).
[2018.09.09-05.30.11:709][  0]LogContentBrowser: Native class hierarchy updated for 'HierarchicalLODOutliner' in 0.0002 seconds. Added 0 classes and 0 folders.
[2018.09.09-05.30.11:709][  0]LogLoad: (Engine Initialization) Total time: 8.68 seconds
[2018.09.09-05.30.11:709][  0]LogLoad: (Engine Initialization) Total Blueprint compile time: 0.00 seconds
[2018.09.09-05.30.11:718][  0]LogWindowsTextInputMethodSystem: Display: IME system now deactivated.
[2018.09.09-05.30.11:737][  0]LogContentStreaming: Texture pool size now 1000 MB
[2018.09.09-05.30.11:845][  0]LogSlate: Took 0.000141 seconds to synchronously load lazily loaded font '../../../Engine/Content/Slate/Fonts/Roboto-Light.ttf' (167K)
[2018.09.09-05.30.11:855][  1]LogAssetRegistry: Asset discovery search completed in 5.0745 seconds
[2018.09.09-05.30.11:857][  1]LogCollectionManager: Rebuilt the object cache for 0 collections in 0.000000 seconds (found 0 objects)
[2018.09.09-05.30.11:857][  1]LogCollectionManager: Fixed up redirectors for 0 collections in 0.000096 seconds (updated 0 objects)
[2018.09.09-05.30.12:743][103]LogSlate: Took 0.000151 seconds to synchronously load lazily loaded font '../../../Engine/Content/Slate/Fonts/Roboto-Light.ttf' (167K)
[2018.09.09-05.30.16:621][565]LogSlate: FSceneViewport::OnFocusLost() reason 0
[2018.09.09-05.30.20:678][ 52]LogSlate: FSceneViewport::OnFocusLost() reason 0
[2018.09.09-05.30.20:785][ 59]LogSlate: Window 'FPSPrototype - Unreal Editor' being destroyed
[2018.09.09-05.30.20:786][ 59]LogWindowsTextInputMethodSystem: Display: IME system now deactivated.
[2018.09.09-05.30.20:942][ 60]Cmd: QUIT_EDITOR
[2018.09.09-05.30.20:960][ 60]LogSlate: Slate User Destroyed.  User Index 0, Is Virtual User: 0
[2018.09.09-05.30.20:960][ 60]LogExit: Preparing to exit.
[2018.09.09-05.30.21:977][ 60]LogDirectoryWatcher: A directory notification for 'C:/Users/Joe/Desktop/Github/gamefps/fps-proto/Content/' was aborted.
[2018.09.09-05.30.22:008][ 60]LogExit: Editor shut down
[2018.09.09-05.30.22:011][ 60]LogExit: Transaction tracking system shut down
[2018.09.09-05.30.22:012][ 60]LogUObjectGlobals: Destroyed PersistentFrame Addr=0x000001c1bec4f938, Size=56
[2018.09.09-05.30.22:012][ 60]LogUObjectGlobals: Destroyed PersistentFrame Addr=0x000001c1bec72800, Size=672
[2018.09.09-05.30.22:012][ 60]LogUObjectGlobals: Destroyed PersistentFrame Addr=0x000001c1bee1ab10, Size=40
[2018.09.09-05.30.22:012][ 60]LogUObjectGlobals: Destroyed PersistentFrame Addr=0x000001c1bebf7200, Size=448
[2018.09.09-05.30.22:012][ 60]LogUObjectGlobals: Destroyed PersistentFrame Addr=0x000001c1bec4cd08, Size=52
[2018.09.09-05.30.22:078][ 60]LogDirectoryWatcher: A directory notification for '../../../Engine/Content/' was aborted.
[2018.09.09-05.30.22:078][ 60]LogDirectoryWatcher: A directory notification for '../../../../../Users/Joe/Desktop/Github/gamefps/fps-proto/Content/' was aborted.
[2018.09.09-05.30.22:078][ 60]LogDirectoryWatcher: A directory notification for '../../Plugins/Enterprise/DatasmithContent/Content/' was aborted.
[2018.09.09-05.30.22:079][ 60]LogDirectoryWatcher: A directory notification for '../../Plugins/Media/MediaCompositing/Content/' was aborted.
[2018.09.09-05.30.22:079][ 60]LogDirectoryWatcher: A directory notification for '../../Plugins/Runtime/Oculus/OculusVR/Content/' was aborted.
[2018.09.09-05.30.22:079][ 60]LogDirectoryWatcher: A directory notification for '../../Plugins/Runtime/Steam/SteamVR/Content/' was aborted.
[2018.09.09-05.30.22:121][ 60]LogExit: Object subsystem successfully closed.
[2018.09.09-05.30.22:130][ 60]LogShaderCompilers: Display: Shaders left to compile 0
[2018.09.09-05.30.22:132][ 60]LogD3D11RHI: Shutdown
[2018.09.09-05.30.22:132][ 60]LogD3D11RHI: CleanupD3DDevice
[2018.09.09-05.30.22:133][ 60]LogD3D11RHI: ~FD3D11DynamicRHI
[2018.09.09-05.30.22:147][ 60]LogModuleManager: Shutting down and abandoning module HierarchicalLODOutliner (550)
[2018.09.09-05.30.22:147][ 60]LogModuleManager: Shutting down and abandoning module SceneOutliner (548)
[2018.09.09-05.30.22:147][ 60]LogModuleManager: Shutting down and abandoning module AddContentDialog (546)
[2018.09.09-05.30.22:147][ 60]LogDirectoryWatcher: A directory notification for 'C:/Program Files/UE_4.19/FeaturePacks/' was aborted.
[2018.09.09-05.30.22:147][ 60]LogModuleManager: Shutting down and abandoning module WidgetCarousel (545)
[2018.09.09-05.30.22:147][ 60]LogModuleManager: Shutting down and abandoning module EditorWidgets (542)
[2018.09.09-05.30.22:147][ 60]LogModuleManager: Shutting down and abandoning module CollectionManager (540)
[2018.09.09-05.30.22:147][ 60]LogDirectoryWatcher: A directory notification for 'C:/Users/Joe/Desktop/Github/gamefps/fps-proto/Content/Collections/' was aborted.
[2018.09.09-05.30.22:147][ 60]LogDirectoryWatcher: A directory notification for 'C:/Users/Joe/Desktop/Github/gamefps/fps-proto/Content/Developers/Joe/Collections/' was aborted.
[2018.09.09-05.30.22:147][ 60]LogDirectoryWatcher: A directory notification for 'C:/Users/Joe/Desktop/Github/gamefps/fps-proto/Saved/Collections/' was aborted.
[2018.09.09-05.30.22:147][ 60]LogModuleManager: Shutting down and abandoning module StatsViewer (538)
[2018.09.09-05.30.22:147][ 60]LogModuleManager: Shutting down and abandoning module FoliageEdit (536)
[2018.09.09-05.30.22:148][ 60]LogModuleManager: Shutting down and abandoning module LandscapeEditor (534)
[2018.09.09-05.30.22:148][ 60]LogModuleManager: Shutting down and abandoning module MeshPaintMode (532)
[2018.09.09-05.30.22:148][ 60]LogModuleManager: Shutting down and abandoning module MeshPaint (531)
[2018.09.09-05.30.22:148][ 60]LogModuleManager: Shutting down and abandoning module SceneDepthPickerMode (528)
[2018.09.09-05.30.22:148][ 60]LogModuleManager: Shutting down and abandoning module ActorPickerMode (526)
[2018.09.09-05.30.22:148][ 60]LogModuleManager: Shutting down and abandoning module GeometryMode (524)
[2018.09.09-05.30.22:148][ 60]LogModuleManager: Shutting down and abandoning module TextureAlignMode (522)
[2018.09.09-05.30.22:148][ 60]LogModuleManager: Shutting down and abandoning module BspMode (520)
[2018.09.09-05.30.22:148][ 60]LogModuleManager: Shutting down and abandoning module PIEPreviewDeviceProfileSelector (518)
[2018.09.09-05.30.22:148][ 60]LogModuleManager: Shutting down and abandoning module HardwareSurvey (516)
[2018.09.09-05.30.22:148][ 60]LogModuleManager: Shutting down and abandoning module SequenceRecorderSections (514)
[2018.09.09-05.30.22:148][ 60]LogModuleManager: Shutting down and abandoning module AutomationWorker (512)
[2018.09.09-05.30.22:148][ 60]LogModuleManager: Shutting down and abandoning module AudioCaptureEditor (510)
[2018.09.09-05.30.22:148][ 60]LogModuleManager: Shutting down and abandoning module SequenceRecorder (509)
[2018.09.09-05.30.22:148][ 60]LogModuleManager: Shutting down and abandoning module MatineeToLevelSequence (506)
[2018.09.09-05.30.22:148][ 60]LogModuleManager: Shutting down and abandoning module LevelSequenceEditor (504)
[2018.09.09-05.30.22:148][ 60]LogModuleManager: Shutting down and abandoning module PlacementMode (503)
[2018.09.09-05.30.22:148][ 60]LogModuleManager: Shutting down and abandoning module MaterialEditor (502)
[2018.09.09-05.30.22:148][ 60]LogModuleManager: Shutting down and abandoning module WmfMediaFactory (498)
[2018.09.09-05.30.22:148][ 60]LogModuleManager: Shutting down and abandoning module WmfMediaEditor (496)
[2018.09.09-05.30.22:148][ 60]LogModuleManager: Shutting down and abandoning module MediaPlayerEditor (494)
[2018.09.09-05.30.22:148][ 60]LogModuleManager: Shutting down and abandoning module OpenExrWrapper (492)
[2018.09.09-05.30.22:148][ 60]LogModuleManager: Shutting down and abandoning module ImgMediaFactory (490)
[2018.09.09-05.30.22:148][ 60]LogModuleManager: Shutting down and abandoning module ImgMediaEditor (488)
[2018.09.09-05.30.22:148][ 60]LogModuleManager: Shutting down and abandoning module AvfMediaFactory (486)
[2018.09.09-05.30.22:148][ 60]LogModuleManager: Shutting down and abandoning module AvfMediaEditor (484)
[2018.09.09-05.30.22:148][ 60]LogModuleManager: Shutting down and abandoning module AndroidMediaFactory (482)
[2018.09.09-05.30.22:148][ 60]LogModuleManager: Shutting down and abandoning module AndroidMediaEditor (480)
[2018.09.09-05.30.22:148][ 60]LogModuleManager: Shutting down and abandoning module CharacterAI (478)
[2018.09.09-05.30.22:148][ 60]LogModuleManager: Shutting down and abandoning module SessionServices (476)
[2018.09.09-05.30.22:148][ 60]LogModuleManager: Shutting down and abandoning module ViewportSnapping (474)
[2018.09.09-05.30.22:148][ 60]LogModuleManager: Shutting down and abandoning module ViewportInteraction (472)
[2018.09.09-05.30.22:148][ 60]LogModuleManager: Shutting down and abandoning module ClothPainter (470)
[2018.09.09-05.30.22:148][ 60]LogModuleManager: Shutting down and abandoning module SkeletalMeshEditor (469)
[2018.09.09-05.30.22:148][ 60]LogModuleManager: Shutting down and abandoning module LogVisualizer (466)
[2018.09.09-05.30.22:148][ 60]LogModuleManager: Shutting down and abandoning module IntroTutorials (464)
[2018.09.09-05.30.22:148][ 60]LogModuleManager: Shutting down and abandoning module GameProjectGeneration (463)
[2018.09.09-05.30.22:148][ 60]LogModuleManager: Shutting down and abandoning module IOSPlatformEditor (460)
[2018.09.09-05.30.22:148][ 60]LogModuleManager: Shutting down and abandoning module HTML5PlatformEditor (458)
[2018.09.09-05.30.22:148][ 60]LogModuleManager: Shutting down and abandoning module AndroidPlatformEditor (456)
[2018.09.09-05.30.22:148][ 60]LogModuleManager: Shutting down and abandoning module AndroidDeviceDetection (455)
[2018.09.09-05.30.22:437][ 60]LogModuleManager: Shutting down and abandoning module WindowsPlatformEditor (452)
[2018.09.09-05.30.22:437][ 60]LogModuleManager: Shutting down and abandoning module IOSRuntimeSettings (450)
[2018.09.09-05.30.22:437][ 60]LogModuleManager: Shutting down and abandoning module AndroidRuntimeSettings (448)
[2018.09.09-05.30.22:437][ 60]LogModuleManager: Shutting down and abandoning module InputBindingEditor (446)
[2018.09.09-05.30.22:437][ 60]LogModuleManager: Shutting down and abandoning module MergeActors (444)
[2018.09.09-05.30.22:437][ 60]LogModuleManager: Shutting down and abandoning module LocalizationDashboard (442)
[2018.09.09-05.30.22:437][ 60]LogModuleManager: Shutting down and abandoning module LocalizationService (441)
[2018.09.09-05.30.22:437][ 60]LogModuleManager: Shutting down and abandoning module HardwareTargeting (438)
[2018.09.09-05.30.22:437][ 60]LogModuleManager: Shutting down and abandoning module DeviceProfileEditor (436)
[2018.09.09-05.30.22:437][ 60]LogModuleManager: Shutting down and abandoning module UndoHistory (434)
[2018.09.09-05.30.22:437][ 60]LogModuleManager: Shutting down and abandoning module XmlParser (432)
[2018.09.09-05.30.22:437][ 60]LogModuleManager: Shutting down and abandoning module Blutility (430)
[2018.09.09-05.30.22:437][ 60]LogModuleManager: Shutting down and abandoning module ProjectSettingsViewer (428)
[2018.09.09-05.30.22:437][ 60]LogModuleManager: Shutting down and abandoning module ProjectTargetPlatformEditor (427)
[2018.09.09-05.30.22:437][ 60]LogModuleManager: Shutting down and abandoning module EditorSettingsViewer (424)
[2018.09.09-05.30.22:437][ 60]LogModuleManager: Shutting down and abandoning module SettingsEditor (422)
[2018.09.09-05.30.22:437][ 60]LogModuleManager: Shutting down and abandoning module ProjectLauncher (420)
[2018.09.09-05.30.22:437][ 60]LogModuleManager: Shutting down and abandoning module SessionFrontend (418)
[2018.09.09-05.30.22:437][ 60]LogModuleManager: Shutting down and abandoning module ProfilerClient (416)
[2018.09.09-05.30.22:437][ 60]LogModuleManager: Shutting down and abandoning module DeviceManager (414)
[2018.09.09-05.30.22:437][ 60]LogModuleManager: Shutting down and abandoning module TargetDeviceServices (413)
[2018.09.09-05.30.22:492][ 60]LogModuleManager: Shutting down and abandoning module AutomationController (410)
[2018.09.09-05.30.22:492][ 60]LogModuleManager: Shutting down and abandoning module AutomationWindow (408)
[2018.09.09-05.30.22:492][ 60]LogModuleManager: Shutting down and abandoning module Layers (406)
[2018.09.09-05.30.22:492][ 60]LogModuleManager: Shutting down and abandoning module ComponentVisualizers (404)
[2018.09.09-05.30.22:492][ 60]LogModuleManager: Shutting down and abandoning module DetailCustomizations (402)
[2018.09.09-05.30.22:492][ 60]LogModuleManager: Shutting down and abandoning module PackagesDialog (400)
[2018.09.09-05.30.22:492][ 60]LogModuleManager: Shutting down and abandoning module Persona (398)
[2018.09.09-05.30.22:492][ 60]LogModuleManager: Shutting down and abandoning module AdvancedPreviewScene (397)
[2018.09.09-05.30.22:492][ 60]LogModuleManager: Shutting down and abandoning module AnimGraph (395)
[2018.09.09-05.30.22:492][ 60]LogModuleManager: Shutting down and abandoning module Kismet (392)
[2018.09.09-05.30.22:492][ 60]LogModuleManager: Shutting down and abandoning module GraphEditor (390)
[2018.09.09-05.30.22:492][ 60]LogModuleManager: Shutting down and abandoning module ClassViewer (388)
[2018.09.09-05.30.22:492][ 60]LogModuleManager: Shutting down and abandoning module Toolbox (386)
[2018.09.09-05.30.22:492][ 60]LogModuleManager: Shutting down and abandoning module ModuleUI (384)
[2018.09.09-05.30.22:492][ 60]LogModuleManager: Shutting down and abandoning module MovieSceneTools (382)
[2018.09.09-05.30.22:492][ 60]LogModuleManager: Shutting down and abandoning module OutputLog (380)
[2018.09.09-05.30.22:492][ 60]LogModuleManager: Shutting down and abandoning module GammaUI (378)
[2018.09.09-05.30.22:492][ 60]LogModuleManager: Shutting down and abandoning module Documentation (376)
[2018.09.09-05.30.22:492][ 60]LogModuleManager: Shutting down and abandoning module MovieSceneTracks (374)
[2018.09.09-05.30.22:492][ 60]LogModuleManager: Shutting down and abandoning module MovieScene (372)
[2018.09.09-05.30.22:492][ 60]LogModuleManager: Shutting down and abandoning module StreamingPauseRendering (370)
[2018.09.09-05.30.22:492][ 60]LogModuleManager: Shutting down and abandoning module LauncherPlatform (368)
[2018.09.09-05.30.22:492][ 60]LogModuleManager: Shutting down and abandoning module AnalyticsET (366)
[2018.09.09-05.30.22:492][ 60]LogModuleManager: Shutting down and abandoning module PortalServices (364)
[2018.09.09-05.30.22:492][ 60]LogModuleManager: Shutting down and abandoning module PortalRpc (362)
[2018.09.09-05.30.22:492][ 60]LogModuleManager: Shutting down and abandoning module MessagingRpc (360)
[2018.09.09-05.30.22:492][ 60]LogModuleManager: Shutting down and abandoning module AIModule (358)
[2018.09.09-05.30.22:492][ 60]LogModuleManager: Shutting down and abandoning module GameplayDebugger (357)
[2018.09.09-05.30.22:492][ 60]LogModuleManager: Shutting down and abandoning module AITestSuite (355)
[2018.09.09-05.30.22:492][ 60]LogModuleManager: Shutting down and abandoning module DesktopPlatform (352)
[2018.09.09-05.30.22:492][ 60]LogModuleManager: Shutting down and abandoning module ProfilerService (350)
[2018.09.09-05.30.22:574][ 60]LogModuleManager: Shutting down and abandoning module TaskGraph (348)
[2018.09.09-05.30.22:574][ 60]LogModuleManager: Shutting down and abandoning module SteamVRController (346)
[2018.09.09-05.30.22:574][ 60]LogModuleManager: Shutting down and abandoning module ProceduralMeshComponentEditor (344)
[2018.09.09-05.30.22:574][ 60]LogModuleManager: Shutting down and abandoning module ProceduralMeshComponent (342)
[2018.09.09-05.30.22:574][ 60]LogModuleManager: Shutting down and abandoning module OculusInput (340)
[2018.09.09-05.30.22:574][ 60]LogModuleManager: Shutting down and abandoning module CustomMeshComponent (338)
[2018.09.09-05.30.22:574][ 60]LogModuleManager: Shutting down and abandoning module CableComponent (336)
[2018.09.09-05.30.22:574][ 60]LogModuleManager: Shutting down and abandoning module AudioCapture (334)
[2018.09.09-05.30.22:574][ 60]LogModuleManager: Shutting down and abandoning module ArchVisCharacter (332)
[2018.09.09-05.30.22:574][ 60]LogModuleManager: Shutting down and abandoning module NUTUnrealEngine4 (330)
[2018.09.09-05.30.22:574][ 60]LogModuleManager: Shutting down and abandoning module NetcodeUnitTest (328)
[2018.09.09-05.30.22:574][ 60]LogModuleManager: Shutting down and abandoning module MediaCompositingEditor (326)
[2018.09.09-05.30.22:574][ 60]LogModuleManager: Shutting down and abandoning module MediaCompositing (324)
[2018.09.09-05.30.22:574][ 60]LogModuleManager: Shutting down and abandoning module LinearTimecode (322)
[2018.09.09-05.30.22:574][ 60]LogModuleManager: Shutting down and abandoning module ImgMedia (320)
[2018.09.09-05.30.22:576][ 60]LogModuleManager: Shutting down and abandoning module HTML5Networking (318)
[2018.09.09-05.30.22:576][ 60]LogModuleManager: Shutting down and abandoning module AlembicImporter (316)
[2018.09.09-05.30.22:576][ 60]LogModuleManager: Shutting down and abandoning module AlembicLibrary (315)
[2018.09.09-05.30.22:576][ 60]LogModuleManager: Shutting down and abandoning module GeometryCache (314)
[2018.09.09-05.30.22:576][ 60]LogModuleManager: Shutting down and abandoning module GeometryCacheEd (313)
[2018.09.09-05.30.22:576][ 60]LogModuleManager: Shutting down and abandoning module DatasmithContent (308)
[2018.09.09-05.30.22:576][ 60]LogModuleManager: Shutting down and abandoning module SpeedTreeImporter (306)
[2018.09.09-05.30.22:576][ 60]LogModuleManager: Shutting down and abandoning module PluginBrowser (304)
[2018.09.09-05.30.22:576][ 60]LogModuleManager: Shutting down and abandoning module MobileLauncherProfileWizard (302)
[2018.09.09-05.30.22:576][ 60]LogModuleManager: Shutting down and abandoning module VisualStudioSourceCodeAccess (300)
[2018.09.09-05.30.22:576][ 60]LogModuleManager: Shutting down and abandoning module VisualStudioCodeSourceCodeAccess (298)
[2018.09.09-05.30.22:576][ 60]LogModuleManager: Shutting down and abandoning module SubversionSourceControl (296)
[2018.09.09-05.30.22:576][ 60]LogModuleManager: Shutting down and abandoning module PerforceSourceControl (294)
[2018.09.09-05.30.22:576][ 60]LogModuleManager: Shutting down and abandoning module GitSourceControl (292)
[2018.09.09-05.30.22:576][ 60]LogModuleManager: Shutting down and abandoning module SourceControl (291)
[2018.09.09-05.30.22:576][ 60]LogModuleManager: Shutting down and abandoning module CLionSourceCodeAccess (288)
[2018.09.09-05.30.22:577][ 60]LogModuleManager: Shutting down and abandoning module LightPropagationVolumeEditor (286)
[2018.09.09-05.30.22:577][ 60]LogModuleManager: Shutting down and abandoning module RuntimePhysXCooking (284)
[2018.09.09-05.30.22:577][ 60]LogModuleManager: Shutting down and abandoning module PhysXVehiclesEditor (282)
[2018.09.09-05.30.22:577][ 60]LogModuleManager: Shutting down and abandoning module PhysXVehicles (280)
[2018.09.09-05.30.22:577][ 60]LogModuleManager: Shutting down and abandoning module OculusEditor (278)
[2018.09.09-05.30.22:577][ 60]LogModuleManager: Shutting down and abandoning module LocationServicesBPLibrary (276)
[2018.09.09-05.30.22:577][ 60]LogModuleManager: Shutting down and abandoning module ImmediatePhysicsEditor (274)
[2018.09.09-05.30.22:577][ 60]LogModuleManager: Shutting down and abandoning module ImmediatePhysics (272)
[2018.09.09-05.30.22:577][ 60]LogModuleManager: Shutting down and abandoning module ApexDestructionEditor (270)
[2018.09.09-05.30.22:577][ 60]LogModuleManager: Shutting down and abandoning module ApexDestruction (268)
[2018.09.09-05.30.22:577][ 60]LogModuleManager: Shutting down and abandoning module ActorSequence (266)
[2018.09.09-05.30.22:577][ 60]LogModuleManager: Shutting down and abandoning module UdpMessaging (264)
[2018.09.09-05.30.22:678][ 60]LogModuleManager: Shutting down and abandoning module TcpMessaging (262)
[2018.09.09-05.30.22:911][ 60]LogModuleManager: Shutting down and abandoning module GameplayTagsEditor (260)
[2018.09.09-05.30.22:911][ 60]LogModuleManager: Shutting down and abandoning module FacialAnimationEditor (258)
[2018.09.09-05.30.22:911][ 60]LogModuleManager: Shutting down and abandoning module FacialAnimation (256)
[2018.09.09-05.30.22:911][ 60]LogModuleManager: Shutting down and abandoning module DataValidation (254)
[2018.09.09-05.30.22:911][ 60]LogModuleManager: Shutting down and abandoning module AssetManagerEditor (252)
[2018.09.09-05.30.22:911][ 60]LogModuleManager: Shutting down and abandoning module LevelEditor (251)
[2018.09.09-05.30.22:912][ 60]LogModuleManager: Shutting down and abandoning module PixelInspectorModule (250)
[2018.09.09-05.30.22:912][ 60]LogModuleManager: Shutting down and abandoning module CommonMenuExtensions (248)
[2018.09.09-05.30.22:912][ 60]LogModuleManager: Shutting down and abandoning module MainFrame (246)
[2018.09.09-05.30.22:912][ 60]LogModuleManager: Shutting down and abandoning module HotReload (245)
[2018.09.09-05.30.22:912][ 60]LogModuleManager: Shutting down and abandoning module ContentBrowser (241)
[2018.09.09-05.30.22:913][ 60]LogModuleManager: Shutting down and abandoning module TreeMap (239)
[2018.09.09-05.30.22:913][ 60]LogModuleManager: Shutting down and abandoning module LightPropagationVolumeRuntime (236)
[2018.09.09-05.30.22:913][ 60]LogModuleManager: Shutting down and abandoning module WindowsMoviePlayer (234)
[2018.09.09-05.30.22:913][ 60]LogModuleManager: Shutting down and abandoning module WmfMedia (232)
[2018.09.09-05.30.22:914][ 60]LogModuleManager: Shutting down and abandoning module Media (231)
[2018.09.09-05.30.22:920][ 60]LogModuleManager: Shutting down and abandoning module PacketHandler (228)
[2018.09.09-05.30.22:920][ 60]LogModuleManager: Shutting down and abandoning module ClothingSystemEditor (226)
[2018.09.09-05.30.22:920][ 60]LogModuleManager: Shutting down and abandoning module ClothingSystemRuntime (224)
[2018.09.09-05.30.22:920][ 60]LogModuleManager: Shutting down and abandoning module MediaAssets (222)
[2018.09.09-05.30.22:920][ 60]LogModuleManager: Shutting down and abandoning module Overlay (220)
[2018.09.09-05.30.22:920][ 60]LogModuleManager: Shutting down and abandoning module OverlayEditor (219)
[2018.09.09-05.30.22:920][ 60]LogModuleManager: Shutting down and abandoning module VREditor (216)
[2018.09.09-05.30.22:920][ 60]LogModuleManager: Shutting down and abandoning module StringTableEditor (214)
[2018.09.09-05.30.22:920][ 60]LogModuleManager: Shutting down and abandoning module GameplayTasksEditor (212)
[2018.09.09-05.30.22:920][ 60]LogModuleManager: Shutting down and abandoning module BehaviorTreeEditor (210)
[2018.09.09-05.30.22:920][ 60]LogModuleManager: Shutting down and abandoning module FunctionalTesting (208)
[2018.09.09-05.30.22:920][ 60]LogModuleManager: Shutting down and abandoning module CollisionAnalyzer (206)
[2018.09.09-05.30.22:920][ 60]LogModuleManager: Shutting down and abandoning module WorkspaceMenuStructure (205)
[2018.09.09-05.30.22:920][ 60]LogModuleManager: Shutting down and abandoning module UMG (202)
[2018.09.09-05.30.22:920][ 60]LogModuleManager: Shutting down and abandoning module UMGEditor (201)
[2018.09.09-05.30.22:920][ 60]LogModuleManager: Shutting down and abandoning module Sequencer (200)
[2018.09.09-05.30.22:920][ 60]LogModuleManager: Shutting down and abandoning module MessageLog (197)
[2018.09.09-05.30.22:920][ 60]LogModuleManager: Shutting down and abandoning module SlateReflector (192)
[2018.09.09-05.30.22:920][ 60]LogModuleManager: Shutting down and abandoning module Slate (190)
[2018.09.09-05.30.22:920][ 60]LogModuleManager: Shutting down and abandoning module EditorStyle (188)
[2018.09.09-05.30.22:922][ 60]LogModuleManager: Shutting down and abandoning module MRMesh (186)
[2018.09.09-05.30.22:922][ 60]LogModuleManager: Shutting down and abandoning module SourceCodeAccess (184)
[2018.09.09-05.30.22:922][ 60]LogModuleManager: Shutting down and abandoning module HeadMountedDisplay (182)
[2018.09.09-05.30.22:922][ 60]LogModuleManager: Shutting down and abandoning module XAudio2 (180)
[2018.09.09-05.30.22:922][ 60]LogModuleManager: Shutting down and abandoning module Networking (178)
[2018.09.09-05.30.22:922][ 60]LogModuleManager: Shutting down and abandoning module Core (176)
[2018.09.09-05.30.22:922][ 60]LogModuleManager: Shutting down and abandoning module LevelSequence (174)
[2018.09.09-05.30.22:922][ 60]LogModuleManager: Shutting down and abandoning module KismetCompiler (172)
[2018.09.09-05.30.22:922][ 60]LogModuleManager: Shutting down and abandoning module MeshUtilities (170)
[2018.09.09-05.30.22:922][ 60]LogModuleManager: Shutting down and abandoning module MeshMergeUtilities (169)
[2018.09.09-05.30.22:922][ 60]LogModuleManager: Shutting down and abandoning module MeshReductionInterface (168)
[2018.09.09-05.30.22:922][ 60]LogModuleManager: Shutting down and abandoning module SimplygonSwarm (167)
[2018.09.09-05.30.22:922][ 60]LogModuleManager: Shutting down and abandoning module SimplygonMeshReduction (165)
[2018.09.09-05.30.22:922][ 60]LogModuleManager: Shutting down and abandoning module QuadricMeshReduction (163)
[2018.09.09-05.30.22:922][ 60]LogModuleManager: Shutting down and abandoning module MaterialBaking (159)
[2018.09.09-05.30.22:922][ 60]LogModuleManager: Shutting down and abandoning module DirectoryWatcher (155)
[2018.09.09-05.30.22:923][ 60]LogModuleManager: Shutting down and abandoning module DerivedDataCache (152)
[2018.09.09-05.30.23:205][ 60]LogDerivedDataCache: Shutdown
[2018.09.09-05.30.23:205][ 60]LogModuleManager: Shutting down and abandoning module XGEController (150)
[2018.09.09-05.30.23:205][ 60]LogXGEController: Cleaning working directory: C:/Users/Joe/AppData/Local/Temp/UnrealXGEWorkingDir/
[2018.09.09-05.30.23:205][ 60]LogModuleManager: Shutting down and abandoning module TargetPlatform (148)
[2018.09.09-05.30.23:205][ 60]LogModuleManager: Shutting down and abandoning module VulkanShaderFormat (147)
[2018.09.09-05.30.23:205][ 60]LogModuleManager: Shutting down and abandoning module ShaderFormatVectorVM (145)
[2018.09.09-05.30.23:205][ 60]LogModuleManager: Shutting down and abandoning module ShaderFormatOpenGL (143)
[2018.09.09-05.30.23:205][ 60]LogModuleManager: Shutting down and abandoning module ShaderFormatD3D (141)
[2018.09.09-05.30.23:205][ 60]LogModuleManager: Shutting down and abandoning module MetalShaderFormat (139)
[2018.09.09-05.30.23:205][ 60]LogModuleManager: Shutting down and abandoning module TextureFormatUncompressed (137)
[2018.09.09-05.30.23:205][ 60]LogModuleManager: Shutting down and abandoning module TextureFormatPVR (135)
[2018.09.09-05.30.23:205][ 60]LogModuleManager: Shutting down and abandoning module TextureFormatDXT (133)
[2018.09.09-05.30.23:205][ 60]LogModuleManager: Shutting down and abandoning module TextureFormatIntelISPCTexComp (131)
[2018.09.09-05.30.23:206][ 60]LogModuleManager: Shutting down and abandoning module TextureFormatASTC (129)
[2018.09.09-05.30.23:206][ 60]LogModuleManager: Shutting down and abandoning module ImageWrapper (128)
[2018.09.09-05.30.23:206][ 60]LogModuleManager: Shutting down and abandoning module TextureFormatAndroid (125)
[2018.09.09-05.30.23:206][ 60]LogModuleManager: Shutting down and abandoning module AudioFormatOpus (123)
[2018.09.09-05.30.23:206][ 60]LogModuleManager: Shutting down and abandoning module AudioFormatOgg (121)
[2018.09.09-05.30.23:206][ 60]LogModuleManager: Shutting down and abandoning module AudioFormatADPCM (119)
[2018.09.09-05.30.23:206][ 60]LogModuleManager: Shutting down and abandoning module LinuxTargetPlatform (117)
[2018.09.09-05.30.23:206][ 60]LogModuleManager: Shutting down and abandoning module LinuxServerTargetPlatform (115)
[2018.09.09-05.30.23:206][ 60]LogModuleManager: Shutting down and abandoning module LinuxNoEditorTargetPlatform (113)
[2018.09.09-05.30.23:206][ 60]LogModuleManager: Shutting down and abandoning module LinuxClientTargetPlatform (111)
[2018.09.09-05.30.23:206][ 60]LogModuleManager: Shutting down and abandoning module TVOSTargetPlatform (109)
[2018.09.09-05.30.23:206][ 60]LogModuleManager: Shutting down and abandoning module Messaging (107)
[2018.09.09-05.30.23:206][ 60]LogModuleManager: Shutting down and abandoning module IOSTargetPlatform (105)
[2018.09.09-05.30.23:206][ 60]LogModuleManager: Shutting down and abandoning module HTML5TargetPlatform (103)
[2018.09.09-05.30.23:206][ 60]LogModuleManager: Shutting down and abandoning module AndroidTargetPlatform (101)
[2018.09.09-05.30.23:206][ 60]LogModuleManager: Shutting down and abandoning module Android_PVRTCTargetPlatform (99)
[2018.09.09-05.30.23:206][ 60]LogModuleManager: Shutting down and abandoning module Android_MultiTargetPlatform (97)
[2018.09.09-05.30.23:206][ 60]LogModuleManager: Shutting down and abandoning module Android_ETC2TargetPlatform (95)
[2018.09.09-05.30.23:206][ 60]LogModuleManager: Shutting down and abandoning module Android_ETC1TargetPlatform (93)
[2018.09.09-05.30.23:206][ 60]LogModuleManager: Shutting down and abandoning module Android_ETC1aTargetPlatform (91)
[2018.09.09-05.30.23:206][ 60]LogModuleManager: Shutting down and abandoning module Android_DXTTargetPlatform (89)
[2018.09.09-05.30.23:206][ 60]LogModuleManager: Shutting down and abandoning module Android_ATCTargetPlatform (87)
[2018.09.09-05.30.23:206][ 60]LogModuleManager: Shutting down and abandoning module Android_ASTCTargetPlatform (85)
[2018.09.09-05.30.23:206][ 60]LogModuleManager: Shutting down and abandoning module WindowsTargetPlatform (83)
[2018.09.09-05.30.23:206][ 60]LogModuleManager: Shutting down and abandoning module WindowsServerTargetPlatform (81)
[2018.09.09-05.30.23:206][ 60]LogModuleManager: Shutting down and abandoning module WindowsNoEditorTargetPlatform (79)
[2018.09.09-05.30.23:206][ 60]LogModuleManager: Shutting down and abandoning module WindowsClientTargetPlatform (77)
[2018.09.09-05.30.23:206][ 60]LogModuleManager: Shutting down and abandoning module MacTargetPlatform (75)
[2018.09.09-05.30.23:206][ 60]LogModuleManager: Shutting down and abandoning module MacServerTargetPlatform (73)
[2018.09.09-05.30.23:206][ 60]LogModuleManager: Shutting down and abandoning module MacNoEditorTargetPlatform (71)
[2018.09.09-05.30.23:206][ 60]LogModuleManager: Shutting down and abandoning module MacClientTargetPlatform (69)
[2018.09.09-05.30.23:206][ 60]LogModuleManager: Shutting down and abandoning module AllDesktopTargetPlatform (67)
[2018.09.09-05.30.23:206][ 60]LogModuleManager: Shutting down and abandoning module InputCore (64)
[2018.09.09-05.30.23:206][ 60]LogModuleManager: Shutting down and abandoning module Settings (62)
[2018.09.09-05.30.23:206][ 60]LogModuleManager: Shutting down and abandoning module PhysXCooking (60)
[2018.09.09-05.30.23:206][ 60]LogModuleManager: Shutting down and abandoning module SteamVR (57)
[2018.09.09-05.30.23:206][ 60]LogModuleManager: Shutting down and abandoning module OculusHMD (55)
[2018.09.09-05.30.23:206][ 60]LogModuleManager: Shutting down and abandoning module OnlineBlueprintSupport (53)
[2018.09.09-05.30.23:206][ 60]LogModuleManager: Shutting down and abandoning module OnlineSubsystem (49)
[2018.09.09-05.30.23:206][ 60]LogOnline: Display: OSS: FOnlineSubsystemNull::Shutdown()
[2018.09.09-05.30.23:206][ 60]LogOnline: Display: OSS: FOnlineAsyncTaskManager::Stop() ActiveTask:0000000000000000 Tasks[0/0]
[2018.09.09-05.30.23:206][ 60]LogOnline: Display: OSS: FOnlineAsyncTaskManager::Exit() started
[2018.09.09-05.30.23:206][ 60]LogOnline: Display: OSS: FOnlineAsyncTaskManager::Exit() finished
[2018.09.09-05.30.23:206][ 60]LogModuleManager: Shutting down and abandoning module XMPP (43)
[2018.09.09-05.30.23:207][ 60]LogModuleManager: Shutting down and abandoning module HTTP (41)
[2018.09.09-05.30.23:207][ 60]LogHttp: Display: Http module shutting down, but needs to wait on 1 outstanding Http requests:
[2018.09.09-05.30.23:207][ 60]LogHttp: Display: 	verb=[POST] url=[https://datarouter.ol.epicgames.com/datarouter/api/v1/public/data?SessionID=%7BD812378B-4F64-1D23-3B99-7DBB95E55A5F%7D&AppID=UEEditor.Rocket.Release&AppVersion=4.19.2-4033788%2B%2B%2BUE4%2BRelease-4.19&UserID=f508e7534a02dd9ca3109aafdcb5f4fd%7C306c53d528b74223863a99035e76979a%7Ca5bf8f68-4c9d-43ae-8c4e-57f1f85bf672&AppEnvironment=datacollector-binary&UploadType=eteventstream] status=Processing
[2018.09.09-05.30.23:234][ 60]LogModuleManager: Shutting down and abandoning module SSL (40)
[2018.09.09-05.30.23:235][ 60]LogModuleManager: Shutting down and abandoning module AnimationModifiers (36)
[2018.09.09-05.30.23:235][ 60]LogModuleManager: Shutting down and abandoning module PropertyEditor (35)
[2018.09.09-05.30.23:235][ 60]LogModuleManager: Shutting down and abandoning module AudioEditor (32)
[2018.09.09-05.30.23:235][ 60]LogModuleManager: Shutting down and abandoning module TextureCompressor (30)
[2018.09.09-05.30.23:235][ 60]LogModuleManager: Shutting down and abandoning module ShaderCore (28)
[2018.09.09-05.30.23:235][ 60]LogModuleManager: Shutting down and abandoning module Landscape (26)
[2018.09.09-05.30.23:235][ 60]LogModuleManager: Shutting down and abandoning module SlateRHIRenderer (24)
[2018.09.09-05.30.23:236][ 60]LogModuleManager: Shutting down and abandoning module OpenGLDrv (22)
[2018.09.09-05.30.23:236][ 60]LogModuleManager: Shutting down and abandoning module D3D11RHI (20)
[2018.09.09-05.30.23:236][ 60]LogModuleManager: Shutting down and abandoning module AnimGraphRuntime (18)
[2018.09.09-05.30.23:236][ 60]LogModuleManager: Shutting down and abandoning module Renderer (16)
[2018.09.09-05.30.23:236][ 60]LogModuleManager: Shutting down and abandoning module Engine (14)
[2018.09.09-05.30.23:236][ 60]LogModuleManager: Shutting down and abandoning module CoreUObject (12)
[2018.09.09-05.30.23:236][ 60]LogModuleManager: Shutting down and abandoning module NetworkFile (10)
[2018.09.09-05.30.23:236][ 60]LogModuleManager: Shutting down and abandoning module CookedIterativeFile (8)
[2018.09.09-05.30.23:236][ 60]LogModuleManager: Shutting down and abandoning module StreamingFile (6)
[2018.09.09-05.30.23:236][ 60]LogModuleManager: Shutting down and abandoning module SandboxFile (4)
[2018.09.09-05.30.23:236][ 60]LogModuleManager: Shutting down and abandoning module PakFile (2)
[2018.09.09-05.30.23:240][ 60]LogExit: Exiting.
[2018.09.09-05.30.23:249][ 60]Log file closed, 09/09/18 00:30:23
